2022-02-22 16:37:39,446 INFO o.a.j.u.JMeterUtils: Setting Locale to en_EN
2022-02-22 16:37:39,477 INFO o.a.j.JMeter: Loading user properties from: /home/panda/LoadTest/ClientFolder/rnd_load_test/apache-jmeter-5.3/bin/user.properties
2022-02-22 16:37:39,478 INFO o.a.j.JMeter: Loading system properties from: /home/panda/LoadTest/ClientFolder/rnd_load_test/apache-jmeter-5.3/bin/system.properties
2022-02-22 16:37:39,481 INFO o.a.j.JMeter: Copyright (c) 1998-2020 The Apache Software Foundation
2022-02-22 16:37:39,481 INFO o.a.j.JMeter: Version 5.3
2022-02-22 16:37:39,481 INFO o.a.j.JMeter: java.version=1.8.0_181
2022-02-22 16:37:39,481 INFO o.a.j.JMeter: java.vm.name=Java HotSpot(TM) 64-Bit Server VM
2022-02-22 16:37:39,481 INFO o.a.j.JMeter: os.name=Linux
2022-02-22 16:37:39,482 INFO o.a.j.JMeter: os.arch=amd64
2022-02-22 16:37:39,482 INFO o.a.j.JMeter: os.version=4.4.0-210-generic
2022-02-22 16:37:39,482 INFO o.a.j.JMeter: file.encoding=UTF-8
2022-02-22 16:37:39,482 INFO o.a.j.JMeter: java.awt.headless=true
2022-02-22 16:37:39,482 INFO o.a.j.JMeter: Max memory     =1073741824
2022-02-22 16:37:39,483 INFO o.a.j.JMeter: Available Processors =16
2022-02-22 16:37:39,492 INFO o.a.j.JMeter: Default Locale=English (EN)
2022-02-22 16:37:39,492 INFO o.a.j.JMeter: JMeter  Locale=English (EN)
2022-02-22 16:37:39,492 INFO o.a.j.JMeter: JMeterHome=/home/panda/LoadTest/ClientFolder/rnd_load_test/apache-jmeter-5.3
2022-02-22 16:37:39,493 INFO o.a.j.JMeter: user.dir  =/home/panda/LoadTest/ClientFolder/rnd_load_test
2022-02-22 16:37:39,493 INFO o.a.j.JMeter: PWD       =/home/panda/LoadTest/ClientFolder/rnd_load_test
2022-02-22 16:37:39,493 INFO o.a.j.JMeter: IP: 10.129.131.5 Name: markov FullName: markov
2022-02-22 16:37:39,499 INFO o.a.j.JMeter: Setting property 'jmeter.reportgenerator.outputdir' to:'/home/panda/LoadTest/ClientFolder/rnd_load_test/test_results/users_160_22022022_163737/output'
2022-02-22 16:37:39,503 INFO o.a.j.s.FileServer: Default base='/home/panda/LoadTest/ClientFolder/rnd_load_test'
2022-02-22 16:37:39,509 INFO o.a.j.s.FileServer: Set new base='/home/panda/LoadTest/ClientFolder/rnd_load_test'
2022-02-22 16:37:39,716 INFO o.a.j.s.SaveService: Testplan (JMX) version: 2.2. Testlog (JTL) version: 2.2
2022-02-22 16:37:39,775 INFO o.a.j.s.SaveService: Using SaveService properties file encoding UTF-8
2022-02-22 16:37:39,786 INFO o.a.j.s.SaveService: Using SaveService properties version 5.0
2022-02-22 16:37:39,796 INFO o.a.j.s.SaveService: Loading file: evalpro_load_test_only_upload.jmx
2022-02-22 16:37:39,855 INFO o.a.j.p.h.c.CookieManager: Settings: Delete null: true Check: true Allow variable: true Save: false Prefix: COOKIE_
2022-02-22 16:37:39,941 INFO o.a.j.p.h.s.HTTPSamplerBase: Parser for text/html is org.apache.jmeter.protocol.http.parser.LagartoBasedHtmlParser
2022-02-22 16:37:39,941 INFO o.a.j.p.h.s.HTTPSamplerBase: Parser for application/xhtml+xml is org.apache.jmeter.protocol.http.parser.LagartoBasedHtmlParser
2022-02-22 16:37:39,942 INFO o.a.j.p.h.s.HTTPSamplerBase: Parser for application/xml is org.apache.jmeter.protocol.http.parser.LagartoBasedHtmlParser
2022-02-22 16:37:39,942 INFO o.a.j.p.h.s.HTTPSamplerBase: Parser for text/xml is org.apache.jmeter.protocol.http.parser.LagartoBasedHtmlParser
2022-02-22 16:37:39,942 INFO o.a.j.p.h.s.HTTPSamplerBase: Parser for text/vnd.wap.wml is org.apache.jmeter.protocol.http.parser.RegexpHTMLParser
2022-02-22 16:37:39,942 INFO o.a.j.p.h.s.HTTPSamplerBase: Parser for text/css is org.apache.jmeter.protocol.http.parser.CssParser
2022-02-22 16:37:40,120 INFO o.a.j.JMeter: Creating summariser <summary>
2022-02-22 16:37:40,128 INFO o.a.j.r.d.ReportGenerator: ReportGenerator will use for Parsing the separator: ','
2022-02-22 16:37:40,128 INFO o.a.j.r.d.ReportGenerator: Will generate report at end of test from  results file: test_results/users_160_22022022_163737/results.csv
2022-02-22 16:37:40,128 INFO o.a.j.r.d.ReportGenerator: Reading report generator properties from: /home/panda/LoadTest/ClientFolder/rnd_load_test/apache-jmeter-5.3/bin/reportgenerator.properties
2022-02-22 16:37:40,129 INFO o.a.j.r.d.ReportGenerator: Merging with JMeter properties
2022-02-22 16:37:40,136 INFO o.a.j.r.c.ReportGeneratorConfiguration: Property 'jmeter.reportgenerator.temp_dir' not found, using default value 'temp' instead.
2022-02-22 16:37:40,141 INFO o.a.j.r.c.ReportGeneratorConfiguration: Property 'jmeter.reportgenerator.apdex_per_transaction' not found, using default value 'null' instead.
2022-02-22 16:37:40,141 INFO o.a.j.r.c.ReportGeneratorConfiguration: apdex_per_transaction is empty, not APDEX per transaction customization
2022-02-22 16:37:40,141 INFO o.a.j.r.c.ReportGeneratorConfiguration: Property 'jmeter.reportgenerator.sample_filter' not found, using default value 'null' instead.
2022-02-22 16:37:40,142 INFO o.a.j.r.c.ReportGeneratorConfiguration: Property 'jmeter.reportgenerator.report_title' not found, using default value 'null' instead.
2022-02-22 16:37:40,142 INFO o.a.j.r.c.ReportGeneratorConfiguration: Property 'jmeter.reportgenerator.start_date' not found, using default value 'null' instead.
2022-02-22 16:37:40,142 INFO o.a.j.r.c.ReportGeneratorConfiguration: Property 'jmeter.reportgenerator.end_date' not found, using default value 'null' instead.
2022-02-22 16:37:40,142 INFO o.a.j.r.c.ReportGeneratorConfiguration: Property 'jmeter.reportgenerator.date_format' not found, using default value 'null' instead.
2022-02-22 16:37:40,143 INFO o.a.j.r.c.ReportGeneratorConfiguration: Will use date range start date: null, end date: null
2022-02-22 16:37:40,149 INFO o.a.j.r.c.ReportGeneratorConfiguration: Property 'jmeter.reportgenerator.graph.totalTPS.exclude_controllers' not found, using default value 'false' instead.
2022-02-22 16:37:40,150 INFO o.a.j.r.c.ReportGeneratorConfiguration: Property 'jmeter.reportgenerator.graph.activeThreadsOverTime.exclude_controllers' not found, using default value 'false' instead.
2022-02-22 16:37:40,150 INFO o.a.j.r.c.ReportGeneratorConfiguration: Property 'jmeter.reportgenerator.graph.timeVsThreads.exclude_controllers' not found, using default value 'false' instead.
2022-02-22 16:37:40,150 INFO o.a.j.r.c.ReportGeneratorConfiguration: Property 'jmeter.reportgenerator.graph.responseTimeDistribution.exclude_controllers' not found, using default value 'false' instead.
2022-02-22 16:37:40,151 INFO o.a.j.r.c.ReportGeneratorConfiguration: Property 'jmeter.reportgenerator.graph.transactionsPerSecond.exclude_controllers' not found, using default value 'false' instead.
2022-02-22 16:37:40,151 INFO o.a.j.r.c.ReportGeneratorConfiguration: Property 'jmeter.reportgenerator.graph.responseTimePercentiles.exclude_controllers' not found, using default value 'false' instead.
2022-02-22 16:37:40,152 INFO o.a.j.r.c.ReportGeneratorConfiguration: Property 'jmeter.reportgenerator.graph.responseTimePercentilesOverTime.exclude_controllers' not found, using default value 'false' instead.
2022-02-22 16:37:40,152 INFO o.a.j.r.c.ReportGeneratorConfiguration: Property 'jmeter.reportgenerator.graph.responseTimesOverTime.exclude_controllers' not found, using default value 'false' instead.
2022-02-22 16:37:40,152 INFO o.a.j.r.c.ReportGeneratorConfiguration: Property 'jmeter.reportgenerator.graph.connectTimeOverTime.exclude_controllers' not found, using default value 'false' instead.
2022-02-22 16:37:40,153 INFO o.a.j.r.c.ReportGeneratorConfiguration: Property 'jmeter.reportgenerator.graph.latenciesOverTime.exclude_controllers' not found, using default value 'false' instead.
2022-02-22 16:37:40,154 INFO o.a.j.r.c.ReportGeneratorConfiguration: Property 'jmeter.reportgenerator.exporter.json.filters_only_sample_series' not found, using default value 'true' instead.
2022-02-22 16:37:40,154 INFO o.a.j.r.c.ReportGeneratorConfiguration: Property 'jmeter.reportgenerator.exporter.json.series_filter' not found, using default value '' instead.
2022-02-22 16:37:40,155 INFO o.a.j.r.c.ReportGeneratorConfiguration: Property 'jmeter.reportgenerator.exporter.json.show_controllers_only' not found, using default value 'false' instead.
2022-02-22 16:37:40,156 INFO o.a.j.r.c.ReportGeneratorConfiguration: Property 'jmeter.reportgenerator.exporter.html.filters_only_sample_series' not found, using default value 'true' instead.
2022-02-22 16:37:40,156 INFO o.a.j.r.c.ReportGeneratorConfiguration: Property 'jmeter.reportgenerator.exporter.html.series_filter' not found, using default value '' instead.
2022-02-22 16:37:40,156 INFO o.a.j.r.c.ReportGeneratorConfiguration: Property 'jmeter.reportgenerator.exporter.html.show_controllers_only' not found, using default value 'false' instead.
2022-02-22 16:37:40,164 INFO o.a.j.e.StandardJMeterEngine: Running the test!
2022-02-22 16:37:40,166 INFO o.a.j.s.SampleEvent: List of sample_variables: []
2022-02-22 16:37:40,166 INFO o.a.j.s.SampleEvent: List of sample_variables: []
2022-02-22 16:37:40,185 INFO o.a.j.e.u.CompoundVariable: Note: Function class names must contain the string: '.functions.'
2022-02-22 16:37:40,185 INFO o.a.j.e.u.CompoundVariable: Note: Function class names must not contain the string: '.gui.'
2022-02-22 16:37:41,045 INFO o.a.j.JMeter: Running test (1645528061045)
2022-02-22 16:37:41,158 INFO o.a.j.e.StandardJMeterEngine: Starting ThreadGroup: 1 : Users
2022-02-22 16:37:41,158 INFO o.a.j.e.StandardJMeterEngine: Starting 160 threads for group Users.
2022-02-22 16:37:41,159 INFO o.a.j.e.StandardJMeterEngine: Thread will continue on error
2022-02-22 16:37:41,159 INFO o.a.j.t.ThreadGroup: Starting thread group... number=1 threads=160 ramp-up=0 delayedStart=false
2022-02-22 16:37:41,199 INFO o.a.j.t.JMeterThread: Thread started: Users 1-1
2022-02-22 16:37:41,199 INFO o.a.j.t.JMeterThread: Thread started: Users 1-2
2022-02-22 16:37:41,204 INFO o.a.j.s.FileServer: Stored: /home/panda/LoadTest/ClientFolder/rnd_load_test/users_1000.csv
2022-02-22 16:37:41,223 INFO o.a.j.t.JMeterThread: Thread started: Users 1-3
2022-02-22 16:37:41,249 INFO o.a.j.p.h.s.HTTPHCAbstractImpl: Local host = markov
2022-02-22 16:37:41,249 INFO o.a.j.t.JMeterThread: Thread started: Users 1-4
2022-02-22 16:37:41,263 INFO o.a.j.p.h.s.HTTPHC4Impl: HTTP request retry count = 0
2022-02-22 16:37:41,267 INFO o.a.j.s.SampleResult: Note: Sample TimeStamps are START times
2022-02-22 16:37:41,267 INFO o.a.j.s.SampleResult: sampleresult.default.encoding is set to ISO-8859-1
2022-02-22 16:37:41,267 INFO o.a.j.s.SampleResult: sampleresult.useNanoTime=true
2022-02-22 16:37:41,267 INFO o.a.j.s.SampleResult: sampleresult.nanoThreadSleep=5000
2022-02-22 16:37:41,276 INFO o.a.j.t.JMeterThread: Thread started: Users 1-5
2022-02-22 16:37:41,298 INFO o.a.j.t.JMeterThread: Thread started: Users 1-6
2022-02-22 16:37:41,334 INFO o.a.j.t.JMeterThread: Thread started: Users 1-7
2022-02-22 16:37:41,371 INFO o.a.j.t.JMeterThread: Thread started: Users 1-8
2022-02-22 16:37:41,409 INFO o.a.j.t.JMeterThread: Thread started: Users 1-9
2022-02-22 16:37:41,441 INFO o.a.j.t.JMeterThread: Thread started: Users 1-10
2022-02-22 16:37:41,478 INFO o.a.j.t.JMeterThread: Thread started: Users 1-11
2022-02-22 16:37:41,494 INFO o.a.j.t.JMeterThread: Thread started: Users 1-12
2022-02-22 16:37:41,509 INFO o.a.j.t.JMeterThread: Thread started: Users 1-13
2022-02-22 16:37:41,524 INFO o.a.j.t.JMeterThread: Thread started: Users 1-14
2022-02-22 16:37:41,533 INFO o.a.j.t.JMeterThread: Thread started: Users 1-15
2022-02-22 16:37:41,547 INFO o.a.j.t.JMeterThread: Thread started: Users 1-16
2022-02-22 16:37:41,553 INFO o.a.j.t.JMeterThread: Thread started: Users 1-17
2022-02-22 16:37:41,564 INFO o.a.j.t.JMeterThread: Thread started: Users 1-18
2022-02-22 16:37:41,577 INFO o.a.j.t.JMeterThread: Thread started: Users 1-19
2022-02-22 16:37:41,588 INFO o.a.j.t.JMeterThread: Thread started: Users 1-20
2022-02-22 16:37:41,600 INFO o.a.j.t.JMeterThread: Thread started: Users 1-21
2022-02-22 16:37:41,610 INFO o.a.j.t.JMeterThread: Thread started: Users 1-22
2022-02-22 16:37:41,620 INFO o.a.j.t.JMeterThread: Thread started: Users 1-23
2022-02-22 16:37:41,633 INFO o.a.j.t.JMeterThread: Thread started: Users 1-24
2022-02-22 16:37:41,644 INFO o.a.j.t.JMeterThread: Thread started: Users 1-25
2022-02-22 16:37:41,654 INFO o.a.j.t.JMeterThread: Thread started: Users 1-26
2022-02-22 16:37:41,664 INFO o.a.j.t.JMeterThread: Thread started: Users 1-27
2022-02-22 16:37:41,675 INFO o.a.j.t.JMeterThread: Thread started: Users 1-28
2022-02-22 16:37:41,687 INFO o.a.j.t.JMeterThread: Thread started: Users 1-29
2022-02-22 16:37:41,697 INFO o.a.j.t.JMeterThread: Thread started: Users 1-30
2022-02-22 16:37:41,708 INFO o.a.j.t.JMeterThread: Thread started: Users 1-31
2022-02-22 16:37:41,717 INFO o.a.j.t.JMeterThread: Thread started: Users 1-32
2022-02-22 16:37:41,726 INFO o.a.j.t.JMeterThread: Thread started: Users 1-33
2022-02-22 16:37:41,736 INFO o.a.j.t.JMeterThread: Thread started: Users 1-34
2022-02-22 16:37:41,747 INFO o.a.j.t.JMeterThread: Thread started: Users 1-35
2022-02-22 16:37:41,756 INFO o.a.j.t.JMeterThread: Thread started: Users 1-36
2022-02-22 16:37:41,766 INFO o.a.j.t.JMeterThread: Thread started: Users 1-37
2022-02-22 16:37:41,776 INFO o.a.j.t.JMeterThread: Thread started: Users 1-38
2022-02-22 16:37:41,785 INFO o.a.j.t.JMeterThread: Thread started: Users 1-39
2022-02-22 16:37:41,795 INFO o.a.j.t.JMeterThread: Thread started: Users 1-40
2022-02-22 16:37:41,808 INFO o.a.j.t.JMeterThread: Thread started: Users 1-41
2022-02-22 16:37:41,820 INFO o.a.j.t.JMeterThread: Thread started: Users 1-42
2022-02-22 16:37:41,831 INFO o.a.j.t.JMeterThread: Thread started: Users 1-43
2022-02-22 16:37:41,867 INFO o.a.j.t.JMeterThread: Thread started: Users 1-44
2022-02-22 16:37:41,879 INFO o.a.j.t.JMeterThread: Thread started: Users 1-45
2022-02-22 16:37:41,888 INFO o.a.j.t.JMeterThread: Thread started: Users 1-46
2022-02-22 16:37:41,897 INFO o.a.j.t.JMeterThread: Thread started: Users 1-47
2022-02-22 16:37:41,904 INFO o.a.j.t.JMeterThread: Thread started: Users 1-48
2022-02-22 16:37:41,913 INFO o.a.j.t.JMeterThread: Thread started: Users 1-49
2022-02-22 16:37:41,924 INFO o.a.j.t.JMeterThread: Thread started: Users 1-50
2022-02-22 16:37:41,934 INFO o.a.j.t.JMeterThread: Thread started: Users 1-51
2022-02-22 16:37:41,943 INFO o.a.j.t.JMeterThread: Thread started: Users 1-52
2022-02-22 16:37:41,951 INFO o.a.j.t.JMeterThread: Thread started: Users 1-53
2022-02-22 16:37:41,960 INFO o.a.j.t.JMeterThread: Thread started: Users 1-54
2022-02-22 16:37:41,967 INFO o.a.j.t.JMeterThread: Thread started: Users 1-55
2022-02-22 16:37:41,975 INFO o.a.j.t.JMeterThread: Thread started: Users 1-56
2022-02-22 16:37:41,984 INFO o.a.j.t.JMeterThread: Thread started: Users 1-57
2022-02-22 16:37:41,993 INFO o.a.j.t.JMeterThread: Thread started: Users 1-58
2022-02-22 16:37:42,001 INFO o.a.j.t.JMeterThread: Thread started: Users 1-59
2022-02-22 16:37:42,009 INFO o.a.j.t.JMeterThread: Thread started: Users 1-60
2022-02-22 16:37:42,017 INFO o.a.j.t.JMeterThread: Thread started: Users 1-61
2022-02-22 16:37:42,024 INFO o.a.j.t.JMeterThread: Thread started: Users 1-62
2022-02-22 16:37:42,032 INFO o.a.j.t.JMeterThread: Thread started: Users 1-63
2022-02-22 16:37:42,040 INFO o.a.j.t.JMeterThread: Thread started: Users 1-64
2022-02-22 16:37:42,048 INFO o.a.j.t.JMeterThread: Thread started: Users 1-65
2022-02-22 16:37:42,056 INFO o.a.j.t.JMeterThread: Thread started: Users 1-66
2022-02-22 16:37:42,064 INFO o.a.j.t.JMeterThread: Thread started: Users 1-67
2022-02-22 16:37:42,072 INFO o.a.j.t.JMeterThread: Thread started: Users 1-68
2022-02-22 16:37:42,080 INFO o.a.j.t.JMeterThread: Thread started: Users 1-69
2022-02-22 16:37:42,089 INFO o.a.j.t.JMeterThread: Thread started: Users 1-70
2022-02-22 16:37:42,097 INFO o.a.j.t.JMeterThread: Thread started: Users 1-71
2022-02-22 16:37:42,105 INFO o.a.j.t.JMeterThread: Thread started: Users 1-72
2022-02-22 16:37:42,113 INFO o.a.j.t.JMeterThread: Thread started: Users 1-73
2022-02-22 16:37:42,120 INFO o.a.j.t.JMeterThread: Thread started: Users 1-74
2022-02-22 16:37:42,128 INFO o.a.j.t.JMeterThread: Thread started: Users 1-75
2022-02-22 16:37:42,136 INFO o.a.j.t.JMeterThread: Thread started: Users 1-76
2022-02-22 16:37:42,144 INFO o.a.j.t.JMeterThread: Thread started: Users 1-77
2022-02-22 16:37:42,153 INFO o.a.j.t.JMeterThread: Thread started: Users 1-78
2022-02-22 16:37:42,161 INFO o.a.j.t.JMeterThread: Thread started: Users 1-79
2022-02-22 16:37:42,171 INFO o.a.j.t.JMeterThread: Thread started: Users 1-80
2022-02-22 16:37:42,178 INFO o.a.j.t.JMeterThread: Thread started: Users 1-81
2022-02-22 16:37:42,186 INFO o.a.j.t.JMeterThread: Thread started: Users 1-82
2022-02-22 16:37:42,194 INFO o.a.j.t.JMeterThread: Thread started: Users 1-83
2022-02-22 16:37:42,203 INFO o.a.j.t.JMeterThread: Thread started: Users 1-84
2022-02-22 16:37:42,211 INFO o.a.j.t.JMeterThread: Thread started: Users 1-85
2022-02-22 16:37:42,218 INFO o.a.j.t.JMeterThread: Thread started: Users 1-86
2022-02-22 16:37:42,226 INFO o.a.j.t.JMeterThread: Thread started: Users 1-87
2022-02-22 16:37:42,246 INFO o.a.j.t.JMeterThread: Thread started: Users 1-88
2022-02-22 16:37:42,267 INFO o.a.j.t.JMeterThread: Thread started: Users 1-89
2022-02-22 16:37:42,277 INFO o.a.j.t.JMeterThread: Thread started: Users 1-90
2022-02-22 16:37:42,286 INFO o.a.j.t.JMeterThread: Thread started: Users 1-91
2022-02-22 16:37:42,296 INFO o.a.j.t.JMeterThread: Thread started: Users 1-92
2022-02-22 16:37:42,323 INFO o.a.j.t.JMeterThread: Thread started: Users 1-93
2022-02-22 16:37:42,331 INFO o.a.j.t.JMeterThread: Thread started: Users 1-94
2022-02-22 16:37:42,340 INFO o.a.j.t.JMeterThread: Thread started: Users 1-95
2022-02-22 16:37:42,348 INFO o.a.j.t.JMeterThread: Thread started: Users 1-96
2022-02-22 16:37:42,356 INFO o.a.j.t.JMeterThread: Thread started: Users 1-97
2022-02-22 16:37:42,363 INFO o.a.j.t.JMeterThread: Thread started: Users 1-98
2022-02-22 16:37:42,371 INFO o.a.j.t.JMeterThread: Thread started: Users 1-99
2022-02-22 16:37:42,378 INFO o.a.j.t.JMeterThread: Thread started: Users 1-100
2022-02-22 16:37:42,386 INFO o.a.j.t.JMeterThread: Thread started: Users 1-101
2022-02-22 16:37:42,394 INFO o.a.j.t.JMeterThread: Thread started: Users 1-102
2022-02-22 16:37:42,402 INFO o.a.j.t.JMeterThread: Thread started: Users 1-103
2022-02-22 16:37:42,410 INFO o.a.j.t.JMeterThread: Thread started: Users 1-104
2022-02-22 16:37:42,417 INFO o.a.j.t.JMeterThread: Thread started: Users 1-105
2022-02-22 16:37:42,425 INFO o.a.j.t.JMeterThread: Thread started: Users 1-106
2022-02-22 16:37:42,439 INFO o.a.j.t.JMeterThread: Thread started: Users 1-107
2022-02-22 16:37:42,447 INFO o.a.j.t.JMeterThread: Thread started: Users 1-108
2022-02-22 16:37:42,455 INFO o.a.j.t.JMeterThread: Thread started: Users 1-109
2022-02-22 16:37:42,462 INFO o.a.j.t.JMeterThread: Thread started: Users 1-110
2022-02-22 16:37:42,470 INFO o.a.j.t.JMeterThread: Thread started: Users 1-111
2022-02-22 16:37:42,485 INFO o.a.j.t.JMeterThread: Thread started: Users 1-112
2022-02-22 16:37:42,496 INFO o.a.j.t.JMeterThread: Thread started: Users 1-113
2022-02-22 16:37:42,509 INFO o.a.j.t.JMeterThread: Thread started: Users 1-114
2022-02-22 16:37:42,517 INFO o.a.j.t.JMeterThread: Thread started: Users 1-115
2022-02-22 16:37:42,530 INFO o.a.j.t.JMeterThread: Thread started: Users 1-116
2022-02-22 16:37:42,539 INFO o.a.j.t.JMeterThread: Thread started: Users 1-117
2022-02-22 16:37:42,546 INFO o.a.j.t.JMeterThread: Thread started: Users 1-118
2022-02-22 16:37:42,554 INFO o.a.j.t.JMeterThread: Thread started: Users 1-119
2022-02-22 16:37:42,569 INFO o.a.j.t.JMeterThread: Thread started: Users 1-120
2022-02-22 16:37:42,579 INFO o.a.j.t.JMeterThread: Thread started: Users 1-121
2022-02-22 16:37:42,586 INFO o.a.j.t.JMeterThread: Thread started: Users 1-122
2022-02-22 16:37:42,594 INFO o.a.j.t.JMeterThread: Thread started: Users 1-123
2022-02-22 16:37:42,602 INFO o.a.j.t.JMeterThread: Thread started: Users 1-124
2022-02-22 16:37:42,610 INFO o.a.j.t.JMeterThread: Thread started: Users 1-125
2022-02-22 16:37:42,619 INFO o.a.j.t.JMeterThread: Thread started: Users 1-126
2022-02-22 16:37:42,628 INFO o.a.j.t.JMeterThread: Thread started: Users 1-127
2022-02-22 16:37:42,636 INFO o.a.j.t.JMeterThread: Thread started: Users 1-128
2022-02-22 16:37:42,644 INFO o.a.j.t.JMeterThread: Thread started: Users 1-129
2022-02-22 16:37:42,652 INFO o.a.j.t.JMeterThread: Thread started: Users 1-130
2022-02-22 16:37:42,660 INFO o.a.j.t.JMeterThread: Thread started: Users 1-131
2022-02-22 16:37:42,667 INFO o.a.j.t.JMeterThread: Thread started: Users 1-132
2022-02-22 16:37:42,675 INFO o.a.j.t.JMeterThread: Thread started: Users 1-133
2022-02-22 16:37:42,683 INFO o.a.j.t.JMeterThread: Thread started: Users 1-134
2022-02-22 16:37:42,691 INFO o.a.j.t.JMeterThread: Thread started: Users 1-135
2022-02-22 16:37:42,699 INFO o.a.j.t.JMeterThread: Thread started: Users 1-136
2022-02-22 16:37:42,707 INFO o.a.j.t.JMeterThread: Thread started: Users 1-137
2022-02-22 16:37:42,716 INFO o.a.j.t.JMeterThread: Thread started: Users 1-138
2022-02-22 16:37:42,723 INFO o.a.j.t.JMeterThread: Thread started: Users 1-139
2022-02-22 16:37:42,731 INFO o.a.j.t.JMeterThread: Thread started: Users 1-140
2022-02-22 16:37:42,739 INFO o.a.j.t.JMeterThread: Thread started: Users 1-141
2022-02-22 16:37:42,747 INFO o.a.j.t.JMeterThread: Thread started: Users 1-142
2022-02-22 16:37:42,754 INFO o.a.j.t.JMeterThread: Thread started: Users 1-143
2022-02-22 16:37:42,764 INFO o.a.j.t.JMeterThread: Thread started: Users 1-144
2022-02-22 16:37:42,772 INFO o.a.j.t.JMeterThread: Thread started: Users 1-145
2022-02-22 16:37:42,779 INFO o.a.j.t.JMeterThread: Thread started: Users 1-146
2022-02-22 16:37:42,787 INFO o.a.j.t.JMeterThread: Thread started: Users 1-147
2022-02-22 16:37:42,796 INFO o.a.j.t.JMeterThread: Thread started: Users 1-148
2022-02-22 16:37:42,810 INFO o.a.j.t.JMeterThread: Thread started: Users 1-149
2022-02-22 16:37:42,819 INFO o.a.j.t.JMeterThread: Thread started: Users 1-150
2022-02-22 16:37:42,832 INFO o.a.j.t.JMeterThread: Thread started: Users 1-151
2022-02-22 16:37:42,840 INFO o.a.j.t.JMeterThread: Thread started: Users 1-152
2022-02-22 16:37:42,849 INFO o.a.j.t.JMeterThread: Thread started: Users 1-153
2022-02-22 16:37:42,859 INFO o.a.j.t.JMeterThread: Thread started: Users 1-154
2022-02-22 16:37:42,873 INFO o.a.j.t.JMeterThread: Thread started: Users 1-155
2022-02-22 16:37:42,885 INFO o.a.j.t.JMeterThread: Thread started: Users 1-156
2022-02-22 16:37:42,900 INFO o.a.j.t.JMeterThread: Thread started: Users 1-157
2022-02-22 16:37:42,909 INFO o.a.j.t.JMeterThread: Thread started: Users 1-158
2022-02-22 16:37:42,943 INFO o.a.j.t.JMeterThread: Thread started: Users 1-159
2022-02-22 16:37:42,950 INFO o.a.j.t.ThreadGroup: Started thread group number 1
2022-02-22 16:37:42,950 INFO o.a.j.e.StandardJMeterEngine: All thread groups have been started
2022-02-22 16:37:42,950 INFO o.a.j.t.JMeterThread: Thread started: Users 1-160
2022-02-22 16:37:50,641 INFO o.a.j.r.Summariser: summary +      1 in 00:00:10 =    0.1/s Avg:  9099 Min:  9099 Max:  9099 Err:     0 (0.00%) Active: 160 Started: 160 Finished: 0
2022-02-22 16:38:00,367 INFO o.a.j.r.Summariser: summary +    222 in 00:00:10 =   22.8/s Avg: 10128 Min:    31 Max: 16473 Err:     0 (0.00%) Active: 160 Started: 160 Finished: 0
2022-02-22 16:38:00,368 INFO o.a.j.r.Summariser: summary =    223 in 00:00:19 =   11.5/s Avg: 10124 Min:    31 Max: 16473 Err:     0 (0.00%)
2022-02-22 16:38:06,114 ERROR o.a.j.u.BeanShellInterpreter: Error invoking bsh method: eval	Sourced file: inline evaluation of: ``String folder_name=""+"/home/panda/LoadTest/ClientFolder/rnd_load_test/student_s . . . '' : Typed variable declaration
2022-02-22 16:38:06,114 WARN o.a.j.p.j.s.BeanShellSampler: Exception executing script. org.apache.jorphan.util.JMeterException: Error invoking bsh method: eval	Sourced file: inline evaluation of: ``String folder_name=""+"/home/panda/LoadTest/ClientFolder/rnd_load_test/student_s . . . '' : Typed variable declaration
2022-02-22 16:38:06,308 ERROR o.a.j.m.JSR223PreProcessor: Problem in JSR223 script, JSR223 PreProcessor
javax.script.ScriptException: groovy.lang.MissingMethodException: No signature of method: org.codehaus.groovy.jsr223.GroovyScriptEngineImpl.$() is applicable for argument types: (Script3$_run_closure1) values: [Script3$_run_closure1@67a7da81]
Possible solutions: is(java.lang.Object), any(), get(java.lang.String), any(groovy.lang.Closure), tap(groovy.lang.Closure), use([Ljava.lang.Object;)
	at org.codehaus.groovy.jsr223.GroovyScriptEngineImpl.eval(GroovyScriptEngineImpl.java:320) ~[groovy-jsr223-3.0.3.jar:3.0.3]
	at org.codehaus.groovy.jsr223.GroovyCompiledScript.eval(GroovyCompiledScript.java:71) ~[groovy-jsr223-3.0.3.jar:3.0.3]
	at javax.script.CompiledScript.eval(CompiledScript.java:92) ~[?:1.8.0_181]
	at org.apache.jmeter.util.JSR223TestElement.processFileOrScript(JSR223TestElement.java:222) ~[ApacheJMeter_core.jar:5.3]
	at org.apache.jmeter.modifiers.JSR223PreProcessor.process(JSR223PreProcessor.java:45) [ApacheJMeter_components.jar:5.3]
	at org.apache.jmeter.threads.JMeterThread.runPreProcessors(JMeterThread.java:950) [ApacheJMeter_core.jar:5.3]
	at org.apache.jmeter.threads.JMeterThread.executeSamplePackage(JMeterThread.java:549) [ApacheJMeter_core.jar:5.3]
	at org.apache.jmeter.threads.JMeterThread.processSampler(JMeterThread.java:489) [ApacheJMeter_core.jar:5.3]
	at org.apache.jmeter.threads.JMeterThread.run(JMeterThread.java:256) [ApacheJMeter_core.jar:5.3]
	at java.lang.Thread.run(Thread.java:748) [?:1.8.0_181]
Caused by: groovy.lang.MissingMethodException: No signature of method: org.codehaus.groovy.jsr223.GroovyScriptEngineImpl.$() is applicable for argument types: (Script3$_run_closure1) values: [Script3$_run_closure1@67a7da81]
Possible solutions: is(java.lang.Object), any(), get(java.lang.String), any(groovy.lang.Closure), tap(groovy.lang.Closure), use([Ljava.lang.Object;)
	at org.codehaus.groovy.jsr223.GroovyScriptEngineImpl.callGlobal(GroovyScriptEngineImpl.java:404) ~[groovy-jsr223-3.0.3.jar:3.0.3]
	at org.codehaus.groovy.jsr223.GroovyScriptEngineImpl.access$100(GroovyScriptEngineImpl.java:90) ~[groovy-jsr223-3.0.3.jar:3.0.3]
	at org.codehaus.groovy.jsr223.GroovyScriptEngineImpl$3.invokeMethod(GroovyScriptEngineImpl.java:303) ~[groovy-jsr223-3.0.3.jar:3.0.3]
	at org.codehaus.groovy.runtime.callsite.PogoMetaClassSite.callCurrent(PogoMetaClassSite.java:73) ~[groovy-3.0.3.jar:3.0.3]
	at org.codehaus.groovy.runtime.callsite.CallSiteArray.defaultCallCurrent(CallSiteArray.java:51) ~[groovy-3.0.3.jar:3.0.3]
	at org.codehaus.groovy.runtime.callsite.AbstractCallSite.callCurrent(AbstractCallSite.java:171) ~[groovy-3.0.3.jar:3.0.3]
	at org.codehaus.groovy.runtime.callsite.AbstractCallSite.callCurrent(AbstractCallSite.java:185) ~[groovy-3.0.3.jar:3.0.3]
	at Script3.run(Script3.groovy:1) ~[?:?]
	at org.codehaus.groovy.jsr223.GroovyScriptEngineImpl.eval(GroovyScriptEngineImpl.java:317) ~[groovy-jsr223-3.0.3.jar:3.0.3]
	... 9 more
2022-02-22 16:38:07,434 ERROR o.a.j.u.BeanShellInterpreter: Error invoking bsh method: eval	Sourced file: inline evaluation of: ``String folder_name=""+"/home/panda/LoadTest/ClientFolder/rnd_load_test/student_s . . . '' : Typed variable declaration
2022-02-22 16:38:07,434 WARN o.a.j.p.j.s.BeanShellSampler: Exception executing script. org.apache.jorphan.util.JMeterException: Error invoking bsh method: eval	Sourced file: inline evaluation of: ``String folder_name=""+"/home/panda/LoadTest/ClientFolder/rnd_load_test/student_s . . . '' : Typed variable declaration
2022-02-22 16:38:07,437 ERROR o.a.j.m.JSR223PreProcessor: Problem in JSR223 script, JSR223 PreProcessor
javax.script.ScriptException: groovy.lang.MissingMethodException: No signature of method: org.codehaus.groovy.jsr223.GroovyScriptEngineImpl.$() is applicable for argument types: (Script3$_run_closure1) values: [Script3$_run_closure1@6fdbf09b]
Possible solutions: is(java.lang.Object), any(), get(java.lang.String), any(groovy.lang.Closure), tap(groovy.lang.Closure), use([Ljava.lang.Object;)
	at org.codehaus.groovy.jsr223.GroovyScriptEngineImpl.eval(GroovyScriptEngineImpl.java:320) ~[groovy-jsr223-3.0.3.jar:3.0.3]
	at org.codehaus.groovy.jsr223.GroovyCompiledScript.eval(GroovyCompiledScript.java:71) ~[groovy-jsr223-3.0.3.jar:3.0.3]
	at javax.script.CompiledScript.eval(CompiledScript.java:92) ~[?:1.8.0_181]
	at org.apache.jmeter.util.JSR223TestElement.processFileOrScript(JSR223TestElement.java:222) ~[ApacheJMeter_core.jar:5.3]
	at org.apache.jmeter.modifiers.JSR223PreProcessor.process(JSR223PreProcessor.java:45) [ApacheJMeter_components.jar:5.3]
	at org.apache.jmeter.threads.JMeterThread.runPreProcessors(JMeterThread.java:950) [ApacheJMeter_core.jar:5.3]
	at org.apache.jmeter.threads.JMeterThread.executeSamplePackage(JMeterThread.java:549) [ApacheJMeter_core.jar:5.3]
	at org.apache.jmeter.threads.JMeterThread.processSampler(JMeterThread.java:489) [ApacheJMeter_core.jar:5.3]
	at org.apache.jmeter.threads.JMeterThread.run(JMeterThread.java:256) [ApacheJMeter_core.jar:5.3]
	at java.lang.Thread.run(Thread.java:748) [?:1.8.0_181]
Caused by: groovy.lang.MissingMethodException: No signature of method: org.codehaus.groovy.jsr223.GroovyScriptEngineImpl.$() is applicable for argument types: (Script3$_run_closure1) values: [Script3$_run_closure1@6fdbf09b]
Possible solutions: is(java.lang.Object), any(), get(java.lang.String), any(groovy.lang.Closure), tap(groovy.lang.Closure), use([Ljava.lang.Object;)
	at org.codehaus.groovy.jsr223.GroovyScriptEngineImpl.callGlobal(GroovyScriptEngineImpl.java:404) ~[groovy-jsr223-3.0.3.jar:3.0.3]
	at org.codehaus.groovy.jsr223.GroovyScriptEngineImpl.access$100(GroovyScriptEngineImpl.java:90) ~[groovy-jsr223-3.0.3.jar:3.0.3]
	at org.codehaus.groovy.jsr223.GroovyScriptEngineImpl$3.invokeMethod(GroovyScriptEngineImpl.java:303) ~[groovy-jsr223-3.0.3.jar:3.0.3]
	at org.codehaus.groovy.runtime.callsite.PogoMetaClassSite.callCurrent(PogoMetaClassSite.java:73) ~[groovy-3.0.3.jar:3.0.3]
	at org.codehaus.groovy.runtime.callsite.CallSiteArray.defaultCallCurrent(CallSiteArray.java:51) ~[groovy-3.0.3.jar:3.0.3]
	at org.codehaus.groovy.runtime.callsite.PogoMetaClassSite.callCurrent(PogoMetaClassSite.java:83) ~[groovy-3.0.3.jar:3.0.3]
	at org.codehaus.groovy.runtime.callsite.AbstractCallSite.callCurrent(AbstractCallSite.java:185) ~[groovy-3.0.3.jar:3.0.3]
	at Script3.run(Script3.groovy:1) ~[?:?]
	at org.codehaus.groovy.jsr223.GroovyScriptEngineImpl.eval(GroovyScriptEngineImpl.java:317) ~[groovy-jsr223-3.0.3.jar:3.0.3]
	... 9 more
2022-02-22 16:38:10,010 INFO o.a.j.r.Summariser: summary +    386 in 00:00:10 =   40.0/s Avg:  1183 Min:     0 Max:  6516 Err:    10 (2.59%) Active: 160 Started: 160 Finished: 0
2022-02-22 16:38:10,011 INFO o.a.j.r.Summariser: summary =    609 in 00:00:29 =   21.0/s Avg:  4457 Min:     0 Max: 16473 Err:    10 (1.64%)
2022-02-22 16:38:16,175 INFO o.a.j.s.FileServer: Stored: /home/panda/LoadTest/ClientFolder/rnd_load_test/student_solutions/1/user5.zip
2022-02-22 16:38:16,185 INFO o.a.j.s.FileServer: Stored: /home/panda/LoadTest/ClientFolder/rnd_load_test/student_solutions/1/user34.zip
2022-02-22 16:38:16,259 INFO o.a.j.s.FileServer: Stored: /home/panda/LoadTest/ClientFolder/rnd_load_test/student_solutions/2/user74.zip
2022-02-22 16:38:16,291 INFO o.a.j.s.FileServer: Stored: /home/panda/LoadTest/ClientFolder/rnd_load_test/student_solutions/1/user40.zip
2022-02-22 16:38:16,376 INFO o.a.j.s.FileServer: Stored: /home/panda/LoadTest/ClientFolder/rnd_load_test/student_solutions/1/user19.zip
2022-02-22 16:38:16,380 INFO o.a.j.s.FileServer: Stored: /home/panda/LoadTest/ClientFolder/rnd_load_test/student_solutions/1/user9.zip
2022-02-22 16:38:16,536 INFO o.a.j.s.FileServer: Stored: /home/panda/LoadTest/ClientFolder/rnd_load_test/student_solutions/2/user86.zip
2022-02-22 16:38:16,580 INFO o.a.j.s.FileServer: Stored: /home/panda/LoadTest/ClientFolder/rnd_load_test/student_solutions/2/user92.zip
2022-02-22 16:38:16,599 INFO o.a.j.s.FileServer: Stored: /home/panda/LoadTest/ClientFolder/rnd_load_test/student_solutions/1/user37.zip
2022-02-22 16:38:16,660 INFO o.a.j.s.FileServer: Stored: /home/panda/LoadTest/ClientFolder/rnd_load_test/student_solutions/1/user32.zip
2022-02-22 16:38:16,769 INFO o.a.j.s.FileServer: Stored: /home/panda/LoadTest/ClientFolder/rnd_load_test/student_solutions/2/user80.zip
2022-02-22 16:38:16,855 INFO o.a.j.s.FileServer: Stored: /home/panda/LoadTest/ClientFolder/rnd_load_test/student_solutions/2/user87.zip
2022-02-22 16:38:16,944 INFO o.a.j.s.FileServer: Stored: /home/panda/LoadTest/ClientFolder/rnd_load_test/student_solutions/1/user44.zip
2022-02-22 16:38:17,242 INFO o.a.j.s.FileServer: Stored: /home/panda/LoadTest/ClientFolder/rnd_load_test/student_solutions/1/user22.zip
2022-02-22 16:38:18,491 INFO o.a.j.s.FileServer: Stored: /home/panda/LoadTest/ClientFolder/rnd_load_test/student_solutions/1/user50.zip
2022-02-22 16:38:18,496 INFO o.a.j.s.FileServer: Stored: /home/panda/LoadTest/ClientFolder/rnd_load_test/student_solutions/1/user41.zip
2022-02-22 16:38:18,557 INFO o.a.j.s.FileServer: Stored: /home/panda/LoadTest/ClientFolder/rnd_load_test/student_solutions/1/user47.zip
2022-02-22 16:38:18,598 INFO o.a.j.s.FileServer: Stored: /home/panda/LoadTest/ClientFolder/rnd_load_test/student_solutions/2/user70.zip
2022-02-22 16:38:18,796 ERROR o.a.j.m.JSR223PreProcessor: Problem in JSR223 script, JSR223 PreProcessor
javax.script.ScriptException: groovy.lang.MissingMethodException: No signature of method: org.codehaus.groovy.jsr223.GroovyScriptEngineImpl.$() is applicable for argument types: (Script3$_run_closure1) values: [Script3$_run_closure1@9885307]
Possible solutions: is(java.lang.Object), any(), get(java.lang.String), any(groovy.lang.Closure), tap(groovy.lang.Closure), use([Ljava.lang.Object;)
	at org.codehaus.groovy.jsr223.GroovyScriptEngineImpl.eval(GroovyScriptEngineImpl.java:320) ~[groovy-jsr223-3.0.3.jar:3.0.3]
	at org.codehaus.groovy.jsr223.GroovyCompiledScript.eval(GroovyCompiledScript.java:71) ~[groovy-jsr223-3.0.3.jar:3.0.3]
	at javax.script.CompiledScript.eval(CompiledScript.java:92) ~[?:1.8.0_181]
	at org.apache.jmeter.util.JSR223TestElement.processFileOrScript(JSR223TestElement.java:222) ~[ApacheJMeter_core.jar:5.3]
	at org.apache.jmeter.modifiers.JSR223PreProcessor.process(JSR223PreProcessor.java:45) [ApacheJMeter_components.jar:5.3]
	at org.apache.jmeter.threads.JMeterThread.runPreProcessors(JMeterThread.java:950) [ApacheJMeter_core.jar:5.3]
	at org.apache.jmeter.threads.JMeterThread.executeSamplePackage(JMeterThread.java:549) [ApacheJMeter_core.jar:5.3]
	at org.apache.jmeter.threads.JMeterThread.processSampler(JMeterThread.java:489) [ApacheJMeter_core.jar:5.3]
	at org.apache.jmeter.threads.JMeterThread.run(JMeterThread.java:256) [ApacheJMeter_core.jar:5.3]
	at java.lang.Thread.run(Thread.java:748) [?:1.8.0_181]
Caused by: groovy.lang.MissingMethodException: No signature of method: org.codehaus.groovy.jsr223.GroovyScriptEngineImpl.$() is applicable for argument types: (Script3$_run_closure1) values: [Script3$_run_closure1@9885307]
Possible solutions: is(java.lang.Object), any(), get(java.lang.String), any(groovy.lang.Closure), tap(groovy.lang.Closure), use([Ljava.lang.Object;)
	at org.codehaus.groovy.jsr223.GroovyScriptEngineImpl.callGlobal(GroovyScriptEngineImpl.java:404) ~[groovy-jsr223-3.0.3.jar:3.0.3]
	at org.codehaus.groovy.jsr223.GroovyScriptEngineImpl.access$100(GroovyScriptEngineImpl.java:90) ~[groovy-jsr223-3.0.3.jar:3.0.3]
	at org.codehaus.groovy.jsr223.GroovyScriptEngineImpl$3.invokeMethod(GroovyScriptEngineImpl.java:303) ~[groovy-jsr223-3.0.3.jar:3.0.3]
	at org.codehaus.groovy.runtime.callsite.PogoMetaClassSite.callCurrent(PogoMetaClassSite.java:73) ~[groovy-3.0.3.jar:3.0.3]
	at org.codehaus.groovy.runtime.callsite.CallSiteArray.defaultCallCurrent(CallSiteArray.java:51) ~[groovy-3.0.3.jar:3.0.3]
	at org.codehaus.groovy.runtime.callsite.PogoMetaClassSite.callCurrent(PogoMetaClassSite.java:83) ~[groovy-3.0.3.jar:3.0.3]
	at org.codehaus.groovy.runtime.callsite.AbstractCallSite.callCurrent(AbstractCallSite.java:185) ~[groovy-3.0.3.jar:3.0.3]
	at Script3.run(Script3.groovy:1) ~[?:?]
	at org.codehaus.groovy.jsr223.GroovyScriptEngineImpl.eval(GroovyScriptEngineImpl.java:317) ~[groovy-jsr223-3.0.3.jar:3.0.3]
	... 9 more
2022-02-22 16:38:18,820 INFO o.a.j.s.FileServer: Stored: /home/panda/LoadTest/ClientFolder/rnd_load_test/student_solutions/1/user21.zip
2022-02-22 16:38:19,014 INFO o.a.j.s.FileServer: Stored: /home/panda/LoadTest/ClientFolder/rnd_load_test/student_solutions/1/user14.zip
2022-02-22 16:38:19,024 INFO o.a.j.s.FileServer: Stored: /home/panda/LoadTest/ClientFolder/rnd_load_test/student_solutions/1/user26.zip
2022-02-22 16:38:19,723 INFO o.a.j.s.FileServer: Stored: /home/panda/LoadTest/ClientFolder/rnd_load_test/student_solutions/1/user35.zip
2022-02-22 16:38:19,737 ERROR o.a.j.m.JSR223PreProcessor: Problem in JSR223 script, JSR223 PreProcessor
javax.script.ScriptException: groovy.lang.MissingMethodException: No signature of method: org.codehaus.groovy.jsr223.GroovyScriptEngineImpl.$() is applicable for argument types: (Script3$_run_closure1) values: [Script3$_run_closure1@436150fe]
Possible solutions: is(java.lang.Object), any(), get(java.lang.String), any(groovy.lang.Closure), tap(groovy.lang.Closure), use([Ljava.lang.Object;)
	at org.codehaus.groovy.jsr223.GroovyScriptEngineImpl.eval(GroovyScriptEngineImpl.java:320) ~[groovy-jsr223-3.0.3.jar:3.0.3]
	at org.codehaus.groovy.jsr223.GroovyCompiledScript.eval(GroovyCompiledScript.java:71) ~[groovy-jsr223-3.0.3.jar:3.0.3]
	at javax.script.CompiledScript.eval(CompiledScript.java:92) ~[?:1.8.0_181]
	at org.apache.jmeter.util.JSR223TestElement.processFileOrScript(JSR223TestElement.java:222) ~[ApacheJMeter_core.jar:5.3]
	at org.apache.jmeter.modifiers.JSR223PreProcessor.process(JSR223PreProcessor.java:45) [ApacheJMeter_components.jar:5.3]
	at org.apache.jmeter.threads.JMeterThread.runPreProcessors(JMeterThread.java:950) [ApacheJMeter_core.jar:5.3]
	at org.apache.jmeter.threads.JMeterThread.executeSamplePackage(JMeterThread.java:549) [ApacheJMeter_core.jar:5.3]
	at org.apache.jmeter.threads.JMeterThread.processSampler(JMeterThread.java:489) [ApacheJMeter_core.jar:5.3]
	at org.apache.jmeter.threads.JMeterThread.run(JMeterThread.java:256) [ApacheJMeter_core.jar:5.3]
	at java.lang.Thread.run(Thread.java:748) [?:1.8.0_181]
Caused by: groovy.lang.MissingMethodException: No signature of method: org.codehaus.groovy.jsr223.GroovyScriptEngineImpl.$() is applicable for argument types: (Script3$_run_closure1) values: [Script3$_run_closure1@436150fe]
Possible solutions: is(java.lang.Object), any(), get(java.lang.String), any(groovy.lang.Closure), tap(groovy.lang.Closure), use([Ljava.lang.Object;)
	at org.codehaus.groovy.jsr223.GroovyScriptEngineImpl.callGlobal(GroovyScriptEngineImpl.java:404) ~[groovy-jsr223-3.0.3.jar:3.0.3]
	at org.codehaus.groovy.jsr223.GroovyScriptEngineImpl.access$100(GroovyScriptEngineImpl.java:90) ~[groovy-jsr223-3.0.3.jar:3.0.3]
	at org.codehaus.groovy.jsr223.GroovyScriptEngineImpl$3.invokeMethod(GroovyScriptEngineImpl.java:303) ~[groovy-jsr223-3.0.3.jar:3.0.3]
	at org.codehaus.groovy.runtime.callsite.PogoMetaClassSite.callCurrent(PogoMetaClassSite.java:73) ~[groovy-3.0.3.jar:3.0.3]
	at org.codehaus.groovy.runtime.callsite.CallSiteArray.defaultCallCurrent(CallSiteArray.java:51) ~[groovy-3.0.3.jar:3.0.3]
	at org.codehaus.groovy.runtime.callsite.PogoMetaClassSite.callCurrent(PogoMetaClassSite.java:83) ~[groovy-3.0.3.jar:3.0.3]
	at org.codehaus.groovy.runtime.callsite.AbstractCallSite.callCurrent(AbstractCallSite.java:185) ~[groovy-3.0.3.jar:3.0.3]
	at Script3.run(Script3.groovy:1) ~[?:?]
	at org.codehaus.groovy.jsr223.GroovyScriptEngineImpl.eval(GroovyScriptEngineImpl.java:317) ~[groovy-jsr223-3.0.3.jar:3.0.3]
	... 9 more
2022-02-22 16:38:19,916 INFO o.a.j.s.FileServer: Stored: /home/panda/LoadTest/ClientFolder/rnd_load_test/student_solutions/2/user99.zip
2022-02-22 16:38:20,031 INFO o.a.j.s.FileServer: Stored: /home/panda/LoadTest/ClientFolder/rnd_load_test/student_solutions/1/user24.zip
2022-02-22 16:38:20,065 INFO o.a.j.s.FileServer: Stored: /home/panda/LoadTest/ClientFolder/rnd_load_test/student_solutions/1/user20.zip
2022-02-22 16:38:20,128 INFO o.a.j.s.FileServer: Stored: /home/panda/LoadTest/ClientFolder/rnd_load_test/student_solutions/1/user38.zip
2022-02-22 16:38:20,131 INFO o.a.j.s.FileServer: Stored: /home/panda/LoadTest/ClientFolder/rnd_load_test/student_solutions/2/user95.zip
2022-02-22 16:38:20,192 INFO o.a.j.s.FileServer: Stored: /home/panda/LoadTest/ClientFolder/rnd_load_test/student_solutions/1/user3.zip
2022-02-22 16:38:20,194 INFO o.a.j.s.FileServer: Stored: /home/panda/LoadTest/ClientFolder/rnd_load_test/student_solutions/1/user6.zip
2022-02-22 16:38:20,428 INFO o.a.j.r.Summariser: summary +    219 in 00:00:10 =   21.0/s Avg:   602 Min:     0 Max:  3177 Err:     3 (1.37%) Active: 160 Started: 160 Finished: 0
2022-02-22 16:38:20,429 INFO o.a.j.r.Summariser: summary =    828 in 00:00:39 =   21.0/s Avg:  3437 Min:     0 Max: 16473 Err:    13 (1.57%)
2022-02-22 16:38:20,720 INFO o.a.j.s.FileServer: Stored: /home/panda/LoadTest/ClientFolder/rnd_load_test/student_solutions/2/user64.zip
2022-02-22 16:38:20,904 INFO o.a.j.s.FileServer: Stored: /home/panda/LoadTest/ClientFolder/rnd_load_test/student_solutions/1/user1.zip
2022-02-22 16:38:21,072 INFO o.a.j.s.FileServer: Stored: /home/panda/LoadTest/ClientFolder/rnd_load_test/student_solutions/1/user46.zip
2022-02-22 16:38:21,105 INFO o.a.j.s.FileServer: Stored: /home/panda/LoadTest/ClientFolder/rnd_load_test/student_solutions/1/user8.zip
2022-02-22 16:38:21,295 INFO o.a.j.s.FileServer: Stored: /home/panda/LoadTest/ClientFolder/rnd_load_test/student_solutions/2/user76.zip
2022-02-22 16:38:21,376 INFO o.a.j.s.FileServer: Stored: /home/panda/LoadTest/ClientFolder/rnd_load_test/student_solutions/2/user78.zip
2022-02-22 16:38:21,595 INFO o.a.j.s.FileServer: Stored: /home/panda/LoadTest/ClientFolder/rnd_load_test/student_solutions/1/user43.zip
2022-02-22 16:38:21,616 INFO o.a.j.s.FileServer: Stored: /home/panda/LoadTest/ClientFolder/rnd_load_test/student_solutions/2/user60.zip
2022-02-22 16:38:21,841 INFO o.a.j.s.FileServer: Stored: /home/panda/LoadTest/ClientFolder/rnd_load_test/student_solutions/1/user39.zip
2022-02-22 16:38:21,988 INFO o.a.j.s.FileServer: Stored: /home/panda/LoadTest/ClientFolder/rnd_load_test/student_solutions/1/user28.zip
2022-02-22 16:38:22,019 INFO o.a.j.s.FileServer: Stored: /home/panda/LoadTest/ClientFolder/rnd_load_test/student_solutions/2/user69.zip
2022-02-22 16:38:22,050 INFO o.a.j.s.FileServer: Stored: /home/panda/LoadTest/ClientFolder/rnd_load_test/student_solutions/2/user94.zip
2022-02-22 16:38:22,089 INFO o.a.j.s.FileServer: Stored: /home/panda/LoadTest/ClientFolder/rnd_load_test/student_solutions/2/user63.zip
2022-02-22 16:38:22,133 INFO o.a.j.s.FileServer: Stored: /home/panda/LoadTest/ClientFolder/rnd_load_test/student_solutions/1/user31.zip
2022-02-22 16:38:22,286 INFO o.a.j.s.FileServer: Stored: /home/panda/LoadTest/ClientFolder/rnd_load_test/student_solutions/2/user58.zip
2022-02-22 16:38:22,507 INFO o.a.j.s.FileServer: Stored: /home/panda/LoadTest/ClientFolder/rnd_load_test/student_solutions/1/user27.zip
2022-02-22 16:38:22,563 INFO o.a.j.s.FileServer: Stored: /home/panda/LoadTest/ClientFolder/rnd_load_test/student_solutions/1/user33.zip
2022-02-22 16:38:22,813 INFO o.a.j.s.FileServer: Stored: /home/panda/LoadTest/ClientFolder/rnd_load_test/student_solutions/1/user48.zip
2022-02-22 16:38:22,848 INFO o.a.j.s.FileServer: Stored: /home/panda/LoadTest/ClientFolder/rnd_load_test/student_solutions/2/user90.zip
2022-02-22 16:38:22,906 INFO o.a.j.s.FileServer: Stored: /home/panda/LoadTest/ClientFolder/rnd_load_test/student_solutions/1/user29.zip
2022-02-22 16:38:22,937 INFO o.a.j.s.FileServer: Stored: /home/panda/LoadTest/ClientFolder/rnd_load_test/student_solutions/1/user49.zip
2022-02-22 16:38:22,939 INFO o.a.j.s.FileServer: Stored: /home/panda/LoadTest/ClientFolder/rnd_load_test/student_solutions/2/user93.zip
2022-02-22 16:38:22,965 INFO o.a.j.s.FileServer: Stored: /home/panda/LoadTest/ClientFolder/rnd_load_test/student_solutions/1/user4.zip
2022-02-22 16:38:23,183 INFO o.a.j.s.FileServer: Stored: /home/panda/LoadTest/ClientFolder/rnd_load_test/student_solutions/1/user23.zip
2022-02-22 16:38:23,366 INFO o.a.j.s.FileServer: Stored: /home/panda/LoadTest/ClientFolder/rnd_load_test/student_solutions/1/user45.zip
2022-02-22 16:38:23,594 INFO o.a.j.s.FileServer: Stored: /home/panda/LoadTest/ClientFolder/rnd_load_test/student_solutions/2/user62.zip
2022-02-22 16:38:23,695 INFO o.a.j.s.FileServer: Stored: /home/panda/LoadTest/ClientFolder/rnd_load_test/student_solutions/2/user77.zip
2022-02-22 16:38:23,733 INFO o.a.j.s.FileServer: Stored: /home/panda/LoadTest/ClientFolder/rnd_load_test/student_solutions/2/user52.zip
2022-02-22 16:38:23,776 INFO o.a.j.s.FileServer: Stored: /home/panda/LoadTest/ClientFolder/rnd_load_test/student_solutions/2/user97.zip
2022-02-22 16:38:23,865 INFO o.a.j.s.FileServer: Stored: /home/panda/LoadTest/ClientFolder/rnd_load_test/student_solutions/2/user67.zip
2022-02-22 16:38:23,947 INFO o.a.j.s.FileServer: Stored: /home/panda/LoadTest/ClientFolder/rnd_load_test/student_solutions/1/user16.zip
2022-02-22 16:38:23,947 INFO o.a.j.s.FileServer: Stored: /home/panda/LoadTest/ClientFolder/rnd_load_test/student_solutions/2/user65.zip
2022-02-22 16:38:23,967 INFO o.a.j.s.FileServer: Stored: /home/panda/LoadTest/ClientFolder/rnd_load_test/student_solutions/2/user83.zip
2022-02-22 16:38:24,012 INFO o.a.j.s.FileServer: Stored: /home/panda/LoadTest/ClientFolder/rnd_load_test/student_solutions/1/user15.zip
2022-02-22 16:38:24,139 INFO o.a.j.s.FileServer: Stored: /home/panda/LoadTest/ClientFolder/rnd_load_test/student_solutions/2/user68.zip
2022-02-22 16:38:24,216 INFO o.a.j.s.FileServer: Stored: /home/panda/LoadTest/ClientFolder/rnd_load_test/student_solutions/1/user36.zip
2022-02-22 16:38:24,325 INFO o.a.j.s.FileServer: Stored: /home/panda/LoadTest/ClientFolder/rnd_load_test/student_solutions/1/user11.zip
2022-02-22 16:38:24,356 INFO o.a.j.s.FileServer: Stored: /home/panda/LoadTest/ClientFolder/rnd_load_test/student_solutions/1/user12.zip
2022-02-22 16:38:24,559 INFO o.a.j.s.FileServer: Stored: /home/panda/LoadTest/ClientFolder/rnd_load_test/student_solutions/2/user66.zip
2022-02-22 16:38:24,663 INFO o.a.j.s.FileServer: Stored: /home/panda/LoadTest/ClientFolder/rnd_load_test/student_solutions/2/user59.zip
2022-02-22 16:38:24,810 INFO o.a.j.s.FileServer: Stored: /home/panda/LoadTest/ClientFolder/rnd_load_test/student_solutions/2/user100.zip
2022-02-22 16:38:24,849 INFO o.a.j.s.FileServer: Stored: /home/panda/LoadTest/ClientFolder/rnd_load_test/student_solutions/1/user7.zip
2022-02-22 16:38:24,952 INFO o.a.j.s.FileServer: Stored: /home/panda/LoadTest/ClientFolder/rnd_load_test/student_solutions/2/user81.zip
2022-02-22 16:38:25,070 INFO o.a.j.s.FileServer: Stored: /home/panda/LoadTest/ClientFolder/rnd_load_test/student_solutions/2/user88.zip
2022-02-22 16:38:25,101 INFO o.a.j.s.FileServer: Stored: /home/panda/LoadTest/ClientFolder/rnd_load_test/student_solutions/2/user73.zip
2022-02-22 16:38:25,102 INFO o.a.j.s.FileServer: Stored: /home/panda/LoadTest/ClientFolder/rnd_load_test/student_solutions/1/user2.zip
2022-02-22 16:38:25,146 INFO o.a.j.s.FileServer: Stored: /home/panda/LoadTest/ClientFolder/rnd_load_test/student_solutions/2/user55.zip
2022-02-22 16:38:25,276 INFO o.a.j.s.FileServer: Stored: /home/panda/LoadTest/ClientFolder/rnd_load_test/student_solutions/2/user57.zip
2022-02-22 16:38:25,281 INFO o.a.j.s.FileServer: Stored: /home/panda/LoadTest/ClientFolder/rnd_load_test/student_solutions/2/user89.zip
2022-02-22 16:38:25,499 INFO o.a.j.s.FileServer: Stored: /home/panda/LoadTest/ClientFolder/rnd_load_test/student_solutions/1/user18.zip
2022-02-22 16:38:25,615 INFO o.a.j.s.FileServer: Stored: /home/panda/LoadTest/ClientFolder/rnd_load_test/student_solutions/1/user42.zip
2022-02-22 16:38:29,679 INFO o.a.j.s.FileServer: Stored: /home/panda/LoadTest/ClientFolder/rnd_load_test/student_solutions/1/user30.zip
2022-02-22 16:38:30,004 INFO o.a.j.r.Summariser: summary +     38 in 00:00:10 =    4.0/s Avg:  2229 Min:    15 Max:  7053 Err:     2 (5.26%) Active: 160 Started: 160 Finished: 0
2022-02-22 16:38:30,005 INFO o.a.j.r.Summariser: summary =    866 in 00:00:49 =   17.7/s Avg:  3384 Min:     0 Max: 16473 Err:    15 (1.73%)
2022-02-22 16:38:30,287 INFO o.a.j.s.FileServer: Stored: /home/panda/LoadTest/ClientFolder/rnd_load_test/student_solutions/2/user56.zip
2022-02-22 16:38:30,488 INFO o.a.j.s.FileServer: Stored: /home/panda/LoadTest/ClientFolder/rnd_load_test/student_solutions/2/user85.zip
2022-02-22 16:38:31,086 ERROR o.a.j.m.JSR223PreProcessor: Problem in JSR223 script, JSR223 PreProcessor
javax.script.ScriptException: groovy.lang.MissingMethodException: No signature of method: org.codehaus.groovy.jsr223.GroovyScriptEngineImpl.$() is applicable for argument types: (Script3$_run_closure1) values: [Script3$_run_closure1@699c1c4b]
Possible solutions: is(java.lang.Object), any(), get(java.lang.String), any(groovy.lang.Closure), tap(groovy.lang.Closure), use([Ljava.lang.Object;)
	at org.codehaus.groovy.jsr223.GroovyScriptEngineImpl.eval(GroovyScriptEngineImpl.java:320) ~[groovy-jsr223-3.0.3.jar:3.0.3]
	at org.codehaus.groovy.jsr223.GroovyCompiledScript.eval(GroovyCompiledScript.java:71) ~[groovy-jsr223-3.0.3.jar:3.0.3]
	at javax.script.CompiledScript.eval(CompiledScript.java:92) ~[?:1.8.0_181]
	at org.apache.jmeter.util.JSR223TestElement.processFileOrScript(JSR223TestElement.java:222) ~[ApacheJMeter_core.jar:5.3]
	at org.apache.jmeter.modifiers.JSR223PreProcessor.process(JSR223PreProcessor.java:45) [ApacheJMeter_components.jar:5.3]
	at org.apache.jmeter.threads.JMeterThread.runPreProcessors(JMeterThread.java:950) [ApacheJMeter_core.jar:5.3]
	at org.apache.jmeter.threads.JMeterThread.executeSamplePackage(JMeterThread.java:549) [ApacheJMeter_core.jar:5.3]
	at org.apache.jmeter.threads.JMeterThread.processSampler(JMeterThread.java:489) [ApacheJMeter_core.jar:5.3]
	at org.apache.jmeter.threads.JMeterThread.run(JMeterThread.java:256) [ApacheJMeter_core.jar:5.3]
	at java.lang.Thread.run(Thread.java:748) [?:1.8.0_181]
Caused by: groovy.lang.MissingMethodException: No signature of method: org.codehaus.groovy.jsr223.GroovyScriptEngineImpl.$() is applicable for argument types: (Script3$_run_closure1) values: [Script3$_run_closure1@699c1c4b]
Possible solutions: is(java.lang.Object), any(), get(java.lang.String), any(groovy.lang.Closure), tap(groovy.lang.Closure), use([Ljava.lang.Object;)
	at org.codehaus.groovy.jsr223.GroovyScriptEngineImpl.callGlobal(GroovyScriptEngineImpl.java:404) ~[groovy-jsr223-3.0.3.jar:3.0.3]
	at org.codehaus.groovy.jsr223.GroovyScriptEngineImpl.access$100(GroovyScriptEngineImpl.java:90) ~[groovy-jsr223-3.0.3.jar:3.0.3]
	at org.codehaus.groovy.jsr223.GroovyScriptEngineImpl$3.invokeMethod(GroovyScriptEngineImpl.java:303) ~[groovy-jsr223-3.0.3.jar:3.0.3]
	at org.codehaus.groovy.runtime.callsite.PogoMetaClassSite.callCurrent(PogoMetaClassSite.java:73) ~[groovy-3.0.3.jar:3.0.3]
	at org.codehaus.groovy.runtime.callsite.CallSiteArray.defaultCallCurrent(CallSiteArray.java:51) ~[groovy-3.0.3.jar:3.0.3]
	at org.codehaus.groovy.runtime.callsite.PogoMetaClassSite.callCurrent(PogoMetaClassSite.java:83) ~[groovy-3.0.3.jar:3.0.3]
	at org.codehaus.groovy.runtime.callsite.AbstractCallSite.callCurrent(AbstractCallSite.java:185) ~[groovy-3.0.3.jar:3.0.3]
	at Script3.run(Script3.groovy:1) ~[?:?]
	at org.codehaus.groovy.jsr223.GroovyScriptEngineImpl.eval(GroovyScriptEngineImpl.java:317) ~[groovy-jsr223-3.0.3.jar:3.0.3]
	... 9 more
2022-02-22 16:38:31,382 INFO o.a.j.s.FileServer: Stored: /home/panda/LoadTest/ClientFolder/rnd_load_test/student_solutions/2/user53.zip
2022-02-22 16:38:31,502 INFO o.a.j.s.FileServer: Stored: /home/panda/LoadTest/ClientFolder/rnd_load_test/student_solutions/2/user54.zip
2022-02-22 16:38:31,772 INFO o.a.j.s.FileServer: Stored: /home/panda/LoadTest/ClientFolder/rnd_load_test/student_solutions/1/user10.zip
2022-02-22 16:38:31,980 ERROR o.a.j.m.JSR223PreProcessor: Problem in JSR223 script, JSR223 PreProcessor
javax.script.ScriptException: groovy.lang.MissingMethodException: No signature of method: org.codehaus.groovy.jsr223.GroovyScriptEngineImpl.$() is applicable for argument types: (Script3$_run_closure1) values: [Script3$_run_closure1@42e430f1]
Possible solutions: is(java.lang.Object), any(), get(java.lang.String), any(groovy.lang.Closure), tap(groovy.lang.Closure), use([Ljava.lang.Object;)
	at org.codehaus.groovy.jsr223.GroovyScriptEngineImpl.eval(GroovyScriptEngineImpl.java:320) ~[groovy-jsr223-3.0.3.jar:3.0.3]
	at org.codehaus.groovy.jsr223.GroovyCompiledScript.eval(GroovyCompiledScript.java:71) ~[groovy-jsr223-3.0.3.jar:3.0.3]
	at javax.script.CompiledScript.eval(CompiledScript.java:92) ~[?:1.8.0_181]
	at org.apache.jmeter.util.JSR223TestElement.processFileOrScript(JSR223TestElement.java:222) ~[ApacheJMeter_core.jar:5.3]
	at org.apache.jmeter.modifiers.JSR223PreProcessor.process(JSR223PreProcessor.java:45) [ApacheJMeter_components.jar:5.3]
	at org.apache.jmeter.threads.JMeterThread.runPreProcessors(JMeterThread.java:950) [ApacheJMeter_core.jar:5.3]
	at org.apache.jmeter.threads.JMeterThread.executeSamplePackage(JMeterThread.java:549) [ApacheJMeter_core.jar:5.3]
	at org.apache.jmeter.threads.JMeterThread.processSampler(JMeterThread.java:489) [ApacheJMeter_core.jar:5.3]
	at org.apache.jmeter.threads.JMeterThread.run(JMeterThread.java:256) [ApacheJMeter_core.jar:5.3]
	at java.lang.Thread.run(Thread.java:748) [?:1.8.0_181]
Caused by: groovy.lang.MissingMethodException: No signature of method: org.codehaus.groovy.jsr223.GroovyScriptEngineImpl.$() is applicable for argument types: (Script3$_run_closure1) values: [Script3$_run_closure1@42e430f1]
Possible solutions: is(java.lang.Object), any(), get(java.lang.String), any(groovy.lang.Closure), tap(groovy.lang.Closure), use([Ljava.lang.Object;)
	at org.codehaus.groovy.jsr223.GroovyScriptEngineImpl.callGlobal(GroovyScriptEngineImpl.java:404) ~[groovy-jsr223-3.0.3.jar:3.0.3]
	at org.codehaus.groovy.jsr223.GroovyScriptEngineImpl.access$100(GroovyScriptEngineImpl.java:90) ~[groovy-jsr223-3.0.3.jar:3.0.3]
	at org.codehaus.groovy.jsr223.GroovyScriptEngineImpl$3.invokeMethod(GroovyScriptEngineImpl.java:303) ~[groovy-jsr223-3.0.3.jar:3.0.3]
	at org.codehaus.groovy.runtime.callsite.PogoMetaClassSite.callCurrent(PogoMetaClassSite.java:73) ~[groovy-3.0.3.jar:3.0.3]
	at org.codehaus.groovy.runtime.callsite.CallSiteArray.defaultCallCurrent(CallSiteArray.java:51) ~[groovy-3.0.3.jar:3.0.3]
	at org.codehaus.groovy.runtime.callsite.PogoMetaClassSite.callCurrent(PogoMetaClassSite.java:83) ~[groovy-3.0.3.jar:3.0.3]
	at org.codehaus.groovy.runtime.callsite.AbstractCallSite.callCurrent(AbstractCallSite.java:185) ~[groovy-3.0.3.jar:3.0.3]
	at Script3.run(Script3.groovy:1) ~[?:?]
	at org.codehaus.groovy.jsr223.GroovyScriptEngineImpl.eval(GroovyScriptEngineImpl.java:317) ~[groovy-jsr223-3.0.3.jar:3.0.3]
	... 9 more
2022-02-22 16:38:33,916 INFO o.a.j.s.FileServer: Stored: /home/panda/LoadTest/ClientFolder/rnd_load_test/student_solutions/2/user61.zip
2022-02-22 16:38:34,725 INFO o.a.j.s.FileServer: Stored: /home/panda/LoadTest/ClientFolder/rnd_load_test/student_solutions/1/user25.zip
2022-02-22 16:38:35,996 INFO o.a.j.s.FileServer: Stored: /home/panda/LoadTest/ClientFolder/rnd_load_test/student_solutions/2/user82.zip
2022-02-22 16:38:40,106 INFO o.a.j.r.Summariser: summary +     80 in 00:00:10 =    7.9/s Avg:  9134 Min:     0 Max: 15201 Err:     4 (5.00%) Active: 160 Started: 160 Finished: 0
2022-02-22 16:38:40,106 INFO o.a.j.r.Summariser: summary =    946 in 00:00:59 =   16.0/s Avg:  3870 Min:     0 Max: 16473 Err:    19 (2.01%)
2022-02-22 16:38:42,524 INFO o.a.j.s.FileServer: Stored: /home/panda/LoadTest/ClientFolder/rnd_load_test/student_solutions/2/user71.zip
2022-02-22 16:38:42,930 INFO o.a.j.s.FileServer: Stored: /home/panda/LoadTest/ClientFolder/rnd_load_test/student_solutions/2/user91.zip
2022-02-22 16:38:43,499 ERROR o.a.j.m.JSR223PreProcessor: Problem in JSR223 script, JSR223 PreProcessor
javax.script.ScriptException: groovy.lang.MissingMethodException: No signature of method: org.codehaus.groovy.jsr223.GroovyScriptEngineImpl.$() is applicable for argument types: (Script3$_run_closure1) values: [Script3$_run_closure1@54febed4]
Possible solutions: is(java.lang.Object), any(), get(java.lang.String), any(groovy.lang.Closure), tap(groovy.lang.Closure), use([Ljava.lang.Object;)
	at org.codehaus.groovy.jsr223.GroovyScriptEngineImpl.eval(GroovyScriptEngineImpl.java:320) ~[groovy-jsr223-3.0.3.jar:3.0.3]
	at org.codehaus.groovy.jsr223.GroovyCompiledScript.eval(GroovyCompiledScript.java:71) ~[groovy-jsr223-3.0.3.jar:3.0.3]
	at javax.script.CompiledScript.eval(CompiledScript.java:92) ~[?:1.8.0_181]
	at org.apache.jmeter.util.JSR223TestElement.processFileOrScript(JSR223TestElement.java:222) ~[ApacheJMeter_core.jar:5.3]
	at org.apache.jmeter.modifiers.JSR223PreProcessor.process(JSR223PreProcessor.java:45) [ApacheJMeter_components.jar:5.3]
	at org.apache.jmeter.threads.JMeterThread.runPreProcessors(JMeterThread.java:950) [ApacheJMeter_core.jar:5.3]
	at org.apache.jmeter.threads.JMeterThread.executeSamplePackage(JMeterThread.java:549) [ApacheJMeter_core.jar:5.3]
	at org.apache.jmeter.threads.JMeterThread.processSampler(JMeterThread.java:489) [ApacheJMeter_core.jar:5.3]
	at org.apache.jmeter.threads.JMeterThread.run(JMeterThread.java:256) [ApacheJMeter_core.jar:5.3]
	at java.lang.Thread.run(Thread.java:748) [?:1.8.0_181]
Caused by: groovy.lang.MissingMethodException: No signature of method: org.codehaus.groovy.jsr223.GroovyScriptEngineImpl.$() is applicable for argument types: (Script3$_run_closure1) values: [Script3$_run_closure1@54febed4]
Possible solutions: is(java.lang.Object), any(), get(java.lang.String), any(groovy.lang.Closure), tap(groovy.lang.Closure), use([Ljava.lang.Object;)
	at org.codehaus.groovy.jsr223.GroovyScriptEngineImpl.callGlobal(GroovyScriptEngineImpl.java:404) ~[groovy-jsr223-3.0.3.jar:3.0.3]
	at org.codehaus.groovy.jsr223.GroovyScriptEngineImpl.access$100(GroovyScriptEngineImpl.java:90) ~[groovy-jsr223-3.0.3.jar:3.0.3]
	at org.codehaus.groovy.jsr223.GroovyScriptEngineImpl$3.invokeMethod(GroovyScriptEngineImpl.java:303) ~[groovy-jsr223-3.0.3.jar:3.0.3]
	at org.codehaus.groovy.runtime.callsite.PogoMetaClassSite.callCurrent(PogoMetaClassSite.java:73) ~[groovy-3.0.3.jar:3.0.3]
	at org.codehaus.groovy.runtime.callsite.CallSiteArray.defaultCallCurrent(CallSiteArray.java:51) ~[groovy-3.0.3.jar:3.0.3]
	at org.codehaus.groovy.runtime.callsite.PogoMetaClassSite.callCurrent(PogoMetaClassSite.java:83) ~[groovy-3.0.3.jar:3.0.3]
	at org.codehaus.groovy.runtime.callsite.AbstractCallSite.callCurrent(AbstractCallSite.java:185) ~[groovy-3.0.3.jar:3.0.3]
	at Script3.run(Script3.groovy:1) ~[?:?]
	at org.codehaus.groovy.jsr223.GroovyScriptEngineImpl.eval(GroovyScriptEngineImpl.java:317) ~[groovy-jsr223-3.0.3.jar:3.0.3]
	... 9 more
2022-02-22 16:38:44,643 ERROR o.a.j.m.JSR223PreProcessor: Problem in JSR223 script, JSR223 PreProcessor
javax.script.ScriptException: groovy.lang.MissingMethodException: No signature of method: org.codehaus.groovy.jsr223.GroovyScriptEngineImpl.$() is applicable for argument types: (Script3$_run_closure1) values: [Script3$_run_closure1@119ad605]
Possible solutions: is(java.lang.Object), any(), get(java.lang.String), any(groovy.lang.Closure), tap(groovy.lang.Closure), use([Ljava.lang.Object;)
	at org.codehaus.groovy.jsr223.GroovyScriptEngineImpl.eval(GroovyScriptEngineImpl.java:320) ~[groovy-jsr223-3.0.3.jar:3.0.3]
	at org.codehaus.groovy.jsr223.GroovyCompiledScript.eval(GroovyCompiledScript.java:71) ~[groovy-jsr223-3.0.3.jar:3.0.3]
	at javax.script.CompiledScript.eval(CompiledScript.java:92) ~[?:1.8.0_181]
	at org.apache.jmeter.util.JSR223TestElement.processFileOrScript(JSR223TestElement.java:222) ~[ApacheJMeter_core.jar:5.3]
	at org.apache.jmeter.modifiers.JSR223PreProcessor.process(JSR223PreProcessor.java:45) [ApacheJMeter_components.jar:5.3]
	at org.apache.jmeter.threads.JMeterThread.runPreProcessors(JMeterThread.java:950) [ApacheJMeter_core.jar:5.3]
	at org.apache.jmeter.threads.JMeterThread.executeSamplePackage(JMeterThread.java:549) [ApacheJMeter_core.jar:5.3]
	at org.apache.jmeter.threads.JMeterThread.processSampler(JMeterThread.java:489) [ApacheJMeter_core.jar:5.3]
	at org.apache.jmeter.threads.JMeterThread.run(JMeterThread.java:256) [ApacheJMeter_core.jar:5.3]
	at java.lang.Thread.run(Thread.java:748) [?:1.8.0_181]
Caused by: groovy.lang.MissingMethodException: No signature of method: org.codehaus.groovy.jsr223.GroovyScriptEngineImpl.$() is applicable for argument types: (Script3$_run_closure1) values: [Script3$_run_closure1@119ad605]
Possible solutions: is(java.lang.Object), any(), get(java.lang.String), any(groovy.lang.Closure), tap(groovy.lang.Closure), use([Ljava.lang.Object;)
	at org.codehaus.groovy.jsr223.GroovyScriptEngineImpl.callGlobal(GroovyScriptEngineImpl.java:404) ~[groovy-jsr223-3.0.3.jar:3.0.3]
	at org.codehaus.groovy.jsr223.GroovyScriptEngineImpl.access$100(GroovyScriptEngineImpl.java:90) ~[groovy-jsr223-3.0.3.jar:3.0.3]
	at org.codehaus.groovy.jsr223.GroovyScriptEngineImpl$3.invokeMethod(GroovyScriptEngineImpl.java:303) ~[groovy-jsr223-3.0.3.jar:3.0.3]
	at org.codehaus.groovy.runtime.callsite.PogoMetaClassSite.callCurrent(PogoMetaClassSite.java:73) ~[groovy-3.0.3.jar:3.0.3]
	at org.codehaus.groovy.runtime.callsite.CallSiteArray.defaultCallCurrent(CallSiteArray.java:51) ~[groovy-3.0.3.jar:3.0.3]
	at org.codehaus.groovy.runtime.callsite.PogoMetaClassSite.callCurrent(PogoMetaClassSite.java:83) ~[groovy-3.0.3.jar:3.0.3]
	at org.codehaus.groovy.runtime.callsite.AbstractCallSite.callCurrent(AbstractCallSite.java:185) ~[groovy-3.0.3.jar:3.0.3]
	at Script3.run(Script3.groovy:1) ~[?:?]
	at org.codehaus.groovy.jsr223.GroovyScriptEngineImpl.eval(GroovyScriptEngineImpl.java:317) ~[groovy-jsr223-3.0.3.jar:3.0.3]
	... 9 more
2022-02-22 16:38:48,482 INFO o.a.j.s.FileServer: Stored: /home/panda/LoadTest/ClientFolder/rnd_load_test/student_solutions/2/user51.zip
2022-02-22 16:38:50,049 INFO o.a.j.r.Summariser: summary +    121 in 00:00:10 =   12.2/s Avg:  8663 Min:     0 Max: 19781 Err:     6 (4.96%) Active: 160 Started: 160 Finished: 0
2022-02-22 16:38:50,050 INFO o.a.j.r.Summariser: summary =   1067 in 00:01:09 =   15.5/s Avg:  4414 Min:     0 Max: 19781 Err:    25 (2.34%)
2022-02-22 16:38:53,653 INFO o.a.j.s.FileServer: Stored: /home/panda/LoadTest/ClientFolder/rnd_load_test/student_solutions/2/user98.zip
2022-02-22 16:38:54,245 INFO o.a.j.s.FileServer: Stored: /home/panda/LoadTest/ClientFolder/rnd_load_test/student_solutions/1/user17.zip
2022-02-22 16:38:54,831 INFO o.a.j.s.FileServer: Stored: /home/panda/LoadTest/ClientFolder/rnd_load_test/student_solutions/2/user96.zip
2022-02-22 16:38:55,620 INFO o.a.j.s.FileServer: Stored: /home/panda/LoadTest/ClientFolder/rnd_load_test/student_solutions/2/user79.zip
2022-02-22 16:38:56,186 ERROR o.a.j.m.JSR223PreProcessor: Problem in JSR223 script, JSR223 PreProcessor
javax.script.ScriptException: groovy.lang.MissingMethodException: No signature of method: org.codehaus.groovy.jsr223.GroovyScriptEngineImpl.$() is applicable for argument types: (Script3$_run_closure1) values: [Script3$_run_closure1@7ab3bd97]
Possible solutions: is(java.lang.Object), any(), get(java.lang.String), any(groovy.lang.Closure), tap(groovy.lang.Closure), use([Ljava.lang.Object;)
	at org.codehaus.groovy.jsr223.GroovyScriptEngineImpl.eval(GroovyScriptEngineImpl.java:320) ~[groovy-jsr223-3.0.3.jar:3.0.3]
	at org.codehaus.groovy.jsr223.GroovyCompiledScript.eval(GroovyCompiledScript.java:71) ~[groovy-jsr223-3.0.3.jar:3.0.3]
	at javax.script.CompiledScript.eval(CompiledScript.java:92) ~[?:1.8.0_181]
	at org.apache.jmeter.util.JSR223TestElement.processFileOrScript(JSR223TestElement.java:222) ~[ApacheJMeter_core.jar:5.3]
	at org.apache.jmeter.modifiers.JSR223PreProcessor.process(JSR223PreProcessor.java:45) [ApacheJMeter_components.jar:5.3]
	at org.apache.jmeter.threads.JMeterThread.runPreProcessors(JMeterThread.java:950) [ApacheJMeter_core.jar:5.3]
	at org.apache.jmeter.threads.JMeterThread.executeSamplePackage(JMeterThread.java:549) [ApacheJMeter_core.jar:5.3]
	at org.apache.jmeter.threads.JMeterThread.processSampler(JMeterThread.java:489) [ApacheJMeter_core.jar:5.3]
	at org.apache.jmeter.threads.JMeterThread.run(JMeterThread.java:256) [ApacheJMeter_core.jar:5.3]
	at java.lang.Thread.run(Thread.java:748) [?:1.8.0_181]
Caused by: groovy.lang.MissingMethodException: No signature of method: org.codehaus.groovy.jsr223.GroovyScriptEngineImpl.$() is applicable for argument types: (Script3$_run_closure1) values: [Script3$_run_closure1@7ab3bd97]
Possible solutions: is(java.lang.Object), any(), get(java.lang.String), any(groovy.lang.Closure), tap(groovy.lang.Closure), use([Ljava.lang.Object;)
	at org.codehaus.groovy.jsr223.GroovyScriptEngineImpl.callGlobal(GroovyScriptEngineImpl.java:404) ~[groovy-jsr223-3.0.3.jar:3.0.3]
	at org.codehaus.groovy.jsr223.GroovyScriptEngineImpl.access$100(GroovyScriptEngineImpl.java:90) ~[groovy-jsr223-3.0.3.jar:3.0.3]
	at org.codehaus.groovy.jsr223.GroovyScriptEngineImpl$3.invokeMethod(GroovyScriptEngineImpl.java:303) ~[groovy-jsr223-3.0.3.jar:3.0.3]
	at org.codehaus.groovy.runtime.callsite.PogoMetaClassSite.callCurrent(PogoMetaClassSite.java:73) ~[groovy-3.0.3.jar:3.0.3]
	at org.codehaus.groovy.runtime.callsite.CallSiteArray.defaultCallCurrent(CallSiteArray.java:51) ~[groovy-3.0.3.jar:3.0.3]
	at org.codehaus.groovy.runtime.callsite.PogoMetaClassSite.callCurrent(PogoMetaClassSite.java:83) ~[groovy-3.0.3.jar:3.0.3]
	at org.codehaus.groovy.runtime.callsite.AbstractCallSite.callCurrent(AbstractCallSite.java:185) ~[groovy-3.0.3.jar:3.0.3]
	at Script3.run(Script3.groovy:1) ~[?:?]
	at org.codehaus.groovy.jsr223.GroovyScriptEngineImpl.eval(GroovyScriptEngineImpl.java:317) ~[groovy-jsr223-3.0.3.jar:3.0.3]
	... 9 more
2022-02-22 16:38:57,297 ERROR o.a.j.m.JSR223PreProcessor: Problem in JSR223 script, JSR223 PreProcessor
javax.script.ScriptException: groovy.lang.MissingMethodException: No signature of method: org.codehaus.groovy.jsr223.GroovyScriptEngineImpl.$() is applicable for argument types: (Script3$_run_closure1) values: [Script3$_run_closure1@7430ce1a]
Possible solutions: is(java.lang.Object), any(), get(java.lang.String), any(groovy.lang.Closure), tap(groovy.lang.Closure), use([Ljava.lang.Object;)
	at org.codehaus.groovy.jsr223.GroovyScriptEngineImpl.eval(GroovyScriptEngineImpl.java:320) ~[groovy-jsr223-3.0.3.jar:3.0.3]
	at org.codehaus.groovy.jsr223.GroovyCompiledScript.eval(GroovyCompiledScript.java:71) ~[groovy-jsr223-3.0.3.jar:3.0.3]
	at javax.script.CompiledScript.eval(CompiledScript.java:92) ~[?:1.8.0_181]
	at org.apache.jmeter.util.JSR223TestElement.processFileOrScript(JSR223TestElement.java:222) ~[ApacheJMeter_core.jar:5.3]
	at org.apache.jmeter.modifiers.JSR223PreProcessor.process(JSR223PreProcessor.java:45) [ApacheJMeter_components.jar:5.3]
	at org.apache.jmeter.threads.JMeterThread.runPreProcessors(JMeterThread.java:950) [ApacheJMeter_core.jar:5.3]
	at org.apache.jmeter.threads.JMeterThread.executeSamplePackage(JMeterThread.java:549) [ApacheJMeter_core.jar:5.3]
	at org.apache.jmeter.threads.JMeterThread.processSampler(JMeterThread.java:489) [ApacheJMeter_core.jar:5.3]
	at org.apache.jmeter.threads.JMeterThread.run(JMeterThread.java:256) [ApacheJMeter_core.jar:5.3]
	at java.lang.Thread.run(Thread.java:748) [?:1.8.0_181]
Caused by: groovy.lang.MissingMethodException: No signature of method: org.codehaus.groovy.jsr223.GroovyScriptEngineImpl.$() is applicable for argument types: (Script3$_run_closure1) values: [Script3$_run_closure1@7430ce1a]
Possible solutions: is(java.lang.Object), any(), get(java.lang.String), any(groovy.lang.Closure), tap(groovy.lang.Closure), use([Ljava.lang.Object;)
	at org.codehaus.groovy.jsr223.GroovyScriptEngineImpl.callGlobal(GroovyScriptEngineImpl.java:404) ~[groovy-jsr223-3.0.3.jar:3.0.3]
	at org.codehaus.groovy.jsr223.GroovyScriptEngineImpl.access$100(GroovyScriptEngineImpl.java:90) ~[groovy-jsr223-3.0.3.jar:3.0.3]
	at org.codehaus.groovy.jsr223.GroovyScriptEngineImpl$3.invokeMethod(GroovyScriptEngineImpl.java:303) ~[groovy-jsr223-3.0.3.jar:3.0.3]
	at org.codehaus.groovy.runtime.callsite.PogoMetaClassSite.callCurrent(PogoMetaClassSite.java:73) ~[groovy-3.0.3.jar:3.0.3]
	at org.codehaus.groovy.runtime.callsite.CallSiteArray.defaultCallCurrent(CallSiteArray.java:51) ~[groovy-3.0.3.jar:3.0.3]
	at org.codehaus.groovy.runtime.callsite.PogoMetaClassSite.callCurrent(PogoMetaClassSite.java:83) ~[groovy-3.0.3.jar:3.0.3]
	at org.codehaus.groovy.runtime.callsite.AbstractCallSite.callCurrent(AbstractCallSite.java:185) ~[groovy-3.0.3.jar:3.0.3]
	at Script3.run(Script3.groovy:1) ~[?:?]
	at org.codehaus.groovy.jsr223.GroovyScriptEngineImpl.eval(GroovyScriptEngineImpl.java:317) ~[groovy-jsr223-3.0.3.jar:3.0.3]
	... 9 more
2022-02-22 16:38:58,488 INFO o.a.j.s.FileServer: Stored: /home/panda/LoadTest/ClientFolder/rnd_load_test/student_solutions/1/user13.zip
2022-02-22 16:39:00,020 INFO o.a.j.r.Summariser: summary +     50 in 00:00:10 =    5.0/s Avg:  2942 Min:     0 Max:  9492 Err:     7 (14.00%) Active: 160 Started: 160 Finished: 0
2022-02-22 16:39:00,021 INFO o.a.j.r.Summariser: summary =   1117 in 00:01:19 =   14.1/s Avg:  4348 Min:     0 Max: 19781 Err:    32 (2.86%)
2022-02-22 16:39:05,058 INFO o.a.j.s.FileServer: Stored: /home/panda/LoadTest/ClientFolder/rnd_load_test/student_solutions/2/user84.zip
2022-02-22 16:39:08,418 ERROR o.a.j.m.JSR223PreProcessor: Problem in JSR223 script, JSR223 PreProcessor
javax.script.ScriptException: groovy.lang.MissingMethodException: No signature of method: org.codehaus.groovy.jsr223.GroovyScriptEngineImpl.$() is applicable for argument types: (Script3$_run_closure1) values: [Script3$_run_closure1@30cc25e7]
Possible solutions: is(java.lang.Object), any(), get(java.lang.String), any(groovy.lang.Closure), tap(groovy.lang.Closure), use([Ljava.lang.Object;)
	at org.codehaus.groovy.jsr223.GroovyScriptEngineImpl.eval(GroovyScriptEngineImpl.java:320) ~[groovy-jsr223-3.0.3.jar:3.0.3]
	at org.codehaus.groovy.jsr223.GroovyCompiledScript.eval(GroovyCompiledScript.java:71) ~[groovy-jsr223-3.0.3.jar:3.0.3]
	at javax.script.CompiledScript.eval(CompiledScript.java:92) ~[?:1.8.0_181]
	at org.apache.jmeter.util.JSR223TestElement.processFileOrScript(JSR223TestElement.java:222) ~[ApacheJMeter_core.jar:5.3]
	at org.apache.jmeter.modifiers.JSR223PreProcessor.process(JSR223PreProcessor.java:45) [ApacheJMeter_components.jar:5.3]
	at org.apache.jmeter.threads.JMeterThread.runPreProcessors(JMeterThread.java:950) [ApacheJMeter_core.jar:5.3]
	at org.apache.jmeter.threads.JMeterThread.executeSamplePackage(JMeterThread.java:549) [ApacheJMeter_core.jar:5.3]
	at org.apache.jmeter.threads.JMeterThread.processSampler(JMeterThread.java:489) [ApacheJMeter_core.jar:5.3]
	at org.apache.jmeter.threads.JMeterThread.run(JMeterThread.java:256) [ApacheJMeter_core.jar:5.3]
	at java.lang.Thread.run(Thread.java:748) [?:1.8.0_181]
Caused by: groovy.lang.MissingMethodException: No signature of method: org.codehaus.groovy.jsr223.GroovyScriptEngineImpl.$() is applicable for argument types: (Script3$_run_closure1) values: [Script3$_run_closure1@30cc25e7]
Possible solutions: is(java.lang.Object), any(), get(java.lang.String), any(groovy.lang.Closure), tap(groovy.lang.Closure), use([Ljava.lang.Object;)
	at org.codehaus.groovy.jsr223.GroovyScriptEngineImpl.callGlobal(GroovyScriptEngineImpl.java:404) ~[groovy-jsr223-3.0.3.jar:3.0.3]
	at org.codehaus.groovy.jsr223.GroovyScriptEngineImpl.access$100(GroovyScriptEngineImpl.java:90) ~[groovy-jsr223-3.0.3.jar:3.0.3]
	at org.codehaus.groovy.jsr223.GroovyScriptEngineImpl$3.invokeMethod(GroovyScriptEngineImpl.java:303) ~[groovy-jsr223-3.0.3.jar:3.0.3]
	at org.codehaus.groovy.runtime.callsite.PogoMetaClassSite.callCurrent(PogoMetaClassSite.java:73) ~[groovy-3.0.3.jar:3.0.3]
	at org.codehaus.groovy.runtime.callsite.CallSiteArray.defaultCallCurrent(CallSiteArray.java:51) ~[groovy-3.0.3.jar:3.0.3]
	at org.codehaus.groovy.runtime.callsite.PogoMetaClassSite.callCurrent(PogoMetaClassSite.java:83) ~[groovy-3.0.3.jar:3.0.3]
	at org.codehaus.groovy.runtime.callsite.AbstractCallSite.callCurrent(AbstractCallSite.java:185) ~[groovy-3.0.3.jar:3.0.3]
	at Script3.run(Script3.groovy:1) ~[?:?]
	at org.codehaus.groovy.jsr223.GroovyScriptEngineImpl.eval(GroovyScriptEngineImpl.java:317) ~[groovy-jsr223-3.0.3.jar:3.0.3]
	... 9 more
2022-02-22 16:39:09,661 INFO o.a.j.s.FileServer: Stored: /home/panda/LoadTest/ClientFolder/rnd_load_test/student_solutions/2/user75.zip
2022-02-22 16:39:09,817 ERROR o.a.j.m.JSR223PreProcessor: Problem in JSR223 script, JSR223 PreProcessor
javax.script.ScriptException: groovy.lang.MissingMethodException: No signature of method: org.codehaus.groovy.jsr223.GroovyScriptEngineImpl.$() is applicable for argument types: (Script3$_run_closure1) values: [Script3$_run_closure1@1a1aa1d]
Possible solutions: is(java.lang.Object), any(), get(java.lang.String), any(groovy.lang.Closure), tap(groovy.lang.Closure), use([Ljava.lang.Object;)
	at org.codehaus.groovy.jsr223.GroovyScriptEngineImpl.eval(GroovyScriptEngineImpl.java:320) ~[groovy-jsr223-3.0.3.jar:3.0.3]
	at org.codehaus.groovy.jsr223.GroovyCompiledScript.eval(GroovyCompiledScript.java:71) ~[groovy-jsr223-3.0.3.jar:3.0.3]
	at javax.script.CompiledScript.eval(CompiledScript.java:92) ~[?:1.8.0_181]
	at org.apache.jmeter.util.JSR223TestElement.processFileOrScript(JSR223TestElement.java:222) ~[ApacheJMeter_core.jar:5.3]
	at org.apache.jmeter.modifiers.JSR223PreProcessor.process(JSR223PreProcessor.java:45) [ApacheJMeter_components.jar:5.3]
	at org.apache.jmeter.threads.JMeterThread.runPreProcessors(JMeterThread.java:950) [ApacheJMeter_core.jar:5.3]
	at org.apache.jmeter.threads.JMeterThread.executeSamplePackage(JMeterThread.java:549) [ApacheJMeter_core.jar:5.3]
	at org.apache.jmeter.threads.JMeterThread.processSampler(JMeterThread.java:489) [ApacheJMeter_core.jar:5.3]
	at org.apache.jmeter.threads.JMeterThread.run(JMeterThread.java:256) [ApacheJMeter_core.jar:5.3]
	at java.lang.Thread.run(Thread.java:748) [?:1.8.0_181]
Caused by: groovy.lang.MissingMethodException: No signature of method: org.codehaus.groovy.jsr223.GroovyScriptEngineImpl.$() is applicable for argument types: (Script3$_run_closure1) values: [Script3$_run_closure1@1a1aa1d]
Possible solutions: is(java.lang.Object), any(), get(java.lang.String), any(groovy.lang.Closure), tap(groovy.lang.Closure), use([Ljava.lang.Object;)
	at org.codehaus.groovy.jsr223.GroovyScriptEngineImpl.callGlobal(GroovyScriptEngineImpl.java:404) ~[groovy-jsr223-3.0.3.jar:3.0.3]
	at org.codehaus.groovy.jsr223.GroovyScriptEngineImpl.access$100(GroovyScriptEngineImpl.java:90) ~[groovy-jsr223-3.0.3.jar:3.0.3]
	at org.codehaus.groovy.jsr223.GroovyScriptEngineImpl$3.invokeMethod(GroovyScriptEngineImpl.java:303) ~[groovy-jsr223-3.0.3.jar:3.0.3]
	at org.codehaus.groovy.runtime.callsite.PogoMetaClassSite.callCurrent(PogoMetaClassSite.java:73) ~[groovy-3.0.3.jar:3.0.3]
	at org.codehaus.groovy.runtime.callsite.CallSiteArray.defaultCallCurrent(CallSiteArray.java:51) ~[groovy-3.0.3.jar:3.0.3]
	at org.codehaus.groovy.runtime.callsite.PogoMetaClassSite.callCurrent(PogoMetaClassSite.java:83) ~[groovy-3.0.3.jar:3.0.3]
	at org.codehaus.groovy.runtime.callsite.AbstractCallSite.callCurrent(AbstractCallSite.java:185) ~[groovy-3.0.3.jar:3.0.3]
	at Script3.run(Script3.groovy:1) ~[?:?]
	at org.codehaus.groovy.jsr223.GroovyScriptEngineImpl.eval(GroovyScriptEngineImpl.java:317) ~[groovy-jsr223-3.0.3.jar:3.0.3]
	... 9 more
2022-02-22 16:39:10,227 INFO o.a.j.r.Summariser: summary +     91 in 00:00:10 =    8.9/s Avg:  9287 Min:     0 Max: 16243 Err:     3 (3.30%) Active: 160 Started: 160 Finished: 0
2022-02-22 16:39:10,228 INFO o.a.j.r.Summariser: summary =   1208 in 00:01:29 =   13.5/s Avg:  4720 Min:     0 Max: 19781 Err:    35 (2.90%)
2022-02-22 16:39:20,175 INFO o.a.j.r.Summariser: summary +     86 in 00:00:10 =    8.6/s Avg:  8037 Min:    26 Max: 20108 Err:     5 (5.81%) Active: 160 Started: 160 Finished: 0
2022-02-22 16:39:20,176 INFO o.a.j.r.Summariser: summary =   1294 in 00:01:39 =   13.1/s Avg:  4940 Min:     0 Max: 20108 Err:    40 (3.09%)
2022-02-22 16:39:20,430 ERROR o.a.j.m.JSR223PreProcessor: Problem in JSR223 script, JSR223 PreProcessor
javax.script.ScriptException: groovy.lang.MissingMethodException: No signature of method: org.codehaus.groovy.jsr223.GroovyScriptEngineImpl.$() is applicable for argument types: (Script3$_run_closure1) values: [Script3$_run_closure1@102d70a5]
Possible solutions: is(java.lang.Object), any(), get(java.lang.String), any(groovy.lang.Closure), tap(groovy.lang.Closure), use([Ljava.lang.Object;)
	at org.codehaus.groovy.jsr223.GroovyScriptEngineImpl.eval(GroovyScriptEngineImpl.java:320) ~[groovy-jsr223-3.0.3.jar:3.0.3]
	at org.codehaus.groovy.jsr223.GroovyCompiledScript.eval(GroovyCompiledScript.java:71) ~[groovy-jsr223-3.0.3.jar:3.0.3]
	at javax.script.CompiledScript.eval(CompiledScript.java:92) ~[?:1.8.0_181]
	at org.apache.jmeter.util.JSR223TestElement.processFileOrScript(JSR223TestElement.java:222) ~[ApacheJMeter_core.jar:5.3]
	at org.apache.jmeter.modifiers.JSR223PreProcessor.process(JSR223PreProcessor.java:45) [ApacheJMeter_components.jar:5.3]
	at org.apache.jmeter.threads.JMeterThread.runPreProcessors(JMeterThread.java:950) [ApacheJMeter_core.jar:5.3]
	at org.apache.jmeter.threads.JMeterThread.executeSamplePackage(JMeterThread.java:549) [ApacheJMeter_core.jar:5.3]
	at org.apache.jmeter.threads.JMeterThread.processSampler(JMeterThread.java:489) [ApacheJMeter_core.jar:5.3]
	at org.apache.jmeter.threads.JMeterThread.run(JMeterThread.java:256) [ApacheJMeter_core.jar:5.3]
	at java.lang.Thread.run(Thread.java:748) [?:1.8.0_181]
Caused by: groovy.lang.MissingMethodException: No signature of method: org.codehaus.groovy.jsr223.GroovyScriptEngineImpl.$() is applicable for argument types: (Script3$_run_closure1) values: [Script3$_run_closure1@102d70a5]
Possible solutions: is(java.lang.Object), any(), get(java.lang.String), any(groovy.lang.Closure), tap(groovy.lang.Closure), use([Ljava.lang.Object;)
	at org.codehaus.groovy.jsr223.GroovyScriptEngineImpl.callGlobal(GroovyScriptEngineImpl.java:404) ~[groovy-jsr223-3.0.3.jar:3.0.3]
	at org.codehaus.groovy.jsr223.GroovyScriptEngineImpl.access$100(GroovyScriptEngineImpl.java:90) ~[groovy-jsr223-3.0.3.jar:3.0.3]
	at org.codehaus.groovy.jsr223.GroovyScriptEngineImpl$3.invokeMethod(GroovyScriptEngineImpl.java:303) ~[groovy-jsr223-3.0.3.jar:3.0.3]
	at org.codehaus.groovy.runtime.callsite.PogoMetaClassSite.callCurrent(PogoMetaClassSite.java:73) ~[groovy-3.0.3.jar:3.0.3]
	at org.codehaus.groovy.runtime.callsite.CallSiteArray.defaultCallCurrent(CallSiteArray.java:51) ~[groovy-3.0.3.jar:3.0.3]
	at org.codehaus.groovy.runtime.callsite.PogoMetaClassSite.callCurrent(PogoMetaClassSite.java:83) ~[groovy-3.0.3.jar:3.0.3]
	at org.codehaus.groovy.runtime.callsite.AbstractCallSite.callCurrent(AbstractCallSite.java:185) ~[groovy-3.0.3.jar:3.0.3]
	at Script3.run(Script3.groovy:1) ~[?:?]
	at org.codehaus.groovy.jsr223.GroovyScriptEngineImpl.eval(GroovyScriptEngineImpl.java:317) ~[groovy-jsr223-3.0.3.jar:3.0.3]
	... 9 more
2022-02-22 16:39:22,289 ERROR o.a.j.m.JSR223PreProcessor: Problem in JSR223 script, JSR223 PreProcessor
javax.script.ScriptException: groovy.lang.MissingMethodException: No signature of method: org.codehaus.groovy.jsr223.GroovyScriptEngineImpl.$() is applicable for argument types: (Script3$_run_closure1) values: [Script3$_run_closure1@4d69b3a2]
Possible solutions: is(java.lang.Object), any(), get(java.lang.String), any(groovy.lang.Closure), tap(groovy.lang.Closure), use([Ljava.lang.Object;)
	at org.codehaus.groovy.jsr223.GroovyScriptEngineImpl.eval(GroovyScriptEngineImpl.java:320) ~[groovy-jsr223-3.0.3.jar:3.0.3]
	at org.codehaus.groovy.jsr223.GroovyCompiledScript.eval(GroovyCompiledScript.java:71) ~[groovy-jsr223-3.0.3.jar:3.0.3]
	at javax.script.CompiledScript.eval(CompiledScript.java:92) ~[?:1.8.0_181]
	at org.apache.jmeter.util.JSR223TestElement.processFileOrScript(JSR223TestElement.java:222) ~[ApacheJMeter_core.jar:5.3]
	at org.apache.jmeter.modifiers.JSR223PreProcessor.process(JSR223PreProcessor.java:45) [ApacheJMeter_components.jar:5.3]
	at org.apache.jmeter.threads.JMeterThread.runPreProcessors(JMeterThread.java:950) [ApacheJMeter_core.jar:5.3]
	at org.apache.jmeter.threads.JMeterThread.executeSamplePackage(JMeterThread.java:549) [ApacheJMeter_core.jar:5.3]
	at org.apache.jmeter.threads.JMeterThread.processSampler(JMeterThread.java:489) [ApacheJMeter_core.jar:5.3]
	at org.apache.jmeter.threads.JMeterThread.run(JMeterThread.java:256) [ApacheJMeter_core.jar:5.3]
	at java.lang.Thread.run(Thread.java:748) [?:1.8.0_181]
Caused by: groovy.lang.MissingMethodException: No signature of method: org.codehaus.groovy.jsr223.GroovyScriptEngineImpl.$() is applicable for argument types: (Script3$_run_closure1) values: [Script3$_run_closure1@4d69b3a2]
Possible solutions: is(java.lang.Object), any(), get(java.lang.String), any(groovy.lang.Closure), tap(groovy.lang.Closure), use([Ljava.lang.Object;)
	at org.codehaus.groovy.jsr223.GroovyScriptEngineImpl.callGlobal(GroovyScriptEngineImpl.java:404) ~[groovy-jsr223-3.0.3.jar:3.0.3]
	at org.codehaus.groovy.jsr223.GroovyScriptEngineImpl.access$100(GroovyScriptEngineImpl.java:90) ~[groovy-jsr223-3.0.3.jar:3.0.3]
	at org.codehaus.groovy.jsr223.GroovyScriptEngineImpl$3.invokeMethod(GroovyScriptEngineImpl.java:303) ~[groovy-jsr223-3.0.3.jar:3.0.3]
	at org.codehaus.groovy.runtime.callsite.PogoMetaClassSite.callCurrent(PogoMetaClassSite.java:73) ~[groovy-3.0.3.jar:3.0.3]
	at org.codehaus.groovy.runtime.callsite.CallSiteArray.defaultCallCurrent(CallSiteArray.java:51) ~[groovy-3.0.3.jar:3.0.3]
	at org.codehaus.groovy.runtime.callsite.PogoMetaClassSite.callCurrent(PogoMetaClassSite.java:83) ~[groovy-3.0.3.jar:3.0.3]
	at org.codehaus.groovy.runtime.callsite.AbstractCallSite.callCurrent(AbstractCallSite.java:185) ~[groovy-3.0.3.jar:3.0.3]
	at Script3.run(Script3.groovy:1) ~[?:?]
	at org.codehaus.groovy.jsr223.GroovyScriptEngineImpl.eval(GroovyScriptEngineImpl.java:317) ~[groovy-jsr223-3.0.3.jar:3.0.3]
	... 9 more
2022-02-22 16:39:30,065 INFO o.a.j.r.Summariser: summary +     65 in 00:00:10 =    6.6/s Avg:  4549 Min:     0 Max: 13599 Err:     4 (6.15%) Active: 160 Started: 160 Finished: 0
2022-02-22 16:39:30,065 INFO o.a.j.r.Summariser: summary =   1359 in 00:01:49 =   12.5/s Avg:  4922 Min:     0 Max: 20108 Err:    44 (3.24%)
2022-02-22 16:39:32,955 ERROR o.a.j.m.JSR223PreProcessor: Problem in JSR223 script, JSR223 PreProcessor
javax.script.ScriptException: groovy.lang.MissingMethodException: No signature of method: org.codehaus.groovy.jsr223.GroovyScriptEngineImpl.$() is applicable for argument types: (Script3$_run_closure1) values: [Script3$_run_closure1@6d67c24e]
Possible solutions: is(java.lang.Object), any(), get(java.lang.String), any(groovy.lang.Closure), tap(groovy.lang.Closure), use([Ljava.lang.Object;)
	at org.codehaus.groovy.jsr223.GroovyScriptEngineImpl.eval(GroovyScriptEngineImpl.java:320) ~[groovy-jsr223-3.0.3.jar:3.0.3]
	at org.codehaus.groovy.jsr223.GroovyCompiledScript.eval(GroovyCompiledScript.java:71) ~[groovy-jsr223-3.0.3.jar:3.0.3]
	at javax.script.CompiledScript.eval(CompiledScript.java:92) ~[?:1.8.0_181]
	at org.apache.jmeter.util.JSR223TestElement.processFileOrScript(JSR223TestElement.java:222) ~[ApacheJMeter_core.jar:5.3]
	at org.apache.jmeter.modifiers.JSR223PreProcessor.process(JSR223PreProcessor.java:45) [ApacheJMeter_components.jar:5.3]
	at org.apache.jmeter.threads.JMeterThread.runPreProcessors(JMeterThread.java:950) [ApacheJMeter_core.jar:5.3]
	at org.apache.jmeter.threads.JMeterThread.executeSamplePackage(JMeterThread.java:549) [ApacheJMeter_core.jar:5.3]
	at org.apache.jmeter.threads.JMeterThread.processSampler(JMeterThread.java:489) [ApacheJMeter_core.jar:5.3]
	at org.apache.jmeter.threads.JMeterThread.run(JMeterThread.java:256) [ApacheJMeter_core.jar:5.3]
	at java.lang.Thread.run(Thread.java:748) [?:1.8.0_181]
Caused by: groovy.lang.MissingMethodException: No signature of method: org.codehaus.groovy.jsr223.GroovyScriptEngineImpl.$() is applicable for argument types: (Script3$_run_closure1) values: [Script3$_run_closure1@6d67c24e]
Possible solutions: is(java.lang.Object), any(), get(java.lang.String), any(groovy.lang.Closure), tap(groovy.lang.Closure), use([Ljava.lang.Object;)
	at org.codehaus.groovy.jsr223.GroovyScriptEngineImpl.callGlobal(GroovyScriptEngineImpl.java:404) ~[groovy-jsr223-3.0.3.jar:3.0.3]
	at org.codehaus.groovy.jsr223.GroovyScriptEngineImpl.access$100(GroovyScriptEngineImpl.java:90) ~[groovy-jsr223-3.0.3.jar:3.0.3]
	at org.codehaus.groovy.jsr223.GroovyScriptEngineImpl$3.invokeMethod(GroovyScriptEngineImpl.java:303) ~[groovy-jsr223-3.0.3.jar:3.0.3]
	at org.codehaus.groovy.runtime.callsite.PogoMetaClassSite.callCurrent(PogoMetaClassSite.java:73) ~[groovy-3.0.3.jar:3.0.3]
	at org.codehaus.groovy.runtime.callsite.CallSiteArray.defaultCallCurrent(CallSiteArray.java:51) ~[groovy-3.0.3.jar:3.0.3]
	at org.codehaus.groovy.runtime.callsite.PogoMetaClassSite.callCurrent(PogoMetaClassSite.java:83) ~[groovy-3.0.3.jar:3.0.3]
	at org.codehaus.groovy.runtime.callsite.AbstractCallSite.callCurrent(AbstractCallSite.java:185) ~[groovy-3.0.3.jar:3.0.3]
	at Script3.run(Script3.groovy:1) ~[?:?]
	at org.codehaus.groovy.jsr223.GroovyScriptEngineImpl.eval(GroovyScriptEngineImpl.java:317) ~[groovy-jsr223-3.0.3.jar:3.0.3]
	... 9 more
2022-02-22 16:39:34,705 ERROR o.a.j.m.JSR223PreProcessor: Problem in JSR223 script, JSR223 PreProcessor
javax.script.ScriptException: groovy.lang.MissingMethodException: No signature of method: org.codehaus.groovy.jsr223.GroovyScriptEngineImpl.$() is applicable for argument types: (Script3$_run_closure1) values: [Script3$_run_closure1@345185e3]
Possible solutions: is(java.lang.Object), any(), get(java.lang.String), any(groovy.lang.Closure), tap(groovy.lang.Closure), use([Ljava.lang.Object;)
	at org.codehaus.groovy.jsr223.GroovyScriptEngineImpl.eval(GroovyScriptEngineImpl.java:320) ~[groovy-jsr223-3.0.3.jar:3.0.3]
	at org.codehaus.groovy.jsr223.GroovyCompiledScript.eval(GroovyCompiledScript.java:71) ~[groovy-jsr223-3.0.3.jar:3.0.3]
	at javax.script.CompiledScript.eval(CompiledScript.java:92) ~[?:1.8.0_181]
	at org.apache.jmeter.util.JSR223TestElement.processFileOrScript(JSR223TestElement.java:222) ~[ApacheJMeter_core.jar:5.3]
	at org.apache.jmeter.modifiers.JSR223PreProcessor.process(JSR223PreProcessor.java:45) [ApacheJMeter_components.jar:5.3]
	at org.apache.jmeter.threads.JMeterThread.runPreProcessors(JMeterThread.java:950) [ApacheJMeter_core.jar:5.3]
	at org.apache.jmeter.threads.JMeterThread.executeSamplePackage(JMeterThread.java:549) [ApacheJMeter_core.jar:5.3]
	at org.apache.jmeter.threads.JMeterThread.processSampler(JMeterThread.java:489) [ApacheJMeter_core.jar:5.3]
	at org.apache.jmeter.threads.JMeterThread.run(JMeterThread.java:256) [ApacheJMeter_core.jar:5.3]
	at java.lang.Thread.run(Thread.java:748) [?:1.8.0_181]
Caused by: groovy.lang.MissingMethodException: No signature of method: org.codehaus.groovy.jsr223.GroovyScriptEngineImpl.$() is applicable for argument types: (Script3$_run_closure1) values: [Script3$_run_closure1@345185e3]
Possible solutions: is(java.lang.Object), any(), get(java.lang.String), any(groovy.lang.Closure), tap(groovy.lang.Closure), use([Ljava.lang.Object;)
	at org.codehaus.groovy.jsr223.GroovyScriptEngineImpl.callGlobal(GroovyScriptEngineImpl.java:404) ~[groovy-jsr223-3.0.3.jar:3.0.3]
	at org.codehaus.groovy.jsr223.GroovyScriptEngineImpl.access$100(GroovyScriptEngineImpl.java:90) ~[groovy-jsr223-3.0.3.jar:3.0.3]
	at org.codehaus.groovy.jsr223.GroovyScriptEngineImpl$3.invokeMethod(GroovyScriptEngineImpl.java:303) ~[groovy-jsr223-3.0.3.jar:3.0.3]
	at org.codehaus.groovy.runtime.callsite.PogoMetaClassSite.callCurrent(PogoMetaClassSite.java:73) ~[groovy-3.0.3.jar:3.0.3]
	at org.codehaus.groovy.runtime.callsite.CallSiteArray.defaultCallCurrent(CallSiteArray.java:51) ~[groovy-3.0.3.jar:3.0.3]
	at org.codehaus.groovy.runtime.callsite.PogoMetaClassSite.callCurrent(PogoMetaClassSite.java:83) ~[groovy-3.0.3.jar:3.0.3]
	at org.codehaus.groovy.runtime.callsite.AbstractCallSite.callCurrent(AbstractCallSite.java:185) ~[groovy-3.0.3.jar:3.0.3]
	at Script3.run(Script3.groovy:1) ~[?:?]
	at org.codehaus.groovy.jsr223.GroovyScriptEngineImpl.eval(GroovyScriptEngineImpl.java:317) ~[groovy-jsr223-3.0.3.jar:3.0.3]
	... 9 more
2022-02-22 16:39:40,016 INFO o.a.j.r.Summariser: summary +    113 in 00:00:10 =   11.4/s Avg:  9070 Min:     0 Max: 18686 Err:     6 (5.31%) Active: 160 Started: 160 Finished: 0
2022-02-22 16:39:40,017 INFO o.a.j.r.Summariser: summary =   1472 in 00:01:59 =   12.4/s Avg:  5240 Min:     0 Max: 20108 Err:    50 (3.40%)
2022-02-22 16:39:45,351 ERROR o.a.j.m.JSR223PreProcessor: Problem in JSR223 script, JSR223 PreProcessor
javax.script.ScriptException: groovy.lang.MissingMethodException: No signature of method: org.codehaus.groovy.jsr223.GroovyScriptEngineImpl.$() is applicable for argument types: (Script3$_run_closure1) values: [Script3$_run_closure1@3f240f6f]
Possible solutions: is(java.lang.Object), any(), get(java.lang.String), any(groovy.lang.Closure), tap(groovy.lang.Closure), use([Ljava.lang.Object;)
	at org.codehaus.groovy.jsr223.GroovyScriptEngineImpl.eval(GroovyScriptEngineImpl.java:320) ~[groovy-jsr223-3.0.3.jar:3.0.3]
	at org.codehaus.groovy.jsr223.GroovyCompiledScript.eval(GroovyCompiledScript.java:71) ~[groovy-jsr223-3.0.3.jar:3.0.3]
	at javax.script.CompiledScript.eval(CompiledScript.java:92) ~[?:1.8.0_181]
	at org.apache.jmeter.util.JSR223TestElement.processFileOrScript(JSR223TestElement.java:222) ~[ApacheJMeter_core.jar:5.3]
	at org.apache.jmeter.modifiers.JSR223PreProcessor.process(JSR223PreProcessor.java:45) [ApacheJMeter_components.jar:5.3]
	at org.apache.jmeter.threads.JMeterThread.runPreProcessors(JMeterThread.java:950) [ApacheJMeter_core.jar:5.3]
	at org.apache.jmeter.threads.JMeterThread.executeSamplePackage(JMeterThread.java:549) [ApacheJMeter_core.jar:5.3]
	at org.apache.jmeter.threads.JMeterThread.processSampler(JMeterThread.java:489) [ApacheJMeter_core.jar:5.3]
	at org.apache.jmeter.threads.JMeterThread.run(JMeterThread.java:256) [ApacheJMeter_core.jar:5.3]
	at java.lang.Thread.run(Thread.java:748) [?:1.8.0_181]
Caused by: groovy.lang.MissingMethodException: No signature of method: org.codehaus.groovy.jsr223.GroovyScriptEngineImpl.$() is applicable for argument types: (Script3$_run_closure1) values: [Script3$_run_closure1@3f240f6f]
Possible solutions: is(java.lang.Object), any(), get(java.lang.String), any(groovy.lang.Closure), tap(groovy.lang.Closure), use([Ljava.lang.Object;)
	at org.codehaus.groovy.jsr223.GroovyScriptEngineImpl.callGlobal(GroovyScriptEngineImpl.java:404) ~[groovy-jsr223-3.0.3.jar:3.0.3]
	at org.codehaus.groovy.jsr223.GroovyScriptEngineImpl.access$100(GroovyScriptEngineImpl.java:90) ~[groovy-jsr223-3.0.3.jar:3.0.3]
	at org.codehaus.groovy.jsr223.GroovyScriptEngineImpl$3.invokeMethod(GroovyScriptEngineImpl.java:303) ~[groovy-jsr223-3.0.3.jar:3.0.3]
	at org.codehaus.groovy.runtime.callsite.PogoMetaClassSite.callCurrent(PogoMetaClassSite.java:73) ~[groovy-3.0.3.jar:3.0.3]
	at org.codehaus.groovy.runtime.callsite.CallSiteArray.defaultCallCurrent(CallSiteArray.java:51) ~[groovy-3.0.3.jar:3.0.3]
	at org.codehaus.groovy.runtime.callsite.PogoMetaClassSite.callCurrent(PogoMetaClassSite.java:83) ~[groovy-3.0.3.jar:3.0.3]
	at org.codehaus.groovy.runtime.callsite.AbstractCallSite.callCurrent(AbstractCallSite.java:185) ~[groovy-3.0.3.jar:3.0.3]
	at Script3.run(Script3.groovy:1) ~[?:?]
	at org.codehaus.groovy.jsr223.GroovyScriptEngineImpl.eval(GroovyScriptEngineImpl.java:317) ~[groovy-jsr223-3.0.3.jar:3.0.3]
	... 9 more
2022-02-22 16:39:45,409 INFO o.a.j.s.FileServer: Stored: /home/panda/LoadTest/ClientFolder/rnd_load_test/student_solutions/2/user72.zip
2022-02-22 16:39:46,951 ERROR o.a.j.m.JSR223PreProcessor: Problem in JSR223 script, JSR223 PreProcessor
javax.script.ScriptException: groovy.lang.MissingMethodException: No signature of method: org.codehaus.groovy.jsr223.GroovyScriptEngineImpl.$() is applicable for argument types: (Script3$_run_closure1) values: [Script3$_run_closure1@333aaadf]
Possible solutions: is(java.lang.Object), any(), get(java.lang.String), any(groovy.lang.Closure), tap(groovy.lang.Closure), use([Ljava.lang.Object;)
	at org.codehaus.groovy.jsr223.GroovyScriptEngineImpl.eval(GroovyScriptEngineImpl.java:320) ~[groovy-jsr223-3.0.3.jar:3.0.3]
	at org.codehaus.groovy.jsr223.GroovyCompiledScript.eval(GroovyCompiledScript.java:71) ~[groovy-jsr223-3.0.3.jar:3.0.3]
	at javax.script.CompiledScript.eval(CompiledScript.java:92) ~[?:1.8.0_181]
	at org.apache.jmeter.util.JSR223TestElement.processFileOrScript(JSR223TestElement.java:222) ~[ApacheJMeter_core.jar:5.3]
	at org.apache.jmeter.modifiers.JSR223PreProcessor.process(JSR223PreProcessor.java:45) [ApacheJMeter_components.jar:5.3]
	at org.apache.jmeter.threads.JMeterThread.runPreProcessors(JMeterThread.java:950) [ApacheJMeter_core.jar:5.3]
	at org.apache.jmeter.threads.JMeterThread.executeSamplePackage(JMeterThread.java:549) [ApacheJMeter_core.jar:5.3]
	at org.apache.jmeter.threads.JMeterThread.processSampler(JMeterThread.java:489) [ApacheJMeter_core.jar:5.3]
	at org.apache.jmeter.threads.JMeterThread.run(JMeterThread.java:256) [ApacheJMeter_core.jar:5.3]
	at java.lang.Thread.run(Thread.java:748) [?:1.8.0_181]
Caused by: groovy.lang.MissingMethodException: No signature of method: org.codehaus.groovy.jsr223.GroovyScriptEngineImpl.$() is applicable for argument types: (Script3$_run_closure1) values: [Script3$_run_closure1@333aaadf]
Possible solutions: is(java.lang.Object), any(), get(java.lang.String), any(groovy.lang.Closure), tap(groovy.lang.Closure), use([Ljava.lang.Object;)
	at org.codehaus.groovy.jsr223.GroovyScriptEngineImpl.callGlobal(GroovyScriptEngineImpl.java:404) ~[groovy-jsr223-3.0.3.jar:3.0.3]
	at org.codehaus.groovy.jsr223.GroovyScriptEngineImpl.access$100(GroovyScriptEngineImpl.java:90) ~[groovy-jsr223-3.0.3.jar:3.0.3]
	at org.codehaus.groovy.jsr223.GroovyScriptEngineImpl$3.invokeMethod(GroovyScriptEngineImpl.java:303) ~[groovy-jsr223-3.0.3.jar:3.0.3]
	at org.codehaus.groovy.runtime.callsite.PogoMetaClassSite.callCurrent(PogoMetaClassSite.java:73) ~[groovy-3.0.3.jar:3.0.3]
	at org.codehaus.groovy.runtime.callsite.CallSiteArray.defaultCallCurrent(CallSiteArray.java:51) ~[groovy-3.0.3.jar:3.0.3]
	at org.codehaus.groovy.runtime.callsite.PogoMetaClassSite.callCurrent(PogoMetaClassSite.java:83) ~[groovy-3.0.3.jar:3.0.3]
	at org.codehaus.groovy.runtime.callsite.AbstractCallSite.callCurrent(AbstractCallSite.java:185) ~[groovy-3.0.3.jar:3.0.3]
	at Script3.run(Script3.groovy:1) ~[?:?]
	at org.codehaus.groovy.jsr223.GroovyScriptEngineImpl.eval(GroovyScriptEngineImpl.java:317) ~[groovy-jsr223-3.0.3.jar:3.0.3]
	... 9 more
2022-02-22 16:39:50,371 INFO o.a.j.r.Summariser: summary +    102 in 00:00:10 =    9.9/s Avg:  3021 Min:     0 Max: 16256 Err:    12 (11.76%) Active: 160 Started: 160 Finished: 0
2022-02-22 16:39:50,372 INFO o.a.j.r.Summariser: summary =   1574 in 00:02:09 =   12.2/s Avg:  5096 Min:     0 Max: 20108 Err:    62 (3.94%)
2022-02-22 16:39:57,365 ERROR o.a.j.m.JSR223PreProcessor: Problem in JSR223 script, JSR223 PreProcessor
javax.script.ScriptException: groovy.lang.MissingMethodException: No signature of method: org.codehaus.groovy.jsr223.GroovyScriptEngineImpl.$() is applicable for argument types: (Script3$_run_closure1) values: [Script3$_run_closure1@54e4a47b]
Possible solutions: is(java.lang.Object), any(), get(java.lang.String), any(groovy.lang.Closure), tap(groovy.lang.Closure), use([Ljava.lang.Object;)
	at org.codehaus.groovy.jsr223.GroovyScriptEngineImpl.eval(GroovyScriptEngineImpl.java:320) ~[groovy-jsr223-3.0.3.jar:3.0.3]
	at org.codehaus.groovy.jsr223.GroovyCompiledScript.eval(GroovyCompiledScript.java:71) ~[groovy-jsr223-3.0.3.jar:3.0.3]
	at javax.script.CompiledScript.eval(CompiledScript.java:92) ~[?:1.8.0_181]
	at org.apache.jmeter.util.JSR223TestElement.processFileOrScript(JSR223TestElement.java:222) ~[ApacheJMeter_core.jar:5.3]
	at org.apache.jmeter.modifiers.JSR223PreProcessor.process(JSR223PreProcessor.java:45) [ApacheJMeter_components.jar:5.3]
	at org.apache.jmeter.threads.JMeterThread.runPreProcessors(JMeterThread.java:950) [ApacheJMeter_core.jar:5.3]
	at org.apache.jmeter.threads.JMeterThread.executeSamplePackage(JMeterThread.java:549) [ApacheJMeter_core.jar:5.3]
	at org.apache.jmeter.threads.JMeterThread.processSampler(JMeterThread.java:489) [ApacheJMeter_core.jar:5.3]
	at org.apache.jmeter.threads.JMeterThread.run(JMeterThread.java:256) [ApacheJMeter_core.jar:5.3]
	at java.lang.Thread.run(Thread.java:748) [?:1.8.0_181]
Caused by: groovy.lang.MissingMethodException: No signature of method: org.codehaus.groovy.jsr223.GroovyScriptEngineImpl.$() is applicable for argument types: (Script3$_run_closure1) values: [Script3$_run_closure1@54e4a47b]
Possible solutions: is(java.lang.Object), any(), get(java.lang.String), any(groovy.lang.Closure), tap(groovy.lang.Closure), use([Ljava.lang.Object;)
	at org.codehaus.groovy.jsr223.GroovyScriptEngineImpl.callGlobal(GroovyScriptEngineImpl.java:404) ~[groovy-jsr223-3.0.3.jar:3.0.3]
	at org.codehaus.groovy.jsr223.GroovyScriptEngineImpl.access$100(GroovyScriptEngineImpl.java:90) ~[groovy-jsr223-3.0.3.jar:3.0.3]
	at org.codehaus.groovy.jsr223.GroovyScriptEngineImpl$3.invokeMethod(GroovyScriptEngineImpl.java:303) ~[groovy-jsr223-3.0.3.jar:3.0.3]
	at org.codehaus.groovy.runtime.callsite.PogoMetaClassSite.callCurrent(PogoMetaClassSite.java:73) ~[groovy-3.0.3.jar:3.0.3]
	at org.codehaus.groovy.runtime.callsite.CallSiteArray.defaultCallCurrent(CallSiteArray.java:51) ~[groovy-3.0.3.jar:3.0.3]
	at org.codehaus.groovy.runtime.callsite.PogoMetaClassSite.callCurrent(PogoMetaClassSite.java:83) ~[groovy-3.0.3.jar:3.0.3]
	at org.codehaus.groovy.runtime.callsite.AbstractCallSite.callCurrent(AbstractCallSite.java:185) ~[groovy-3.0.3.jar:3.0.3]
	at Script3.run(Script3.groovy:1) ~[?:?]
	at org.codehaus.groovy.jsr223.GroovyScriptEngineImpl.eval(GroovyScriptEngineImpl.java:317) ~[groovy-jsr223-3.0.3.jar:3.0.3]
	... 9 more
2022-02-22 16:39:59,547 ERROR o.a.j.m.JSR223PreProcessor: Problem in JSR223 script, JSR223 PreProcessor
javax.script.ScriptException: groovy.lang.MissingMethodException: No signature of method: org.codehaus.groovy.jsr223.GroovyScriptEngineImpl.$() is applicable for argument types: (Script3$_run_closure1) values: [Script3$_run_closure1@33c28c33]
Possible solutions: is(java.lang.Object), any(), get(java.lang.String), any(groovy.lang.Closure), tap(groovy.lang.Closure), use([Ljava.lang.Object;)
	at org.codehaus.groovy.jsr223.GroovyScriptEngineImpl.eval(GroovyScriptEngineImpl.java:320) ~[groovy-jsr223-3.0.3.jar:3.0.3]
	at org.codehaus.groovy.jsr223.GroovyCompiledScript.eval(GroovyCompiledScript.java:71) ~[groovy-jsr223-3.0.3.jar:3.0.3]
	at javax.script.CompiledScript.eval(CompiledScript.java:92) ~[?:1.8.0_181]
	at org.apache.jmeter.util.JSR223TestElement.processFileOrScript(JSR223TestElement.java:222) ~[ApacheJMeter_core.jar:5.3]
	at org.apache.jmeter.modifiers.JSR223PreProcessor.process(JSR223PreProcessor.java:45) [ApacheJMeter_components.jar:5.3]
	at org.apache.jmeter.threads.JMeterThread.runPreProcessors(JMeterThread.java:950) [ApacheJMeter_core.jar:5.3]
	at org.apache.jmeter.threads.JMeterThread.executeSamplePackage(JMeterThread.java:549) [ApacheJMeter_core.jar:5.3]
	at org.apache.jmeter.threads.JMeterThread.processSampler(JMeterThread.java:489) [ApacheJMeter_core.jar:5.3]
	at org.apache.jmeter.threads.JMeterThread.run(JMeterThread.java:256) [ApacheJMeter_core.jar:5.3]
	at java.lang.Thread.run(Thread.java:748) [?:1.8.0_181]
Caused by: groovy.lang.MissingMethodException: No signature of method: org.codehaus.groovy.jsr223.GroovyScriptEngineImpl.$() is applicable for argument types: (Script3$_run_closure1) values: [Script3$_run_closure1@33c28c33]
Possible solutions: is(java.lang.Object), any(), get(java.lang.String), any(groovy.lang.Closure), tap(groovy.lang.Closure), use([Ljava.lang.Object;)
	at org.codehaus.groovy.jsr223.GroovyScriptEngineImpl.callGlobal(GroovyScriptEngineImpl.java:404) ~[groovy-jsr223-3.0.3.jar:3.0.3]
	at org.codehaus.groovy.jsr223.GroovyScriptEngineImpl.access$100(GroovyScriptEngineImpl.java:90) ~[groovy-jsr223-3.0.3.jar:3.0.3]
	at org.codehaus.groovy.jsr223.GroovyScriptEngineImpl$3.invokeMethod(GroovyScriptEngineImpl.java:303) ~[groovy-jsr223-3.0.3.jar:3.0.3]
	at org.codehaus.groovy.runtime.callsite.PogoMetaClassSite.callCurrent(PogoMetaClassSite.java:73) ~[groovy-3.0.3.jar:3.0.3]
	at org.codehaus.groovy.runtime.callsite.CallSiteArray.defaultCallCurrent(CallSiteArray.java:51) ~[groovy-3.0.3.jar:3.0.3]
	at org.codehaus.groovy.runtime.callsite.PogoMetaClassSite.callCurrent(PogoMetaClassSite.java:83) ~[groovy-3.0.3.jar:3.0.3]
	at org.codehaus.groovy.runtime.callsite.AbstractCallSite.callCurrent(AbstractCallSite.java:185) ~[groovy-3.0.3.jar:3.0.3]
	at Script3.run(Script3.groovy:1) ~[?:?]
	at org.codehaus.groovy.jsr223.GroovyScriptEngineImpl.eval(GroovyScriptEngineImpl.java:317) ~[groovy-jsr223-3.0.3.jar:3.0.3]
	... 9 more
2022-02-22 16:40:00,034 INFO o.a.j.r.Summariser: summary +     47 in 00:00:10 =    4.9/s Avg:  4526 Min:     0 Max:  9141 Err:     2 (4.26%) Active: 160 Started: 160 Finished: 0
2022-02-22 16:40:00,034 INFO o.a.j.r.Summariser: summary =   1621 in 00:02:19 =   11.7/s Avg:  5080 Min:     0 Max: 20108 Err:    64 (3.95%)
2022-02-22 16:40:09,426 ERROR o.a.j.m.JSR223PreProcessor: Problem in JSR223 script, JSR223 PreProcessor
javax.script.ScriptException: groovy.lang.MissingMethodException: No signature of method: org.codehaus.groovy.jsr223.GroovyScriptEngineImpl.$() is applicable for argument types: (Script3$_run_closure1) values: [Script3$_run_closure1@200616a1]
Possible solutions: is(java.lang.Object), any(), get(java.lang.String), any(groovy.lang.Closure), tap(groovy.lang.Closure), use([Ljava.lang.Object;)
	at org.codehaus.groovy.jsr223.GroovyScriptEngineImpl.eval(GroovyScriptEngineImpl.java:320) ~[groovy-jsr223-3.0.3.jar:3.0.3]
	at org.codehaus.groovy.jsr223.GroovyCompiledScript.eval(GroovyCompiledScript.java:71) ~[groovy-jsr223-3.0.3.jar:3.0.3]
	at javax.script.CompiledScript.eval(CompiledScript.java:92) ~[?:1.8.0_181]
	at org.apache.jmeter.util.JSR223TestElement.processFileOrScript(JSR223TestElement.java:222) ~[ApacheJMeter_core.jar:5.3]
	at org.apache.jmeter.modifiers.JSR223PreProcessor.process(JSR223PreProcessor.java:45) [ApacheJMeter_components.jar:5.3]
	at org.apache.jmeter.threads.JMeterThread.runPreProcessors(JMeterThread.java:950) [ApacheJMeter_core.jar:5.3]
	at org.apache.jmeter.threads.JMeterThread.executeSamplePackage(JMeterThread.java:549) [ApacheJMeter_core.jar:5.3]
	at org.apache.jmeter.threads.JMeterThread.processSampler(JMeterThread.java:489) [ApacheJMeter_core.jar:5.3]
	at org.apache.jmeter.threads.JMeterThread.run(JMeterThread.java:256) [ApacheJMeter_core.jar:5.3]
	at java.lang.Thread.run(Thread.java:748) [?:1.8.0_181]
Caused by: groovy.lang.MissingMethodException: No signature of method: org.codehaus.groovy.jsr223.GroovyScriptEngineImpl.$() is applicable for argument types: (Script3$_run_closure1) values: [Script3$_run_closure1@200616a1]
Possible solutions: is(java.lang.Object), any(), get(java.lang.String), any(groovy.lang.Closure), tap(groovy.lang.Closure), use([Ljava.lang.Object;)
	at org.codehaus.groovy.jsr223.GroovyScriptEngineImpl.callGlobal(GroovyScriptEngineImpl.java:404) ~[groovy-jsr223-3.0.3.jar:3.0.3]
	at org.codehaus.groovy.jsr223.GroovyScriptEngineImpl.access$100(GroovyScriptEngineImpl.java:90) ~[groovy-jsr223-3.0.3.jar:3.0.3]
	at org.codehaus.groovy.jsr223.GroovyScriptEngineImpl$3.invokeMethod(GroovyScriptEngineImpl.java:303) ~[groovy-jsr223-3.0.3.jar:3.0.3]
	at org.codehaus.groovy.runtime.callsite.PogoMetaClassSite.callCurrent(PogoMetaClassSite.java:73) ~[groovy-3.0.3.jar:3.0.3]
	at org.codehaus.groovy.runtime.callsite.CallSiteArray.defaultCallCurrent(CallSiteArray.java:51) ~[groovy-3.0.3.jar:3.0.3]
	at org.codehaus.groovy.runtime.callsite.PogoMetaClassSite.callCurrent(PogoMetaClassSite.java:83) ~[groovy-3.0.3.jar:3.0.3]
	at org.codehaus.groovy.runtime.callsite.AbstractCallSite.callCurrent(AbstractCallSite.java:185) ~[groovy-3.0.3.jar:3.0.3]
	at Script3.run(Script3.groovy:1) ~[?:?]
	at org.codehaus.groovy.jsr223.GroovyScriptEngineImpl.eval(GroovyScriptEngineImpl.java:317) ~[groovy-jsr223-3.0.3.jar:3.0.3]
	... 9 more
2022-02-22 16:40:10,008 INFO o.a.j.r.Summariser: summary +    121 in 00:00:10 =   12.1/s Avg:  9211 Min:     0 Max: 19241 Err:     4 (3.31%) Active: 160 Started: 160 Finished: 0
2022-02-22 16:40:10,009 INFO o.a.j.r.Summariser: summary =   1742 in 00:02:29 =   11.7/s Avg:  5367 Min:     0 Max: 20108 Err:    68 (3.90%)
2022-02-22 16:40:12,129 ERROR o.a.j.m.JSR223PreProcessor: Problem in JSR223 script, JSR223 PreProcessor
javax.script.ScriptException: groovy.lang.MissingMethodException: No signature of method: org.codehaus.groovy.jsr223.GroovyScriptEngineImpl.$() is applicable for argument types: (Script3$_run_closure1) values: [Script3$_run_closure1@16136726]
Possible solutions: is(java.lang.Object), any(), get(java.lang.String), any(groovy.lang.Closure), tap(groovy.lang.Closure), use([Ljava.lang.Object;)
	at org.codehaus.groovy.jsr223.GroovyScriptEngineImpl.eval(GroovyScriptEngineImpl.java:320) ~[groovy-jsr223-3.0.3.jar:3.0.3]
	at org.codehaus.groovy.jsr223.GroovyCompiledScript.eval(GroovyCompiledScript.java:71) ~[groovy-jsr223-3.0.3.jar:3.0.3]
	at javax.script.CompiledScript.eval(CompiledScript.java:92) ~[?:1.8.0_181]
	at org.apache.jmeter.util.JSR223TestElement.processFileOrScript(JSR223TestElement.java:222) ~[ApacheJMeter_core.jar:5.3]
	at org.apache.jmeter.modifiers.JSR223PreProcessor.process(JSR223PreProcessor.java:45) [ApacheJMeter_components.jar:5.3]
	at org.apache.jmeter.threads.JMeterThread.runPreProcessors(JMeterThread.java:950) [ApacheJMeter_core.jar:5.3]
	at org.apache.jmeter.threads.JMeterThread.executeSamplePackage(JMeterThread.java:549) [ApacheJMeter_core.jar:5.3]
	at org.apache.jmeter.threads.JMeterThread.processSampler(JMeterThread.java:489) [ApacheJMeter_core.jar:5.3]
	at org.apache.jmeter.threads.JMeterThread.run(JMeterThread.java:256) [ApacheJMeter_core.jar:5.3]
	at java.lang.Thread.run(Thread.java:748) [?:1.8.0_181]
Caused by: groovy.lang.MissingMethodException: No signature of method: org.codehaus.groovy.jsr223.GroovyScriptEngineImpl.$() is applicable for argument types: (Script3$_run_closure1) values: [Script3$_run_closure1@16136726]
Possible solutions: is(java.lang.Object), any(), get(java.lang.String), any(groovy.lang.Closure), tap(groovy.lang.Closure), use([Ljava.lang.Object;)
	at org.codehaus.groovy.jsr223.GroovyScriptEngineImpl.callGlobal(GroovyScriptEngineImpl.java:404) ~[groovy-jsr223-3.0.3.jar:3.0.3]
	at org.codehaus.groovy.jsr223.GroovyScriptEngineImpl.access$100(GroovyScriptEngineImpl.java:90) ~[groovy-jsr223-3.0.3.jar:3.0.3]
	at org.codehaus.groovy.jsr223.GroovyScriptEngineImpl$3.invokeMethod(GroovyScriptEngineImpl.java:303) ~[groovy-jsr223-3.0.3.jar:3.0.3]
	at org.codehaus.groovy.runtime.callsite.PogoMetaClassSite.callCurrent(PogoMetaClassSite.java:73) ~[groovy-3.0.3.jar:3.0.3]
	at org.codehaus.groovy.runtime.callsite.CallSiteArray.defaultCallCurrent(CallSiteArray.java:51) ~[groovy-3.0.3.jar:3.0.3]
	at org.codehaus.groovy.runtime.callsite.PogoMetaClassSite.callCurrent(PogoMetaClassSite.java:83) ~[groovy-3.0.3.jar:3.0.3]
	at org.codehaus.groovy.runtime.callsite.AbstractCallSite.callCurrent(AbstractCallSite.java:185) ~[groovy-3.0.3.jar:3.0.3]
	at Script3.run(Script3.groovy:1) ~[?:?]
	at org.codehaus.groovy.jsr223.GroovyScriptEngineImpl.eval(GroovyScriptEngineImpl.java:317) ~[groovy-jsr223-3.0.3.jar:3.0.3]
	... 9 more
2022-02-22 16:40:20,169 INFO o.a.j.r.Summariser: summary +     63 in 00:00:10 =    6.2/s Avg:  3410 Min:     0 Max: 16838 Err:     4 (6.35%) Active: 160 Started: 160 Finished: 0
2022-02-22 16:40:20,170 INFO o.a.j.r.Summariser: summary =   1805 in 00:02:39 =   11.3/s Avg:  5298 Min:     0 Max: 20108 Err:    72 (3.99%)
2022-02-22 16:40:21,706 ERROR o.a.j.m.JSR223PreProcessor: Problem in JSR223 script, JSR223 PreProcessor
javax.script.ScriptException: groovy.lang.MissingMethodException: No signature of method: org.codehaus.groovy.jsr223.GroovyScriptEngineImpl.$() is applicable for argument types: (Script3$_run_closure1) values: [Script3$_run_closure1@33eaab9a]
Possible solutions: is(java.lang.Object), any(), get(java.lang.String), any(groovy.lang.Closure), tap(groovy.lang.Closure), use([Ljava.lang.Object;)
	at org.codehaus.groovy.jsr223.GroovyScriptEngineImpl.eval(GroovyScriptEngineImpl.java:320) ~[groovy-jsr223-3.0.3.jar:3.0.3]
	at org.codehaus.groovy.jsr223.GroovyCompiledScript.eval(GroovyCompiledScript.java:71) ~[groovy-jsr223-3.0.3.jar:3.0.3]
	at javax.script.CompiledScript.eval(CompiledScript.java:92) ~[?:1.8.0_181]
	at org.apache.jmeter.util.JSR223TestElement.processFileOrScript(JSR223TestElement.java:222) ~[ApacheJMeter_core.jar:5.3]
	at org.apache.jmeter.modifiers.JSR223PreProcessor.process(JSR223PreProcessor.java:45) [ApacheJMeter_components.jar:5.3]
	at org.apache.jmeter.threads.JMeterThread.runPreProcessors(JMeterThread.java:950) [ApacheJMeter_core.jar:5.3]
	at org.apache.jmeter.threads.JMeterThread.executeSamplePackage(JMeterThread.java:549) [ApacheJMeter_core.jar:5.3]
	at org.apache.jmeter.threads.JMeterThread.processSampler(JMeterThread.java:489) [ApacheJMeter_core.jar:5.3]
	at org.apache.jmeter.threads.JMeterThread.run(JMeterThread.java:256) [ApacheJMeter_core.jar:5.3]
	at java.lang.Thread.run(Thread.java:748) [?:1.8.0_181]
Caused by: groovy.lang.MissingMethodException: No signature of method: org.codehaus.groovy.jsr223.GroovyScriptEngineImpl.$() is applicable for argument types: (Script3$_run_closure1) values: [Script3$_run_closure1@33eaab9a]
Possible solutions: is(java.lang.Object), any(), get(java.lang.String), any(groovy.lang.Closure), tap(groovy.lang.Closure), use([Ljava.lang.Object;)
	at org.codehaus.groovy.jsr223.GroovyScriptEngineImpl.callGlobal(GroovyScriptEngineImpl.java:404) ~[groovy-jsr223-3.0.3.jar:3.0.3]
	at org.codehaus.groovy.jsr223.GroovyScriptEngineImpl.access$100(GroovyScriptEngineImpl.java:90) ~[groovy-jsr223-3.0.3.jar:3.0.3]
	at org.codehaus.groovy.jsr223.GroovyScriptEngineImpl$3.invokeMethod(GroovyScriptEngineImpl.java:303) ~[groovy-jsr223-3.0.3.jar:3.0.3]
	at org.codehaus.groovy.runtime.callsite.PogoMetaClassSite.callCurrent(PogoMetaClassSite.java:73) ~[groovy-3.0.3.jar:3.0.3]
	at org.codehaus.groovy.runtime.callsite.CallSiteArray.defaultCallCurrent(CallSiteArray.java:51) ~[groovy-3.0.3.jar:3.0.3]
	at org.codehaus.groovy.runtime.callsite.PogoMetaClassSite.callCurrent(PogoMetaClassSite.java:83) ~[groovy-3.0.3.jar:3.0.3]
	at org.codehaus.groovy.runtime.callsite.AbstractCallSite.callCurrent(AbstractCallSite.java:185) ~[groovy-3.0.3.jar:3.0.3]
	at Script3.run(Script3.groovy:1) ~[?:?]
	at org.codehaus.groovy.jsr223.GroovyScriptEngineImpl.eval(GroovyScriptEngineImpl.java:317) ~[groovy-jsr223-3.0.3.jar:3.0.3]
	... 9 more
2022-02-22 16:40:24,638 ERROR o.a.j.m.JSR223PreProcessor: Problem in JSR223 script, JSR223 PreProcessor
javax.script.ScriptException: groovy.lang.MissingMethodException: No signature of method: org.codehaus.groovy.jsr223.GroovyScriptEngineImpl.$() is applicable for argument types: (Script3$_run_closure1) values: [Script3$_run_closure1@3f6642b]
Possible solutions: is(java.lang.Object), any(), get(java.lang.String), any(groovy.lang.Closure), tap(groovy.lang.Closure), use([Ljava.lang.Object;)
	at org.codehaus.groovy.jsr223.GroovyScriptEngineImpl.eval(GroovyScriptEngineImpl.java:320) ~[groovy-jsr223-3.0.3.jar:3.0.3]
	at org.codehaus.groovy.jsr223.GroovyCompiledScript.eval(GroovyCompiledScript.java:71) ~[groovy-jsr223-3.0.3.jar:3.0.3]
	at javax.script.CompiledScript.eval(CompiledScript.java:92) ~[?:1.8.0_181]
	at org.apache.jmeter.util.JSR223TestElement.processFileOrScript(JSR223TestElement.java:222) ~[ApacheJMeter_core.jar:5.3]
	at org.apache.jmeter.modifiers.JSR223PreProcessor.process(JSR223PreProcessor.java:45) [ApacheJMeter_components.jar:5.3]
	at org.apache.jmeter.threads.JMeterThread.runPreProcessors(JMeterThread.java:950) [ApacheJMeter_core.jar:5.3]
	at org.apache.jmeter.threads.JMeterThread.executeSamplePackage(JMeterThread.java:549) [ApacheJMeter_core.jar:5.3]
	at org.apache.jmeter.threads.JMeterThread.processSampler(JMeterThread.java:489) [ApacheJMeter_core.jar:5.3]
	at org.apache.jmeter.threads.JMeterThread.run(JMeterThread.java:256) [ApacheJMeter_core.jar:5.3]
	at java.lang.Thread.run(Thread.java:748) [?:1.8.0_181]
Caused by: groovy.lang.MissingMethodException: No signature of method: org.codehaus.groovy.jsr223.GroovyScriptEngineImpl.$() is applicable for argument types: (Script3$_run_closure1) values: [Script3$_run_closure1@3f6642b]
Possible solutions: is(java.lang.Object), any(), get(java.lang.String), any(groovy.lang.Closure), tap(groovy.lang.Closure), use([Ljava.lang.Object;)
	at org.codehaus.groovy.jsr223.GroovyScriptEngineImpl.callGlobal(GroovyScriptEngineImpl.java:404) ~[groovy-jsr223-3.0.3.jar:3.0.3]
	at org.codehaus.groovy.jsr223.GroovyScriptEngineImpl.access$100(GroovyScriptEngineImpl.java:90) ~[groovy-jsr223-3.0.3.jar:3.0.3]
	at org.codehaus.groovy.jsr223.GroovyScriptEngineImpl$3.invokeMethod(GroovyScriptEngineImpl.java:303) ~[groovy-jsr223-3.0.3.jar:3.0.3]
	at org.codehaus.groovy.runtime.callsite.PogoMetaClassSite.callCurrent(PogoMetaClassSite.java:73) ~[groovy-3.0.3.jar:3.0.3]
	at org.codehaus.groovy.runtime.callsite.CallSiteArray.defaultCallCurrent(CallSiteArray.java:51) ~[groovy-3.0.3.jar:3.0.3]
	at org.codehaus.groovy.runtime.callsite.PogoMetaClassSite.callCurrent(PogoMetaClassSite.java:83) ~[groovy-3.0.3.jar:3.0.3]
	at org.codehaus.groovy.runtime.callsite.AbstractCallSite.callCurrent(AbstractCallSite.java:185) ~[groovy-3.0.3.jar:3.0.3]
	at Script3.run(Script3.groovy:1) ~[?:?]
	at org.codehaus.groovy.jsr223.GroovyScriptEngineImpl.eval(GroovyScriptEngineImpl.java:317) ~[groovy-jsr223-3.0.3.jar:3.0.3]
	... 9 more
2022-02-22 16:40:30,028 INFO o.a.j.r.Summariser: summary +     35 in 00:00:10 =    3.6/s Avg:  5860 Min:     0 Max: 13921 Err:     4 (11.43%) Active: 160 Started: 160 Finished: 0
2022-02-22 16:40:30,028 INFO o.a.j.r.Summariser: summary =   1840 in 00:02:49 =   10.9/s Avg:  5309 Min:     0 Max: 20108 Err:    76 (4.13%)
2022-02-22 16:40:33,921 ERROR o.a.j.m.JSR223PreProcessor: Problem in JSR223 script, JSR223 PreProcessor
javax.script.ScriptException: groovy.lang.MissingMethodException: No signature of method: org.codehaus.groovy.jsr223.GroovyScriptEngineImpl.$() is applicable for argument types: (Script3$_run_closure1) values: [Script3$_run_closure1@2f8494a5]
Possible solutions: is(java.lang.Object), any(), get(java.lang.String), any(groovy.lang.Closure), tap(groovy.lang.Closure), use([Ljava.lang.Object;)
	at org.codehaus.groovy.jsr223.GroovyScriptEngineImpl.eval(GroovyScriptEngineImpl.java:320) ~[groovy-jsr223-3.0.3.jar:3.0.3]
	at org.codehaus.groovy.jsr223.GroovyCompiledScript.eval(GroovyCompiledScript.java:71) ~[groovy-jsr223-3.0.3.jar:3.0.3]
	at javax.script.CompiledScript.eval(CompiledScript.java:92) ~[?:1.8.0_181]
	at org.apache.jmeter.util.JSR223TestElement.processFileOrScript(JSR223TestElement.java:222) ~[ApacheJMeter_core.jar:5.3]
	at org.apache.jmeter.modifiers.JSR223PreProcessor.process(JSR223PreProcessor.java:45) [ApacheJMeter_components.jar:5.3]
	at org.apache.jmeter.threads.JMeterThread.runPreProcessors(JMeterThread.java:950) [ApacheJMeter_core.jar:5.3]
	at org.apache.jmeter.threads.JMeterThread.executeSamplePackage(JMeterThread.java:549) [ApacheJMeter_core.jar:5.3]
	at org.apache.jmeter.threads.JMeterThread.processSampler(JMeterThread.java:489) [ApacheJMeter_core.jar:5.3]
	at org.apache.jmeter.threads.JMeterThread.run(JMeterThread.java:256) [ApacheJMeter_core.jar:5.3]
	at java.lang.Thread.run(Thread.java:748) [?:1.8.0_181]
Caused by: groovy.lang.MissingMethodException: No signature of method: org.codehaus.groovy.jsr223.GroovyScriptEngineImpl.$() is applicable for argument types: (Script3$_run_closure1) values: [Script3$_run_closure1@2f8494a5]
Possible solutions: is(java.lang.Object), any(), get(java.lang.String), any(groovy.lang.Closure), tap(groovy.lang.Closure), use([Ljava.lang.Object;)
	at org.codehaus.groovy.jsr223.GroovyScriptEngineImpl.callGlobal(GroovyScriptEngineImpl.java:404) ~[groovy-jsr223-3.0.3.jar:3.0.3]
	at org.codehaus.groovy.jsr223.GroovyScriptEngineImpl.access$100(GroovyScriptEngineImpl.java:90) ~[groovy-jsr223-3.0.3.jar:3.0.3]
	at org.codehaus.groovy.jsr223.GroovyScriptEngineImpl$3.invokeMethod(GroovyScriptEngineImpl.java:303) ~[groovy-jsr223-3.0.3.jar:3.0.3]
	at org.codehaus.groovy.runtime.callsite.PogoMetaClassSite.callCurrent(PogoMetaClassSite.java:73) ~[groovy-3.0.3.jar:3.0.3]
	at org.codehaus.groovy.runtime.callsite.CallSiteArray.defaultCallCurrent(CallSiteArray.java:51) ~[groovy-3.0.3.jar:3.0.3]
	at org.codehaus.groovy.runtime.callsite.PogoMetaClassSite.callCurrent(PogoMetaClassSite.java:83) ~[groovy-3.0.3.jar:3.0.3]
	at org.codehaus.groovy.runtime.callsite.AbstractCallSite.callCurrent(AbstractCallSite.java:185) ~[groovy-3.0.3.jar:3.0.3]
	at Script3.run(Script3.groovy:1) ~[?:?]
	at org.codehaus.groovy.jsr223.GroovyScriptEngineImpl.eval(GroovyScriptEngineImpl.java:317) ~[groovy-jsr223-3.0.3.jar:3.0.3]
	... 9 more
2022-02-22 16:40:36,933 ERROR o.a.j.m.JSR223PreProcessor: Problem in JSR223 script, JSR223 PreProcessor
javax.script.ScriptException: groovy.lang.MissingMethodException: No signature of method: org.codehaus.groovy.jsr223.GroovyScriptEngineImpl.$() is applicable for argument types: (Script3$_run_closure1) values: [Script3$_run_closure1@69abf9d9]
Possible solutions: is(java.lang.Object), any(), get(java.lang.String), any(groovy.lang.Closure), tap(groovy.lang.Closure), use([Ljava.lang.Object;)
	at org.codehaus.groovy.jsr223.GroovyScriptEngineImpl.eval(GroovyScriptEngineImpl.java:320) ~[groovy-jsr223-3.0.3.jar:3.0.3]
	at org.codehaus.groovy.jsr223.GroovyCompiledScript.eval(GroovyCompiledScript.java:71) ~[groovy-jsr223-3.0.3.jar:3.0.3]
	at javax.script.CompiledScript.eval(CompiledScript.java:92) ~[?:1.8.0_181]
	at org.apache.jmeter.util.JSR223TestElement.processFileOrScript(JSR223TestElement.java:222) ~[ApacheJMeter_core.jar:5.3]
	at org.apache.jmeter.modifiers.JSR223PreProcessor.process(JSR223PreProcessor.java:45) [ApacheJMeter_components.jar:5.3]
	at org.apache.jmeter.threads.JMeterThread.runPreProcessors(JMeterThread.java:950) [ApacheJMeter_core.jar:5.3]
	at org.apache.jmeter.threads.JMeterThread.executeSamplePackage(JMeterThread.java:549) [ApacheJMeter_core.jar:5.3]
	at org.apache.jmeter.threads.JMeterThread.processSampler(JMeterThread.java:489) [ApacheJMeter_core.jar:5.3]
	at org.apache.jmeter.threads.JMeterThread.run(JMeterThread.java:256) [ApacheJMeter_core.jar:5.3]
	at java.lang.Thread.run(Thread.java:748) [?:1.8.0_181]
Caused by: groovy.lang.MissingMethodException: No signature of method: org.codehaus.groovy.jsr223.GroovyScriptEngineImpl.$() is applicable for argument types: (Script3$_run_closure1) values: [Script3$_run_closure1@69abf9d9]
Possible solutions: is(java.lang.Object), any(), get(java.lang.String), any(groovy.lang.Closure), tap(groovy.lang.Closure), use([Ljava.lang.Object;)
	at org.codehaus.groovy.jsr223.GroovyScriptEngineImpl.callGlobal(GroovyScriptEngineImpl.java:404) ~[groovy-jsr223-3.0.3.jar:3.0.3]
	at org.codehaus.groovy.jsr223.GroovyScriptEngineImpl.access$100(GroovyScriptEngineImpl.java:90) ~[groovy-jsr223-3.0.3.jar:3.0.3]
	at org.codehaus.groovy.jsr223.GroovyScriptEngineImpl$3.invokeMethod(GroovyScriptEngineImpl.java:303) ~[groovy-jsr223-3.0.3.jar:3.0.3]
	at org.codehaus.groovy.runtime.callsite.PogoMetaClassSite.callCurrent(PogoMetaClassSite.java:73) ~[groovy-3.0.3.jar:3.0.3]
	at org.codehaus.groovy.runtime.callsite.CallSiteArray.defaultCallCurrent(CallSiteArray.java:51) ~[groovy-3.0.3.jar:3.0.3]
	at org.codehaus.groovy.runtime.callsite.PogoMetaClassSite.callCurrent(PogoMetaClassSite.java:83) ~[groovy-3.0.3.jar:3.0.3]
	at org.codehaus.groovy.runtime.callsite.AbstractCallSite.callCurrent(AbstractCallSite.java:185) ~[groovy-3.0.3.jar:3.0.3]
	at Script3.run(Script3.groovy:1) ~[?:?]
	at org.codehaus.groovy.jsr223.GroovyScriptEngineImpl.eval(GroovyScriptEngineImpl.java:317) ~[groovy-jsr223-3.0.3.jar:3.0.3]
	... 9 more
2022-02-22 16:40:40,408 INFO o.a.j.r.Summariser: summary +    138 in 00:00:10 =   13.3/s Avg:  9564 Min:     0 Max: 21515 Err:     6 (4.35%) Active: 160 Started: 160 Finished: 0
2022-02-22 16:40:40,409 INFO o.a.j.r.Summariser: summary =   1978 in 00:02:59 =   11.0/s Avg:  5606 Min:     0 Max: 21515 Err:    82 (4.15%)
2022-02-22 16:40:46,330 ERROR o.a.j.m.JSR223PreProcessor: Problem in JSR223 script, JSR223 PreProcessor
javax.script.ScriptException: groovy.lang.MissingMethodException: No signature of method: org.codehaus.groovy.jsr223.GroovyScriptEngineImpl.$() is applicable for argument types: (Script3$_run_closure1) values: [Script3$_run_closure1@56e0aa56]
Possible solutions: is(java.lang.Object), any(), get(java.lang.String), any(groovy.lang.Closure), tap(groovy.lang.Closure), use([Ljava.lang.Object;)
	at org.codehaus.groovy.jsr223.GroovyScriptEngineImpl.eval(GroovyScriptEngineImpl.java:320) ~[groovy-jsr223-3.0.3.jar:3.0.3]
	at org.codehaus.groovy.jsr223.GroovyCompiledScript.eval(GroovyCompiledScript.java:71) ~[groovy-jsr223-3.0.3.jar:3.0.3]
	at javax.script.CompiledScript.eval(CompiledScript.java:92) ~[?:1.8.0_181]
	at org.apache.jmeter.util.JSR223TestElement.processFileOrScript(JSR223TestElement.java:222) ~[ApacheJMeter_core.jar:5.3]
	at org.apache.jmeter.modifiers.JSR223PreProcessor.process(JSR223PreProcessor.java:45) [ApacheJMeter_components.jar:5.3]
	at org.apache.jmeter.threads.JMeterThread.runPreProcessors(JMeterThread.java:950) [ApacheJMeter_core.jar:5.3]
	at org.apache.jmeter.threads.JMeterThread.executeSamplePackage(JMeterThread.java:549) [ApacheJMeter_core.jar:5.3]
	at org.apache.jmeter.threads.JMeterThread.processSampler(JMeterThread.java:489) [ApacheJMeter_core.jar:5.3]
	at org.apache.jmeter.threads.JMeterThread.run(JMeterThread.java:256) [ApacheJMeter_core.jar:5.3]
	at java.lang.Thread.run(Thread.java:748) [?:1.8.0_181]
Caused by: groovy.lang.MissingMethodException: No signature of method: org.codehaus.groovy.jsr223.GroovyScriptEngineImpl.$() is applicable for argument types: (Script3$_run_closure1) values: [Script3$_run_closure1@56e0aa56]
Possible solutions: is(java.lang.Object), any(), get(java.lang.String), any(groovy.lang.Closure), tap(groovy.lang.Closure), use([Ljava.lang.Object;)
	at org.codehaus.groovy.jsr223.GroovyScriptEngineImpl.callGlobal(GroovyScriptEngineImpl.java:404) ~[groovy-jsr223-3.0.3.jar:3.0.3]
	at org.codehaus.groovy.jsr223.GroovyScriptEngineImpl.access$100(GroovyScriptEngineImpl.java:90) ~[groovy-jsr223-3.0.3.jar:3.0.3]
	at org.codehaus.groovy.jsr223.GroovyScriptEngineImpl$3.invokeMethod(GroovyScriptEngineImpl.java:303) ~[groovy-jsr223-3.0.3.jar:3.0.3]
	at org.codehaus.groovy.runtime.callsite.PogoMetaClassSite.callCurrent(PogoMetaClassSite.java:73) ~[groovy-3.0.3.jar:3.0.3]
	at org.codehaus.groovy.runtime.callsite.CallSiteArray.defaultCallCurrent(CallSiteArray.java:51) ~[groovy-3.0.3.jar:3.0.3]
	at org.codehaus.groovy.runtime.callsite.PogoMetaClassSite.callCurrent(PogoMetaClassSite.java:83) ~[groovy-3.0.3.jar:3.0.3]
	at org.codehaus.groovy.runtime.callsite.AbstractCallSite.callCurrent(AbstractCallSite.java:185) ~[groovy-3.0.3.jar:3.0.3]
	at Script3.run(Script3.groovy:1) ~[?:?]
	at org.codehaus.groovy.jsr223.GroovyScriptEngineImpl.eval(GroovyScriptEngineImpl.java:317) ~[groovy-jsr223-3.0.3.jar:3.0.3]
	... 9 more
2022-02-22 16:40:49,231 ERROR o.a.j.m.JSR223PreProcessor: Problem in JSR223 script, JSR223 PreProcessor
javax.script.ScriptException: groovy.lang.MissingMethodException: No signature of method: org.codehaus.groovy.jsr223.GroovyScriptEngineImpl.$() is applicable for argument types: (Script3$_run_closure1) values: [Script3$_run_closure1@206d1539]
Possible solutions: is(java.lang.Object), any(), get(java.lang.String), any(groovy.lang.Closure), tap(groovy.lang.Closure), use([Ljava.lang.Object;)
	at org.codehaus.groovy.jsr223.GroovyScriptEngineImpl.eval(GroovyScriptEngineImpl.java:320) ~[groovy-jsr223-3.0.3.jar:3.0.3]
	at org.codehaus.groovy.jsr223.GroovyCompiledScript.eval(GroovyCompiledScript.java:71) ~[groovy-jsr223-3.0.3.jar:3.0.3]
	at javax.script.CompiledScript.eval(CompiledScript.java:92) ~[?:1.8.0_181]
	at org.apache.jmeter.util.JSR223TestElement.processFileOrScript(JSR223TestElement.java:222) ~[ApacheJMeter_core.jar:5.3]
	at org.apache.jmeter.modifiers.JSR223PreProcessor.process(JSR223PreProcessor.java:45) [ApacheJMeter_components.jar:5.3]
	at org.apache.jmeter.threads.JMeterThread.runPreProcessors(JMeterThread.java:950) [ApacheJMeter_core.jar:5.3]
	at org.apache.jmeter.threads.JMeterThread.executeSamplePackage(JMeterThread.java:549) [ApacheJMeter_core.jar:5.3]
	at org.apache.jmeter.threads.JMeterThread.processSampler(JMeterThread.java:489) [ApacheJMeter_core.jar:5.3]
	at org.apache.jmeter.threads.JMeterThread.run(JMeterThread.java:256) [ApacheJMeter_core.jar:5.3]
	at java.lang.Thread.run(Thread.java:748) [?:1.8.0_181]
Caused by: groovy.lang.MissingMethodException: No signature of method: org.codehaus.groovy.jsr223.GroovyScriptEngineImpl.$() is applicable for argument types: (Script3$_run_closure1) values: [Script3$_run_closure1@206d1539]
Possible solutions: is(java.lang.Object), any(), get(java.lang.String), any(groovy.lang.Closure), tap(groovy.lang.Closure), use([Ljava.lang.Object;)
	at org.codehaus.groovy.jsr223.GroovyScriptEngineImpl.callGlobal(GroovyScriptEngineImpl.java:404) ~[groovy-jsr223-3.0.3.jar:3.0.3]
	at org.codehaus.groovy.jsr223.GroovyScriptEngineImpl.access$100(GroovyScriptEngineImpl.java:90) ~[groovy-jsr223-3.0.3.jar:3.0.3]
	at org.codehaus.groovy.jsr223.GroovyScriptEngineImpl$3.invokeMethod(GroovyScriptEngineImpl.java:303) ~[groovy-jsr223-3.0.3.jar:3.0.3]
	at org.codehaus.groovy.runtime.callsite.PogoMetaClassSite.callCurrent(PogoMetaClassSite.java:73) ~[groovy-3.0.3.jar:3.0.3]
	at org.codehaus.groovy.runtime.callsite.CallSiteArray.defaultCallCurrent(CallSiteArray.java:51) ~[groovy-3.0.3.jar:3.0.3]
	at org.codehaus.groovy.runtime.callsite.PogoMetaClassSite.callCurrent(PogoMetaClassSite.java:83) ~[groovy-3.0.3.jar:3.0.3]
	at org.codehaus.groovy.runtime.callsite.AbstractCallSite.callCurrent(AbstractCallSite.java:185) ~[groovy-3.0.3.jar:3.0.3]
	at Script3.run(Script3.groovy:1) ~[?:?]
	at org.codehaus.groovy.jsr223.GroovyScriptEngineImpl.eval(GroovyScriptEngineImpl.java:317) ~[groovy-jsr223-3.0.3.jar:3.0.3]
	... 9 more
2022-02-22 16:40:50,175 INFO o.a.j.r.Summariser: summary +     51 in 00:00:10 =    5.2/s Avg:  4410 Min:     0 Max: 19325 Err:     3 (5.88%) Active: 160 Started: 160 Finished: 0
2022-02-22 16:40:50,175 INFO o.a.j.r.Summariser: summary =   2029 in 00:03:09 =   10.7/s Avg:  5576 Min:     0 Max: 21515 Err:    85 (4.19%)
2022-02-22 16:40:58,602 ERROR o.a.j.m.JSR223PreProcessor: Problem in JSR223 script, JSR223 PreProcessor
javax.script.ScriptException: groovy.lang.MissingMethodException: No signature of method: org.codehaus.groovy.jsr223.GroovyScriptEngineImpl.$() is applicable for argument types: (Script3$_run_closure1) values: [Script3$_run_closure1@361407c8]
Possible solutions: is(java.lang.Object), any(), get(java.lang.String), any(groovy.lang.Closure), tap(groovy.lang.Closure), use([Ljava.lang.Object;)
	at org.codehaus.groovy.jsr223.GroovyScriptEngineImpl.eval(GroovyScriptEngineImpl.java:320) ~[groovy-jsr223-3.0.3.jar:3.0.3]
	at org.codehaus.groovy.jsr223.GroovyCompiledScript.eval(GroovyCompiledScript.java:71) ~[groovy-jsr223-3.0.3.jar:3.0.3]
	at javax.script.CompiledScript.eval(CompiledScript.java:92) ~[?:1.8.0_181]
	at org.apache.jmeter.util.JSR223TestElement.processFileOrScript(JSR223TestElement.java:222) ~[ApacheJMeter_core.jar:5.3]
	at org.apache.jmeter.modifiers.JSR223PreProcessor.process(JSR223PreProcessor.java:45) [ApacheJMeter_components.jar:5.3]
	at org.apache.jmeter.threads.JMeterThread.runPreProcessors(JMeterThread.java:950) [ApacheJMeter_core.jar:5.3]
	at org.apache.jmeter.threads.JMeterThread.executeSamplePackage(JMeterThread.java:549) [ApacheJMeter_core.jar:5.3]
	at org.apache.jmeter.threads.JMeterThread.processSampler(JMeterThread.java:489) [ApacheJMeter_core.jar:5.3]
	at org.apache.jmeter.threads.JMeterThread.run(JMeterThread.java:256) [ApacheJMeter_core.jar:5.3]
	at java.lang.Thread.run(Thread.java:748) [?:1.8.0_181]
Caused by: groovy.lang.MissingMethodException: No signature of method: org.codehaus.groovy.jsr223.GroovyScriptEngineImpl.$() is applicable for argument types: (Script3$_run_closure1) values: [Script3$_run_closure1@361407c8]
Possible solutions: is(java.lang.Object), any(), get(java.lang.String), any(groovy.lang.Closure), tap(groovy.lang.Closure), use([Ljava.lang.Object;)
	at org.codehaus.groovy.jsr223.GroovyScriptEngineImpl.callGlobal(GroovyScriptEngineImpl.java:404) ~[groovy-jsr223-3.0.3.jar:3.0.3]
	at org.codehaus.groovy.jsr223.GroovyScriptEngineImpl.access$100(GroovyScriptEngineImpl.java:90) ~[groovy-jsr223-3.0.3.jar:3.0.3]
	at org.codehaus.groovy.jsr223.GroovyScriptEngineImpl$3.invokeMethod(GroovyScriptEngineImpl.java:303) ~[groovy-jsr223-3.0.3.jar:3.0.3]
	at org.codehaus.groovy.runtime.callsite.PogoMetaClassSite.callCurrent(PogoMetaClassSite.java:73) ~[groovy-3.0.3.jar:3.0.3]
	at org.codehaus.groovy.runtime.callsite.CallSiteArray.defaultCallCurrent(CallSiteArray.java:51) ~[groovy-3.0.3.jar:3.0.3]
	at org.codehaus.groovy.runtime.callsite.PogoMetaClassSite.callCurrent(PogoMetaClassSite.java:83) ~[groovy-3.0.3.jar:3.0.3]
	at org.codehaus.groovy.runtime.callsite.AbstractCallSite.callCurrent(AbstractCallSite.java:185) ~[groovy-3.0.3.jar:3.0.3]
	at Script3.run(Script3.groovy:1) ~[?:?]
	at org.codehaus.groovy.jsr223.GroovyScriptEngineImpl.eval(GroovyScriptEngineImpl.java:317) ~[groovy-jsr223-3.0.3.jar:3.0.3]
	... 9 more
2022-02-22 16:41:00,147 INFO o.a.j.r.Summariser: summary +    106 in 00:00:10 =   10.6/s Avg:  8376 Min:     0 Max: 18578 Err:     6 (5.66%) Active: 160 Started: 160 Finished: 0
2022-02-22 16:41:00,148 INFO o.a.j.r.Summariser: summary =   2135 in 00:03:19 =   10.7/s Avg:  5715 Min:     0 Max: 21515 Err:    91 (4.26%)
2022-02-22 16:41:01,848 ERROR o.a.j.m.JSR223PreProcessor: Problem in JSR223 script, JSR223 PreProcessor
javax.script.ScriptException: groovy.lang.MissingMethodException: No signature of method: org.codehaus.groovy.jsr223.GroovyScriptEngineImpl.$() is applicable for argument types: (Script3$_run_closure1) values: [Script3$_run_closure1@65828753]
Possible solutions: is(java.lang.Object), any(), get(java.lang.String), any(groovy.lang.Closure), tap(groovy.lang.Closure), use([Ljava.lang.Object;)
	at org.codehaus.groovy.jsr223.GroovyScriptEngineImpl.eval(GroovyScriptEngineImpl.java:320) ~[groovy-jsr223-3.0.3.jar:3.0.3]
	at org.codehaus.groovy.jsr223.GroovyCompiledScript.eval(GroovyCompiledScript.java:71) ~[groovy-jsr223-3.0.3.jar:3.0.3]
	at javax.script.CompiledScript.eval(CompiledScript.java:92) ~[?:1.8.0_181]
	at org.apache.jmeter.util.JSR223TestElement.processFileOrScript(JSR223TestElement.java:222) ~[ApacheJMeter_core.jar:5.3]
	at org.apache.jmeter.modifiers.JSR223PreProcessor.process(JSR223PreProcessor.java:45) [ApacheJMeter_components.jar:5.3]
	at org.apache.jmeter.threads.JMeterThread.runPreProcessors(JMeterThread.java:950) [ApacheJMeter_core.jar:5.3]
	at org.apache.jmeter.threads.JMeterThread.executeSamplePackage(JMeterThread.java:549) [ApacheJMeter_core.jar:5.3]
	at org.apache.jmeter.threads.JMeterThread.processSampler(JMeterThread.java:489) [ApacheJMeter_core.jar:5.3]
	at org.apache.jmeter.threads.JMeterThread.run(JMeterThread.java:256) [ApacheJMeter_core.jar:5.3]
	at java.lang.Thread.run(Thread.java:748) [?:1.8.0_181]
Caused by: groovy.lang.MissingMethodException: No signature of method: org.codehaus.groovy.jsr223.GroovyScriptEngineImpl.$() is applicable for argument types: (Script3$_run_closure1) values: [Script3$_run_closure1@65828753]
Possible solutions: is(java.lang.Object), any(), get(java.lang.String), any(groovy.lang.Closure), tap(groovy.lang.Closure), use([Ljava.lang.Object;)
	at org.codehaus.groovy.jsr223.GroovyScriptEngineImpl.callGlobal(GroovyScriptEngineImpl.java:404) ~[groovy-jsr223-3.0.3.jar:3.0.3]
	at org.codehaus.groovy.jsr223.GroovyScriptEngineImpl.access$100(GroovyScriptEngineImpl.java:90) ~[groovy-jsr223-3.0.3.jar:3.0.3]
	at org.codehaus.groovy.jsr223.GroovyScriptEngineImpl$3.invokeMethod(GroovyScriptEngineImpl.java:303) ~[groovy-jsr223-3.0.3.jar:3.0.3]
	at org.codehaus.groovy.runtime.callsite.PogoMetaClassSite.callCurrent(PogoMetaClassSite.java:73) ~[groovy-3.0.3.jar:3.0.3]
	at org.codehaus.groovy.runtime.callsite.CallSiteArray.defaultCallCurrent(CallSiteArray.java:51) ~[groovy-3.0.3.jar:3.0.3]
	at org.codehaus.groovy.runtime.callsite.PogoMetaClassSite.callCurrent(PogoMetaClassSite.java:83) ~[groovy-3.0.3.jar:3.0.3]
	at org.codehaus.groovy.runtime.callsite.AbstractCallSite.callCurrent(AbstractCallSite.java:185) ~[groovy-3.0.3.jar:3.0.3]
	at Script3.run(Script3.groovy:1) ~[?:?]
	at org.codehaus.groovy.jsr223.GroovyScriptEngineImpl.eval(GroovyScriptEngineImpl.java:317) ~[groovy-jsr223-3.0.3.jar:3.0.3]
	... 9 more
2022-02-22 16:41:10,318 INFO o.a.j.r.Summariser: summary +    103 in 00:00:10 =   10.1/s Avg:  4072 Min:     0 Max: 17032 Err:     4 (3.88%) Active: 160 Started: 160 Finished: 0
2022-02-22 16:41:10,318 INFO o.a.j.r.Summariser: summary =   2238 in 00:03:29 =   10.7/s Avg:  5639 Min:     0 Max: 21515 Err:    95 (4.24%)
2022-02-22 16:41:10,727 ERROR o.a.j.m.JSR223PreProcessor: Problem in JSR223 script, JSR223 PreProcessor
javax.script.ScriptException: groovy.lang.MissingMethodException: No signature of method: org.codehaus.groovy.jsr223.GroovyScriptEngineImpl.$() is applicable for argument types: (Script3$_run_closure1) values: [Script3$_run_closure1@58259b7c]
Possible solutions: is(java.lang.Object), any(), get(java.lang.String), any(groovy.lang.Closure), tap(groovy.lang.Closure), use([Ljava.lang.Object;)
	at org.codehaus.groovy.jsr223.GroovyScriptEngineImpl.eval(GroovyScriptEngineImpl.java:320) ~[groovy-jsr223-3.0.3.jar:3.0.3]
	at org.codehaus.groovy.jsr223.GroovyCompiledScript.eval(GroovyCompiledScript.java:71) ~[groovy-jsr223-3.0.3.jar:3.0.3]
	at javax.script.CompiledScript.eval(CompiledScript.java:92) ~[?:1.8.0_181]
	at org.apache.jmeter.util.JSR223TestElement.processFileOrScript(JSR223TestElement.java:222) ~[ApacheJMeter_core.jar:5.3]
	at org.apache.jmeter.modifiers.JSR223PreProcessor.process(JSR223PreProcessor.java:45) [ApacheJMeter_components.jar:5.3]
	at org.apache.jmeter.threads.JMeterThread.runPreProcessors(JMeterThread.java:950) [ApacheJMeter_core.jar:5.3]
	at org.apache.jmeter.threads.JMeterThread.executeSamplePackage(JMeterThread.java:549) [ApacheJMeter_core.jar:5.3]
	at org.apache.jmeter.threads.JMeterThread.processSampler(JMeterThread.java:489) [ApacheJMeter_core.jar:5.3]
	at org.apache.jmeter.threads.JMeterThread.run(JMeterThread.java:256) [ApacheJMeter_core.jar:5.3]
	at java.lang.Thread.run(Thread.java:748) [?:1.8.0_181]
Caused by: groovy.lang.MissingMethodException: No signature of method: org.codehaus.groovy.jsr223.GroovyScriptEngineImpl.$() is applicable for argument types: (Script3$_run_closure1) values: [Script3$_run_closure1@58259b7c]
Possible solutions: is(java.lang.Object), any(), get(java.lang.String), any(groovy.lang.Closure), tap(groovy.lang.Closure), use([Ljava.lang.Object;)
	at org.codehaus.groovy.jsr223.GroovyScriptEngineImpl.callGlobal(GroovyScriptEngineImpl.java:404) ~[groovy-jsr223-3.0.3.jar:3.0.3]
	at org.codehaus.groovy.jsr223.GroovyScriptEngineImpl.access$100(GroovyScriptEngineImpl.java:90) ~[groovy-jsr223-3.0.3.jar:3.0.3]
	at org.codehaus.groovy.jsr223.GroovyScriptEngineImpl$3.invokeMethod(GroovyScriptEngineImpl.java:303) ~[groovy-jsr223-3.0.3.jar:3.0.3]
	at org.codehaus.groovy.runtime.callsite.PogoMetaClassSite.callCurrent(PogoMetaClassSite.java:73) ~[groovy-3.0.3.jar:3.0.3]
	at org.codehaus.groovy.runtime.callsite.CallSiteArray.defaultCallCurrent(CallSiteArray.java:51) ~[groovy-3.0.3.jar:3.0.3]
	at org.codehaus.groovy.runtime.callsite.PogoMetaClassSite.callCurrent(PogoMetaClassSite.java:83) ~[groovy-3.0.3.jar:3.0.3]
	at org.codehaus.groovy.runtime.callsite.AbstractCallSite.callCurrent(AbstractCallSite.java:185) ~[groovy-3.0.3.jar:3.0.3]
	at Script3.run(Script3.groovy:1) ~[?:?]
	at org.codehaus.groovy.jsr223.GroovyScriptEngineImpl.eval(GroovyScriptEngineImpl.java:317) ~[groovy-jsr223-3.0.3.jar:3.0.3]
	... 9 more
2022-02-22 16:41:14,059 ERROR o.a.j.m.JSR223PreProcessor: Problem in JSR223 script, JSR223 PreProcessor
javax.script.ScriptException: groovy.lang.MissingMethodException: No signature of method: org.codehaus.groovy.jsr223.GroovyScriptEngineImpl.$() is applicable for argument types: (Script3$_run_closure1) values: [Script3$_run_closure1@47599ddc]
Possible solutions: is(java.lang.Object), any(), get(java.lang.String), any(groovy.lang.Closure), tap(groovy.lang.Closure), use([Ljava.lang.Object;)
	at org.codehaus.groovy.jsr223.GroovyScriptEngineImpl.eval(GroovyScriptEngineImpl.java:320) ~[groovy-jsr223-3.0.3.jar:3.0.3]
	at org.codehaus.groovy.jsr223.GroovyCompiledScript.eval(GroovyCompiledScript.java:71) ~[groovy-jsr223-3.0.3.jar:3.0.3]
	at javax.script.CompiledScript.eval(CompiledScript.java:92) ~[?:1.8.0_181]
	at org.apache.jmeter.util.JSR223TestElement.processFileOrScript(JSR223TestElement.java:222) ~[ApacheJMeter_core.jar:5.3]
	at org.apache.jmeter.modifiers.JSR223PreProcessor.process(JSR223PreProcessor.java:45) [ApacheJMeter_components.jar:5.3]
	at org.apache.jmeter.threads.JMeterThread.runPreProcessors(JMeterThread.java:950) [ApacheJMeter_core.jar:5.3]
	at org.apache.jmeter.threads.JMeterThread.executeSamplePackage(JMeterThread.java:549) [ApacheJMeter_core.jar:5.3]
	at org.apache.jmeter.threads.JMeterThread.processSampler(JMeterThread.java:489) [ApacheJMeter_core.jar:5.3]
	at org.apache.jmeter.threads.JMeterThread.run(JMeterThread.java:256) [ApacheJMeter_core.jar:5.3]
	at java.lang.Thread.run(Thread.java:748) [?:1.8.0_181]
Caused by: groovy.lang.MissingMethodException: No signature of method: org.codehaus.groovy.jsr223.GroovyScriptEngineImpl.$() is applicable for argument types: (Script3$_run_closure1) values: [Script3$_run_closure1@47599ddc]
Possible solutions: is(java.lang.Object), any(), get(java.lang.String), any(groovy.lang.Closure), tap(groovy.lang.Closure), use([Ljava.lang.Object;)
	at org.codehaus.groovy.jsr223.GroovyScriptEngineImpl.callGlobal(GroovyScriptEngineImpl.java:404) ~[groovy-jsr223-3.0.3.jar:3.0.3]
	at org.codehaus.groovy.jsr223.GroovyScriptEngineImpl.access$100(GroovyScriptEngineImpl.java:90) ~[groovy-jsr223-3.0.3.jar:3.0.3]
	at org.codehaus.groovy.jsr223.GroovyScriptEngineImpl$3.invokeMethod(GroovyScriptEngineImpl.java:303) ~[groovy-jsr223-3.0.3.jar:3.0.3]
	at org.codehaus.groovy.runtime.callsite.PogoMetaClassSite.callCurrent(PogoMetaClassSite.java:73) ~[groovy-3.0.3.jar:3.0.3]
	at org.codehaus.groovy.runtime.callsite.CallSiteArray.defaultCallCurrent(CallSiteArray.java:51) ~[groovy-3.0.3.jar:3.0.3]
	at org.codehaus.groovy.runtime.callsite.PogoMetaClassSite.callCurrent(PogoMetaClassSite.java:83) ~[groovy-3.0.3.jar:3.0.3]
	at org.codehaus.groovy.runtime.callsite.AbstractCallSite.callCurrent(AbstractCallSite.java:185) ~[groovy-3.0.3.jar:3.0.3]
	at Script3.run(Script3.groovy:1) ~[?:?]
	at org.codehaus.groovy.jsr223.GroovyScriptEngineImpl.eval(GroovyScriptEngineImpl.java:317) ~[groovy-jsr223-3.0.3.jar:3.0.3]
	... 9 more
2022-02-22 16:41:20,223 INFO o.a.j.r.Summariser: summary +     64 in 00:00:10 =    6.5/s Avg:  4345 Min:     0 Max:  9466 Err:     6 (9.38%) Active: 160 Started: 160 Finished: 0
2022-02-22 16:41:20,224 INFO o.a.j.r.Summariser: summary =   2302 in 00:03:39 =   10.5/s Avg:  5603 Min:     0 Max: 21515 Err:   101 (4.39%)
2022-02-22 16:41:23,151 ERROR o.a.j.m.JSR223PreProcessor: Problem in JSR223 script, JSR223 PreProcessor
javax.script.ScriptException: groovy.lang.MissingMethodException: No signature of method: org.codehaus.groovy.jsr223.GroovyScriptEngineImpl.$() is applicable for argument types: (Script3$_run_closure1) values: [Script3$_run_closure1@1213ed3e]
Possible solutions: is(java.lang.Object), any(), get(java.lang.String), any(groovy.lang.Closure), tap(groovy.lang.Closure), use([Ljava.lang.Object;)
	at org.codehaus.groovy.jsr223.GroovyScriptEngineImpl.eval(GroovyScriptEngineImpl.java:320) ~[groovy-jsr223-3.0.3.jar:3.0.3]
	at org.codehaus.groovy.jsr223.GroovyCompiledScript.eval(GroovyCompiledScript.java:71) ~[groovy-jsr223-3.0.3.jar:3.0.3]
	at javax.script.CompiledScript.eval(CompiledScript.java:92) ~[?:1.8.0_181]
	at org.apache.jmeter.util.JSR223TestElement.processFileOrScript(JSR223TestElement.java:222) ~[ApacheJMeter_core.jar:5.3]
	at org.apache.jmeter.modifiers.JSR223PreProcessor.process(JSR223PreProcessor.java:45) [ApacheJMeter_components.jar:5.3]
	at org.apache.jmeter.threads.JMeterThread.runPreProcessors(JMeterThread.java:950) [ApacheJMeter_core.jar:5.3]
	at org.apache.jmeter.threads.JMeterThread.executeSamplePackage(JMeterThread.java:549) [ApacheJMeter_core.jar:5.3]
	at org.apache.jmeter.threads.JMeterThread.processSampler(JMeterThread.java:489) [ApacheJMeter_core.jar:5.3]
	at org.apache.jmeter.threads.JMeterThread.run(JMeterThread.java:256) [ApacheJMeter_core.jar:5.3]
	at java.lang.Thread.run(Thread.java:748) [?:1.8.0_181]
Caused by: groovy.lang.MissingMethodException: No signature of method: org.codehaus.groovy.jsr223.GroovyScriptEngineImpl.$() is applicable for argument types: (Script3$_run_closure1) values: [Script3$_run_closure1@1213ed3e]
Possible solutions: is(java.lang.Object), any(), get(java.lang.String), any(groovy.lang.Closure), tap(groovy.lang.Closure), use([Ljava.lang.Object;)
	at org.codehaus.groovy.jsr223.GroovyScriptEngineImpl.callGlobal(GroovyScriptEngineImpl.java:404) ~[groovy-jsr223-3.0.3.jar:3.0.3]
	at org.codehaus.groovy.jsr223.GroovyScriptEngineImpl.access$100(GroovyScriptEngineImpl.java:90) ~[groovy-jsr223-3.0.3.jar:3.0.3]
	at org.codehaus.groovy.jsr223.GroovyScriptEngineImpl$3.invokeMethod(GroovyScriptEngineImpl.java:303) ~[groovy-jsr223-3.0.3.jar:3.0.3]
	at org.codehaus.groovy.runtime.callsite.PogoMetaClassSite.callCurrent(PogoMetaClassSite.java:73) ~[groovy-3.0.3.jar:3.0.3]
	at org.codehaus.groovy.runtime.callsite.CallSiteArray.defaultCallCurrent(CallSiteArray.java:51) ~[groovy-3.0.3.jar:3.0.3]
	at org.codehaus.groovy.runtime.callsite.PogoMetaClassSite.callCurrent(PogoMetaClassSite.java:83) ~[groovy-3.0.3.jar:3.0.3]
	at org.codehaus.groovy.runtime.callsite.AbstractCallSite.callCurrent(AbstractCallSite.java:185) ~[groovy-3.0.3.jar:3.0.3]
	at Script3.run(Script3.groovy:1) ~[?:?]
	at org.codehaus.groovy.jsr223.GroovyScriptEngineImpl.eval(GroovyScriptEngineImpl.java:317) ~[groovy-jsr223-3.0.3.jar:3.0.3]
	... 9 more
2022-02-22 16:41:26,112 ERROR o.a.j.m.JSR223PreProcessor: Problem in JSR223 script, JSR223 PreProcessor
javax.script.ScriptException: groovy.lang.MissingMethodException: No signature of method: org.codehaus.groovy.jsr223.GroovyScriptEngineImpl.$() is applicable for argument types: (Script3$_run_closure1) values: [Script3$_run_closure1@7327bb6b]
Possible solutions: is(java.lang.Object), any(), get(java.lang.String), any(groovy.lang.Closure), tap(groovy.lang.Closure), use([Ljava.lang.Object;)
	at org.codehaus.groovy.jsr223.GroovyScriptEngineImpl.eval(GroovyScriptEngineImpl.java:320) ~[groovy-jsr223-3.0.3.jar:3.0.3]
	at org.codehaus.groovy.jsr223.GroovyCompiledScript.eval(GroovyCompiledScript.java:71) ~[groovy-jsr223-3.0.3.jar:3.0.3]
	at javax.script.CompiledScript.eval(CompiledScript.java:92) ~[?:1.8.0_181]
	at org.apache.jmeter.util.JSR223TestElement.processFileOrScript(JSR223TestElement.java:222) ~[ApacheJMeter_core.jar:5.3]
	at org.apache.jmeter.modifiers.JSR223PreProcessor.process(JSR223PreProcessor.java:45) [ApacheJMeter_components.jar:5.3]
	at org.apache.jmeter.threads.JMeterThread.runPreProcessors(JMeterThread.java:950) [ApacheJMeter_core.jar:5.3]
	at org.apache.jmeter.threads.JMeterThread.executeSamplePackage(JMeterThread.java:549) [ApacheJMeter_core.jar:5.3]
	at org.apache.jmeter.threads.JMeterThread.processSampler(JMeterThread.java:489) [ApacheJMeter_core.jar:5.3]
	at org.apache.jmeter.threads.JMeterThread.run(JMeterThread.java:256) [ApacheJMeter_core.jar:5.3]
	at java.lang.Thread.run(Thread.java:748) [?:1.8.0_181]
Caused by: groovy.lang.MissingMethodException: No signature of method: org.codehaus.groovy.jsr223.GroovyScriptEngineImpl.$() is applicable for argument types: (Script3$_run_closure1) values: [Script3$_run_closure1@7327bb6b]
Possible solutions: is(java.lang.Object), any(), get(java.lang.String), any(groovy.lang.Closure), tap(groovy.lang.Closure), use([Ljava.lang.Object;)
	at org.codehaus.groovy.jsr223.GroovyScriptEngineImpl.callGlobal(GroovyScriptEngineImpl.java:404) ~[groovy-jsr223-3.0.3.jar:3.0.3]
	at org.codehaus.groovy.jsr223.GroovyScriptEngineImpl.access$100(GroovyScriptEngineImpl.java:90) ~[groovy-jsr223-3.0.3.jar:3.0.3]
	at org.codehaus.groovy.jsr223.GroovyScriptEngineImpl$3.invokeMethod(GroovyScriptEngineImpl.java:303) ~[groovy-jsr223-3.0.3.jar:3.0.3]
	at org.codehaus.groovy.runtime.callsite.PogoMetaClassSite.callCurrent(PogoMetaClassSite.java:73) ~[groovy-3.0.3.jar:3.0.3]
	at org.codehaus.groovy.runtime.callsite.CallSiteArray.defaultCallCurrent(CallSiteArray.java:51) ~[groovy-3.0.3.jar:3.0.3]
	at org.codehaus.groovy.runtime.callsite.PogoMetaClassSite.callCurrent(PogoMetaClassSite.java:83) ~[groovy-3.0.3.jar:3.0.3]
	at org.codehaus.groovy.runtime.callsite.AbstractCallSite.callCurrent(AbstractCallSite.java:185) ~[groovy-3.0.3.jar:3.0.3]
	at Script3.run(Script3.groovy:1) ~[?:?]
	at org.codehaus.groovy.jsr223.GroovyScriptEngineImpl.eval(GroovyScriptEngineImpl.java:317) ~[groovy-jsr223-3.0.3.jar:3.0.3]
	... 9 more
2022-02-22 16:41:30,077 INFO o.a.j.r.Summariser: summary +     91 in 00:00:10 =    9.2/s Avg:  8804 Min:     0 Max: 16809 Err:     2 (2.20%) Active: 160 Started: 160 Finished: 0
2022-02-22 16:41:30,078 INFO o.a.j.r.Summariser: summary =   2393 in 00:03:49 =   10.4/s Avg:  5725 Min:     0 Max: 21515 Err:   103 (4.30%)
2022-02-22 16:41:35,710 ERROR o.a.j.m.JSR223PreProcessor: Problem in JSR223 script, JSR223 PreProcessor
javax.script.ScriptException: groovy.lang.MissingMethodException: No signature of method: org.codehaus.groovy.jsr223.GroovyScriptEngineImpl.$() is applicable for argument types: (Script3$_run_closure1) values: [Script3$_run_closure1@17672a16]
Possible solutions: is(java.lang.Object), any(), get(java.lang.String), any(groovy.lang.Closure), tap(groovy.lang.Closure), use([Ljava.lang.Object;)
	at org.codehaus.groovy.jsr223.GroovyScriptEngineImpl.eval(GroovyScriptEngineImpl.java:320) ~[groovy-jsr223-3.0.3.jar:3.0.3]
	at org.codehaus.groovy.jsr223.GroovyCompiledScript.eval(GroovyCompiledScript.java:71) ~[groovy-jsr223-3.0.3.jar:3.0.3]
	at javax.script.CompiledScript.eval(CompiledScript.java:92) ~[?:1.8.0_181]
	at org.apache.jmeter.util.JSR223TestElement.processFileOrScript(JSR223TestElement.java:222) ~[ApacheJMeter_core.jar:5.3]
	at org.apache.jmeter.modifiers.JSR223PreProcessor.process(JSR223PreProcessor.java:45) [ApacheJMeter_components.jar:5.3]
	at org.apache.jmeter.threads.JMeterThread.runPreProcessors(JMeterThread.java:950) [ApacheJMeter_core.jar:5.3]
	at org.apache.jmeter.threads.JMeterThread.executeSamplePackage(JMeterThread.java:549) [ApacheJMeter_core.jar:5.3]
	at org.apache.jmeter.threads.JMeterThread.processSampler(JMeterThread.java:489) [ApacheJMeter_core.jar:5.3]
	at org.apache.jmeter.threads.JMeterThread.run(JMeterThread.java:256) [ApacheJMeter_core.jar:5.3]
	at java.lang.Thread.run(Thread.java:748) [?:1.8.0_181]
Caused by: groovy.lang.MissingMethodException: No signature of method: org.codehaus.groovy.jsr223.GroovyScriptEngineImpl.$() is applicable for argument types: (Script3$_run_closure1) values: [Script3$_run_closure1@17672a16]
Possible solutions: is(java.lang.Object), any(), get(java.lang.String), any(groovy.lang.Closure), tap(groovy.lang.Closure), use([Ljava.lang.Object;)
	at org.codehaus.groovy.jsr223.GroovyScriptEngineImpl.callGlobal(GroovyScriptEngineImpl.java:404) ~[groovy-jsr223-3.0.3.jar:3.0.3]
	at org.codehaus.groovy.jsr223.GroovyScriptEngineImpl.access$100(GroovyScriptEngineImpl.java:90) ~[groovy-jsr223-3.0.3.jar:3.0.3]
	at org.codehaus.groovy.jsr223.GroovyScriptEngineImpl$3.invokeMethod(GroovyScriptEngineImpl.java:303) ~[groovy-jsr223-3.0.3.jar:3.0.3]
	at org.codehaus.groovy.runtime.callsite.PogoMetaClassSite.callCurrent(PogoMetaClassSite.java:73) ~[groovy-3.0.3.jar:3.0.3]
	at org.codehaus.groovy.runtime.callsite.CallSiteArray.defaultCallCurrent(CallSiteArray.java:51) ~[groovy-3.0.3.jar:3.0.3]
	at org.codehaus.groovy.runtime.callsite.PogoMetaClassSite.callCurrent(PogoMetaClassSite.java:83) ~[groovy-3.0.3.jar:3.0.3]
	at org.codehaus.groovy.runtime.callsite.AbstractCallSite.callCurrent(AbstractCallSite.java:185) ~[groovy-3.0.3.jar:3.0.3]
	at Script3.run(Script3.groovy:1) ~[?:?]
	at org.codehaus.groovy.jsr223.GroovyScriptEngineImpl.eval(GroovyScriptEngineImpl.java:317) ~[groovy-jsr223-3.0.3.jar:3.0.3]
	... 9 more
2022-02-22 16:41:38,570 ERROR o.a.j.m.JSR223PreProcessor: Problem in JSR223 script, JSR223 PreProcessor
javax.script.ScriptException: groovy.lang.MissingMethodException: No signature of method: org.codehaus.groovy.jsr223.GroovyScriptEngineImpl.$() is applicable for argument types: (Script3$_run_closure1) values: [Script3$_run_closure1@1cabf77d]
Possible solutions: is(java.lang.Object), any(), get(java.lang.String), any(groovy.lang.Closure), tap(groovy.lang.Closure), use([Ljava.lang.Object;)
	at org.codehaus.groovy.jsr223.GroovyScriptEngineImpl.eval(GroovyScriptEngineImpl.java:320) ~[groovy-jsr223-3.0.3.jar:3.0.3]
	at org.codehaus.groovy.jsr223.GroovyCompiledScript.eval(GroovyCompiledScript.java:71) ~[groovy-jsr223-3.0.3.jar:3.0.3]
	at javax.script.CompiledScript.eval(CompiledScript.java:92) ~[?:1.8.0_181]
	at org.apache.jmeter.util.JSR223TestElement.processFileOrScript(JSR223TestElement.java:222) ~[ApacheJMeter_core.jar:5.3]
	at org.apache.jmeter.modifiers.JSR223PreProcessor.process(JSR223PreProcessor.java:45) [ApacheJMeter_components.jar:5.3]
	at org.apache.jmeter.threads.JMeterThread.runPreProcessors(JMeterThread.java:950) [ApacheJMeter_core.jar:5.3]
	at org.apache.jmeter.threads.JMeterThread.executeSamplePackage(JMeterThread.java:549) [ApacheJMeter_core.jar:5.3]
	at org.apache.jmeter.threads.JMeterThread.processSampler(JMeterThread.java:489) [ApacheJMeter_core.jar:5.3]
	at org.apache.jmeter.threads.JMeterThread.run(JMeterThread.java:256) [ApacheJMeter_core.jar:5.3]
	at java.lang.Thread.run(Thread.java:748) [?:1.8.0_181]
Caused by: groovy.lang.MissingMethodException: No signature of method: org.codehaus.groovy.jsr223.GroovyScriptEngineImpl.$() is applicable for argument types: (Script3$_run_closure1) values: [Script3$_run_closure1@1cabf77d]
Possible solutions: is(java.lang.Object), any(), get(java.lang.String), any(groovy.lang.Closure), tap(groovy.lang.Closure), use([Ljava.lang.Object;)
	at org.codehaus.groovy.jsr223.GroovyScriptEngineImpl.callGlobal(GroovyScriptEngineImpl.java:404) ~[groovy-jsr223-3.0.3.jar:3.0.3]
	at org.codehaus.groovy.jsr223.GroovyScriptEngineImpl.access$100(GroovyScriptEngineImpl.java:90) ~[groovy-jsr223-3.0.3.jar:3.0.3]
	at org.codehaus.groovy.jsr223.GroovyScriptEngineImpl$3.invokeMethod(GroovyScriptEngineImpl.java:303) ~[groovy-jsr223-3.0.3.jar:3.0.3]
	at org.codehaus.groovy.runtime.callsite.PogoMetaClassSite.callCurrent(PogoMetaClassSite.java:73) ~[groovy-3.0.3.jar:3.0.3]
	at org.codehaus.groovy.runtime.callsite.CallSiteArray.defaultCallCurrent(CallSiteArray.java:51) ~[groovy-3.0.3.jar:3.0.3]
	at org.codehaus.groovy.runtime.callsite.PogoMetaClassSite.callCurrent(PogoMetaClassSite.java:83) ~[groovy-3.0.3.jar:3.0.3]
	at org.codehaus.groovy.runtime.callsite.AbstractCallSite.callCurrent(AbstractCallSite.java:185) ~[groovy-3.0.3.jar:3.0.3]
	at Script3.run(Script3.groovy:1) ~[?:?]
	at org.codehaus.groovy.jsr223.GroovyScriptEngineImpl.eval(GroovyScriptEngineImpl.java:317) ~[groovy-jsr223-3.0.3.jar:3.0.3]
	... 9 more
2022-02-22 16:41:40,029 INFO o.a.j.r.Summariser: summary +    100 in 00:00:10 =   10.0/s Avg:  4011 Min:     0 Max: 15652 Err:     5 (5.00%) Active: 160 Started: 160 Finished: 0
2022-02-22 16:41:40,030 INFO o.a.j.r.Summariser: summary =   2493 in 00:03:59 =   10.4/s Avg:  5656 Min:     0 Max: 21515 Err:   108 (4.33%)
2022-02-22 16:41:48,331 ERROR o.a.j.m.JSR223PreProcessor: Problem in JSR223 script, JSR223 PreProcessor
javax.script.ScriptException: groovy.lang.MissingMethodException: No signature of method: org.codehaus.groovy.jsr223.GroovyScriptEngineImpl.$() is applicable for argument types: (Script3$_run_closure1) values: [Script3$_run_closure1@2620f1b3]
Possible solutions: is(java.lang.Object), any(), get(java.lang.String), any(groovy.lang.Closure), tap(groovy.lang.Closure), use([Ljava.lang.Object;)
	at org.codehaus.groovy.jsr223.GroovyScriptEngineImpl.eval(GroovyScriptEngineImpl.java:320) ~[groovy-jsr223-3.0.3.jar:3.0.3]
	at org.codehaus.groovy.jsr223.GroovyCompiledScript.eval(GroovyCompiledScript.java:71) ~[groovy-jsr223-3.0.3.jar:3.0.3]
	at javax.script.CompiledScript.eval(CompiledScript.java:92) ~[?:1.8.0_181]
	at org.apache.jmeter.util.JSR223TestElement.processFileOrScript(JSR223TestElement.java:222) ~[ApacheJMeter_core.jar:5.3]
	at org.apache.jmeter.modifiers.JSR223PreProcessor.process(JSR223PreProcessor.java:45) [ApacheJMeter_components.jar:5.3]
	at org.apache.jmeter.threads.JMeterThread.runPreProcessors(JMeterThread.java:950) [ApacheJMeter_core.jar:5.3]
	at org.apache.jmeter.threads.JMeterThread.executeSamplePackage(JMeterThread.java:549) [ApacheJMeter_core.jar:5.3]
	at org.apache.jmeter.threads.JMeterThread.processSampler(JMeterThread.java:489) [ApacheJMeter_core.jar:5.3]
	at org.apache.jmeter.threads.JMeterThread.run(JMeterThread.java:256) [ApacheJMeter_core.jar:5.3]
	at java.lang.Thread.run(Thread.java:748) [?:1.8.0_181]
Caused by: groovy.lang.MissingMethodException: No signature of method: org.codehaus.groovy.jsr223.GroovyScriptEngineImpl.$() is applicable for argument types: (Script3$_run_closure1) values: [Script3$_run_closure1@2620f1b3]
Possible solutions: is(java.lang.Object), any(), get(java.lang.String), any(groovy.lang.Closure), tap(groovy.lang.Closure), use([Ljava.lang.Object;)
	at org.codehaus.groovy.jsr223.GroovyScriptEngineImpl.callGlobal(GroovyScriptEngineImpl.java:404) ~[groovy-jsr223-3.0.3.jar:3.0.3]
	at org.codehaus.groovy.jsr223.GroovyScriptEngineImpl.access$100(GroovyScriptEngineImpl.java:90) ~[groovy-jsr223-3.0.3.jar:3.0.3]
	at org.codehaus.groovy.jsr223.GroovyScriptEngineImpl$3.invokeMethod(GroovyScriptEngineImpl.java:303) ~[groovy-jsr223-3.0.3.jar:3.0.3]
	at org.codehaus.groovy.runtime.callsite.PogoMetaClassSite.callCurrent(PogoMetaClassSite.java:73) ~[groovy-3.0.3.jar:3.0.3]
	at org.codehaus.groovy.runtime.callsite.CallSiteArray.defaultCallCurrent(CallSiteArray.java:51) ~[groovy-3.0.3.jar:3.0.3]
	at org.codehaus.groovy.runtime.callsite.PogoMetaClassSite.callCurrent(PogoMetaClassSite.java:83) ~[groovy-3.0.3.jar:3.0.3]
	at org.codehaus.groovy.runtime.callsite.AbstractCallSite.callCurrent(AbstractCallSite.java:185) ~[groovy-3.0.3.jar:3.0.3]
	at Script3.run(Script3.groovy:1) ~[?:?]
	at org.codehaus.groovy.jsr223.GroovyScriptEngineImpl.eval(GroovyScriptEngineImpl.java:317) ~[groovy-jsr223-3.0.3.jar:3.0.3]
	... 9 more
2022-02-22 16:41:50,077 INFO o.a.j.r.Summariser: summary +     30 in 00:00:10 =    3.0/s Avg:  4170 Min:     0 Max: 10604 Err:     3 (10.00%) Active: 160 Started: 160 Finished: 0
2022-02-22 16:41:50,078 INFO o.a.j.r.Summariser: summary =   2523 in 00:04:09 =   10.1/s Avg:  5639 Min:     0 Max: 21515 Err:   111 (4.40%)
2022-02-22 16:41:50,870 ERROR o.a.j.m.JSR223PreProcessor: Problem in JSR223 script, JSR223 PreProcessor
javax.script.ScriptException: groovy.lang.MissingMethodException: No signature of method: org.codehaus.groovy.jsr223.GroovyScriptEngineImpl.$() is applicable for argument types: (Script3$_run_closure1) values: [Script3$_run_closure1@468d096c]
Possible solutions: is(java.lang.Object), any(), get(java.lang.String), any(groovy.lang.Closure), tap(groovy.lang.Closure), use([Ljava.lang.Object;)
	at org.codehaus.groovy.jsr223.GroovyScriptEngineImpl.eval(GroovyScriptEngineImpl.java:320) ~[groovy-jsr223-3.0.3.jar:3.0.3]
	at org.codehaus.groovy.jsr223.GroovyCompiledScript.eval(GroovyCompiledScript.java:71) ~[groovy-jsr223-3.0.3.jar:3.0.3]
	at javax.script.CompiledScript.eval(CompiledScript.java:92) ~[?:1.8.0_181]
	at org.apache.jmeter.util.JSR223TestElement.processFileOrScript(JSR223TestElement.java:222) ~[ApacheJMeter_core.jar:5.3]
	at org.apache.jmeter.modifiers.JSR223PreProcessor.process(JSR223PreProcessor.java:45) [ApacheJMeter_components.jar:5.3]
	at org.apache.jmeter.threads.JMeterThread.runPreProcessors(JMeterThread.java:950) [ApacheJMeter_core.jar:5.3]
	at org.apache.jmeter.threads.JMeterThread.executeSamplePackage(JMeterThread.java:549) [ApacheJMeter_core.jar:5.3]
	at org.apache.jmeter.threads.JMeterThread.processSampler(JMeterThread.java:489) [ApacheJMeter_core.jar:5.3]
	at org.apache.jmeter.threads.JMeterThread.run(JMeterThread.java:256) [ApacheJMeter_core.jar:5.3]
	at java.lang.Thread.run(Thread.java:748) [?:1.8.0_181]
Caused by: groovy.lang.MissingMethodException: No signature of method: org.codehaus.groovy.jsr223.GroovyScriptEngineImpl.$() is applicable for argument types: (Script3$_run_closure1) values: [Script3$_run_closure1@468d096c]
Possible solutions: is(java.lang.Object), any(), get(java.lang.String), any(groovy.lang.Closure), tap(groovy.lang.Closure), use([Ljava.lang.Object;)
	at org.codehaus.groovy.jsr223.GroovyScriptEngineImpl.callGlobal(GroovyScriptEngineImpl.java:404) ~[groovy-jsr223-3.0.3.jar:3.0.3]
	at org.codehaus.groovy.jsr223.GroovyScriptEngineImpl.access$100(GroovyScriptEngineImpl.java:90) ~[groovy-jsr223-3.0.3.jar:3.0.3]
	at org.codehaus.groovy.jsr223.GroovyScriptEngineImpl$3.invokeMethod(GroovyScriptEngineImpl.java:303) ~[groovy-jsr223-3.0.3.jar:3.0.3]
	at org.codehaus.groovy.runtime.callsite.PogoMetaClassSite.callCurrent(PogoMetaClassSite.java:73) ~[groovy-3.0.3.jar:3.0.3]
	at org.codehaus.groovy.runtime.callsite.CallSiteArray.defaultCallCurrent(CallSiteArray.java:51) ~[groovy-3.0.3.jar:3.0.3]
	at org.codehaus.groovy.runtime.callsite.PogoMetaClassSite.callCurrent(PogoMetaClassSite.java:83) ~[groovy-3.0.3.jar:3.0.3]
	at org.codehaus.groovy.runtime.callsite.AbstractCallSite.callCurrent(AbstractCallSite.java:185) ~[groovy-3.0.3.jar:3.0.3]
	at Script3.run(Script3.groovy:1) ~[?:?]
	at org.codehaus.groovy.jsr223.GroovyScriptEngineImpl.eval(GroovyScriptEngineImpl.java:317) ~[groovy-jsr223-3.0.3.jar:3.0.3]
	... 9 more
2022-02-22 16:42:00,152 INFO o.a.j.r.Summariser: summary +    149 in 00:00:10 =   14.8/s Avg:  9627 Min:     0 Max: 19656 Err:     5 (3.36%) Active: 160 Started: 160 Finished: 0
2022-02-22 16:42:00,153 INFO o.a.j.r.Summariser: summary =   2672 in 00:04:19 =   10.3/s Avg:  5861 Min:     0 Max: 21515 Err:   116 (4.34%)
2022-02-22 16:42:01,128 ERROR o.a.j.m.JSR223PreProcessor: Problem in JSR223 script, JSR223 PreProcessor
javax.script.ScriptException: groovy.lang.MissingMethodException: No signature of method: org.codehaus.groovy.jsr223.GroovyScriptEngineImpl.$() is applicable for argument types: (Script3$_run_closure1) values: [Script3$_run_closure1@1e94c3cd]
Possible solutions: is(java.lang.Object), any(), get(java.lang.String), any(groovy.lang.Closure), tap(groovy.lang.Closure), use([Ljava.lang.Object;)
	at org.codehaus.groovy.jsr223.GroovyScriptEngineImpl.eval(GroovyScriptEngineImpl.java:320) ~[groovy-jsr223-3.0.3.jar:3.0.3]
	at org.codehaus.groovy.jsr223.GroovyCompiledScript.eval(GroovyCompiledScript.java:71) ~[groovy-jsr223-3.0.3.jar:3.0.3]
	at javax.script.CompiledScript.eval(CompiledScript.java:92) ~[?:1.8.0_181]
	at org.apache.jmeter.util.JSR223TestElement.processFileOrScript(JSR223TestElement.java:222) ~[ApacheJMeter_core.jar:5.3]
	at org.apache.jmeter.modifiers.JSR223PreProcessor.process(JSR223PreProcessor.java:45) [ApacheJMeter_components.jar:5.3]
	at org.apache.jmeter.threads.JMeterThread.runPreProcessors(JMeterThread.java:950) [ApacheJMeter_core.jar:5.3]
	at org.apache.jmeter.threads.JMeterThread.executeSamplePackage(JMeterThread.java:549) [ApacheJMeter_core.jar:5.3]
	at org.apache.jmeter.threads.JMeterThread.processSampler(JMeterThread.java:489) [ApacheJMeter_core.jar:5.3]
	at org.apache.jmeter.threads.JMeterThread.run(JMeterThread.java:256) [ApacheJMeter_core.jar:5.3]
	at java.lang.Thread.run(Thread.java:748) [?:1.8.0_181]
Caused by: groovy.lang.MissingMethodException: No signature of method: org.codehaus.groovy.jsr223.GroovyScriptEngineImpl.$() is applicable for argument types: (Script3$_run_closure1) values: [Script3$_run_closure1@1e94c3cd]
Possible solutions: is(java.lang.Object), any(), get(java.lang.String), any(groovy.lang.Closure), tap(groovy.lang.Closure), use([Ljava.lang.Object;)
	at org.codehaus.groovy.jsr223.GroovyScriptEngineImpl.callGlobal(GroovyScriptEngineImpl.java:404) ~[groovy-jsr223-3.0.3.jar:3.0.3]
	at org.codehaus.groovy.jsr223.GroovyScriptEngineImpl.access$100(GroovyScriptEngineImpl.java:90) ~[groovy-jsr223-3.0.3.jar:3.0.3]
	at org.codehaus.groovy.jsr223.GroovyScriptEngineImpl$3.invokeMethod(GroovyScriptEngineImpl.java:303) ~[groovy-jsr223-3.0.3.jar:3.0.3]
	at org.codehaus.groovy.runtime.callsite.PogoMetaClassSite.callCurrent(PogoMetaClassSite.java:73) ~[groovy-3.0.3.jar:3.0.3]
	at org.codehaus.groovy.runtime.callsite.CallSiteArray.defaultCallCurrent(CallSiteArray.java:51) ~[groovy-3.0.3.jar:3.0.3]
	at org.codehaus.groovy.runtime.callsite.PogoMetaClassSite.callCurrent(PogoMetaClassSite.java:83) ~[groovy-3.0.3.jar:3.0.3]
	at org.codehaus.groovy.runtime.callsite.AbstractCallSite.callCurrent(AbstractCallSite.java:185) ~[groovy-3.0.3.jar:3.0.3]
	at Script3.run(Script3.groovy:1) ~[?:?]
	at org.codehaus.groovy.jsr223.GroovyScriptEngineImpl.eval(GroovyScriptEngineImpl.java:317) ~[groovy-jsr223-3.0.3.jar:3.0.3]
	... 9 more
2022-02-22 16:42:02,989 ERROR o.a.j.m.JSR223PreProcessor: Problem in JSR223 script, JSR223 PreProcessor
javax.script.ScriptException: groovy.lang.MissingMethodException: No signature of method: org.codehaus.groovy.jsr223.GroovyScriptEngineImpl.$() is applicable for argument types: (Script3$_run_closure1) values: [Script3$_run_closure1@d8c34e5]
Possible solutions: is(java.lang.Object), any(), get(java.lang.String), any(groovy.lang.Closure), tap(groovy.lang.Closure), use([Ljava.lang.Object;)
	at org.codehaus.groovy.jsr223.GroovyScriptEngineImpl.eval(GroovyScriptEngineImpl.java:320) ~[groovy-jsr223-3.0.3.jar:3.0.3]
	at org.codehaus.groovy.jsr223.GroovyCompiledScript.eval(GroovyCompiledScript.java:71) ~[groovy-jsr223-3.0.3.jar:3.0.3]
	at javax.script.CompiledScript.eval(CompiledScript.java:92) ~[?:1.8.0_181]
	at org.apache.jmeter.util.JSR223TestElement.processFileOrScript(JSR223TestElement.java:222) ~[ApacheJMeter_core.jar:5.3]
	at org.apache.jmeter.modifiers.JSR223PreProcessor.process(JSR223PreProcessor.java:45) [ApacheJMeter_components.jar:5.3]
	at org.apache.jmeter.threads.JMeterThread.runPreProcessors(JMeterThread.java:950) [ApacheJMeter_core.jar:5.3]
	at org.apache.jmeter.threads.JMeterThread.executeSamplePackage(JMeterThread.java:549) [ApacheJMeter_core.jar:5.3]
	at org.apache.jmeter.threads.JMeterThread.processSampler(JMeterThread.java:489) [ApacheJMeter_core.jar:5.3]
	at org.apache.jmeter.threads.JMeterThread.run(JMeterThread.java:256) [ApacheJMeter_core.jar:5.3]
	at java.lang.Thread.run(Thread.java:748) [?:1.8.0_181]
Caused by: groovy.lang.MissingMethodException: No signature of method: org.codehaus.groovy.jsr223.GroovyScriptEngineImpl.$() is applicable for argument types: (Script3$_run_closure1) values: [Script3$_run_closure1@d8c34e5]
Possible solutions: is(java.lang.Object), any(), get(java.lang.String), any(groovy.lang.Closure), tap(groovy.lang.Closure), use([Ljava.lang.Object;)
	at org.codehaus.groovy.jsr223.GroovyScriptEngineImpl.callGlobal(GroovyScriptEngineImpl.java:404) ~[groovy-jsr223-3.0.3.jar:3.0.3]
	at org.codehaus.groovy.jsr223.GroovyScriptEngineImpl.access$100(GroovyScriptEngineImpl.java:90) ~[groovy-jsr223-3.0.3.jar:3.0.3]
	at org.codehaus.groovy.jsr223.GroovyScriptEngineImpl$3.invokeMethod(GroovyScriptEngineImpl.java:303) ~[groovy-jsr223-3.0.3.jar:3.0.3]
	at org.codehaus.groovy.runtime.callsite.PogoMetaClassSite.callCurrent(PogoMetaClassSite.java:73) ~[groovy-3.0.3.jar:3.0.3]
	at org.codehaus.groovy.runtime.callsite.CallSiteArray.defaultCallCurrent(CallSiteArray.java:51) ~[groovy-3.0.3.jar:3.0.3]
	at org.codehaus.groovy.runtime.callsite.PogoMetaClassSite.callCurrent(PogoMetaClassSite.java:83) ~[groovy-3.0.3.jar:3.0.3]
	at org.codehaus.groovy.runtime.callsite.AbstractCallSite.callCurrent(AbstractCallSite.java:185) ~[groovy-3.0.3.jar:3.0.3]
	at Script3.run(Script3.groovy:1) ~[?:?]
	at org.codehaus.groovy.jsr223.GroovyScriptEngineImpl.eval(GroovyScriptEngineImpl.java:317) ~[groovy-jsr223-3.0.3.jar:3.0.3]
	... 9 more
2022-02-22 16:42:10,314 INFO o.a.j.r.Summariser: summary +     55 in 00:00:10 =    5.4/s Avg:  1545 Min:     0 Max:  4337 Err:     4 (7.27%) Active: 160 Started: 160 Finished: 0
2022-02-22 16:42:10,314 INFO o.a.j.r.Summariser: summary =   2727 in 00:04:29 =   10.1/s Avg:  5774 Min:     0 Max: 21515 Err:   120 (4.40%)
2022-02-22 16:42:13,694 ERROR o.a.j.m.JSR223PreProcessor: Problem in JSR223 script, JSR223 PreProcessor
javax.script.ScriptException: groovy.lang.MissingMethodException: No signature of method: org.codehaus.groovy.jsr223.GroovyScriptEngineImpl.$() is applicable for argument types: (Script3$_run_closure1) values: [Script3$_run_closure1@108398fb]
Possible solutions: is(java.lang.Object), any(), get(java.lang.String), any(groovy.lang.Closure), tap(groovy.lang.Closure), use([Ljava.lang.Object;)
	at org.codehaus.groovy.jsr223.GroovyScriptEngineImpl.eval(GroovyScriptEngineImpl.java:320) ~[groovy-jsr223-3.0.3.jar:3.0.3]
	at org.codehaus.groovy.jsr223.GroovyCompiledScript.eval(GroovyCompiledScript.java:71) ~[groovy-jsr223-3.0.3.jar:3.0.3]
	at javax.script.CompiledScript.eval(CompiledScript.java:92) ~[?:1.8.0_181]
	at org.apache.jmeter.util.JSR223TestElement.processFileOrScript(JSR223TestElement.java:222) ~[ApacheJMeter_core.jar:5.3]
	at org.apache.jmeter.modifiers.JSR223PreProcessor.process(JSR223PreProcessor.java:45) [ApacheJMeter_components.jar:5.3]
	at org.apache.jmeter.threads.JMeterThread.runPreProcessors(JMeterThread.java:950) [ApacheJMeter_core.jar:5.3]
	at org.apache.jmeter.threads.JMeterThread.executeSamplePackage(JMeterThread.java:549) [ApacheJMeter_core.jar:5.3]
	at org.apache.jmeter.threads.JMeterThread.processSampler(JMeterThread.java:489) [ApacheJMeter_core.jar:5.3]
	at org.apache.jmeter.threads.JMeterThread.run(JMeterThread.java:256) [ApacheJMeter_core.jar:5.3]
	at java.lang.Thread.run(Thread.java:748) [?:1.8.0_181]
Caused by: groovy.lang.MissingMethodException: No signature of method: org.codehaus.groovy.jsr223.GroovyScriptEngineImpl.$() is applicable for argument types: (Script3$_run_closure1) values: [Script3$_run_closure1@108398fb]
Possible solutions: is(java.lang.Object), any(), get(java.lang.String), any(groovy.lang.Closure), tap(groovy.lang.Closure), use([Ljava.lang.Object;)
	at org.codehaus.groovy.jsr223.GroovyScriptEngineImpl.callGlobal(GroovyScriptEngineImpl.java:404) ~[groovy-jsr223-3.0.3.jar:3.0.3]
	at org.codehaus.groovy.jsr223.GroovyScriptEngineImpl.access$100(GroovyScriptEngineImpl.java:90) ~[groovy-jsr223-3.0.3.jar:3.0.3]
	at org.codehaus.groovy.jsr223.GroovyScriptEngineImpl$3.invokeMethod(GroovyScriptEngineImpl.java:303) ~[groovy-jsr223-3.0.3.jar:3.0.3]
	at org.codehaus.groovy.runtime.callsite.PogoMetaClassSite.callCurrent(PogoMetaClassSite.java:73) ~[groovy-3.0.3.jar:3.0.3]
	at org.codehaus.groovy.runtime.callsite.CallSiteArray.defaultCallCurrent(CallSiteArray.java:51) ~[groovy-3.0.3.jar:3.0.3]
	at org.codehaus.groovy.runtime.callsite.PogoMetaClassSite.callCurrent(PogoMetaClassSite.java:83) ~[groovy-3.0.3.jar:3.0.3]
	at org.codehaus.groovy.runtime.callsite.AbstractCallSite.callCurrent(AbstractCallSite.java:185) ~[groovy-3.0.3.jar:3.0.3]
	at Script3.run(Script3.groovy:1) ~[?:?]
	at org.codehaus.groovy.jsr223.GroovyScriptEngineImpl.eval(GroovyScriptEngineImpl.java:317) ~[groovy-jsr223-3.0.3.jar:3.0.3]
	... 9 more
2022-02-22 16:42:15,240 ERROR o.a.j.m.JSR223PreProcessor: Problem in JSR223 script, JSR223 PreProcessor
javax.script.ScriptException: groovy.lang.MissingMethodException: No signature of method: org.codehaus.groovy.jsr223.GroovyScriptEngineImpl.$() is applicable for argument types: (Script3$_run_closure1) values: [Script3$_run_closure1@4716ab63]
Possible solutions: is(java.lang.Object), any(), get(java.lang.String), any(groovy.lang.Closure), tap(groovy.lang.Closure), use([Ljava.lang.Object;)
	at org.codehaus.groovy.jsr223.GroovyScriptEngineImpl.eval(GroovyScriptEngineImpl.java:320) ~[groovy-jsr223-3.0.3.jar:3.0.3]
	at org.codehaus.groovy.jsr223.GroovyCompiledScript.eval(GroovyCompiledScript.java:71) ~[groovy-jsr223-3.0.3.jar:3.0.3]
	at javax.script.CompiledScript.eval(CompiledScript.java:92) ~[?:1.8.0_181]
	at org.apache.jmeter.util.JSR223TestElement.processFileOrScript(JSR223TestElement.java:222) ~[ApacheJMeter_core.jar:5.3]
	at org.apache.jmeter.modifiers.JSR223PreProcessor.process(JSR223PreProcessor.java:45) [ApacheJMeter_components.jar:5.3]
	at org.apache.jmeter.threads.JMeterThread.runPreProcessors(JMeterThread.java:950) [ApacheJMeter_core.jar:5.3]
	at org.apache.jmeter.threads.JMeterThread.executeSamplePackage(JMeterThread.java:549) [ApacheJMeter_core.jar:5.3]
	at org.apache.jmeter.threads.JMeterThread.processSampler(JMeterThread.java:489) [ApacheJMeter_core.jar:5.3]
	at org.apache.jmeter.threads.JMeterThread.run(JMeterThread.java:256) [ApacheJMeter_core.jar:5.3]
	at java.lang.Thread.run(Thread.java:748) [?:1.8.0_181]
Caused by: groovy.lang.MissingMethodException: No signature of method: org.codehaus.groovy.jsr223.GroovyScriptEngineImpl.$() is applicable for argument types: (Script3$_run_closure1) values: [Script3$_run_closure1@4716ab63]
Possible solutions: is(java.lang.Object), any(), get(java.lang.String), any(groovy.lang.Closure), tap(groovy.lang.Closure), use([Ljava.lang.Object;)
	at org.codehaus.groovy.jsr223.GroovyScriptEngineImpl.callGlobal(GroovyScriptEngineImpl.java:404) ~[groovy-jsr223-3.0.3.jar:3.0.3]
	at org.codehaus.groovy.jsr223.GroovyScriptEngineImpl.access$100(GroovyScriptEngineImpl.java:90) ~[groovy-jsr223-3.0.3.jar:3.0.3]
	at org.codehaus.groovy.jsr223.GroovyScriptEngineImpl$3.invokeMethod(GroovyScriptEngineImpl.java:303) ~[groovy-jsr223-3.0.3.jar:3.0.3]
	at org.codehaus.groovy.runtime.callsite.PogoMetaClassSite.callCurrent(PogoMetaClassSite.java:73) ~[groovy-3.0.3.jar:3.0.3]
	at org.codehaus.groovy.runtime.callsite.CallSiteArray.defaultCallCurrent(CallSiteArray.java:51) ~[groovy-3.0.3.jar:3.0.3]
	at org.codehaus.groovy.runtime.callsite.PogoMetaClassSite.callCurrent(PogoMetaClassSite.java:83) ~[groovy-3.0.3.jar:3.0.3]
	at org.codehaus.groovy.runtime.callsite.AbstractCallSite.callCurrent(AbstractCallSite.java:185) ~[groovy-3.0.3.jar:3.0.3]
	at Script3.run(Script3.groovy:1) ~[?:?]
	at org.codehaus.groovy.jsr223.GroovyScriptEngineImpl.eval(GroovyScriptEngineImpl.java:317) ~[groovy-jsr223-3.0.3.jar:3.0.3]
	... 9 more
2022-02-22 16:42:20,141 INFO o.a.j.r.Summariser: summary +     61 in 00:00:10 =    6.2/s Avg:  7982 Min:     0 Max: 13512 Err:     2 (3.28%) Active: 160 Started: 160 Finished: 0
2022-02-22 16:42:20,141 INFO o.a.j.r.Summariser: summary =   2788 in 00:04:39 =   10.0/s Avg:  5822 Min:     0 Max: 21515 Err:   122 (4.38%)
2022-02-22 16:42:25,703 ERROR o.a.j.m.JSR223PreProcessor: Problem in JSR223 script, JSR223 PreProcessor
javax.script.ScriptException: groovy.lang.MissingMethodException: No signature of method: org.codehaus.groovy.jsr223.GroovyScriptEngineImpl.$() is applicable for argument types: (Script3$_run_closure1) values: [Script3$_run_closure1@9607d44]
Possible solutions: is(java.lang.Object), any(), get(java.lang.String), any(groovy.lang.Closure), tap(groovy.lang.Closure), use([Ljava.lang.Object;)
	at org.codehaus.groovy.jsr223.GroovyScriptEngineImpl.eval(GroovyScriptEngineImpl.java:320) ~[groovy-jsr223-3.0.3.jar:3.0.3]
	at org.codehaus.groovy.jsr223.GroovyCompiledScript.eval(GroovyCompiledScript.java:71) ~[groovy-jsr223-3.0.3.jar:3.0.3]
	at javax.script.CompiledScript.eval(CompiledScript.java:92) ~[?:1.8.0_181]
	at org.apache.jmeter.util.JSR223TestElement.processFileOrScript(JSR223TestElement.java:222) ~[ApacheJMeter_core.jar:5.3]
	at org.apache.jmeter.modifiers.JSR223PreProcessor.process(JSR223PreProcessor.java:45) [ApacheJMeter_components.jar:5.3]
	at org.apache.jmeter.threads.JMeterThread.runPreProcessors(JMeterThread.java:950) [ApacheJMeter_core.jar:5.3]
	at org.apache.jmeter.threads.JMeterThread.executeSamplePackage(JMeterThread.java:549) [ApacheJMeter_core.jar:5.3]
	at org.apache.jmeter.threads.JMeterThread.processSampler(JMeterThread.java:489) [ApacheJMeter_core.jar:5.3]
	at org.apache.jmeter.threads.JMeterThread.run(JMeterThread.java:256) [ApacheJMeter_core.jar:5.3]
	at java.lang.Thread.run(Thread.java:748) [?:1.8.0_181]
Caused by: groovy.lang.MissingMethodException: No signature of method: org.codehaus.groovy.jsr223.GroovyScriptEngineImpl.$() is applicable for argument types: (Script3$_run_closure1) values: [Script3$_run_closure1@9607d44]
Possible solutions: is(java.lang.Object), any(), get(java.lang.String), any(groovy.lang.Closure), tap(groovy.lang.Closure), use([Ljava.lang.Object;)
	at org.codehaus.groovy.jsr223.GroovyScriptEngineImpl.callGlobal(GroovyScriptEngineImpl.java:404) ~[groovy-jsr223-3.0.3.jar:3.0.3]
	at org.codehaus.groovy.jsr223.GroovyScriptEngineImpl.access$100(GroovyScriptEngineImpl.java:90) ~[groovy-jsr223-3.0.3.jar:3.0.3]
	at org.codehaus.groovy.jsr223.GroovyScriptEngineImpl$3.invokeMethod(GroovyScriptEngineImpl.java:303) ~[groovy-jsr223-3.0.3.jar:3.0.3]
	at org.codehaus.groovy.runtime.callsite.PogoMetaClassSite.callCurrent(PogoMetaClassSite.java:73) ~[groovy-3.0.3.jar:3.0.3]
	at org.codehaus.groovy.runtime.callsite.CallSiteArray.defaultCallCurrent(CallSiteArray.java:51) ~[groovy-3.0.3.jar:3.0.3]
	at org.codehaus.groovy.runtime.callsite.PogoMetaClassSite.callCurrent(PogoMetaClassSite.java:83) ~[groovy-3.0.3.jar:3.0.3]
	at org.codehaus.groovy.runtime.callsite.AbstractCallSite.callCurrent(AbstractCallSite.java:185) ~[groovy-3.0.3.jar:3.0.3]
	at Script3.run(Script3.groovy:1) ~[?:?]
	at org.codehaus.groovy.jsr223.GroovyScriptEngineImpl.eval(GroovyScriptEngineImpl.java:317) ~[groovy-jsr223-3.0.3.jar:3.0.3]
	... 9 more
2022-02-22 16:42:27,870 ERROR o.a.j.m.JSR223PreProcessor: Problem in JSR223 script, JSR223 PreProcessor
javax.script.ScriptException: groovy.lang.MissingMethodException: No signature of method: org.codehaus.groovy.jsr223.GroovyScriptEngineImpl.$() is applicable for argument types: (Script3$_run_closure1) values: [Script3$_run_closure1@3045f939]
Possible solutions: is(java.lang.Object), any(), get(java.lang.String), any(groovy.lang.Closure), tap(groovy.lang.Closure), use([Ljava.lang.Object;)
	at org.codehaus.groovy.jsr223.GroovyScriptEngineImpl.eval(GroovyScriptEngineImpl.java:320) ~[groovy-jsr223-3.0.3.jar:3.0.3]
	at org.codehaus.groovy.jsr223.GroovyCompiledScript.eval(GroovyCompiledScript.java:71) ~[groovy-jsr223-3.0.3.jar:3.0.3]
	at javax.script.CompiledScript.eval(CompiledScript.java:92) ~[?:1.8.0_181]
	at org.apache.jmeter.util.JSR223TestElement.processFileOrScript(JSR223TestElement.java:222) ~[ApacheJMeter_core.jar:5.3]
	at org.apache.jmeter.modifiers.JSR223PreProcessor.process(JSR223PreProcessor.java:45) [ApacheJMeter_components.jar:5.3]
	at org.apache.jmeter.threads.JMeterThread.runPreProcessors(JMeterThread.java:950) [ApacheJMeter_core.jar:5.3]
	at org.apache.jmeter.threads.JMeterThread.executeSamplePackage(JMeterThread.java:549) [ApacheJMeter_core.jar:5.3]
	at org.apache.jmeter.threads.JMeterThread.processSampler(JMeterThread.java:489) [ApacheJMeter_core.jar:5.3]
	at org.apache.jmeter.threads.JMeterThread.run(JMeterThread.java:256) [ApacheJMeter_core.jar:5.3]
	at java.lang.Thread.run(Thread.java:748) [?:1.8.0_181]
Caused by: groovy.lang.MissingMethodException: No signature of method: org.codehaus.groovy.jsr223.GroovyScriptEngineImpl.$() is applicable for argument types: (Script3$_run_closure1) values: [Script3$_run_closure1@3045f939]
Possible solutions: is(java.lang.Object), any(), get(java.lang.String), any(groovy.lang.Closure), tap(groovy.lang.Closure), use([Ljava.lang.Object;)
	at org.codehaus.groovy.jsr223.GroovyScriptEngineImpl.callGlobal(GroovyScriptEngineImpl.java:404) ~[groovy-jsr223-3.0.3.jar:3.0.3]
	at org.codehaus.groovy.jsr223.GroovyScriptEngineImpl.access$100(GroovyScriptEngineImpl.java:90) ~[groovy-jsr223-3.0.3.jar:3.0.3]
	at org.codehaus.groovy.jsr223.GroovyScriptEngineImpl$3.invokeMethod(GroovyScriptEngineImpl.java:303) ~[groovy-jsr223-3.0.3.jar:3.0.3]
	at org.codehaus.groovy.runtime.callsite.PogoMetaClassSite.callCurrent(PogoMetaClassSite.java:73) ~[groovy-3.0.3.jar:3.0.3]
	at org.codehaus.groovy.runtime.callsite.CallSiteArray.defaultCallCurrent(CallSiteArray.java:51) ~[groovy-3.0.3.jar:3.0.3]
	at org.codehaus.groovy.runtime.callsite.PogoMetaClassSite.callCurrent(PogoMetaClassSite.java:83) ~[groovy-3.0.3.jar:3.0.3]
	at org.codehaus.groovy.runtime.callsite.AbstractCallSite.callCurrent(AbstractCallSite.java:185) ~[groovy-3.0.3.jar:3.0.3]
	at Script3.run(Script3.groovy:1) ~[?:?]
	at org.codehaus.groovy.jsr223.GroovyScriptEngineImpl.eval(GroovyScriptEngineImpl.java:317) ~[groovy-jsr223-3.0.3.jar:3.0.3]
	... 9 more
2022-02-22 16:42:30,003 INFO o.a.j.r.Summariser: summary +    112 in 00:00:10 =   11.4/s Avg:  8559 Min:     0 Max: 16588 Err:     5 (4.46%) Active: 160 Started: 160 Finished: 0
2022-02-22 16:42:30,003 INFO o.a.j.r.Summariser: summary =   2900 in 00:04:49 =   10.0/s Avg:  5928 Min:     0 Max: 21515 Err:   127 (4.38%)
2022-02-22 16:42:30,192 INFO o.a.j.t.JMeterThread: Thread finished: Users 1-58
2022-02-22 16:42:30,793 INFO o.a.j.t.JMeterThread: Thread finished: Users 1-129
2022-02-22 16:42:30,898 INFO o.a.j.t.JMeterThread: Thread finished: Users 1-145
2022-02-22 16:42:30,969 INFO o.a.j.t.JMeterThread: Thread finished: Users 1-102
2022-02-22 16:42:31,001 INFO o.a.j.t.JMeterThread: Thread finished: Users 1-91
2022-02-22 16:42:31,012 INFO o.a.j.t.JMeterThread: Thread finished: Users 1-54
2022-02-22 16:42:31,026 INFO o.a.j.t.JMeterThread: Thread finished: Users 1-95
2022-02-22 16:42:31,029 INFO o.a.j.t.JMeterThread: Thread finished: Users 1-113
2022-02-22 16:42:31,136 INFO o.a.j.t.JMeterThread: Thread finished: Users 1-115
2022-02-22 16:42:32,018 INFO o.a.j.t.JMeterThread: Thread finished: Users 1-153
2022-02-22 16:42:32,146 INFO o.a.j.t.JMeterThread: Thread finished: Users 1-29
2022-02-22 16:42:32,325 INFO o.a.j.t.JMeterThread: Thread finished: Users 1-157
2022-02-22 16:42:32,951 INFO o.a.j.t.JMeterThread: Thread finished: Users 1-25
2022-02-22 16:42:33,111 INFO o.a.j.t.JMeterThread: Thread finished: Users 1-10
2022-02-22 16:42:33,130 INFO o.a.j.t.JMeterThread: Thread finished: Users 1-108
2022-02-22 16:42:33,163 INFO o.a.j.t.JMeterThread: Thread finished: Users 1-63
2022-02-22 16:42:33,165 INFO o.a.j.t.JMeterThread: Thread finished: Users 1-68
2022-02-22 16:42:33,226 INFO o.a.j.t.JMeterThread: Thread finished: Users 1-35
2022-02-22 16:42:33,444 INFO o.a.j.t.JMeterThread: Thread finished: Users 1-96
2022-02-22 16:42:33,841 INFO o.a.j.t.JMeterThread: Thread finished: Users 1-65
2022-02-22 16:42:34,067 INFO o.a.j.t.JMeterThread: Thread finished: Users 1-134
2022-02-22 16:42:34,225 INFO o.a.j.t.JMeterThread: Thread finished: Users 1-158
2022-02-22 16:42:34,296 INFO o.a.j.t.JMeterThread: Thread finished: Users 1-76
2022-02-22 16:42:34,404 INFO o.a.j.t.JMeterThread: Thread finished: Users 1-17
2022-02-22 16:42:34,625 INFO o.a.j.t.JMeterThread: Thread finished: Users 1-46
2022-02-22 16:42:34,677 INFO o.a.j.t.JMeterThread: Thread finished: Users 1-79
2022-02-22 16:42:34,692 INFO o.a.j.t.JMeterThread: Thread finished: Users 1-138
2022-02-22 16:42:34,781 INFO o.a.j.t.JMeterThread: Thread finished: Users 1-111
2022-02-22 16:42:35,417 INFO o.a.j.t.JMeterThread: Thread finished: Users 1-89
2022-02-22 16:42:35,718 INFO o.a.j.t.JMeterThread: Thread finished: Users 1-103
2022-02-22 16:42:35,778 INFO o.a.j.t.JMeterThread: Thread finished: Users 1-22
2022-02-22 16:42:35,882 INFO o.a.j.t.JMeterThread: Thread finished: Users 1-106
2022-02-22 16:42:36,308 INFO o.a.j.t.JMeterThread: Thread finished: Users 1-6
2022-02-22 16:42:36,579 INFO o.a.j.t.JMeterThread: Thread finished: Users 1-57
2022-02-22 16:42:37,048 INFO o.a.j.t.JMeterThread: Thread finished: Users 1-70
2022-02-22 16:42:37,664 INFO o.a.j.t.JMeterThread: Thread finished: Users 1-123
2022-02-22 16:42:37,728 INFO o.a.j.t.JMeterThread: Thread finished: Users 1-155
2022-02-22 16:42:38,054 ERROR o.a.j.m.JSR223PreProcessor: Problem in JSR223 script, JSR223 PreProcessor
javax.script.ScriptException: groovy.lang.MissingMethodException: No signature of method: org.codehaus.groovy.jsr223.GroovyScriptEngineImpl.$() is applicable for argument types: (Script3$_run_closure1) values: [Script3$_run_closure1@76a57dea]
Possible solutions: is(java.lang.Object), any(), get(java.lang.String), any(groovy.lang.Closure), tap(groovy.lang.Closure), use([Ljava.lang.Object;)
	at org.codehaus.groovy.jsr223.GroovyScriptEngineImpl.eval(GroovyScriptEngineImpl.java:320) ~[groovy-jsr223-3.0.3.jar:3.0.3]
	at org.codehaus.groovy.jsr223.GroovyCompiledScript.eval(GroovyCompiledScript.java:71) ~[groovy-jsr223-3.0.3.jar:3.0.3]
	at javax.script.CompiledScript.eval(CompiledScript.java:92) ~[?:1.8.0_181]
	at org.apache.jmeter.util.JSR223TestElement.processFileOrScript(JSR223TestElement.java:222) ~[ApacheJMeter_core.jar:5.3]
	at org.apache.jmeter.modifiers.JSR223PreProcessor.process(JSR223PreProcessor.java:45) [ApacheJMeter_components.jar:5.3]
	at org.apache.jmeter.threads.JMeterThread.runPreProcessors(JMeterThread.java:950) [ApacheJMeter_core.jar:5.3]
	at org.apache.jmeter.threads.JMeterThread.executeSamplePackage(JMeterThread.java:549) [ApacheJMeter_core.jar:5.3]
	at org.apache.jmeter.threads.JMeterThread.processSampler(JMeterThread.java:489) [ApacheJMeter_core.jar:5.3]
	at org.apache.jmeter.threads.JMeterThread.run(JMeterThread.java:256) [ApacheJMeter_core.jar:5.3]
	at java.lang.Thread.run(Thread.java:748) [?:1.8.0_181]
Caused by: groovy.lang.MissingMethodException: No signature of method: org.codehaus.groovy.jsr223.GroovyScriptEngineImpl.$() is applicable for argument types: (Script3$_run_closure1) values: [Script3$_run_closure1@76a57dea]
Possible solutions: is(java.lang.Object), any(), get(java.lang.String), any(groovy.lang.Closure), tap(groovy.lang.Closure), use([Ljava.lang.Object;)
	at org.codehaus.groovy.jsr223.GroovyScriptEngineImpl.callGlobal(GroovyScriptEngineImpl.java:404) ~[groovy-jsr223-3.0.3.jar:3.0.3]
	at org.codehaus.groovy.jsr223.GroovyScriptEngineImpl.access$100(GroovyScriptEngineImpl.java:90) ~[groovy-jsr223-3.0.3.jar:3.0.3]
	at org.codehaus.groovy.jsr223.GroovyScriptEngineImpl$3.invokeMethod(GroovyScriptEngineImpl.java:303) ~[groovy-jsr223-3.0.3.jar:3.0.3]
	at org.codehaus.groovy.runtime.callsite.PogoMetaClassSite.callCurrent(PogoMetaClassSite.java:73) ~[groovy-3.0.3.jar:3.0.3]
	at org.codehaus.groovy.runtime.callsite.CallSiteArray.defaultCallCurrent(CallSiteArray.java:51) ~[groovy-3.0.3.jar:3.0.3]
	at org.codehaus.groovy.runtime.callsite.PogoMetaClassSite.callCurrent(PogoMetaClassSite.java:83) ~[groovy-3.0.3.jar:3.0.3]
	at org.codehaus.groovy.runtime.callsite.AbstractCallSite.callCurrent(AbstractCallSite.java:185) ~[groovy-3.0.3.jar:3.0.3]
	at Script3.run(Script3.groovy:1) ~[?:?]
	at org.codehaus.groovy.jsr223.GroovyScriptEngineImpl.eval(GroovyScriptEngineImpl.java:317) ~[groovy-jsr223-3.0.3.jar:3.0.3]
	... 9 more
2022-02-22 16:42:38,057 INFO o.a.j.t.JMeterThread: Thread finished: Users 1-8
2022-02-22 16:42:39,504 INFO o.a.j.t.JMeterThread: Thread finished: Users 1-33
2022-02-22 16:42:39,956 ERROR o.a.j.m.JSR223PreProcessor: Problem in JSR223 script, JSR223 PreProcessor
javax.script.ScriptException: groovy.lang.MissingMethodException: No signature of method: org.codehaus.groovy.jsr223.GroovyScriptEngineImpl.$() is applicable for argument types: (Script3$_run_closure1) values: [Script3$_run_closure1@48c8c4db]
Possible solutions: is(java.lang.Object), any(), get(java.lang.String), any(groovy.lang.Closure), tap(groovy.lang.Closure), use([Ljava.lang.Object;)
	at org.codehaus.groovy.jsr223.GroovyScriptEngineImpl.eval(GroovyScriptEngineImpl.java:320) ~[groovy-jsr223-3.0.3.jar:3.0.3]
	at org.codehaus.groovy.jsr223.GroovyCompiledScript.eval(GroovyCompiledScript.java:71) ~[groovy-jsr223-3.0.3.jar:3.0.3]
	at javax.script.CompiledScript.eval(CompiledScript.java:92) ~[?:1.8.0_181]
	at org.apache.jmeter.util.JSR223TestElement.processFileOrScript(JSR223TestElement.java:222) ~[ApacheJMeter_core.jar:5.3]
	at org.apache.jmeter.modifiers.JSR223PreProcessor.process(JSR223PreProcessor.java:45) [ApacheJMeter_components.jar:5.3]
	at org.apache.jmeter.threads.JMeterThread.runPreProcessors(JMeterThread.java:950) [ApacheJMeter_core.jar:5.3]
	at org.apache.jmeter.threads.JMeterThread.executeSamplePackage(JMeterThread.java:549) [ApacheJMeter_core.jar:5.3]
	at org.apache.jmeter.threads.JMeterThread.processSampler(JMeterThread.java:489) [ApacheJMeter_core.jar:5.3]
	at org.apache.jmeter.threads.JMeterThread.run(JMeterThread.java:256) [ApacheJMeter_core.jar:5.3]
	at java.lang.Thread.run(Thread.java:748) [?:1.8.0_181]
Caused by: groovy.lang.MissingMethodException: No signature of method: org.codehaus.groovy.jsr223.GroovyScriptEngineImpl.$() is applicable for argument types: (Script3$_run_closure1) values: [Script3$_run_closure1@48c8c4db]
Possible solutions: is(java.lang.Object), any(), get(java.lang.String), any(groovy.lang.Closure), tap(groovy.lang.Closure), use([Ljava.lang.Object;)
	at org.codehaus.groovy.jsr223.GroovyScriptEngineImpl.callGlobal(GroovyScriptEngineImpl.java:404) ~[groovy-jsr223-3.0.3.jar:3.0.3]
	at org.codehaus.groovy.jsr223.GroovyScriptEngineImpl.access$100(GroovyScriptEngineImpl.java:90) ~[groovy-jsr223-3.0.3.jar:3.0.3]
	at org.codehaus.groovy.jsr223.GroovyScriptEngineImpl$3.invokeMethod(GroovyScriptEngineImpl.java:303) ~[groovy-jsr223-3.0.3.jar:3.0.3]
	at org.codehaus.groovy.runtime.callsite.PogoMetaClassSite.callCurrent(PogoMetaClassSite.java:73) ~[groovy-3.0.3.jar:3.0.3]
	at org.codehaus.groovy.runtime.callsite.CallSiteArray.defaultCallCurrent(CallSiteArray.java:51) ~[groovy-3.0.3.jar:3.0.3]
	at org.codehaus.groovy.runtime.callsite.PogoMetaClassSite.callCurrent(PogoMetaClassSite.java:83) ~[groovy-3.0.3.jar:3.0.3]
	at org.codehaus.groovy.runtime.callsite.AbstractCallSite.callCurrent(AbstractCallSite.java:185) ~[groovy-3.0.3.jar:3.0.3]
	at Script3.run(Script3.groovy:1) ~[?:?]
	at org.codehaus.groovy.jsr223.GroovyScriptEngineImpl.eval(GroovyScriptEngineImpl.java:317) ~[groovy-jsr223-3.0.3.jar:3.0.3]
	... 9 more
2022-02-22 16:42:39,959 INFO o.a.j.t.JMeterThread: Thread finished: Users 1-59
2022-02-22 16:42:40,161 INFO o.a.j.r.Summariser: summary +     41 in 00:00:10 =    4.0/s Avg:  3269 Min:     0 Max:  8171 Err:     4 (9.76%) Active: 120 Started: 160 Finished: 40
2022-02-22 16:42:40,162 INFO o.a.j.r.Summariser: summary =   2941 in 00:04:59 =    9.8/s Avg:  5891 Min:     0 Max: 21515 Err:   131 (4.45%)
2022-02-22 16:42:40,163 INFO o.a.j.t.JMeterThread: Thread finished: Users 1-133
2022-02-22 16:42:40,759 INFO o.a.j.t.JMeterThread: Thread finished: Users 1-11
2022-02-22 16:42:40,988 INFO o.a.j.t.JMeterThread: Thread finished: Users 1-52
2022-02-22 16:42:42,073 INFO o.a.j.t.JMeterThread: Stopping because end time detected by thread: Users 1-56
2022-02-22 16:42:42,073 INFO o.a.j.t.JMeterThread: Thread finished: Users 1-56
2022-02-22 16:42:42,096 INFO o.a.j.t.JMeterThread: Stopping because end time detected by thread: Users 1-36
2022-02-22 16:42:42,096 INFO o.a.j.t.JMeterThread: Thread finished: Users 1-36
2022-02-22 16:42:42,096 INFO o.a.j.t.JMeterThread: Stopping because end time detected by thread: Users 1-61
2022-02-22 16:42:42,097 INFO o.a.j.t.JMeterThread: Thread finished: Users 1-61
2022-02-22 16:42:42,314 INFO o.a.j.t.JMeterThread: Stopping because end time detected by thread: Users 1-5
2022-02-22 16:42:42,314 INFO o.a.j.t.JMeterThread: Thread finished: Users 1-5
2022-02-22 16:42:42,315 INFO o.a.j.t.JMeterThread: Stopping because end time detected by thread: Users 1-53
2022-02-22 16:42:42,315 INFO o.a.j.t.JMeterThread: Thread finished: Users 1-53
2022-02-22 16:42:42,344 INFO o.a.j.t.JMeterThread: Stopping because end time detected by thread: Users 1-55
2022-02-22 16:42:42,345 INFO o.a.j.t.JMeterThread: Thread finished: Users 1-55
2022-02-22 16:42:42,506 INFO o.a.j.t.JMeterThread: Stopping because end time detected by thread: Users 1-24
2022-02-22 16:42:42,506 INFO o.a.j.t.JMeterThread: Thread finished: Users 1-24
2022-02-22 16:42:42,512 INFO o.a.j.t.JMeterThread: Thread finished: Users 1-130
2022-02-22 16:42:42,553 INFO o.a.j.t.JMeterThread: Stopping because end time detected by thread: Users 1-118
2022-02-22 16:42:42,553 INFO o.a.j.t.JMeterThread: Thread finished: Users 1-118
2022-02-22 16:42:43,090 INFO o.a.j.t.JMeterThread: Stopping because end time detected by thread: Users 1-117
2022-02-22 16:42:43,091 INFO o.a.j.t.JMeterThread: Thread finished: Users 1-117
2022-02-22 16:42:43,215 INFO o.a.j.t.JMeterThread: Stopping because end time detected by thread: Users 1-13
2022-02-22 16:42:43,215 INFO o.a.j.t.JMeterThread: Thread finished: Users 1-13
2022-02-22 16:42:43,216 INFO o.a.j.t.JMeterThread: Stopping because end time detected by thread: Users 1-116
2022-02-22 16:42:43,216 INFO o.a.j.t.JMeterThread: Thread finished: Users 1-116
2022-02-22 16:42:43,311 INFO o.a.j.t.JMeterThread: Stopping because end time detected by thread: Users 1-15
2022-02-22 16:42:43,312 INFO o.a.j.t.JMeterThread: Thread finished: Users 1-15
2022-02-22 16:42:43,362 INFO o.a.j.t.JMeterThread: Stopping because end time detected by thread: Users 1-122
2022-02-22 16:42:43,362 INFO o.a.j.t.JMeterThread: Thread finished: Users 1-122
2022-02-22 16:42:43,456 INFO o.a.j.t.JMeterThread: Stopping because end time detected by thread: Users 1-142
2022-02-22 16:42:43,456 INFO o.a.j.t.JMeterThread: Thread finished: Users 1-142
2022-02-22 16:42:43,505 INFO o.a.j.t.JMeterThread: Stopping because end time detected by thread: Users 1-148
2022-02-22 16:42:43,505 INFO o.a.j.t.JMeterThread: Thread finished: Users 1-148
2022-02-22 16:42:43,522 INFO o.a.j.t.JMeterThread: Stopping because end time detected by thread: Users 1-109
2022-02-22 16:42:43,522 INFO o.a.j.t.JMeterThread: Thread finished: Users 1-109
2022-02-22 16:42:43,655 INFO o.a.j.t.JMeterThread: Stopping because end time detected by thread: Users 1-154
2022-02-22 16:42:43,655 INFO o.a.j.t.JMeterThread: Thread finished: Users 1-154
2022-02-22 16:42:43,687 INFO o.a.j.t.JMeterThread: Stopping because end time detected by thread: Users 1-150
2022-02-22 16:42:43,687 INFO o.a.j.t.JMeterThread: Thread finished: Users 1-150
2022-02-22 16:42:43,733 INFO o.a.j.t.JMeterThread: Stopping because end time detected by thread: Users 1-99
2022-02-22 16:42:43,733 INFO o.a.j.t.JMeterThread: Thread finished: Users 1-99
2022-02-22 16:42:43,875 INFO o.a.j.t.JMeterThread: Stopping because end time detected by thread: Users 1-38
2022-02-22 16:42:43,875 INFO o.a.j.t.JMeterThread: Thread finished: Users 1-38
2022-02-22 16:42:43,945 INFO o.a.j.t.JMeterThread: Stopping because end time detected by thread: Users 1-87
2022-02-22 16:42:43,946 INFO o.a.j.t.JMeterThread: Thread finished: Users 1-87
2022-02-22 16:42:44,110 INFO o.a.j.t.JMeterThread: Stopping because end time detected by thread: Users 1-125
2022-02-22 16:42:44,110 INFO o.a.j.t.JMeterThread: Thread finished: Users 1-125
2022-02-22 16:42:44,250 INFO o.a.j.t.JMeterThread: Stopping because end time detected by thread: Users 1-39
2022-02-22 16:42:44,251 INFO o.a.j.t.JMeterThread: Thread finished: Users 1-39
2022-02-22 16:42:44,302 INFO o.a.j.t.JMeterThread: Stopping because end time detected by thread: Users 1-144
2022-02-22 16:42:44,303 INFO o.a.j.t.JMeterThread: Thread finished: Users 1-144
2022-02-22 16:42:44,305 INFO o.a.j.t.JMeterThread: Stopping because end time detected by thread: Users 1-128
2022-02-22 16:42:44,305 INFO o.a.j.t.JMeterThread: Thread finished: Users 1-128
2022-02-22 16:42:44,330 INFO o.a.j.t.JMeterThread: Stopping because end time detected by thread: Users 1-67
2022-02-22 16:42:44,330 INFO o.a.j.t.JMeterThread: Thread finished: Users 1-67
2022-02-22 16:42:44,334 INFO o.a.j.t.JMeterThread: Stopping because end time detected by thread: Users 1-26
2022-02-22 16:42:44,334 INFO o.a.j.t.JMeterThread: Thread finished: Users 1-26
2022-02-22 16:42:44,355 INFO o.a.j.t.JMeterThread: Stopping because end time detected by thread: Users 1-140
2022-02-22 16:42:44,355 INFO o.a.j.t.JMeterThread: Thread finished: Users 1-140
2022-02-22 16:42:44,368 INFO o.a.j.t.JMeterThread: Stopping because end time detected by thread: Users 1-21
2022-02-22 16:42:44,368 INFO o.a.j.t.JMeterThread: Thread finished: Users 1-21
2022-02-22 16:42:44,492 INFO o.a.j.t.JMeterThread: Stopping because end time detected by thread: Users 1-45
2022-02-22 16:42:44,492 INFO o.a.j.t.JMeterThread: Thread finished: Users 1-45
2022-02-22 16:42:44,496 INFO o.a.j.t.JMeterThread: Stopping because end time detected by thread: Users 1-83
2022-02-22 16:42:44,496 INFO o.a.j.t.JMeterThread: Thread finished: Users 1-83
2022-02-22 16:42:44,504 INFO o.a.j.t.JMeterThread: Stopping because end time detected by thread: Users 1-23
2022-02-22 16:42:44,505 INFO o.a.j.t.JMeterThread: Thread finished: Users 1-23
2022-02-22 16:42:44,565 INFO o.a.j.t.JMeterThread: Stopping because end time detected by thread: Users 1-50
2022-02-22 16:42:44,565 INFO o.a.j.t.JMeterThread: Thread finished: Users 1-50
2022-02-22 16:42:44,581 INFO o.a.j.t.JMeterThread: Stopping because end time detected by thread: Users 1-32
2022-02-22 16:42:44,581 INFO o.a.j.t.JMeterThread: Thread finished: Users 1-32
2022-02-22 16:42:44,621 INFO o.a.j.t.JMeterThread: Stopping because end time detected by thread: Users 1-120
2022-02-22 16:42:44,621 INFO o.a.j.t.JMeterThread: Thread finished: Users 1-120
2022-02-22 16:42:44,654 INFO o.a.j.t.JMeterThread: Stopping because end time detected by thread: Users 1-60
2022-02-22 16:42:44,654 INFO o.a.j.t.JMeterThread: Thread finished: Users 1-60
2022-02-22 16:42:44,733 INFO o.a.j.t.JMeterThread: Stopping because end time detected by thread: Users 1-98
2022-02-22 16:42:44,733 INFO o.a.j.t.JMeterThread: Thread finished: Users 1-98
2022-02-22 16:42:44,788 INFO o.a.j.t.JMeterThread: Stopping because end time detected by thread: Users 1-62
2022-02-22 16:42:44,788 INFO o.a.j.t.JMeterThread: Thread finished: Users 1-62
2022-02-22 16:42:44,811 INFO o.a.j.t.JMeterThread: Stopping because end time detected by thread: Users 1-127
2022-02-22 16:42:44,811 INFO o.a.j.t.JMeterThread: Thread finished: Users 1-127
2022-02-22 16:42:44,843 INFO o.a.j.t.JMeterThread: Stopping because end time detected by thread: Users 1-143
2022-02-22 16:42:44,843 INFO o.a.j.t.JMeterThread: Thread finished: Users 1-143
2022-02-22 16:42:44,877 INFO o.a.j.t.JMeterThread: Stopping because end time detected by thread: Users 1-31
2022-02-22 16:42:44,877 INFO o.a.j.t.JMeterThread: Thread finished: Users 1-31
2022-02-22 16:42:44,888 INFO o.a.j.t.JMeterThread: Stopping because end time detected by thread: Users 1-80
2022-02-22 16:42:44,888 INFO o.a.j.t.JMeterThread: Thread finished: Users 1-80
2022-02-22 16:42:44,916 INFO o.a.j.t.JMeterThread: Stopping because end time detected by thread: Users 1-74
2022-02-22 16:42:44,916 INFO o.a.j.t.JMeterThread: Thread finished: Users 1-74
2022-02-22 16:42:44,919 INFO o.a.j.t.JMeterThread: Stopping because end time detected by thread: Users 1-132
2022-02-22 16:42:44,920 INFO o.a.j.t.JMeterThread: Thread finished: Users 1-132
2022-02-22 16:42:44,998 INFO o.a.j.t.JMeterThread: Stopping because end time detected by thread: Users 1-121
2022-02-22 16:42:44,998 INFO o.a.j.t.JMeterThread: Thread finished: Users 1-121
2022-02-22 16:42:45,051 INFO o.a.j.t.JMeterThread: Stopping because end time detected by thread: Users 1-124
2022-02-22 16:42:45,051 INFO o.a.j.t.JMeterThread: Thread finished: Users 1-124
2022-02-22 16:42:45,092 INFO o.a.j.t.JMeterThread: Stopping because end time detected by thread: Users 1-86
2022-02-22 16:42:45,093 INFO o.a.j.t.JMeterThread: Thread finished: Users 1-86
2022-02-22 16:42:45,106 INFO o.a.j.t.JMeterThread: Stopping because end time detected by thread: Users 1-20
2022-02-22 16:42:45,106 INFO o.a.j.t.JMeterThread: Thread finished: Users 1-20
2022-02-22 16:42:45,123 INFO o.a.j.t.JMeterThread: Stopping because end time detected by thread: Users 1-78
2022-02-22 16:42:45,123 INFO o.a.j.t.JMeterThread: Thread finished: Users 1-78
2022-02-22 16:42:45,227 INFO o.a.j.t.JMeterThread: Stopping because end time detected by thread: Users 1-88
2022-02-22 16:42:45,227 INFO o.a.j.t.JMeterThread: Thread finished: Users 1-88
2022-02-22 16:42:45,232 INFO o.a.j.t.JMeterThread: Stopping because end time detected by thread: Users 1-3
2022-02-22 16:42:45,233 INFO o.a.j.t.JMeterThread: Thread finished: Users 1-3
2022-02-22 16:42:45,279 INFO o.a.j.t.JMeterThread: Stopping because end time detected by thread: Users 1-152
2022-02-22 16:42:45,279 INFO o.a.j.t.JMeterThread: Thread finished: Users 1-152
2022-02-22 16:42:45,402 INFO o.a.j.t.JMeterThread: Stopping because end time detected by thread: Users 1-92
2022-02-22 16:42:45,402 INFO o.a.j.t.JMeterThread: Thread finished: Users 1-92
2022-02-22 16:42:45,458 INFO o.a.j.t.JMeterThread: Stopping because end time detected by thread: Users 1-112
2022-02-22 16:42:45,458 INFO o.a.j.t.JMeterThread: Thread finished: Users 1-112
2022-02-22 16:42:45,606 INFO o.a.j.t.JMeterThread: Stopping because end time detected by thread: Users 1-82
2022-02-22 16:42:45,606 INFO o.a.j.t.JMeterThread: Thread finished: Users 1-82
2022-02-22 16:42:45,650 INFO o.a.j.t.JMeterThread: Stopping because end time detected by thread: Users 1-72
2022-02-22 16:42:45,650 INFO o.a.j.t.JMeterThread: Thread finished: Users 1-72
2022-02-22 16:42:45,655 INFO o.a.j.t.JMeterThread: Stopping because end time detected by thread: Users 1-16
2022-02-22 16:42:45,655 INFO o.a.j.t.JMeterThread: Thread finished: Users 1-16
2022-02-22 16:42:45,703 INFO o.a.j.t.JMeterThread: Stopping because end time detected by thread: Users 1-110
2022-02-22 16:42:45,703 INFO o.a.j.t.JMeterThread: Thread finished: Users 1-110
2022-02-22 16:42:45,790 INFO o.a.j.t.JMeterThread: Stopping because end time detected by thread: Users 1-135
2022-02-22 16:42:45,790 INFO o.a.j.t.JMeterThread: Thread finished: Users 1-135
2022-02-22 16:42:45,810 INFO o.a.j.t.JMeterThread: Stopping because end time detected by thread: Users 1-18
2022-02-22 16:42:45,811 INFO o.a.j.t.JMeterThread: Thread finished: Users 1-18
2022-02-22 16:42:45,900 INFO o.a.j.t.JMeterThread: Stopping because end time detected by thread: Users 1-37
2022-02-22 16:42:45,901 INFO o.a.j.t.JMeterThread: Thread finished: Users 1-37
2022-02-22 16:42:45,907 INFO o.a.j.t.JMeterThread: Stopping because end time detected by thread: Users 1-104
2022-02-22 16:42:45,908 INFO o.a.j.t.JMeterThread: Thread finished: Users 1-104
2022-02-22 16:42:45,938 INFO o.a.j.t.JMeterThread: Stopping because end time detected by thread: Users 1-69
2022-02-22 16:42:45,938 INFO o.a.j.t.JMeterThread: Thread finished: Users 1-69
2022-02-22 16:42:45,954 INFO o.a.j.t.JMeterThread: Stopping because end time detected by thread: Users 1-14
2022-02-22 16:42:45,954 INFO o.a.j.t.JMeterThread: Thread finished: Users 1-14
2022-02-22 16:42:45,978 INFO o.a.j.t.JMeterThread: Stopping because end time detected by thread: Users 1-41
2022-02-22 16:42:45,978 INFO o.a.j.t.JMeterThread: Thread finished: Users 1-41
2022-02-22 16:42:45,982 INFO o.a.j.t.JMeterThread: Stopping because end time detected by thread: Users 1-34
2022-02-22 16:42:45,982 INFO o.a.j.t.JMeterThread: Thread finished: Users 1-34
2022-02-22 16:42:46,115 INFO o.a.j.t.JMeterThread: Stopping because end time detected by thread: Users 1-97
2022-02-22 16:42:46,115 INFO o.a.j.t.JMeterThread: Thread finished: Users 1-97
2022-02-22 16:42:46,122 INFO o.a.j.t.JMeterThread: Stopping because end time detected by thread: Users 1-66
2022-02-22 16:42:46,122 INFO o.a.j.t.JMeterThread: Thread finished: Users 1-66
2022-02-22 16:42:46,179 INFO o.a.j.t.JMeterThread: Stopping because end time detected by thread: Users 1-126
2022-02-22 16:42:46,179 INFO o.a.j.t.JMeterThread: Thread finished: Users 1-126
2022-02-22 16:42:46,179 INFO o.a.j.t.JMeterThread: Stopping because end time detected by thread: Users 1-30
2022-02-22 16:42:46,179 INFO o.a.j.t.JMeterThread: Thread finished: Users 1-30
2022-02-22 16:42:46,317 INFO o.a.j.t.JMeterThread: Stopping because end time detected by thread: Users 1-151
2022-02-22 16:42:46,317 INFO o.a.j.t.JMeterThread: Thread finished: Users 1-151
2022-02-22 16:42:46,409 INFO o.a.j.t.JMeterThread: Stopping because end time detected by thread: Users 1-73
2022-02-22 16:42:46,409 INFO o.a.j.t.JMeterThread: Thread finished: Users 1-73
2022-02-22 16:42:46,423 INFO o.a.j.t.JMeterThread: Stopping because end time detected by thread: Users 1-1
2022-02-22 16:42:46,423 INFO o.a.j.t.JMeterThread: Thread finished: Users 1-1
2022-02-22 16:42:46,434 INFO o.a.j.t.JMeterThread: Stopping because end time detected by thread: Users 1-7
2022-02-22 16:42:46,434 INFO o.a.j.t.JMeterThread: Thread finished: Users 1-7
2022-02-22 16:42:46,540 INFO o.a.j.t.JMeterThread: Stopping because end time detected by thread: Users 1-107
2022-02-22 16:42:46,540 INFO o.a.j.t.JMeterThread: Thread finished: Users 1-107
2022-02-22 16:42:46,552 INFO o.a.j.t.JMeterThread: Stopping because end time detected by thread: Users 1-4
2022-02-22 16:42:46,552 INFO o.a.j.t.JMeterThread: Thread finished: Users 1-4
2022-02-22 16:42:46,563 INFO o.a.j.t.JMeterThread: Stopping because end time detected by thread: Users 1-137
2022-02-22 16:42:46,564 INFO o.a.j.t.JMeterThread: Thread finished: Users 1-137
2022-02-22 16:42:46,860 INFO o.a.j.t.JMeterThread: Stopping because end time detected by thread: Users 1-131
2022-02-22 16:42:46,861 INFO o.a.j.t.JMeterThread: Thread finished: Users 1-131
2022-02-22 16:42:47,220 INFO o.a.j.t.JMeterThread: Stopping because end time detected by thread: Users 1-71
2022-02-22 16:42:47,220 INFO o.a.j.t.JMeterThread: Thread finished: Users 1-71
2022-02-22 16:42:47,235 INFO o.a.j.t.JMeterThread: Stopping because end time detected by thread: Users 1-114
2022-02-22 16:42:47,235 INFO o.a.j.t.JMeterThread: Thread finished: Users 1-114
2022-02-22 16:42:47,318 INFO o.a.j.t.JMeterThread: Stopping because end time detected by thread: Users 1-47
2022-02-22 16:42:47,318 INFO o.a.j.t.JMeterThread: Thread finished: Users 1-47
2022-02-22 16:42:47,368 INFO o.a.j.t.JMeterThread: Stopping because end time detected by thread: Users 1-119
2022-02-22 16:42:47,368 INFO o.a.j.t.JMeterThread: Thread finished: Users 1-119
2022-02-22 16:42:47,489 INFO o.a.j.t.JMeterThread: Stopping because end time detected by thread: Users 1-141
2022-02-22 16:42:47,490 INFO o.a.j.t.JMeterThread: Thread finished: Users 1-141
2022-02-22 16:42:47,501 INFO o.a.j.t.JMeterThread: Stopping because end time detected by thread: Users 1-84
2022-02-22 16:42:47,501 INFO o.a.j.t.JMeterThread: Thread finished: Users 1-84
2022-02-22 16:42:47,561 INFO o.a.j.t.JMeterThread: Stopping because end time detected by thread: Users 1-12
2022-02-22 16:42:47,562 INFO o.a.j.t.JMeterThread: Thread finished: Users 1-12
2022-02-22 16:42:47,649 INFO o.a.j.t.JMeterThread: Stopping because end time detected by thread: Users 1-94
2022-02-22 16:42:47,649 INFO o.a.j.t.JMeterThread: Thread finished: Users 1-94
2022-02-22 16:42:47,665 INFO o.a.j.t.JMeterThread: Stopping because end time detected by thread: Users 1-90
2022-02-22 16:42:47,665 INFO o.a.j.t.JMeterThread: Thread finished: Users 1-90
2022-02-22 16:42:47,722 INFO o.a.j.t.JMeterThread: Stopping because end time detected by thread: Users 1-42
2022-02-22 16:42:47,723 INFO o.a.j.t.JMeterThread: Thread finished: Users 1-42
2022-02-22 16:42:47,732 INFO o.a.j.t.JMeterThread: Stopping because end time detected by thread: Users 1-43
2022-02-22 16:42:47,732 INFO o.a.j.t.JMeterThread: Thread finished: Users 1-43
2022-02-22 16:42:47,735 INFO o.a.j.t.JMeterThread: Stopping because end time detected by thread: Users 1-146
2022-02-22 16:42:47,735 INFO o.a.j.t.JMeterThread: Thread finished: Users 1-146
2022-02-22 16:42:47,762 INFO o.a.j.t.JMeterThread: Stopping because end time detected by thread: Users 1-75
2022-02-22 16:42:47,762 INFO o.a.j.t.JMeterThread: Thread finished: Users 1-75
2022-02-22 16:42:47,765 INFO o.a.j.t.JMeterThread: Stopping because end time detected by thread: Users 1-160
2022-02-22 16:42:47,765 INFO o.a.j.t.JMeterThread: Thread finished: Users 1-160
2022-02-22 16:42:47,779 INFO o.a.j.t.JMeterThread: Stopping because end time detected by thread: Users 1-40
2022-02-22 16:42:47,779 INFO o.a.j.t.JMeterThread: Thread finished: Users 1-40
2022-02-22 16:42:47,781 INFO o.a.j.t.JMeterThread: Stopping because end time detected by thread: Users 1-2
2022-02-22 16:42:47,781 INFO o.a.j.t.JMeterThread: Thread finished: Users 1-2
2022-02-22 16:42:47,789 INFO o.a.j.t.JMeterThread: Stopping because end time detected by thread: Users 1-19
2022-02-22 16:42:47,789 INFO o.a.j.t.JMeterThread: Thread finished: Users 1-19
2022-02-22 16:42:47,832 INFO o.a.j.t.JMeterThread: Stopping because end time detected by thread: Users 1-9
2022-02-22 16:42:47,832 INFO o.a.j.t.JMeterThread: Thread finished: Users 1-9
2022-02-22 16:42:48,033 INFO o.a.j.t.JMeterThread: Stopping because end time detected by thread: Users 1-139
2022-02-22 16:42:48,033 INFO o.a.j.t.JMeterThread: Thread finished: Users 1-139
2022-02-22 16:42:48,273 INFO o.a.j.t.JMeterThread: Stopping because end time detected by thread: Users 1-28
2022-02-22 16:42:48,273 INFO o.a.j.t.JMeterThread: Thread finished: Users 1-28
2022-02-22 16:42:48,296 INFO o.a.j.t.JMeterThread: Stopping because end time detected by thread: Users 1-93
2022-02-22 16:42:48,296 INFO o.a.j.t.JMeterThread: Thread finished: Users 1-93
2022-02-22 16:42:48,456 INFO o.a.j.t.JMeterThread: Stopping because end time detected by thread: Users 1-105
2022-02-22 16:42:48,456 INFO o.a.j.t.JMeterThread: Thread finished: Users 1-105
2022-02-22 16:42:48,499 INFO o.a.j.t.JMeterThread: Stopping because end time detected by thread: Users 1-77
2022-02-22 16:42:48,499 INFO o.a.j.t.JMeterThread: Thread finished: Users 1-77
2022-02-22 16:42:48,514 INFO o.a.j.t.JMeterThread: Stopping because end time detected by thread: Users 1-48
2022-02-22 16:42:48,514 INFO o.a.j.t.JMeterThread: Thread finished: Users 1-48
2022-02-22 16:42:48,722 INFO o.a.j.t.JMeterThread: Stopping because end time detected by thread: Users 1-159
2022-02-22 16:42:48,722 INFO o.a.j.t.JMeterThread: Thread finished: Users 1-159
2022-02-22 16:42:48,736 INFO o.a.j.t.JMeterThread: Stopping because end time detected by thread: Users 1-81
2022-02-22 16:42:48,737 INFO o.a.j.t.JMeterThread: Thread finished: Users 1-81
2022-02-22 16:42:50,544 INFO o.a.j.r.Summariser: summary +    108 in 00:00:10 =   10.4/s Avg:  9387 Min:  2625 Max: 17125 Err:     0 (0.00%) Active: 12 Started: 160 Finished: 148
2022-02-22 16:42:50,545 INFO o.a.j.r.Summariser: summary =   3049 in 00:05:09 =    9.9/s Avg:  6015 Min:     0 Max: 21515 Err:   131 (4.30%)
2022-02-22 16:42:50,545 INFO o.a.j.t.JMeterThread: Stopping because end time detected by thread: Users 1-51
2022-02-22 16:42:50,545 INFO o.a.j.t.JMeterThread: Thread finished: Users 1-51
2022-02-22 16:42:58,113 INFO o.a.j.t.JMeterThread: Stopping because end time detected by thread: Users 1-149
2022-02-22 16:42:58,114 INFO o.a.j.t.JMeterThread: Thread finished: Users 1-149
2022-02-22 16:42:58,114 INFO o.a.j.t.JMeterThread: Stopping because end time detected by thread: Users 1-100
2022-02-22 16:42:58,114 INFO o.a.j.t.JMeterThread: Thread finished: Users 1-100
2022-02-22 16:42:58,225 INFO o.a.j.t.JMeterThread: Stopping because end time detected by thread: Users 1-64
2022-02-22 16:42:58,225 INFO o.a.j.t.JMeterThread: Thread finished: Users 1-64
2022-02-22 16:42:58,238 INFO o.a.j.t.JMeterThread: Stopping because end time detected by thread: Users 1-85
2022-02-22 16:42:58,238 INFO o.a.j.t.JMeterThread: Thread finished: Users 1-85
2022-02-22 16:42:58,317 INFO o.a.j.t.JMeterThread: Stopping because end time detected by thread: Users 1-136
2022-02-22 16:42:58,317 INFO o.a.j.t.JMeterThread: Thread finished: Users 1-136
2022-02-22 16:42:58,330 INFO o.a.j.t.JMeterThread: Stopping because end time detected by thread: Users 1-147
2022-02-22 16:42:58,330 INFO o.a.j.t.JMeterThread: Thread finished: Users 1-147
2022-02-22 16:42:58,372 INFO o.a.j.t.JMeterThread: Stopping because end time detected by thread: Users 1-44
2022-02-22 16:42:58,372 INFO o.a.j.t.JMeterThread: Thread finished: Users 1-44
2022-02-22 16:42:58,537 INFO o.a.j.t.JMeterThread: Stopping because end time detected by thread: Users 1-27
2022-02-22 16:42:58,537 INFO o.a.j.t.JMeterThread: Thread finished: Users 1-27
2022-02-22 16:42:58,551 INFO o.a.j.t.JMeterThread: Stopping because end time detected by thread: Users 1-101
2022-02-22 16:42:58,551 INFO o.a.j.t.JMeterThread: Thread finished: Users 1-101
2022-02-22 16:42:58,565 INFO o.a.j.t.JMeterThread: Stopping because end time detected by thread: Users 1-156
2022-02-22 16:42:58,565 INFO o.a.j.t.JMeterThread: Thread finished: Users 1-156
2022-02-22 16:42:58,611 INFO o.a.j.t.JMeterThread: Stopping because end time detected by thread: Users 1-49
2022-02-22 16:42:58,611 INFO o.a.j.t.JMeterThread: Thread finished: Users 1-49
2022-02-22 16:42:58,611 INFO o.a.j.e.StandardJMeterEngine: Notifying test listeners of end of test
2022-02-22 16:42:58,612 INFO o.a.j.s.FileServer: Close: /home/panda/LoadTest/ClientFolder/rnd_load_test/users_1000.csv
2022-02-22 16:42:58,613 INFO o.a.j.r.Summariser: summary +     11 in 00:00:08 =    1.4/s Avg: 20987 Min: 20610 Max: 21740 Err:     0 (0.00%) Active: 0 Started: 160 Finished: 160
2022-02-22 16:42:58,614 INFO o.a.j.r.Summariser: summary =   3060 in 00:05:18 =    9.6/s Avg:  6069 Min:     0 Max: 21740 Err:   131 (4.28%)
2022-02-22 16:42:58,614 INFO o.a.j.JMeter: Generating Dashboard
2022-02-22 16:42:58,614 INFO o.a.j.r.d.ReportGenerator: Flushing result collector before report Generation
2022-02-22 16:42:58,636 INFO o.a.j.r.p.NormalizerSampleConsumer: Using format, 'ms', to parse timeStamp field
2022-02-22 16:42:59,036 INFO o.a.j.r.p.AbstractSampleConsumer: class org.apache.jmeter.report.processor.AggregateConsumer#stopProducing(): beginDate produced 0 samples
2022-02-22 16:42:59,036 INFO o.a.j.r.p.AbstractSampleConsumer: class org.apache.jmeter.report.processor.AggregateConsumer#stopProducing(): endDate produced 0 samples
2022-02-22 16:42:59,039 INFO o.a.j.r.p.AbstractSampleConsumer: class org.apache.jmeter.report.processor.ApdexSummaryConsumer#stopProducing(): apdexSummary produced 0 samples
2022-02-22 16:42:59,039 INFO o.a.j.r.p.AbstractSampleConsumer: class org.apache.jmeter.report.processor.RequestsSummaryConsumer#stopProducing(): requestsSummary produced 0 samples
2022-02-22 16:42:59,052 INFO o.a.j.r.p.AbstractSampleConsumer: class org.apache.jmeter.report.processor.StatisticsSummaryConsumer#stopProducing(): statisticsSummary produced 0 samples
2022-02-22 16:42:59,058 INFO o.a.j.r.p.AbstractSampleConsumer: class org.apache.jmeter.report.processor.Top5ErrorsBySamplerConsumer#stopProducing(): top5ErrorsBySampler produced 0 samples
2022-02-22 16:42:59,058 INFO o.a.j.r.p.AbstractSampleConsumer: class org.apache.jmeter.report.processor.ErrorsSummaryConsumer#stopProducing(): errorsSummary produced 0 samples
2022-02-22 16:42:59,058 INFO o.a.j.r.p.AbstractSampleConsumer: class org.apache.jmeter.report.processor.graph.impl.HitsPerSecondGraphConsumer#stopProducing(): hitsPerSecond produced 0 samples
2022-02-22 16:42:59,132 INFO o.a.j.r.p.AbstractSampleConsumer: class org.apache.jmeter.report.processor.graph.impl.LatencyVSRequestGraphConsumer#stopProducing(): latencyVsRequest produced 0 samples
2022-02-22 16:42:59,136 INFO o.a.j.r.p.AbstractSampleConsumer: class org.apache.jmeter.report.processor.graph.impl.SyntheticResponseTimeDistributionGraphConsumer#stopProducing(): syntheticResponseTimeDistribution produced 0 samples
2022-02-22 16:42:59,137 INFO o.a.j.r.p.AbstractSampleConsumer: class org.apache.jmeter.report.processor.graph.impl.BytesThroughputGraphConsumer#stopProducing(): bytesThroughputOverTime produced 0 samples
2022-02-22 16:42:59,137 INFO o.a.j.r.p.AbstractSampleConsumer: class org.apache.jmeter.report.processor.graph.impl.CodesPerSecondGraphConsumer#stopProducing(): codesPerSecond produced 0 samples
2022-02-22 16:42:59,180 INFO o.a.j.r.p.AbstractSampleConsumer: class org.apache.jmeter.report.processor.graph.impl.ResponseTimeVSRequestGraphConsumer#stopProducing(): responseTimeVsRequest produced 0 samples
2022-02-22 16:42:59,183 INFO o.a.j.r.p.AbstractSampleConsumer: class org.apache.jmeter.report.processor.FilterConsumer#stopProducing(): startIntervalControlerFilter produced 21420 samples
2022-02-22 16:42:59,183 INFO o.a.j.r.p.AbstractSampleConsumer: class org.apache.jmeter.report.processor.graph.impl.TotalTPSGraphConsumer#stopProducing(): totalTPS produced 0 samples
2022-02-22 16:42:59,183 INFO o.a.j.r.p.AbstractSampleConsumer: class org.apache.jmeter.report.processor.graph.impl.ActiveThreadsGraphConsumer#stopProducing(): activeThreadsOverTime produced 0 samples
2022-02-22 16:42:59,183 INFO o.a.j.r.p.AbstractSampleConsumer: class org.apache.jmeter.report.processor.graph.impl.TimeVSThreadGraphConsumer#stopProducing(): timeVsThreads produced 0 samples
2022-02-22 16:42:59,184 INFO o.a.j.r.p.AbstractSampleConsumer: class org.apache.jmeter.report.processor.graph.impl.ResponseTimeDistributionGraphConsumer#stopProducing(): responseTimeDistribution produced 0 samples
2022-02-22 16:42:59,185 INFO o.a.j.r.p.AbstractSampleConsumer: class org.apache.jmeter.report.processor.graph.impl.TransactionsPerSecondGraphConsumer#stopProducing(): transactionsPerSecond produced 0 samples
2022-02-22 16:42:59,186 INFO o.a.j.r.p.AbstractSampleConsumer: class org.apache.jmeter.report.processor.graph.impl.ResponseTimePercentilesGraphConsumer#stopProducing(): responseTimePercentiles produced 0 samples
2022-02-22 16:42:59,198 INFO o.a.j.r.p.AbstractSampleConsumer: class org.apache.jmeter.report.processor.graph.impl.ResponseTimePercentilesOverTimeGraphConsumer#stopProducing(): responseTimePercentilesOverTime produced 0 samples
2022-02-22 16:42:59,199 INFO o.a.j.r.p.AbstractSampleConsumer: class org.apache.jmeter.report.processor.graph.impl.ResponseTimeOverTimeGraphConsumer#stopProducing(): responseTimesOverTime produced 0 samples
2022-02-22 16:42:59,199 INFO o.a.j.r.p.AbstractSampleConsumer: class org.apache.jmeter.report.processor.graph.impl.ConnectTimeOverTimeGraphConsumer#stopProducing(): connectTimeOverTime produced 0 samples
2022-02-22 16:42:59,200 INFO o.a.j.r.p.AbstractSampleConsumer: class org.apache.jmeter.report.processor.graph.impl.LatencyOverTimeGraphConsumer#stopProducing(): latenciesOverTime produced 0 samples
2022-02-22 16:42:59,200 INFO o.a.j.r.p.AbstractSampleConsumer: class org.apache.jmeter.report.processor.FilterConsumer#stopProducing(): nameFilter produced 45900 samples
2022-02-22 16:42:59,200 INFO o.a.j.r.p.AbstractSampleConsumer: class org.apache.jmeter.report.processor.FilterConsumer#stopProducing(): dateRangeFilter produced 9180 samples
2022-02-22 16:42:59,200 INFO o.a.j.r.p.AbstractSampleConsumer: class org.apache.jmeter.report.processor.NormalizerSampleConsumer#stopProducing(): normalizer produced 3060 samples
2022-02-22 16:42:59,201 INFO o.a.j.r.p.CsvFileSampleSource: produce(): 3060 samples produced in 527ms on channel 0
2022-02-22 16:42:59,201 INFO o.a.j.r.d.ReportGenerator: Exporting data using exporter:'json' of className:'org.apache.jmeter.report.dashboard.JsonExporter'
2022-02-22 16:42:59,204 INFO o.a.j.r.d.JsonExporter: Found data for consumer statisticsSummaryin context
2022-02-22 16:42:59,204 INFO o.a.j.r.d.JsonExporter: Creating statistics for overall
2022-02-22 16:42:59,205 INFO o.a.j.r.d.JsonExporter: Creating statistics for other transactions
2022-02-22 16:42:59,205 INFO o.a.j.r.d.JsonExporter: Checking output folder
2022-02-22 16:42:59,206 INFO o.a.j.r.d.JsonExporter: Writing statistics JSON to /home/panda/LoadTest/ClientFolder/rnd_load_test/test_results/users_160_22022022_163737/output/statistics.json
2022-02-22 16:42:59,456 INFO o.a.j.r.d.ReportGenerator: Exporting data using exporter:'html' of className:'org.apache.jmeter.report.dashboard.HtmlTemplateExporter'
2022-02-22 16:42:59,460 INFO o.a.j.r.d.HtmlTemplateExporter: Will generate dashboard in folder: /home/panda/LoadTest/ClientFolder/rnd_load_test/test_results/users_160_22022022_163737/output
2022-02-22 16:42:59,681 ERROR f.configuration: DefaultObjectWrapper.incompatibleImprovements was set to the object returned by Configuration.getVersion(). That defeats the purpose of incompatibleImprovements, and makes upgrading FreeMarker a potentially breaking change. Also, this probably won't be allowed starting from 2.4.0. Instead, set incompatibleImprovements to the highest concrete version that's known to be compatible with your application.
2022-02-22 16:42:59,684 ERROR f.configuration: Configuration.incompatibleImprovements was set to the object returned by Configuration.getVersion(). That defeats the purpose of incompatibleImprovements, and makes upgrading FreeMarker a potentially breaking change. Also, this probably won't be allowed starting from 2.4.0. Instead, set incompatibleImprovements to the highest concrete version that's known to be compatible with your application.
2022-02-22 16:42:59,698 INFO o.a.j.r.d.HtmlTemplateExporter: Report will be generated in: /home/panda/LoadTest/ClientFolder/rnd_load_test/test_results/users_160_22022022_163737/output, creating folder structure
2022-02-22 16:42:59,703 INFO o.a.j.r.d.TemplateVisitor: Copying folder from '/home/panda/LoadTest/ClientFolder/rnd_load_test/apache-jmeter-5.3/bin/report-template' to '/home/panda/LoadTest/ClientFolder/rnd_load_test/test_results/users_160_22022022_163737/output', got message: /home/panda/LoadTest/ClientFolder/rnd_load_test/test_results/users_160_22022022_163737/output, found non empty folder with following content [/home/panda/LoadTest/ClientFolder/rnd_load_test/test_results/users_160_22022022_163737/output/statistics.json], will be ignored
2022-02-22 16:43:00,098 INFO o.a.j.JMeter: Dashboard generated
