2022-02-22 17:26:36,566 INFO o.a.j.u.JMeterUtils: Setting Locale to en_EN
2022-02-22 17:26:36,590 INFO o.a.j.JMeter: Loading user properties from: /home/panda/LoadTest/ClientFolder/rnd_load_test/apache-jmeter-5.3/bin/user.properties
2022-02-22 17:26:36,591 INFO o.a.j.JMeter: Loading system properties from: /home/panda/LoadTest/ClientFolder/rnd_load_test/apache-jmeter-5.3/bin/system.properties
2022-02-22 17:26:36,593 INFO o.a.j.JMeter: Copyright (c) 1998-2020 The Apache Software Foundation
2022-02-22 17:26:36,593 INFO o.a.j.JMeter: Version 5.3
2022-02-22 17:26:36,594 INFO o.a.j.JMeter: java.version=1.8.0_181
2022-02-22 17:26:36,594 INFO o.a.j.JMeter: java.vm.name=Java HotSpot(TM) 64-Bit Server VM
2022-02-22 17:26:36,594 INFO o.a.j.JMeter: os.name=Linux
2022-02-22 17:26:36,594 INFO o.a.j.JMeter: os.arch=amd64
2022-02-22 17:26:36,594 INFO o.a.j.JMeter: os.version=4.4.0-210-generic
2022-02-22 17:26:36,594 INFO o.a.j.JMeter: file.encoding=UTF-8
2022-02-22 17:26:36,595 INFO o.a.j.JMeter: java.awt.headless=true
2022-02-22 17:26:36,595 INFO o.a.j.JMeter: Max memory     =1073741824
2022-02-22 17:26:36,595 INFO o.a.j.JMeter: Available Processors =16
2022-02-22 17:26:36,604 INFO o.a.j.JMeter: Default Locale=English (EN)
2022-02-22 17:26:36,605 INFO o.a.j.JMeter: JMeter  Locale=English (EN)
2022-02-22 17:26:36,605 INFO o.a.j.JMeter: JMeterHome=/home/panda/LoadTest/ClientFolder/rnd_load_test/apache-jmeter-5.3
2022-02-22 17:26:36,605 INFO o.a.j.JMeter: user.dir  =/home/panda/LoadTest/ClientFolder/rnd_load_test
2022-02-22 17:26:36,605 INFO o.a.j.JMeter: PWD       =/home/panda/LoadTest/ClientFolder/rnd_load_test
2022-02-22 17:26:36,606 INFO o.a.j.JMeter: IP: 10.129.131.5 Name: markov FullName: markov
2022-02-22 17:26:36,611 INFO o.a.j.JMeter: Setting property 'jmeter.reportgenerator.outputdir' to:'/home/panda/LoadTest/ClientFolder/rnd_load_test/test_results/users_160_22022022_172635/output'
2022-02-22 17:26:36,615 INFO o.a.j.s.FileServer: Default base='/home/panda/LoadTest/ClientFolder/rnd_load_test'
2022-02-22 17:26:36,622 INFO o.a.j.s.FileServer: Set new base='/home/panda/LoadTest/ClientFolder/rnd_load_test'
2022-02-22 17:26:36,824 INFO o.a.j.s.SaveService: Testplan (JMX) version: 2.2. Testlog (JTL) version: 2.2
2022-02-22 17:26:36,882 INFO o.a.j.s.SaveService: Using SaveService properties file encoding UTF-8
2022-02-22 17:26:36,889 INFO o.a.j.s.SaveService: Using SaveService properties version 5.0
2022-02-22 17:26:36,899 INFO o.a.j.s.SaveService: Loading file: evalpro_load_test_only_upload.jmx
2022-02-22 17:26:36,962 INFO o.a.j.p.h.c.CookieManager: Settings: Delete null: true Check: true Allow variable: true Save: false Prefix: COOKIE_
2022-02-22 17:26:37,056 INFO o.a.j.p.h.s.HTTPSamplerBase: Parser for text/html is org.apache.jmeter.protocol.http.parser.LagartoBasedHtmlParser
2022-02-22 17:26:37,056 INFO o.a.j.p.h.s.HTTPSamplerBase: Parser for application/xhtml+xml is org.apache.jmeter.protocol.http.parser.LagartoBasedHtmlParser
2022-02-22 17:26:37,056 INFO o.a.j.p.h.s.HTTPSamplerBase: Parser for application/xml is org.apache.jmeter.protocol.http.parser.LagartoBasedHtmlParser
2022-02-22 17:26:37,057 INFO o.a.j.p.h.s.HTTPSamplerBase: Parser for text/xml is org.apache.jmeter.protocol.http.parser.LagartoBasedHtmlParser
2022-02-22 17:26:37,057 INFO o.a.j.p.h.s.HTTPSamplerBase: Parser for text/vnd.wap.wml is org.apache.jmeter.protocol.http.parser.RegexpHTMLParser
2022-02-22 17:26:37,057 INFO o.a.j.p.h.s.HTTPSamplerBase: Parser for text/css is org.apache.jmeter.protocol.http.parser.CssParser
2022-02-22 17:26:37,237 INFO o.a.j.JMeter: Creating summariser <summary>
2022-02-22 17:26:37,245 INFO o.a.j.r.d.ReportGenerator: ReportGenerator will use for Parsing the separator: ','
2022-02-22 17:26:37,245 INFO o.a.j.r.d.ReportGenerator: Will generate report at end of test from  results file: test_results/users_160_22022022_172635/results.csv
2022-02-22 17:26:37,246 INFO o.a.j.r.d.ReportGenerator: Reading report generator properties from: /home/panda/LoadTest/ClientFolder/rnd_load_test/apache-jmeter-5.3/bin/reportgenerator.properties
2022-02-22 17:26:37,247 INFO o.a.j.r.d.ReportGenerator: Merging with JMeter properties
2022-02-22 17:26:37,254 INFO o.a.j.r.c.ReportGeneratorConfiguration: Property 'jmeter.reportgenerator.temp_dir' not found, using default value 'temp' instead.
2022-02-22 17:26:37,259 INFO o.a.j.r.c.ReportGeneratorConfiguration: Property 'jmeter.reportgenerator.apdex_per_transaction' not found, using default value 'null' instead.
2022-02-22 17:26:37,260 INFO o.a.j.r.c.ReportGeneratorConfiguration: apdex_per_transaction is empty, not APDEX per transaction customization
2022-02-22 17:26:37,260 INFO o.a.j.r.c.ReportGeneratorConfiguration: Property 'jmeter.reportgenerator.sample_filter' not found, using default value 'null' instead.
2022-02-22 17:26:37,260 INFO o.a.j.r.c.ReportGeneratorConfiguration: Property 'jmeter.reportgenerator.report_title' not found, using default value 'null' instead.
2022-02-22 17:26:37,260 INFO o.a.j.r.c.ReportGeneratorConfiguration: Property 'jmeter.reportgenerator.start_date' not found, using default value 'null' instead.
2022-02-22 17:26:37,261 INFO o.a.j.r.c.ReportGeneratorConfiguration: Property 'jmeter.reportgenerator.end_date' not found, using default value 'null' instead.
2022-02-22 17:26:37,261 INFO o.a.j.r.c.ReportGeneratorConfiguration: Property 'jmeter.reportgenerator.date_format' not found, using default value 'null' instead.
2022-02-22 17:26:37,262 INFO o.a.j.r.c.ReportGeneratorConfiguration: Will use date range start date: null, end date: null
2022-02-22 17:26:37,269 INFO o.a.j.r.c.ReportGeneratorConfiguration: Property 'jmeter.reportgenerator.graph.totalTPS.exclude_controllers' not found, using default value 'false' instead.
2022-02-22 17:26:37,269 INFO o.a.j.r.c.ReportGeneratorConfiguration: Property 'jmeter.reportgenerator.graph.activeThreadsOverTime.exclude_controllers' not found, using default value 'false' instead.
2022-02-22 17:26:37,269 INFO o.a.j.r.c.ReportGeneratorConfiguration: Property 'jmeter.reportgenerator.graph.timeVsThreads.exclude_controllers' not found, using default value 'false' instead.
2022-02-22 17:26:37,270 INFO o.a.j.r.c.ReportGeneratorConfiguration: Property 'jmeter.reportgenerator.graph.responseTimeDistribution.exclude_controllers' not found, using default value 'false' instead.
2022-02-22 17:26:37,270 INFO o.a.j.r.c.ReportGeneratorConfiguration: Property 'jmeter.reportgenerator.graph.transactionsPerSecond.exclude_controllers' not found, using default value 'false' instead.
2022-02-22 17:26:37,270 INFO o.a.j.r.c.ReportGeneratorConfiguration: Property 'jmeter.reportgenerator.graph.responseTimePercentiles.exclude_controllers' not found, using default value 'false' instead.
2022-02-22 17:26:37,271 INFO o.a.j.r.c.ReportGeneratorConfiguration: Property 'jmeter.reportgenerator.graph.responseTimePercentilesOverTime.exclude_controllers' not found, using default value 'false' instead.
2022-02-22 17:26:37,271 INFO o.a.j.r.c.ReportGeneratorConfiguration: Property 'jmeter.reportgenerator.graph.responseTimesOverTime.exclude_controllers' not found, using default value 'false' instead.
2022-02-22 17:26:37,271 INFO o.a.j.r.c.ReportGeneratorConfiguration: Property 'jmeter.reportgenerator.graph.connectTimeOverTime.exclude_controllers' not found, using default value 'false' instead.
2022-02-22 17:26:37,272 INFO o.a.j.r.c.ReportGeneratorConfiguration: Property 'jmeter.reportgenerator.graph.latenciesOverTime.exclude_controllers' not found, using default value 'false' instead.
2022-02-22 17:26:37,273 INFO o.a.j.r.c.ReportGeneratorConfiguration: Property 'jmeter.reportgenerator.exporter.json.filters_only_sample_series' not found, using default value 'true' instead.
2022-02-22 17:26:37,274 INFO o.a.j.r.c.ReportGeneratorConfiguration: Property 'jmeter.reportgenerator.exporter.json.series_filter' not found, using default value '' instead.
2022-02-22 17:26:37,274 INFO o.a.j.r.c.ReportGeneratorConfiguration: Property 'jmeter.reportgenerator.exporter.json.show_controllers_only' not found, using default value 'false' instead.
2022-02-22 17:26:37,275 INFO o.a.j.r.c.ReportGeneratorConfiguration: Property 'jmeter.reportgenerator.exporter.html.filters_only_sample_series' not found, using default value 'true' instead.
2022-02-22 17:26:37,275 INFO o.a.j.r.c.ReportGeneratorConfiguration: Property 'jmeter.reportgenerator.exporter.html.series_filter' not found, using default value '' instead.
2022-02-22 17:26:37,275 INFO o.a.j.r.c.ReportGeneratorConfiguration: Property 'jmeter.reportgenerator.exporter.html.show_controllers_only' not found, using default value 'false' instead.
2022-02-22 17:26:37,283 INFO o.a.j.e.StandardJMeterEngine: Running the test!
2022-02-22 17:26:37,285 INFO o.a.j.s.SampleEvent: List of sample_variables: []
2022-02-22 17:26:37,285 INFO o.a.j.s.SampleEvent: List of sample_variables: []
2022-02-22 17:26:37,302 INFO o.a.j.e.u.CompoundVariable: Note: Function class names must contain the string: '.functions.'
2022-02-22 17:26:37,302 INFO o.a.j.e.u.CompoundVariable: Note: Function class names must not contain the string: '.gui.'
2022-02-22 17:26:38,139 INFO o.a.j.JMeter: Running test (1645530998139)
2022-02-22 17:26:38,246 INFO o.a.j.e.StandardJMeterEngine: Starting ThreadGroup: 1 : Users
2022-02-22 17:26:38,246 INFO o.a.j.e.StandardJMeterEngine: Starting 160 threads for group Users.
2022-02-22 17:26:38,247 INFO o.a.j.e.StandardJMeterEngine: Thread will continue on error
2022-02-22 17:26:38,247 INFO o.a.j.t.ThreadGroup: Starting thread group... number=1 threads=160 ramp-up=0 delayedStart=false
2022-02-22 17:26:38,292 INFO o.a.j.t.JMeterThread: Thread started: Users 1-1
2022-02-22 17:26:38,295 INFO o.a.j.s.FileServer: Stored: /home/panda/LoadTest/ClientFolder/rnd_load_test/users_1000.csv
2022-02-22 17:26:38,296 INFO o.a.j.t.JMeterThread: Thread started: Users 1-2
2022-02-22 17:26:38,333 INFO o.a.j.t.JMeterThread: Thread started: Users 1-3
2022-02-22 17:26:38,339 INFO o.a.j.p.h.s.HTTPHCAbstractImpl: Local host = markov
2022-02-22 17:26:38,353 INFO o.a.j.p.h.s.HTTPHC4Impl: HTTP request retry count = 0
2022-02-22 17:26:38,354 INFO o.a.j.t.JMeterThread: Thread started: Users 1-4
2022-02-22 17:26:38,356 INFO o.a.j.s.SampleResult: Note: Sample TimeStamps are START times
2022-02-22 17:26:38,357 INFO o.a.j.s.SampleResult: sampleresult.default.encoding is set to ISO-8859-1
2022-02-22 17:26:38,357 INFO o.a.j.s.SampleResult: sampleresult.useNanoTime=true
2022-02-22 17:26:38,357 INFO o.a.j.s.SampleResult: sampleresult.nanoThreadSleep=5000
2022-02-22 17:26:38,391 INFO o.a.j.t.JMeterThread: Thread started: Users 1-5
2022-02-22 17:26:38,414 INFO o.a.j.t.JMeterThread: Thread started: Users 1-6
2022-02-22 17:26:38,434 INFO o.a.j.t.JMeterThread: Thread started: Users 1-7
2022-02-22 17:26:38,457 INFO o.a.j.t.JMeterThread: Thread started: Users 1-8
2022-02-22 17:26:38,488 INFO o.a.j.t.JMeterThread: Thread started: Users 1-9
2022-02-22 17:26:38,521 INFO o.a.j.t.JMeterThread: Thread started: Users 1-10
2022-02-22 17:26:38,550 INFO o.a.j.t.JMeterThread: Thread started: Users 1-11
2022-02-22 17:26:38,575 INFO o.a.j.t.JMeterThread: Thread started: Users 1-12
2022-02-22 17:26:38,603 INFO o.a.j.t.JMeterThread: Thread started: Users 1-13
2022-02-22 17:26:38,624 INFO o.a.j.t.JMeterThread: Thread started: Users 1-14
2022-02-22 17:26:38,633 INFO o.a.j.t.JMeterThread: Thread started: Users 1-15
2022-02-22 17:26:38,647 INFO o.a.j.t.JMeterThread: Thread started: Users 1-16
2022-02-22 17:26:38,661 INFO o.a.j.t.JMeterThread: Thread started: Users 1-17
2022-02-22 17:26:38,672 INFO o.a.j.t.JMeterThread: Thread started: Users 1-18
2022-02-22 17:26:38,685 INFO o.a.j.t.JMeterThread: Thread started: Users 1-19
2022-02-22 17:26:38,698 INFO o.a.j.t.JMeterThread: Thread started: Users 1-20
2022-02-22 17:26:38,707 INFO o.a.j.t.JMeterThread: Thread started: Users 1-21
2022-02-22 17:26:38,719 INFO o.a.j.t.JMeterThread: Thread started: Users 1-22
2022-02-22 17:26:38,747 INFO o.a.j.t.JMeterThread: Thread started: Users 1-23
2022-02-22 17:26:38,773 INFO o.a.j.t.JMeterThread: Thread started: Users 1-24
2022-02-22 17:26:38,785 INFO o.a.j.t.JMeterThread: Thread started: Users 1-25
2022-02-22 17:26:38,798 INFO o.a.j.t.JMeterThread: Thread started: Users 1-26
2022-02-22 17:26:38,809 INFO o.a.j.t.JMeterThread: Thread started: Users 1-27
2022-02-22 17:26:38,820 INFO o.a.j.t.JMeterThread: Thread started: Users 1-28
2022-02-22 17:26:38,830 INFO o.a.j.t.JMeterThread: Thread started: Users 1-29
2022-02-22 17:26:38,841 INFO o.a.j.t.JMeterThread: Thread started: Users 1-30
2022-02-22 17:26:38,851 INFO o.a.j.t.JMeterThread: Thread started: Users 1-31
2022-02-22 17:26:38,863 INFO o.a.j.t.JMeterThread: Thread started: Users 1-32
2022-02-22 17:26:38,873 INFO o.a.j.t.JMeterThread: Thread started: Users 1-33
2022-02-22 17:26:38,889 INFO o.a.j.t.JMeterThread: Thread started: Users 1-34
2022-02-22 17:26:38,900 INFO o.a.j.t.JMeterThread: Thread started: Users 1-35
2022-02-22 17:26:38,911 INFO o.a.j.t.JMeterThread: Thread started: Users 1-36
2022-02-22 17:26:38,921 INFO o.a.j.t.JMeterThread: Thread started: Users 1-37
2022-02-22 17:26:38,930 INFO o.a.j.t.JMeterThread: Thread started: Users 1-38
2022-02-22 17:26:38,940 INFO o.a.j.t.JMeterThread: Thread started: Users 1-39
2022-02-22 17:26:38,950 INFO o.a.j.t.JMeterThread: Thread started: Users 1-40
2022-02-22 17:26:38,960 INFO o.a.j.t.JMeterThread: Thread started: Users 1-41
2022-02-22 17:26:38,978 INFO o.a.j.t.JMeterThread: Thread started: Users 1-42
2022-02-22 17:26:38,991 INFO o.a.j.t.JMeterThread: Thread started: Users 1-43
2022-02-22 17:26:39,001 INFO o.a.j.t.JMeterThread: Thread started: Users 1-44
2022-02-22 17:26:39,010 INFO o.a.j.t.JMeterThread: Thread started: Users 1-45
2022-02-22 17:26:39,019 INFO o.a.j.t.JMeterThread: Thread started: Users 1-46
2022-02-22 17:26:39,060 INFO o.a.j.t.JMeterThread: Thread started: Users 1-47
2022-02-22 17:26:39,069 INFO o.a.j.t.JMeterThread: Thread started: Users 1-48
2022-02-22 17:26:39,078 INFO o.a.j.t.JMeterThread: Thread started: Users 1-49
2022-02-22 17:26:39,086 INFO o.a.j.t.JMeterThread: Thread started: Users 1-50
2022-02-22 17:26:39,094 INFO o.a.j.t.JMeterThread: Thread started: Users 1-51
2022-02-22 17:26:39,103 INFO o.a.j.t.JMeterThread: Thread started: Users 1-52
2022-02-22 17:26:39,112 INFO o.a.j.t.JMeterThread: Thread started: Users 1-53
2022-02-22 17:26:39,120 INFO o.a.j.t.JMeterThread: Thread started: Users 1-54
2022-02-22 17:26:39,128 INFO o.a.j.t.JMeterThread: Thread started: Users 1-55
2022-02-22 17:26:39,136 INFO o.a.j.t.JMeterThread: Thread started: Users 1-56
2022-02-22 17:26:39,145 INFO o.a.j.t.JMeterThread: Thread started: Users 1-57
2022-02-22 17:26:39,153 INFO o.a.j.t.JMeterThread: Thread started: Users 1-58
2022-02-22 17:26:39,161 INFO o.a.j.t.JMeterThread: Thread started: Users 1-59
2022-02-22 17:26:39,170 INFO o.a.j.t.JMeterThread: Thread started: Users 1-60
2022-02-22 17:26:39,178 INFO o.a.j.t.JMeterThread: Thread started: Users 1-61
2022-02-22 17:26:39,186 INFO o.a.j.t.JMeterThread: Thread started: Users 1-62
2022-02-22 17:26:39,195 INFO o.a.j.t.JMeterThread: Thread started: Users 1-63
2022-02-22 17:26:39,203 INFO o.a.j.t.JMeterThread: Thread started: Users 1-64
2022-02-22 17:26:39,211 INFO o.a.j.t.JMeterThread: Thread started: Users 1-65
2022-02-22 17:26:39,219 INFO o.a.j.t.JMeterThread: Thread started: Users 1-66
2022-02-22 17:26:39,227 INFO o.a.j.t.JMeterThread: Thread started: Users 1-67
2022-02-22 17:26:39,234 INFO o.a.j.t.JMeterThread: Thread started: Users 1-68
2022-02-22 17:26:39,242 INFO o.a.j.t.JMeterThread: Thread started: Users 1-69
2022-02-22 17:26:39,250 INFO o.a.j.t.JMeterThread: Thread started: Users 1-70
2022-02-22 17:26:39,258 INFO o.a.j.t.JMeterThread: Thread started: Users 1-71
2022-02-22 17:26:39,266 INFO o.a.j.t.JMeterThread: Thread started: Users 1-72
2022-02-22 17:26:39,274 INFO o.a.j.t.JMeterThread: Thread started: Users 1-73
2022-02-22 17:26:39,282 INFO o.a.j.t.JMeterThread: Thread started: Users 1-74
2022-02-22 17:26:39,289 INFO o.a.j.t.JMeterThread: Thread started: Users 1-75
2022-02-22 17:26:39,298 INFO o.a.j.t.JMeterThread: Thread started: Users 1-76
2022-02-22 17:26:39,306 INFO o.a.j.t.JMeterThread: Thread started: Users 1-77
2022-02-22 17:26:39,319 INFO o.a.j.t.JMeterThread: Thread started: Users 1-78
2022-02-22 17:26:39,330 INFO o.a.j.t.JMeterThread: Thread started: Users 1-79
2022-02-22 17:26:39,340 INFO o.a.j.t.JMeterThread: Thread started: Users 1-80
2022-02-22 17:26:39,357 INFO o.a.j.t.JMeterThread: Thread started: Users 1-81
2022-02-22 17:26:39,385 INFO o.a.j.t.JMeterThread: Thread started: Users 1-82
2022-02-22 17:26:39,400 INFO o.a.j.t.JMeterThread: Thread started: Users 1-83
2022-02-22 17:26:39,413 INFO o.a.j.t.JMeterThread: Thread started: Users 1-84
2022-02-22 17:26:39,426 INFO o.a.j.t.JMeterThread: Thread started: Users 1-85
2022-02-22 17:26:39,434 INFO o.a.j.t.JMeterThread: Thread started: Users 1-86
2022-02-22 17:26:39,442 INFO o.a.j.t.JMeterThread: Thread started: Users 1-87
2022-02-22 17:26:39,450 INFO o.a.j.t.JMeterThread: Thread started: Users 1-88
2022-02-22 17:26:39,458 INFO o.a.j.t.JMeterThread: Thread started: Users 1-89
2022-02-22 17:26:39,467 INFO o.a.j.t.JMeterThread: Thread started: Users 1-90
2022-02-22 17:26:39,475 INFO o.a.j.t.JMeterThread: Thread started: Users 1-91
2022-02-22 17:26:39,517 INFO o.a.j.t.JMeterThread: Thread started: Users 1-92
2022-02-22 17:26:39,526 INFO o.a.j.t.JMeterThread: Thread started: Users 1-93
2022-02-22 17:26:39,534 INFO o.a.j.t.JMeterThread: Thread started: Users 1-94
2022-02-22 17:26:39,542 INFO o.a.j.t.JMeterThread: Thread started: Users 1-95
2022-02-22 17:26:39,550 INFO o.a.j.t.JMeterThread: Thread started: Users 1-96
2022-02-22 17:26:39,558 INFO o.a.j.t.JMeterThread: Thread started: Users 1-97
2022-02-22 17:26:39,566 INFO o.a.j.t.JMeterThread: Thread started: Users 1-98
2022-02-22 17:26:39,574 INFO o.a.j.t.JMeterThread: Thread started: Users 1-99
2022-02-22 17:26:39,582 INFO o.a.j.t.JMeterThread: Thread started: Users 1-100
2022-02-22 17:26:39,590 INFO o.a.j.t.JMeterThread: Thread started: Users 1-101
2022-02-22 17:26:39,598 INFO o.a.j.t.JMeterThread: Thread started: Users 1-102
2022-02-22 17:26:39,606 INFO o.a.j.t.JMeterThread: Thread started: Users 1-103
2022-02-22 17:26:39,613 INFO o.a.j.t.JMeterThread: Thread started: Users 1-104
2022-02-22 17:26:39,622 INFO o.a.j.t.JMeterThread: Thread started: Users 1-105
2022-02-22 17:26:39,630 INFO o.a.j.t.JMeterThread: Thread started: Users 1-106
2022-02-22 17:26:39,637 INFO o.a.j.t.JMeterThread: Thread started: Users 1-107
2022-02-22 17:26:39,644 INFO o.a.j.t.JMeterThread: Thread started: Users 1-108
2022-02-22 17:26:39,652 INFO o.a.j.t.JMeterThread: Thread started: Users 1-109
2022-02-22 17:26:39,659 INFO o.a.j.t.JMeterThread: Thread started: Users 1-110
2022-02-22 17:26:39,668 INFO o.a.j.t.JMeterThread: Thread started: Users 1-111
2022-02-22 17:26:39,676 INFO o.a.j.t.JMeterThread: Thread started: Users 1-112
2022-02-22 17:26:39,684 INFO o.a.j.t.JMeterThread: Thread started: Users 1-113
2022-02-22 17:26:39,691 INFO o.a.j.t.JMeterThread: Thread started: Users 1-114
2022-02-22 17:26:39,699 INFO o.a.j.t.JMeterThread: Thread started: Users 1-115
2022-02-22 17:26:39,707 INFO o.a.j.t.JMeterThread: Thread started: Users 1-116
2022-02-22 17:26:39,715 INFO o.a.j.t.JMeterThread: Thread started: Users 1-117
2022-02-22 17:26:39,722 INFO o.a.j.t.JMeterThread: Thread started: Users 1-118
2022-02-22 17:26:39,729 INFO o.a.j.t.JMeterThread: Thread started: Users 1-119
2022-02-22 17:26:39,737 INFO o.a.j.t.JMeterThread: Thread started: Users 1-120
2022-02-22 17:26:39,745 INFO o.a.j.t.JMeterThread: Thread started: Users 1-121
2022-02-22 17:26:39,754 INFO o.a.j.t.JMeterThread: Thread started: Users 1-122
2022-02-22 17:26:39,768 INFO o.a.j.t.JMeterThread: Thread started: Users 1-123
2022-02-22 17:26:39,779 INFO o.a.j.t.JMeterThread: Thread started: Users 1-124
2022-02-22 17:26:39,789 INFO o.a.j.t.JMeterThread: Thread started: Users 1-125
2022-02-22 17:26:39,798 INFO o.a.j.t.JMeterThread: Thread started: Users 1-126
2022-02-22 17:26:39,806 INFO o.a.j.t.JMeterThread: Thread started: Users 1-127
2022-02-22 17:26:39,814 INFO o.a.j.t.JMeterThread: Thread started: Users 1-128
2022-02-22 17:26:39,826 INFO o.a.j.t.JMeterThread: Thread started: Users 1-129
2022-02-22 17:26:39,834 INFO o.a.j.t.JMeterThread: Thread started: Users 1-130
2022-02-22 17:26:39,841 INFO o.a.j.t.JMeterThread: Thread started: Users 1-131
2022-02-22 17:26:39,849 INFO o.a.j.t.JMeterThread: Thread started: Users 1-132
2022-02-22 17:26:39,857 INFO o.a.j.t.JMeterThread: Thread started: Users 1-133
2022-02-22 17:26:39,865 INFO o.a.j.t.JMeterThread: Thread started: Users 1-134
2022-02-22 17:26:39,872 INFO o.a.j.t.JMeterThread: Thread started: Users 1-135
2022-02-22 17:26:39,879 INFO o.a.j.t.JMeterThread: Thread started: Users 1-136
2022-02-22 17:26:39,887 INFO o.a.j.t.JMeterThread: Thread started: Users 1-137
2022-02-22 17:26:39,900 INFO o.a.j.t.JMeterThread: Thread started: Users 1-138
2022-02-22 17:26:39,914 INFO o.a.j.t.JMeterThread: Thread started: Users 1-139
2022-02-22 17:26:39,923 INFO o.a.j.t.JMeterThread: Thread started: Users 1-140
2022-02-22 17:26:39,933 INFO o.a.j.t.JMeterThread: Thread started: Users 1-141
2022-02-22 17:26:39,941 INFO o.a.j.t.JMeterThread: Thread started: Users 1-142
2022-02-22 17:26:39,949 INFO o.a.j.t.JMeterThread: Thread started: Users 1-143
2022-02-22 17:26:39,956 INFO o.a.j.t.JMeterThread: Thread started: Users 1-144
2022-02-22 17:26:39,964 INFO o.a.j.t.JMeterThread: Thread started: Users 1-145
2022-02-22 17:26:39,976 INFO o.a.j.t.JMeterThread: Thread started: Users 1-146
2022-02-22 17:26:39,985 INFO o.a.j.t.JMeterThread: Thread started: Users 1-147
2022-02-22 17:26:39,994 INFO o.a.j.t.JMeterThread: Thread started: Users 1-148
2022-02-22 17:26:40,002 INFO o.a.j.t.JMeterThread: Thread started: Users 1-149
2022-02-22 17:26:40,010 INFO o.a.j.t.JMeterThread: Thread started: Users 1-150
2022-02-22 17:26:40,018 INFO o.a.j.t.JMeterThread: Thread started: Users 1-151
2022-02-22 17:26:40,051 INFO o.a.j.t.JMeterThread: Thread started: Users 1-152
2022-02-22 17:26:40,062 INFO o.a.j.t.JMeterThread: Thread started: Users 1-153
2022-02-22 17:26:40,069 INFO o.a.j.t.JMeterThread: Thread started: Users 1-154
2022-02-22 17:26:40,076 INFO o.a.j.t.JMeterThread: Thread started: Users 1-155
2022-02-22 17:26:40,084 INFO o.a.j.t.JMeterThread: Thread started: Users 1-156
2022-02-22 17:26:40,092 INFO o.a.j.t.JMeterThread: Thread started: Users 1-157
2022-02-22 17:26:40,100 INFO o.a.j.t.JMeterThread: Thread started: Users 1-158
2022-02-22 17:26:40,107 INFO o.a.j.t.JMeterThread: Thread started: Users 1-159
2022-02-22 17:26:40,115 INFO o.a.j.t.ThreadGroup: Started thread group number 1
2022-02-22 17:26:40,116 INFO o.a.j.e.StandardJMeterEngine: All thread groups have been started
2022-02-22 17:26:40,116 INFO o.a.j.t.JMeterThread: Thread started: Users 1-160
2022-02-22 17:26:40,171 INFO o.a.j.r.Summariser: summary +      8 in 00:00:02 =    3.9/s Avg:   368 Min:   109 Max:  1389 Err:     0 (0.00%) Active: 160 Started: 160 Finished: 0
2022-02-22 17:26:51,079 INFO o.a.j.r.Summariser: summary +     48 in 00:00:11 =    4.4/s Avg:  7097 Min:   574 Max:  8863 Err:     1 (2.08%) Active: 160 Started: 160 Finished: 0
2022-02-22 17:26:51,080 INFO o.a.j.r.Summariser: summary =     56 in 00:00:13 =    4.3/s Avg:  6135 Min:   109 Max:  8863 Err:     1 (1.79%)
2022-02-22 17:27:10,070 INFO o.a.j.r.Summariser: summary +     61 in 00:00:19 =    3.2/s Avg: 13274 Min:    47 Max: 25544 Err:     0 (0.00%) Active: 160 Started: 160 Finished: 0
2022-02-22 17:27:10,071 INFO o.a.j.r.Summariser: summary =    117 in 00:00:32 =    3.7/s Avg:  9857 Min:    47 Max: 25544 Err:     1 (0.85%)
2022-02-22 17:27:19,587 ERROR o.a.j.u.BeanShellInterpreter: Error invoking bsh method: eval	Sourced file: inline evaluation of: ``String folder_name=""+"/home/panda/LoadTest/ClientFolder/rnd_load_test/student_s . . . '' : Typed variable declaration
2022-02-22 17:27:19,588 WARN o.a.j.p.j.s.BeanShellSampler: Exception executing script. org.apache.jorphan.util.JMeterException: Error invoking bsh method: eval	Sourced file: inline evaluation of: ``String folder_name=""+"/home/panda/LoadTest/ClientFolder/rnd_load_test/student_s . . . '' : Typed variable declaration
2022-02-22 17:27:19,676 ERROR o.a.j.u.BeanShellInterpreter: Error invoking bsh method: eval	Sourced file: inline evaluation of: ``String folder_name=""+"/home/panda/LoadTest/ClientFolder/rnd_load_test/student_s . . . '' : Typed variable declaration
2022-02-22 17:27:19,676 WARN o.a.j.p.j.s.BeanShellSampler: Exception executing script. org.apache.jorphan.util.JMeterException: Error invoking bsh method: eval	Sourced file: inline evaluation of: ``String folder_name=""+"/home/panda/LoadTest/ClientFolder/rnd_load_test/student_s . . . '' : Typed variable declaration
2022-02-22 17:27:19,791 ERROR o.a.j.m.JSR223PreProcessor: Problem in JSR223 script, JSR223 PreProcessor
javax.script.ScriptException: groovy.lang.MissingMethodException: No signature of method: org.codehaus.groovy.jsr223.GroovyScriptEngineImpl.$() is applicable for argument types: (Script3$_run_closure1) values: [Script3$_run_closure1@3f8ff19d]
Possible solutions: is(java.lang.Object), any(), get(java.lang.String), tap(groovy.lang.Closure), use([Ljava.lang.Object;), any(groovy.lang.Closure)
	at org.codehaus.groovy.jsr223.GroovyScriptEngineImpl.eval(GroovyScriptEngineImpl.java:320) ~[groovy-jsr223-3.0.3.jar:3.0.3]
	at org.codehaus.groovy.jsr223.GroovyCompiledScript.eval(GroovyCompiledScript.java:71) ~[groovy-jsr223-3.0.3.jar:3.0.3]
	at javax.script.CompiledScript.eval(CompiledScript.java:92) ~[?:1.8.0_181]
	at org.apache.jmeter.util.JSR223TestElement.processFileOrScript(JSR223TestElement.java:222) ~[ApacheJMeter_core.jar:5.3]
	at org.apache.jmeter.modifiers.JSR223PreProcessor.process(JSR223PreProcessor.java:45) [ApacheJMeter_components.jar:5.3]
	at org.apache.jmeter.threads.JMeterThread.runPreProcessors(JMeterThread.java:950) [ApacheJMeter_core.jar:5.3]
	at org.apache.jmeter.threads.JMeterThread.executeSamplePackage(JMeterThread.java:549) [ApacheJMeter_core.jar:5.3]
	at org.apache.jmeter.threads.JMeterThread.processSampler(JMeterThread.java:489) [ApacheJMeter_core.jar:5.3]
	at org.apache.jmeter.threads.JMeterThread.run(JMeterThread.java:256) [ApacheJMeter_core.jar:5.3]
	at java.lang.Thread.run(Thread.java:748) [?:1.8.0_181]
Caused by: groovy.lang.MissingMethodException: No signature of method: org.codehaus.groovy.jsr223.GroovyScriptEngineImpl.$() is applicable for argument types: (Script3$_run_closure1) values: [Script3$_run_closure1@3f8ff19d]
Possible solutions: is(java.lang.Object), any(), get(java.lang.String), tap(groovy.lang.Closure), use([Ljava.lang.Object;), any(groovy.lang.Closure)
	at org.codehaus.groovy.jsr223.GroovyScriptEngineImpl.callGlobal(GroovyScriptEngineImpl.java:404) ~[groovy-jsr223-3.0.3.jar:3.0.3]
	at org.codehaus.groovy.jsr223.GroovyScriptEngineImpl.access$100(GroovyScriptEngineImpl.java:90) ~[groovy-jsr223-3.0.3.jar:3.0.3]
	at org.codehaus.groovy.jsr223.GroovyScriptEngineImpl$3.invokeMethod(GroovyScriptEngineImpl.java:303) ~[groovy-jsr223-3.0.3.jar:3.0.3]
	at org.codehaus.groovy.runtime.callsite.PogoMetaClassSite.callCurrent(PogoMetaClassSite.java:73) ~[groovy-3.0.3.jar:3.0.3]
	at org.codehaus.groovy.runtime.callsite.CallSiteArray.defaultCallCurrent(CallSiteArray.java:51) ~[groovy-3.0.3.jar:3.0.3]
	at org.codehaus.groovy.runtime.callsite.AbstractCallSite.callCurrent(AbstractCallSite.java:171) ~[groovy-3.0.3.jar:3.0.3]
	at org.codehaus.groovy.runtime.callsite.AbstractCallSite.callCurrent(AbstractCallSite.java:185) ~[groovy-3.0.3.jar:3.0.3]
	at Script3.run(Script3.groovy:1) ~[?:?]
	at org.codehaus.groovy.jsr223.GroovyScriptEngineImpl.eval(GroovyScriptEngineImpl.java:317) ~[groovy-jsr223-3.0.3.jar:3.0.3]
	... 9 more
2022-02-22 17:27:19,791 ERROR o.a.j.m.JSR223PreProcessor: Problem in JSR223 script, JSR223 PreProcessor
javax.script.ScriptException: groovy.lang.MissingMethodException: No signature of method: org.codehaus.groovy.jsr223.GroovyScriptEngineImpl.$() is applicable for argument types: (Script3$_run_closure1) values: [Script3$_run_closure1@14608290]
Possible solutions: is(java.lang.Object), any(), get(java.lang.String), tap(groovy.lang.Closure), use([Ljava.lang.Object;), any(groovy.lang.Closure)
	at org.codehaus.groovy.jsr223.GroovyScriptEngineImpl.eval(GroovyScriptEngineImpl.java:320) ~[groovy-jsr223-3.0.3.jar:3.0.3]
	at org.codehaus.groovy.jsr223.GroovyCompiledScript.eval(GroovyCompiledScript.java:71) ~[groovy-jsr223-3.0.3.jar:3.0.3]
	at javax.script.CompiledScript.eval(CompiledScript.java:92) ~[?:1.8.0_181]
	at org.apache.jmeter.util.JSR223TestElement.processFileOrScript(JSR223TestElement.java:222) ~[ApacheJMeter_core.jar:5.3]
	at org.apache.jmeter.modifiers.JSR223PreProcessor.process(JSR223PreProcessor.java:45) [ApacheJMeter_components.jar:5.3]
	at org.apache.jmeter.threads.JMeterThread.runPreProcessors(JMeterThread.java:950) [ApacheJMeter_core.jar:5.3]
	at org.apache.jmeter.threads.JMeterThread.executeSamplePackage(JMeterThread.java:549) [ApacheJMeter_core.jar:5.3]
	at org.apache.jmeter.threads.JMeterThread.processSampler(JMeterThread.java:489) [ApacheJMeter_core.jar:5.3]
	at org.apache.jmeter.threads.JMeterThread.run(JMeterThread.java:256) [ApacheJMeter_core.jar:5.3]
	at java.lang.Thread.run(Thread.java:748) [?:1.8.0_181]
Caused by: groovy.lang.MissingMethodException: No signature of method: org.codehaus.groovy.jsr223.GroovyScriptEngineImpl.$() is applicable for argument types: (Script3$_run_closure1) values: [Script3$_run_closure1@14608290]
Possible solutions: is(java.lang.Object), any(), get(java.lang.String), tap(groovy.lang.Closure), use([Ljava.lang.Object;), any(groovy.lang.Closure)
	at org.codehaus.groovy.jsr223.GroovyScriptEngineImpl.callGlobal(GroovyScriptEngineImpl.java:404) ~[groovy-jsr223-3.0.3.jar:3.0.3]
	at org.codehaus.groovy.jsr223.GroovyScriptEngineImpl.access$100(GroovyScriptEngineImpl.java:90) ~[groovy-jsr223-3.0.3.jar:3.0.3]
	at org.codehaus.groovy.jsr223.GroovyScriptEngineImpl$3.invokeMethod(GroovyScriptEngineImpl.java:303) ~[groovy-jsr223-3.0.3.jar:3.0.3]
	at org.codehaus.groovy.runtime.callsite.PogoMetaClassSite.callCurrent(PogoMetaClassSite.java:73) ~[groovy-3.0.3.jar:3.0.3]
	at org.codehaus.groovy.runtime.callsite.CallSiteArray.defaultCallCurrent(CallSiteArray.java:51) ~[groovy-3.0.3.jar:3.0.3]
	at org.codehaus.groovy.runtime.callsite.AbstractCallSite.callCurrent(AbstractCallSite.java:171) ~[groovy-3.0.3.jar:3.0.3]
	at org.codehaus.groovy.runtime.callsite.AbstractCallSite.callCurrent(AbstractCallSite.java:185) ~[groovy-3.0.3.jar:3.0.3]
	at Script3.run(Script3.groovy:1) ~[?:?]
	at org.codehaus.groovy.jsr223.GroovyScriptEngineImpl.eval(GroovyScriptEngineImpl.java:317) ~[groovy-jsr223-3.0.3.jar:3.0.3]
	... 9 more
2022-02-22 17:27:20,373 INFO o.a.j.r.Summariser: summary +    396 in 00:00:10 =   38.4/s Avg: 10282 Min:     0 Max: 40012 Err:     5 (1.26%) Active: 160 Started: 160 Finished: 0
2022-02-22 17:27:20,374 INFO o.a.j.r.Summariser: summary =    513 in 00:00:42 =   12.1/s Avg: 10185 Min:     0 Max: 40012 Err:     6 (1.17%)
2022-02-22 17:27:27,614 INFO o.a.j.s.FileServer: Stored: /home/panda/LoadTest/ClientFolder/rnd_load_test/student_solutions/2/user72.zip
2022-02-22 17:27:27,769 INFO o.a.j.s.FileServer: Stored: /home/panda/LoadTest/ClientFolder/rnd_load_test/student_solutions/1/user27.zip
2022-02-22 17:27:27,833 INFO o.a.j.s.FileServer: Stored: /home/panda/LoadTest/ClientFolder/rnd_load_test/student_solutions/1/user48.zip
2022-02-22 17:27:27,873 INFO o.a.j.s.FileServer: Stored: /home/panda/LoadTest/ClientFolder/rnd_load_test/student_solutions/2/user100.zip
2022-02-22 17:27:27,957 INFO o.a.j.s.FileServer: Stored: /home/panda/LoadTest/ClientFolder/rnd_load_test/student_solutions/1/user45.zip
2022-02-22 17:27:28,023 INFO o.a.j.s.FileServer: Stored: /home/panda/LoadTest/ClientFolder/rnd_load_test/student_solutions/2/user56.zip
2022-02-22 17:27:28,074 INFO o.a.j.s.FileServer: Stored: /home/panda/LoadTest/ClientFolder/rnd_load_test/student_solutions/2/user94.zip
2022-02-22 17:27:28,109 INFO o.a.j.s.FileServer: Stored: /home/panda/LoadTest/ClientFolder/rnd_load_test/student_solutions/1/user36.zip
2022-02-22 17:27:28,120 INFO o.a.j.s.FileServer: Stored: /home/panda/LoadTest/ClientFolder/rnd_load_test/student_solutions/1/user16.zip
2022-02-22 17:27:28,577 INFO o.a.j.s.FileServer: Stored: /home/panda/LoadTest/ClientFolder/rnd_load_test/student_solutions/1/user8.zip
2022-02-22 17:27:28,638 INFO o.a.j.s.FileServer: Stored: /home/panda/LoadTest/ClientFolder/rnd_load_test/student_solutions/2/user59.zip
2022-02-22 17:27:29,022 INFO o.a.j.s.FileServer: Stored: /home/panda/LoadTest/ClientFolder/rnd_load_test/student_solutions/2/user55.zip
2022-02-22 17:27:29,195 INFO o.a.j.s.FileServer: Stored: /home/panda/LoadTest/ClientFolder/rnd_load_test/student_solutions/1/user14.zip
2022-02-22 17:27:29,316 INFO o.a.j.s.FileServer: Stored: /home/panda/LoadTest/ClientFolder/rnd_load_test/student_solutions/1/user30.zip
2022-02-22 17:27:29,372 INFO o.a.j.s.FileServer: Stored: /home/panda/LoadTest/ClientFolder/rnd_load_test/student_solutions/1/user44.zip
2022-02-22 17:27:30,980 INFO o.a.j.s.FileServer: Stored: /home/panda/LoadTest/ClientFolder/rnd_load_test/student_solutions/2/user90.zip
2022-02-22 17:27:31,023 INFO o.a.j.s.FileServer: Stored: /home/panda/LoadTest/ClientFolder/rnd_load_test/student_solutions/1/user28.zip
2022-02-22 17:27:31,152 INFO o.a.j.s.FileServer: Stored: /home/panda/LoadTest/ClientFolder/rnd_load_test/student_solutions/2/user97.zip
2022-02-22 17:27:31,343 INFO o.a.j.s.FileServer: Stored: /home/panda/LoadTest/ClientFolder/rnd_load_test/student_solutions/2/user74.zip
2022-02-22 17:27:31,427 INFO o.a.j.s.FileServer: Stored: /home/panda/LoadTest/ClientFolder/rnd_load_test/student_solutions/2/user82.zip
2022-02-22 17:27:31,440 INFO o.a.j.s.FileServer: Stored: /home/panda/LoadTest/ClientFolder/rnd_load_test/student_solutions/2/user76.zip
2022-02-22 17:27:31,455 INFO o.a.j.s.FileServer: Stored: /home/panda/LoadTest/ClientFolder/rnd_load_test/student_solutions/1/user23.zip
2022-02-22 17:27:31,494 INFO o.a.j.s.FileServer: Stored: /home/panda/LoadTest/ClientFolder/rnd_load_test/student_solutions/1/user41.zip
2022-02-22 17:27:31,741 INFO o.a.j.s.FileServer: Stored: /home/panda/LoadTest/ClientFolder/rnd_load_test/student_solutions/1/user4.zip
2022-02-22 17:27:31,988 INFO o.a.j.r.Summariser: summary +    288 in 00:00:12 =   24.8/s Avg:   438 Min:     0 Max:  2432 Err:     1 (0.35%) Active: 160 Started: 160 Finished: 0
2022-02-22 17:27:31,989 INFO o.a.j.r.Summariser: summary =    801 in 00:00:54 =   14.9/s Avg:  6680 Min:     0 Max: 40012 Err:     7 (0.87%)
2022-02-22 17:27:31,992 ERROR o.a.j.m.JSR223PreProcessor: Problem in JSR223 script, JSR223 PreProcessor
javax.script.ScriptException: groovy.lang.MissingMethodException: No signature of method: org.codehaus.groovy.jsr223.GroovyScriptEngineImpl.$() is applicable for argument types: (Script3$_run_closure1) values: [Script3$_run_closure1@5511e9d6]
Possible solutions: is(java.lang.Object), any(), get(java.lang.String), tap(groovy.lang.Closure), use([Ljava.lang.Object;), any(groovy.lang.Closure)
	at org.codehaus.groovy.jsr223.GroovyScriptEngineImpl.eval(GroovyScriptEngineImpl.java:320) ~[groovy-jsr223-3.0.3.jar:3.0.3]
	at org.codehaus.groovy.jsr223.GroovyCompiledScript.eval(GroovyCompiledScript.java:71) ~[groovy-jsr223-3.0.3.jar:3.0.3]
	at javax.script.CompiledScript.eval(CompiledScript.java:92) ~[?:1.8.0_181]
	at org.apache.jmeter.util.JSR223TestElement.processFileOrScript(JSR223TestElement.java:222) ~[ApacheJMeter_core.jar:5.3]
	at org.apache.jmeter.modifiers.JSR223PreProcessor.process(JSR223PreProcessor.java:45) [ApacheJMeter_components.jar:5.3]
	at org.apache.jmeter.threads.JMeterThread.runPreProcessors(JMeterThread.java:950) [ApacheJMeter_core.jar:5.3]
	at org.apache.jmeter.threads.JMeterThread.executeSamplePackage(JMeterThread.java:549) [ApacheJMeter_core.jar:5.3]
	at org.apache.jmeter.threads.JMeterThread.processSampler(JMeterThread.java:489) [ApacheJMeter_core.jar:5.3]
	at org.apache.jmeter.threads.JMeterThread.run(JMeterThread.java:256) [ApacheJMeter_core.jar:5.3]
	at java.lang.Thread.run(Thread.java:748) [?:1.8.0_181]
Caused by: groovy.lang.MissingMethodException: No signature of method: org.codehaus.groovy.jsr223.GroovyScriptEngineImpl.$() is applicable for argument types: (Script3$_run_closure1) values: [Script3$_run_closure1@5511e9d6]
Possible solutions: is(java.lang.Object), any(), get(java.lang.String), tap(groovy.lang.Closure), use([Ljava.lang.Object;), any(groovy.lang.Closure)
	at org.codehaus.groovy.jsr223.GroovyScriptEngineImpl.callGlobal(GroovyScriptEngineImpl.java:404) ~[groovy-jsr223-3.0.3.jar:3.0.3]
	at org.codehaus.groovy.jsr223.GroovyScriptEngineImpl.access$100(GroovyScriptEngineImpl.java:90) ~[groovy-jsr223-3.0.3.jar:3.0.3]
	at org.codehaus.groovy.jsr223.GroovyScriptEngineImpl$3.invokeMethod(GroovyScriptEngineImpl.java:303) ~[groovy-jsr223-3.0.3.jar:3.0.3]
	at org.codehaus.groovy.runtime.callsite.PogoMetaClassSite.callCurrent(PogoMetaClassSite.java:73) ~[groovy-3.0.3.jar:3.0.3]
	at org.codehaus.groovy.runtime.callsite.CallSiteArray.defaultCallCurrent(CallSiteArray.java:51) ~[groovy-3.0.3.jar:3.0.3]
	at org.codehaus.groovy.runtime.callsite.PogoMetaClassSite.callCurrent(PogoMetaClassSite.java:83) ~[groovy-3.0.3.jar:3.0.3]
	at org.codehaus.groovy.runtime.callsite.AbstractCallSite.callCurrent(AbstractCallSite.java:185) ~[groovy-3.0.3.jar:3.0.3]
	at Script3.run(Script3.groovy:1) ~[?:?]
	at org.codehaus.groovy.jsr223.GroovyScriptEngineImpl.eval(GroovyScriptEngineImpl.java:317) ~[groovy-jsr223-3.0.3.jar:3.0.3]
	... 9 more
2022-02-22 17:27:32,085 INFO o.a.j.s.FileServer: Stored: /home/panda/LoadTest/ClientFolder/rnd_load_test/student_solutions/1/user32.zip
2022-02-22 17:27:32,086 INFO o.a.j.s.FileServer: Stored: /home/panda/LoadTest/ClientFolder/rnd_load_test/student_solutions/1/user5.zip
2022-02-22 17:27:32,184 ERROR o.a.j.m.JSR223PreProcessor: Problem in JSR223 script, JSR223 PreProcessor
javax.script.ScriptException: groovy.lang.MissingMethodException: No signature of method: org.codehaus.groovy.jsr223.GroovyScriptEngineImpl.$() is applicable for argument types: (Script3$_run_closure1) values: [Script3$_run_closure1@439a7333]
Possible solutions: is(java.lang.Object), any(), get(java.lang.String), tap(groovy.lang.Closure), use([Ljava.lang.Object;), any(groovy.lang.Closure)
	at org.codehaus.groovy.jsr223.GroovyScriptEngineImpl.eval(GroovyScriptEngineImpl.java:320) ~[groovy-jsr223-3.0.3.jar:3.0.3]
	at org.codehaus.groovy.jsr223.GroovyCompiledScript.eval(GroovyCompiledScript.java:71) ~[groovy-jsr223-3.0.3.jar:3.0.3]
	at javax.script.CompiledScript.eval(CompiledScript.java:92) ~[?:1.8.0_181]
	at org.apache.jmeter.util.JSR223TestElement.processFileOrScript(JSR223TestElement.java:222) ~[ApacheJMeter_core.jar:5.3]
	at org.apache.jmeter.modifiers.JSR223PreProcessor.process(JSR223PreProcessor.java:45) [ApacheJMeter_components.jar:5.3]
	at org.apache.jmeter.threads.JMeterThread.runPreProcessors(JMeterThread.java:950) [ApacheJMeter_core.jar:5.3]
	at org.apache.jmeter.threads.JMeterThread.executeSamplePackage(JMeterThread.java:549) [ApacheJMeter_core.jar:5.3]
	at org.apache.jmeter.threads.JMeterThread.processSampler(JMeterThread.java:489) [ApacheJMeter_core.jar:5.3]
	at org.apache.jmeter.threads.JMeterThread.run(JMeterThread.java:256) [ApacheJMeter_core.jar:5.3]
	at java.lang.Thread.run(Thread.java:748) [?:1.8.0_181]
Caused by: groovy.lang.MissingMethodException: No signature of method: org.codehaus.groovy.jsr223.GroovyScriptEngineImpl.$() is applicable for argument types: (Script3$_run_closure1) values: [Script3$_run_closure1@439a7333]
Possible solutions: is(java.lang.Object), any(), get(java.lang.String), tap(groovy.lang.Closure), use([Ljava.lang.Object;), any(groovy.lang.Closure)
	at org.codehaus.groovy.jsr223.GroovyScriptEngineImpl.callGlobal(GroovyScriptEngineImpl.java:404) ~[groovy-jsr223-3.0.3.jar:3.0.3]
	at org.codehaus.groovy.jsr223.GroovyScriptEngineImpl.access$100(GroovyScriptEngineImpl.java:90) ~[groovy-jsr223-3.0.3.jar:3.0.3]
	at org.codehaus.groovy.jsr223.GroovyScriptEngineImpl$3.invokeMethod(GroovyScriptEngineImpl.java:303) ~[groovy-jsr223-3.0.3.jar:3.0.3]
	at org.codehaus.groovy.runtime.callsite.PogoMetaClassSite.callCurrent(PogoMetaClassSite.java:73) ~[groovy-3.0.3.jar:3.0.3]
	at org.codehaus.groovy.runtime.callsite.CallSiteArray.defaultCallCurrent(CallSiteArray.java:51) ~[groovy-3.0.3.jar:3.0.3]
	at org.codehaus.groovy.runtime.callsite.PogoMetaClassSite.callCurrent(PogoMetaClassSite.java:83) ~[groovy-3.0.3.jar:3.0.3]
	at org.codehaus.groovy.runtime.callsite.AbstractCallSite.callCurrent(AbstractCallSite.java:185) ~[groovy-3.0.3.jar:3.0.3]
	at Script3.run(Script3.groovy:1) ~[?:?]
	at org.codehaus.groovy.jsr223.GroovyScriptEngineImpl.eval(GroovyScriptEngineImpl.java:317) ~[groovy-jsr223-3.0.3.jar:3.0.3]
	... 9 more
2022-02-22 17:27:32,627 INFO o.a.j.s.FileServer: Stored: /home/panda/LoadTest/ClientFolder/rnd_load_test/student_solutions/1/user39.zip
2022-02-22 17:27:33,135 INFO o.a.j.s.FileServer: Stored: /home/panda/LoadTest/ClientFolder/rnd_load_test/student_solutions/1/user26.zip
2022-02-22 17:27:33,647 INFO o.a.j.s.FileServer: Stored: /home/panda/LoadTest/ClientFolder/rnd_load_test/student_solutions/1/user12.zip
2022-02-22 17:27:33,734 INFO o.a.j.s.FileServer: Stored: /home/panda/LoadTest/ClientFolder/rnd_load_test/student_solutions/2/user71.zip
2022-02-22 17:27:33,827 INFO o.a.j.s.FileServer: Stored: /home/panda/LoadTest/ClientFolder/rnd_load_test/student_solutions/1/user25.zip
2022-02-22 17:27:33,906 INFO o.a.j.s.FileServer: Stored: /home/panda/LoadTest/ClientFolder/rnd_load_test/student_solutions/1/user47.zip
2022-02-22 17:27:33,964 INFO o.a.j.s.FileServer: Stored: /home/panda/LoadTest/ClientFolder/rnd_load_test/student_solutions/1/user7.zip
2022-02-22 17:27:33,990 INFO o.a.j.s.FileServer: Stored: /home/panda/LoadTest/ClientFolder/rnd_load_test/student_solutions/1/user49.zip
2022-02-22 17:27:34,089 INFO o.a.j.s.FileServer: Stored: /home/panda/LoadTest/ClientFolder/rnd_load_test/student_solutions/1/user6.zip
2022-02-22 17:27:34,179 INFO o.a.j.s.FileServer: Stored: /home/panda/LoadTest/ClientFolder/rnd_load_test/student_solutions/1/user33.zip
2022-02-22 17:27:34,252 INFO o.a.j.s.FileServer: Stored: /home/panda/LoadTest/ClientFolder/rnd_load_test/student_solutions/1/user15.zip
2022-02-22 17:27:34,467 INFO o.a.j.s.FileServer: Stored: /home/panda/LoadTest/ClientFolder/rnd_load_test/student_solutions/2/user75.zip
2022-02-22 17:27:34,603 INFO o.a.j.s.FileServer: Stored: /home/panda/LoadTest/ClientFolder/rnd_load_test/student_solutions/1/user13.zip
2022-02-22 17:27:34,687 INFO o.a.j.s.FileServer: Stored: /home/panda/LoadTest/ClientFolder/rnd_load_test/student_solutions/2/user66.zip
2022-02-22 17:27:34,697 INFO o.a.j.s.FileServer: Stored: /home/panda/LoadTest/ClientFolder/rnd_load_test/student_solutions/1/user29.zip
2022-02-22 17:27:34,766 INFO o.a.j.s.FileServer: Stored: /home/panda/LoadTest/ClientFolder/rnd_load_test/student_solutions/1/user17.zip
2022-02-22 17:27:34,789 INFO o.a.j.s.FileServer: Stored: /home/panda/LoadTest/ClientFolder/rnd_load_test/student_solutions/2/user93.zip
2022-02-22 17:27:34,919 INFO o.a.j.s.FileServer: Stored: /home/panda/LoadTest/ClientFolder/rnd_load_test/student_solutions/2/user68.zip
2022-02-22 17:27:34,980 INFO o.a.j.s.FileServer: Stored: /home/panda/LoadTest/ClientFolder/rnd_load_test/student_solutions/2/user63.zip
2022-02-22 17:27:35,163 INFO o.a.j.s.FileServer: Stored: /home/panda/LoadTest/ClientFolder/rnd_load_test/student_solutions/1/user3.zip
2022-02-22 17:27:35,368 INFO o.a.j.s.FileServer: Stored: /home/panda/LoadTest/ClientFolder/rnd_load_test/student_solutions/2/user98.zip
2022-02-22 17:27:35,466 INFO o.a.j.s.FileServer: Stored: /home/panda/LoadTest/ClientFolder/rnd_load_test/student_solutions/2/user65.zip
2022-02-22 17:27:35,547 INFO o.a.j.s.FileServer: Stored: /home/panda/LoadTest/ClientFolder/rnd_load_test/student_solutions/2/user53.zip
2022-02-22 17:27:35,627 INFO o.a.j.s.FileServer: Stored: /home/panda/LoadTest/ClientFolder/rnd_load_test/student_solutions/1/user18.zip
2022-02-22 17:27:35,633 INFO o.a.j.s.FileServer: Stored: /home/panda/LoadTest/ClientFolder/rnd_load_test/student_solutions/2/user70.zip
2022-02-22 17:27:35,815 INFO o.a.j.s.FileServer: Stored: /home/panda/LoadTest/ClientFolder/rnd_load_test/student_solutions/2/user69.zip
2022-02-22 17:27:36,023 INFO o.a.j.s.FileServer: Stored: /home/panda/LoadTest/ClientFolder/rnd_load_test/student_solutions/1/user50.zip
2022-02-22 17:27:36,708 INFO o.a.j.s.FileServer: Stored: /home/panda/LoadTest/ClientFolder/rnd_load_test/student_solutions/1/user34.zip
2022-02-22 17:27:36,735 INFO o.a.j.s.FileServer: Stored: /home/panda/LoadTest/ClientFolder/rnd_load_test/student_solutions/1/user38.zip
2022-02-22 17:27:36,786 INFO o.a.j.s.FileServer: Stored: /home/panda/LoadTest/ClientFolder/rnd_load_test/student_solutions/1/user21.zip
2022-02-22 17:27:36,870 INFO o.a.j.s.FileServer: Stored: /home/panda/LoadTest/ClientFolder/rnd_load_test/student_solutions/2/user57.zip
2022-02-22 17:27:36,874 INFO o.a.j.s.FileServer: Stored: /home/panda/LoadTest/ClientFolder/rnd_load_test/student_solutions/1/user1.zip
2022-02-22 17:27:36,956 INFO o.a.j.s.FileServer: Stored: /home/panda/LoadTest/ClientFolder/rnd_load_test/student_solutions/2/user64.zip
2022-02-22 17:27:36,981 INFO o.a.j.s.FileServer: Stored: /home/panda/LoadTest/ClientFolder/rnd_load_test/student_solutions/2/user88.zip
2022-02-22 17:27:37,095 INFO o.a.j.s.FileServer: Stored: /home/panda/LoadTest/ClientFolder/rnd_load_test/student_solutions/1/user9.zip
2022-02-22 17:27:37,124 INFO o.a.j.s.FileServer: Stored: /home/panda/LoadTest/ClientFolder/rnd_load_test/student_solutions/1/user10.zip
2022-02-22 17:27:37,154 INFO o.a.j.s.FileServer: Stored: /home/panda/LoadTest/ClientFolder/rnd_load_test/student_solutions/2/user83.zip
2022-02-22 17:27:37,185 INFO o.a.j.s.FileServer: Stored: /home/panda/LoadTest/ClientFolder/rnd_load_test/student_solutions/2/user73.zip
2022-02-22 17:27:37,195 INFO o.a.j.s.FileServer: Stored: /home/panda/LoadTest/ClientFolder/rnd_load_test/student_solutions/2/user85.zip
2022-02-22 17:27:37,205 INFO o.a.j.s.FileServer: Stored: /home/panda/LoadTest/ClientFolder/rnd_load_test/student_solutions/2/user77.zip
2022-02-22 17:27:37,211 INFO o.a.j.s.FileServer: Stored: /home/panda/LoadTest/ClientFolder/rnd_load_test/student_solutions/1/user31.zip
2022-02-22 17:27:37,249 INFO o.a.j.s.FileServer: Stored: /home/panda/LoadTest/ClientFolder/rnd_load_test/student_solutions/2/user52.zip
2022-02-22 17:27:37,285 INFO o.a.j.s.FileServer: Stored: /home/panda/LoadTest/ClientFolder/rnd_load_test/student_solutions/2/user61.zip
2022-02-22 17:27:37,391 INFO o.a.j.s.FileServer: Stored: /home/panda/LoadTest/ClientFolder/rnd_load_test/student_solutions/2/user54.zip
2022-02-22 17:27:37,417 INFO o.a.j.s.FileServer: Stored: /home/panda/LoadTest/ClientFolder/rnd_load_test/student_solutions/1/user19.zip
2022-02-22 17:27:37,499 INFO o.a.j.s.FileServer: Stored: /home/panda/LoadTest/ClientFolder/rnd_load_test/student_solutions/1/user40.zip
2022-02-22 17:27:37,809 INFO o.a.j.s.FileServer: Stored: /home/panda/LoadTest/ClientFolder/rnd_load_test/student_solutions/2/user78.zip
2022-02-22 17:27:39,390 INFO o.a.j.s.FileServer: Stored: /home/panda/LoadTest/ClientFolder/rnd_load_test/student_solutions/2/user60.zip
2022-02-22 17:27:39,990 INFO o.a.j.s.FileServer: Stored: /home/panda/LoadTest/ClientFolder/rnd_load_test/student_solutions/2/user62.zip
2022-02-22 17:27:40,095 INFO o.a.j.s.FileServer: Stored: /home/panda/LoadTest/ClientFolder/rnd_load_test/student_solutions/2/user95.zip
2022-02-22 17:27:42,061 INFO o.a.j.s.FileServer: Stored: /home/panda/LoadTest/ClientFolder/rnd_load_test/student_solutions/2/user91.zip
2022-02-22 17:27:44,413 INFO o.a.j.r.Summariser: summary +      2 in 00:00:12 =    0.2/s Avg:     0 Min:     0 Max:     0 Err:     2 (100.00%) Active: 160 Started: 160 Finished: 0
2022-02-22 17:27:44,414 INFO o.a.j.r.Summariser: summary =    803 in 00:01:06 =   12.1/s Avg:  6664 Min:     0 Max: 40012 Err:     9 (1.12%)
2022-02-22 17:27:44,417 ERROR o.a.j.m.JSR223PreProcessor: Problem in JSR223 script, JSR223 PreProcessor
javax.script.ScriptException: groovy.lang.MissingMethodException: No signature of method: org.codehaus.groovy.jsr223.GroovyScriptEngineImpl.$() is applicable for argument types: (Script3$_run_closure1) values: [Script3$_run_closure1@7ca1beb1]
Possible solutions: is(java.lang.Object), any(), get(java.lang.String), tap(groovy.lang.Closure), use([Ljava.lang.Object;), any(groovy.lang.Closure)
	at org.codehaus.groovy.jsr223.GroovyScriptEngineImpl.eval(GroovyScriptEngineImpl.java:320) ~[groovy-jsr223-3.0.3.jar:3.0.3]
	at org.codehaus.groovy.jsr223.GroovyCompiledScript.eval(GroovyCompiledScript.java:71) ~[groovy-jsr223-3.0.3.jar:3.0.3]
	at javax.script.CompiledScript.eval(CompiledScript.java:92) ~[?:1.8.0_181]
	at org.apache.jmeter.util.JSR223TestElement.processFileOrScript(JSR223TestElement.java:222) ~[ApacheJMeter_core.jar:5.3]
	at org.apache.jmeter.modifiers.JSR223PreProcessor.process(JSR223PreProcessor.java:45) [ApacheJMeter_components.jar:5.3]
	at org.apache.jmeter.threads.JMeterThread.runPreProcessors(JMeterThread.java:950) [ApacheJMeter_core.jar:5.3]
	at org.apache.jmeter.threads.JMeterThread.executeSamplePackage(JMeterThread.java:549) [ApacheJMeter_core.jar:5.3]
	at org.apache.jmeter.threads.JMeterThread.processSampler(JMeterThread.java:489) [ApacheJMeter_core.jar:5.3]
	at org.apache.jmeter.threads.JMeterThread.run(JMeterThread.java:256) [ApacheJMeter_core.jar:5.3]
	at java.lang.Thread.run(Thread.java:748) [?:1.8.0_181]
Caused by: groovy.lang.MissingMethodException: No signature of method: org.codehaus.groovy.jsr223.GroovyScriptEngineImpl.$() is applicable for argument types: (Script3$_run_closure1) values: [Script3$_run_closure1@7ca1beb1]
Possible solutions: is(java.lang.Object), any(), get(java.lang.String), tap(groovy.lang.Closure), use([Ljava.lang.Object;), any(groovy.lang.Closure)
	at org.codehaus.groovy.jsr223.GroovyScriptEngineImpl.callGlobal(GroovyScriptEngineImpl.java:404) ~[groovy-jsr223-3.0.3.jar:3.0.3]
	at org.codehaus.groovy.jsr223.GroovyScriptEngineImpl.access$100(GroovyScriptEngineImpl.java:90) ~[groovy-jsr223-3.0.3.jar:3.0.3]
	at org.codehaus.groovy.jsr223.GroovyScriptEngineImpl$3.invokeMethod(GroovyScriptEngineImpl.java:303) ~[groovy-jsr223-3.0.3.jar:3.0.3]
	at org.codehaus.groovy.runtime.callsite.PogoMetaClassSite.callCurrent(PogoMetaClassSite.java:73) ~[groovy-3.0.3.jar:3.0.3]
	at org.codehaus.groovy.runtime.callsite.CallSiteArray.defaultCallCurrent(CallSiteArray.java:51) ~[groovy-3.0.3.jar:3.0.3]
	at org.codehaus.groovy.runtime.callsite.PogoMetaClassSite.callCurrent(PogoMetaClassSite.java:83) ~[groovy-3.0.3.jar:3.0.3]
	at org.codehaus.groovy.runtime.callsite.AbstractCallSite.callCurrent(AbstractCallSite.java:185) ~[groovy-3.0.3.jar:3.0.3]
	at Script3.run(Script3.groovy:1) ~[?:?]
	at org.codehaus.groovy.jsr223.GroovyScriptEngineImpl.eval(GroovyScriptEngineImpl.java:317) ~[groovy-jsr223-3.0.3.jar:3.0.3]
	... 9 more
2022-02-22 17:27:44,564 ERROR o.a.j.m.JSR223PreProcessor: Problem in JSR223 script, JSR223 PreProcessor
javax.script.ScriptException: groovy.lang.MissingMethodException: No signature of method: org.codehaus.groovy.jsr223.GroovyScriptEngineImpl.$() is applicable for argument types: (Script3$_run_closure1) values: [Script3$_run_closure1@2cb1eb94]
Possible solutions: is(java.lang.Object), any(), get(java.lang.String), tap(groovy.lang.Closure), use([Ljava.lang.Object;), any(groovy.lang.Closure)
	at org.codehaus.groovy.jsr223.GroovyScriptEngineImpl.eval(GroovyScriptEngineImpl.java:320) ~[groovy-jsr223-3.0.3.jar:3.0.3]
	at org.codehaus.groovy.jsr223.GroovyCompiledScript.eval(GroovyCompiledScript.java:71) ~[groovy-jsr223-3.0.3.jar:3.0.3]
	at javax.script.CompiledScript.eval(CompiledScript.java:92) ~[?:1.8.0_181]
	at org.apache.jmeter.util.JSR223TestElement.processFileOrScript(JSR223TestElement.java:222) ~[ApacheJMeter_core.jar:5.3]
	at org.apache.jmeter.modifiers.JSR223PreProcessor.process(JSR223PreProcessor.java:45) [ApacheJMeter_components.jar:5.3]
	at org.apache.jmeter.threads.JMeterThread.runPreProcessors(JMeterThread.java:950) [ApacheJMeter_core.jar:5.3]
	at org.apache.jmeter.threads.JMeterThread.executeSamplePackage(JMeterThread.java:549) [ApacheJMeter_core.jar:5.3]
	at org.apache.jmeter.threads.JMeterThread.processSampler(JMeterThread.java:489) [ApacheJMeter_core.jar:5.3]
	at org.apache.jmeter.threads.JMeterThread.run(JMeterThread.java:256) [ApacheJMeter_core.jar:5.3]
	at java.lang.Thread.run(Thread.java:748) [?:1.8.0_181]
Caused by: groovy.lang.MissingMethodException: No signature of method: org.codehaus.groovy.jsr223.GroovyScriptEngineImpl.$() is applicable for argument types: (Script3$_run_closure1) values: [Script3$_run_closure1@2cb1eb94]
Possible solutions: is(java.lang.Object), any(), get(java.lang.String), tap(groovy.lang.Closure), use([Ljava.lang.Object;), any(groovy.lang.Closure)
	at org.codehaus.groovy.jsr223.GroovyScriptEngineImpl.callGlobal(GroovyScriptEngineImpl.java:404) ~[groovy-jsr223-3.0.3.jar:3.0.3]
	at org.codehaus.groovy.jsr223.GroovyScriptEngineImpl.access$100(GroovyScriptEngineImpl.java:90) ~[groovy-jsr223-3.0.3.jar:3.0.3]
	at org.codehaus.groovy.jsr223.GroovyScriptEngineImpl$3.invokeMethod(GroovyScriptEngineImpl.java:303) ~[groovy-jsr223-3.0.3.jar:3.0.3]
	at org.codehaus.groovy.runtime.callsite.PogoMetaClassSite.callCurrent(PogoMetaClassSite.java:73) ~[groovy-3.0.3.jar:3.0.3]
	at org.codehaus.groovy.runtime.callsite.CallSiteArray.defaultCallCurrent(CallSiteArray.java:51) ~[groovy-3.0.3.jar:3.0.3]
	at org.codehaus.groovy.runtime.callsite.PogoMetaClassSite.callCurrent(PogoMetaClassSite.java:83) ~[groovy-3.0.3.jar:3.0.3]
	at org.codehaus.groovy.runtime.callsite.AbstractCallSite.callCurrent(AbstractCallSite.java:185) ~[groovy-3.0.3.jar:3.0.3]
	at Script3.run(Script3.groovy:1) ~[?:?]
	at org.codehaus.groovy.jsr223.GroovyScriptEngineImpl.eval(GroovyScriptEngineImpl.java:317) ~[groovy-jsr223-3.0.3.jar:3.0.3]
	... 9 more
2022-02-22 17:27:55,253 INFO o.a.j.r.Summariser: summary +      2 in 00:00:11 =    0.2/s Avg: 10803 Min:     0 Max: 21607 Err:     1 (50.00%) Active: 160 Started: 160 Finished: 0
2022-02-22 17:27:55,255 INFO o.a.j.r.Summariser: summary =    805 in 00:01:17 =   10.4/s Avg:  6674 Min:     0 Max: 40012 Err:    10 (1.24%)
2022-02-22 17:27:56,820 ERROR o.a.j.m.JSR223PreProcessor: Problem in JSR223 script, JSR223 PreProcessor
javax.script.ScriptException: groovy.lang.MissingMethodException: No signature of method: org.codehaus.groovy.jsr223.GroovyScriptEngineImpl.$() is applicable for argument types: (Script3$_run_closure1) values: [Script3$_run_closure1@580c62fb]
Possible solutions: is(java.lang.Object), any(), get(java.lang.String), tap(groovy.lang.Closure), use([Ljava.lang.Object;), any(groovy.lang.Closure)
	at org.codehaus.groovy.jsr223.GroovyScriptEngineImpl.eval(GroovyScriptEngineImpl.java:320) ~[groovy-jsr223-3.0.3.jar:3.0.3]
	at org.codehaus.groovy.jsr223.GroovyCompiledScript.eval(GroovyCompiledScript.java:71) ~[groovy-jsr223-3.0.3.jar:3.0.3]
	at javax.script.CompiledScript.eval(CompiledScript.java:92) ~[?:1.8.0_181]
	at org.apache.jmeter.util.JSR223TestElement.processFileOrScript(JSR223TestElement.java:222) ~[ApacheJMeter_core.jar:5.3]
	at org.apache.jmeter.modifiers.JSR223PreProcessor.process(JSR223PreProcessor.java:45) [ApacheJMeter_components.jar:5.3]
	at org.apache.jmeter.threads.JMeterThread.runPreProcessors(JMeterThread.java:950) [ApacheJMeter_core.jar:5.3]
	at org.apache.jmeter.threads.JMeterThread.executeSamplePackage(JMeterThread.java:549) [ApacheJMeter_core.jar:5.3]
	at org.apache.jmeter.threads.JMeterThread.processSampler(JMeterThread.java:489) [ApacheJMeter_core.jar:5.3]
	at org.apache.jmeter.threads.JMeterThread.run(JMeterThread.java:256) [ApacheJMeter_core.jar:5.3]
	at java.lang.Thread.run(Thread.java:748) [?:1.8.0_181]
Caused by: groovy.lang.MissingMethodException: No signature of method: org.codehaus.groovy.jsr223.GroovyScriptEngineImpl.$() is applicable for argument types: (Script3$_run_closure1) values: [Script3$_run_closure1@580c62fb]
Possible solutions: is(java.lang.Object), any(), get(java.lang.String), tap(groovy.lang.Closure), use([Ljava.lang.Object;), any(groovy.lang.Closure)
	at org.codehaus.groovy.jsr223.GroovyScriptEngineImpl.callGlobal(GroovyScriptEngineImpl.java:404) ~[groovy-jsr223-3.0.3.jar:3.0.3]
	at org.codehaus.groovy.jsr223.GroovyScriptEngineImpl.access$100(GroovyScriptEngineImpl.java:90) ~[groovy-jsr223-3.0.3.jar:3.0.3]
	at org.codehaus.groovy.jsr223.GroovyScriptEngineImpl$3.invokeMethod(GroovyScriptEngineImpl.java:303) ~[groovy-jsr223-3.0.3.jar:3.0.3]
	at org.codehaus.groovy.runtime.callsite.PogoMetaClassSite.callCurrent(PogoMetaClassSite.java:73) ~[groovy-3.0.3.jar:3.0.3]
	at org.codehaus.groovy.runtime.callsite.CallSiteArray.defaultCallCurrent(CallSiteArray.java:51) ~[groovy-3.0.3.jar:3.0.3]
	at org.codehaus.groovy.runtime.callsite.PogoMetaClassSite.callCurrent(PogoMetaClassSite.java:83) ~[groovy-3.0.3.jar:3.0.3]
	at org.codehaus.groovy.runtime.callsite.AbstractCallSite.callCurrent(AbstractCallSite.java:185) ~[groovy-3.0.3.jar:3.0.3]
	at Script3.run(Script3.groovy:1) ~[?:?]
	at org.codehaus.groovy.jsr223.GroovyScriptEngineImpl.eval(GroovyScriptEngineImpl.java:317) ~[groovy-jsr223-3.0.3.jar:3.0.3]
	... 9 more
2022-02-22 17:27:57,074 ERROR o.a.j.m.JSR223PreProcessor: Problem in JSR223 script, JSR223 PreProcessor
javax.script.ScriptException: groovy.lang.MissingMethodException: No signature of method: org.codehaus.groovy.jsr223.GroovyScriptEngineImpl.$() is applicable for argument types: (Script3$_run_closure1) values: [Script3$_run_closure1@7e20b429]
Possible solutions: is(java.lang.Object), any(), get(java.lang.String), tap(groovy.lang.Closure), use([Ljava.lang.Object;), any(groovy.lang.Closure)
	at org.codehaus.groovy.jsr223.GroovyScriptEngineImpl.eval(GroovyScriptEngineImpl.java:320) ~[groovy-jsr223-3.0.3.jar:3.0.3]
	at org.codehaus.groovy.jsr223.GroovyCompiledScript.eval(GroovyCompiledScript.java:71) ~[groovy-jsr223-3.0.3.jar:3.0.3]
	at javax.script.CompiledScript.eval(CompiledScript.java:92) ~[?:1.8.0_181]
	at org.apache.jmeter.util.JSR223TestElement.processFileOrScript(JSR223TestElement.java:222) ~[ApacheJMeter_core.jar:5.3]
	at org.apache.jmeter.modifiers.JSR223PreProcessor.process(JSR223PreProcessor.java:45) [ApacheJMeter_components.jar:5.3]
	at org.apache.jmeter.threads.JMeterThread.runPreProcessors(JMeterThread.java:950) [ApacheJMeter_core.jar:5.3]
	at org.apache.jmeter.threads.JMeterThread.executeSamplePackage(JMeterThread.java:549) [ApacheJMeter_core.jar:5.3]
	at org.apache.jmeter.threads.JMeterThread.processSampler(JMeterThread.java:489) [ApacheJMeter_core.jar:5.3]
	at org.apache.jmeter.threads.JMeterThread.run(JMeterThread.java:256) [ApacheJMeter_core.jar:5.3]
	at java.lang.Thread.run(Thread.java:748) [?:1.8.0_181]
Caused by: groovy.lang.MissingMethodException: No signature of method: org.codehaus.groovy.jsr223.GroovyScriptEngineImpl.$() is applicable for argument types: (Script3$_run_closure1) values: [Script3$_run_closure1@7e20b429]
Possible solutions: is(java.lang.Object), any(), get(java.lang.String), tap(groovy.lang.Closure), use([Ljava.lang.Object;), any(groovy.lang.Closure)
	at org.codehaus.groovy.jsr223.GroovyScriptEngineImpl.callGlobal(GroovyScriptEngineImpl.java:404) ~[groovy-jsr223-3.0.3.jar:3.0.3]
	at org.codehaus.groovy.jsr223.GroovyScriptEngineImpl.access$100(GroovyScriptEngineImpl.java:90) ~[groovy-jsr223-3.0.3.jar:3.0.3]
	at org.codehaus.groovy.jsr223.GroovyScriptEngineImpl$3.invokeMethod(GroovyScriptEngineImpl.java:303) ~[groovy-jsr223-3.0.3.jar:3.0.3]
	at org.codehaus.groovy.runtime.callsite.PogoMetaClassSite.callCurrent(PogoMetaClassSite.java:73) ~[groovy-3.0.3.jar:3.0.3]
	at org.codehaus.groovy.runtime.callsite.CallSiteArray.defaultCallCurrent(CallSiteArray.java:51) ~[groovy-3.0.3.jar:3.0.3]
	at org.codehaus.groovy.runtime.callsite.PogoMetaClassSite.callCurrent(PogoMetaClassSite.java:83) ~[groovy-3.0.3.jar:3.0.3]
	at org.codehaus.groovy.runtime.callsite.AbstractCallSite.callCurrent(AbstractCallSite.java:185) ~[groovy-3.0.3.jar:3.0.3]
	at Script3.run(Script3.groovy:1) ~[?:?]
	at org.codehaus.groovy.jsr223.GroovyScriptEngineImpl.eval(GroovyScriptEngineImpl.java:317) ~[groovy-jsr223-3.0.3.jar:3.0.3]
	... 9 more
2022-02-22 17:28:01,591 INFO o.a.j.r.Summariser: summary +     34 in 00:00:06 =    5.4/s Avg: 22357 Min:     0 Max: 26600 Err:     2 (5.88%) Active: 160 Started: 160 Finished: 0
2022-02-22 17:28:01,591 INFO o.a.j.r.Summariser: summary =    839 in 00:01:23 =   10.1/s Avg:  7310 Min:     0 Max: 40012 Err:    12 (1.43%)
2022-02-22 17:28:07,612 INFO o.a.j.s.FileServer: Stored: /home/panda/LoadTest/ClientFolder/rnd_load_test/student_solutions/1/user46.zip
2022-02-22 17:28:08,172 INFO o.a.j.s.FileServer: Stored: /home/panda/LoadTest/ClientFolder/rnd_load_test/student_solutions/1/user42.zip
2022-02-22 17:28:09,440 ERROR o.a.j.m.JSR223PreProcessor: Problem in JSR223 script, JSR223 PreProcessor
javax.script.ScriptException: groovy.lang.MissingMethodException: No signature of method: org.codehaus.groovy.jsr223.GroovyScriptEngineImpl.$() is applicable for argument types: (Script3$_run_closure1) values: [Script3$_run_closure1@3748289a]
Possible solutions: is(java.lang.Object), any(), get(java.lang.String), tap(groovy.lang.Closure), use([Ljava.lang.Object;), any(groovy.lang.Closure)
	at org.codehaus.groovy.jsr223.GroovyScriptEngineImpl.eval(GroovyScriptEngineImpl.java:320) ~[groovy-jsr223-3.0.3.jar:3.0.3]
	at org.codehaus.groovy.jsr223.GroovyCompiledScript.eval(GroovyCompiledScript.java:71) ~[groovy-jsr223-3.0.3.jar:3.0.3]
	at javax.script.CompiledScript.eval(CompiledScript.java:92) ~[?:1.8.0_181]
	at org.apache.jmeter.util.JSR223TestElement.processFileOrScript(JSR223TestElement.java:222) ~[ApacheJMeter_core.jar:5.3]
	at org.apache.jmeter.modifiers.JSR223PreProcessor.process(JSR223PreProcessor.java:45) [ApacheJMeter_components.jar:5.3]
	at org.apache.jmeter.threads.JMeterThread.runPreProcessors(JMeterThread.java:950) [ApacheJMeter_core.jar:5.3]
	at org.apache.jmeter.threads.JMeterThread.executeSamplePackage(JMeterThread.java:549) [ApacheJMeter_core.jar:5.3]
	at org.apache.jmeter.threads.JMeterThread.processSampler(JMeterThread.java:489) [ApacheJMeter_core.jar:5.3]
	at org.apache.jmeter.threads.JMeterThread.run(JMeterThread.java:256) [ApacheJMeter_core.jar:5.3]
	at java.lang.Thread.run(Thread.java:748) [?:1.8.0_181]
Caused by: groovy.lang.MissingMethodException: No signature of method: org.codehaus.groovy.jsr223.GroovyScriptEngineImpl.$() is applicable for argument types: (Script3$_run_closure1) values: [Script3$_run_closure1@3748289a]
Possible solutions: is(java.lang.Object), any(), get(java.lang.String), tap(groovy.lang.Closure), use([Ljava.lang.Object;), any(groovy.lang.Closure)
	at org.codehaus.groovy.jsr223.GroovyScriptEngineImpl.callGlobal(GroovyScriptEngineImpl.java:404) ~[groovy-jsr223-3.0.3.jar:3.0.3]
	at org.codehaus.groovy.jsr223.GroovyScriptEngineImpl.access$100(GroovyScriptEngineImpl.java:90) ~[groovy-jsr223-3.0.3.jar:3.0.3]
	at org.codehaus.groovy.jsr223.GroovyScriptEngineImpl$3.invokeMethod(GroovyScriptEngineImpl.java:303) ~[groovy-jsr223-3.0.3.jar:3.0.3]
	at org.codehaus.groovy.runtime.callsite.PogoMetaClassSite.callCurrent(PogoMetaClassSite.java:73) ~[groovy-3.0.3.jar:3.0.3]
	at org.codehaus.groovy.runtime.callsite.CallSiteArray.defaultCallCurrent(CallSiteArray.java:51) ~[groovy-3.0.3.jar:3.0.3]
	at org.codehaus.groovy.runtime.callsite.PogoMetaClassSite.callCurrent(PogoMetaClassSite.java:83) ~[groovy-3.0.3.jar:3.0.3]
	at org.codehaus.groovy.runtime.callsite.AbstractCallSite.callCurrent(AbstractCallSite.java:185) ~[groovy-3.0.3.jar:3.0.3]
	at Script3.run(Script3.groovy:1) ~[?:?]
	at org.codehaus.groovy.jsr223.GroovyScriptEngineImpl.eval(GroovyScriptEngineImpl.java:317) ~[groovy-jsr223-3.0.3.jar:3.0.3]
	... 9 more
2022-02-22 17:28:09,743 ERROR o.a.j.m.JSR223PreProcessor: Problem in JSR223 script, JSR223 PreProcessor
javax.script.ScriptException: groovy.lang.MissingMethodException: No signature of method: org.codehaus.groovy.jsr223.GroovyScriptEngineImpl.$() is applicable for argument types: (Script3$_run_closure1) values: [Script3$_run_closure1@3ea6a8dd]
Possible solutions: is(java.lang.Object), any(), get(java.lang.String), tap(groovy.lang.Closure), use([Ljava.lang.Object;), any(groovy.lang.Closure)
	at org.codehaus.groovy.jsr223.GroovyScriptEngineImpl.eval(GroovyScriptEngineImpl.java:320) ~[groovy-jsr223-3.0.3.jar:3.0.3]
	at org.codehaus.groovy.jsr223.GroovyCompiledScript.eval(GroovyCompiledScript.java:71) ~[groovy-jsr223-3.0.3.jar:3.0.3]
	at javax.script.CompiledScript.eval(CompiledScript.java:92) ~[?:1.8.0_181]
	at org.apache.jmeter.util.JSR223TestElement.processFileOrScript(JSR223TestElement.java:222) ~[ApacheJMeter_core.jar:5.3]
	at org.apache.jmeter.modifiers.JSR223PreProcessor.process(JSR223PreProcessor.java:45) [ApacheJMeter_components.jar:5.3]
	at org.apache.jmeter.threads.JMeterThread.runPreProcessors(JMeterThread.java:950) [ApacheJMeter_core.jar:5.3]
	at org.apache.jmeter.threads.JMeterThread.executeSamplePackage(JMeterThread.java:549) [ApacheJMeter_core.jar:5.3]
	at org.apache.jmeter.threads.JMeterThread.processSampler(JMeterThread.java:489) [ApacheJMeter_core.jar:5.3]
	at org.apache.jmeter.threads.JMeterThread.run(JMeterThread.java:256) [ApacheJMeter_core.jar:5.3]
	at java.lang.Thread.run(Thread.java:748) [?:1.8.0_181]
Caused by: groovy.lang.MissingMethodException: No signature of method: org.codehaus.groovy.jsr223.GroovyScriptEngineImpl.$() is applicable for argument types: (Script3$_run_closure1) values: [Script3$_run_closure1@3ea6a8dd]
Possible solutions: is(java.lang.Object), any(), get(java.lang.String), tap(groovy.lang.Closure), use([Ljava.lang.Object;), any(groovy.lang.Closure)
	at org.codehaus.groovy.jsr223.GroovyScriptEngineImpl.callGlobal(GroovyScriptEngineImpl.java:404) ~[groovy-jsr223-3.0.3.jar:3.0.3]
	at org.codehaus.groovy.jsr223.GroovyScriptEngineImpl.access$100(GroovyScriptEngineImpl.java:90) ~[groovy-jsr223-3.0.3.jar:3.0.3]
	at org.codehaus.groovy.jsr223.GroovyScriptEngineImpl$3.invokeMethod(GroovyScriptEngineImpl.java:303) ~[groovy-jsr223-3.0.3.jar:3.0.3]
	at org.codehaus.groovy.runtime.callsite.PogoMetaClassSite.callCurrent(PogoMetaClassSite.java:73) ~[groovy-3.0.3.jar:3.0.3]
	at org.codehaus.groovy.runtime.callsite.CallSiteArray.defaultCallCurrent(CallSiteArray.java:51) ~[groovy-3.0.3.jar:3.0.3]
	at org.codehaus.groovy.runtime.callsite.PogoMetaClassSite.callCurrent(PogoMetaClassSite.java:83) ~[groovy-3.0.3.jar:3.0.3]
	at org.codehaus.groovy.runtime.callsite.AbstractCallSite.callCurrent(AbstractCallSite.java:185) ~[groovy-3.0.3.jar:3.0.3]
	at Script3.run(Script3.groovy:1) ~[?:?]
	at org.codehaus.groovy.jsr223.GroovyScriptEngineImpl.eval(GroovyScriptEngineImpl.java:317) ~[groovy-jsr223-3.0.3.jar:3.0.3]
	... 9 more
2022-02-22 17:28:09,794 INFO o.a.j.s.FileServer: Stored: /home/panda/LoadTest/ClientFolder/rnd_load_test/student_solutions/2/user86.zip
2022-02-22 17:28:10,346 INFO o.a.j.s.FileServer: Stored: /home/panda/LoadTest/ClientFolder/rnd_load_test/student_solutions/2/user89.zip
2022-02-22 17:28:10,654 INFO o.a.j.r.Summariser: summary +     47 in 00:00:09 =    5.2/s Avg: 25614 Min:     0 Max: 32883 Err:     4 (8.51%) Active: 160 Started: 160 Finished: 0
2022-02-22 17:28:10,655 INFO o.a.j.r.Summariser: summary =    886 in 00:01:33 =    9.6/s Avg:  8281 Min:     0 Max: 40012 Err:    16 (1.81%)
2022-02-22 17:28:12,373 INFO o.a.j.s.FileServer: Stored: /home/panda/LoadTest/ClientFolder/rnd_load_test/student_solutions/1/user11.zip
2022-02-22 17:28:14,524 INFO o.a.j.s.FileServer: Stored: /home/panda/LoadTest/ClientFolder/rnd_load_test/student_solutions/2/user87.zip
2022-02-22 17:28:15,785 INFO o.a.j.s.FileServer: Stored: /home/panda/LoadTest/ClientFolder/rnd_load_test/student_solutions/1/user35.zip
2022-02-22 17:28:16,984 INFO o.a.j.s.FileServer: Stored: /home/panda/LoadTest/ClientFolder/rnd_load_test/student_solutions/2/user84.zip
2022-02-22 17:28:17,489 INFO o.a.j.s.FileServer: Stored: /home/panda/LoadTest/ClientFolder/rnd_load_test/student_solutions/1/user24.zip
2022-02-22 17:28:17,773 INFO o.a.j.s.FileServer: Stored: /home/panda/LoadTest/ClientFolder/rnd_load_test/student_solutions/1/user22.zip
2022-02-22 17:28:17,986 INFO o.a.j.s.FileServer: Stored: /home/panda/LoadTest/ClientFolder/rnd_load_test/student_solutions/2/user81.zip
2022-02-22 17:28:18,194 INFO o.a.j.s.FileServer: Stored: /home/panda/LoadTest/ClientFolder/rnd_load_test/student_solutions/1/user20.zip
2022-02-22 17:28:18,754 INFO o.a.j.s.FileServer: Stored: /home/panda/LoadTest/ClientFolder/rnd_load_test/student_solutions/2/user67.zip
2022-02-22 17:28:20,153 INFO o.a.j.r.Summariser: summary +     75 in 00:00:09 =    7.9/s Avg: 24487 Min:   882 Max: 50031 Err:    23 (30.67%) Active: 160 Started: 160 Finished: 0
2022-02-22 17:28:20,154 INFO o.a.j.r.Summariser: summary =    961 in 00:01:42 =    9.4/s Avg:  9545 Min:     0 Max: 50031 Err:    39 (4.06%)
2022-02-22 17:28:21,701 ERROR o.a.j.m.JSR223PreProcessor: Problem in JSR223 script, JSR223 PreProcessor
javax.script.ScriptException: groovy.lang.MissingMethodException: No signature of method: org.codehaus.groovy.jsr223.GroovyScriptEngineImpl.$() is applicable for argument types: (Script3$_run_closure1) values: [Script3$_run_closure1@587d69d3]
Possible solutions: is(java.lang.Object), any(), get(java.lang.String), tap(groovy.lang.Closure), use([Ljava.lang.Object;), any(groovy.lang.Closure)
	at org.codehaus.groovy.jsr223.GroovyScriptEngineImpl.eval(GroovyScriptEngineImpl.java:320) ~[groovy-jsr223-3.0.3.jar:3.0.3]
	at org.codehaus.groovy.jsr223.GroovyCompiledScript.eval(GroovyCompiledScript.java:71) ~[groovy-jsr223-3.0.3.jar:3.0.3]
	at javax.script.CompiledScript.eval(CompiledScript.java:92) ~[?:1.8.0_181]
	at org.apache.jmeter.util.JSR223TestElement.processFileOrScript(JSR223TestElement.java:222) ~[ApacheJMeter_core.jar:5.3]
	at org.apache.jmeter.modifiers.JSR223PreProcessor.process(JSR223PreProcessor.java:45) [ApacheJMeter_components.jar:5.3]
	at org.apache.jmeter.threads.JMeterThread.runPreProcessors(JMeterThread.java:950) [ApacheJMeter_core.jar:5.3]
	at org.apache.jmeter.threads.JMeterThread.executeSamplePackage(JMeterThread.java:549) [ApacheJMeter_core.jar:5.3]
	at org.apache.jmeter.threads.JMeterThread.processSampler(JMeterThread.java:489) [ApacheJMeter_core.jar:5.3]
	at org.apache.jmeter.threads.JMeterThread.run(JMeterThread.java:256) [ApacheJMeter_core.jar:5.3]
	at java.lang.Thread.run(Thread.java:748) [?:1.8.0_181]
Caused by: groovy.lang.MissingMethodException: No signature of method: org.codehaus.groovy.jsr223.GroovyScriptEngineImpl.$() is applicable for argument types: (Script3$_run_closure1) values: [Script3$_run_closure1@587d69d3]
Possible solutions: is(java.lang.Object), any(), get(java.lang.String), tap(groovy.lang.Closure), use([Ljava.lang.Object;), any(groovy.lang.Closure)
	at org.codehaus.groovy.jsr223.GroovyScriptEngineImpl.callGlobal(GroovyScriptEngineImpl.java:404) ~[groovy-jsr223-3.0.3.jar:3.0.3]
	at org.codehaus.groovy.jsr223.GroovyScriptEngineImpl.access$100(GroovyScriptEngineImpl.java:90) ~[groovy-jsr223-3.0.3.jar:3.0.3]
	at org.codehaus.groovy.jsr223.GroovyScriptEngineImpl$3.invokeMethod(GroovyScriptEngineImpl.java:303) ~[groovy-jsr223-3.0.3.jar:3.0.3]
	at org.codehaus.groovy.runtime.callsite.PogoMetaClassSite.callCurrent(PogoMetaClassSite.java:73) ~[groovy-3.0.3.jar:3.0.3]
	at org.codehaus.groovy.runtime.callsite.CallSiteArray.defaultCallCurrent(CallSiteArray.java:51) ~[groovy-3.0.3.jar:3.0.3]
	at org.codehaus.groovy.runtime.callsite.PogoMetaClassSite.callCurrent(PogoMetaClassSite.java:83) ~[groovy-3.0.3.jar:3.0.3]
	at org.codehaus.groovy.runtime.callsite.AbstractCallSite.callCurrent(AbstractCallSite.java:185) ~[groovy-3.0.3.jar:3.0.3]
	at Script3.run(Script3.groovy:1) ~[?:?]
	at org.codehaus.groovy.jsr223.GroovyScriptEngineImpl.eval(GroovyScriptEngineImpl.java:317) ~[groovy-jsr223-3.0.3.jar:3.0.3]
	... 9 more
2022-02-22 17:28:21,777 ERROR o.a.j.m.JSR223PreProcessor: Problem in JSR223 script, JSR223 PreProcessor
javax.script.ScriptException: groovy.lang.MissingMethodException: No signature of method: org.codehaus.groovy.jsr223.GroovyScriptEngineImpl.$() is applicable for argument types: (Script3$_run_closure1) values: [Script3$_run_closure1@2f437309]
Possible solutions: is(java.lang.Object), any(), get(java.lang.String), tap(groovy.lang.Closure), use([Ljava.lang.Object;), any(groovy.lang.Closure)
	at org.codehaus.groovy.jsr223.GroovyScriptEngineImpl.eval(GroovyScriptEngineImpl.java:320) ~[groovy-jsr223-3.0.3.jar:3.0.3]
	at org.codehaus.groovy.jsr223.GroovyCompiledScript.eval(GroovyCompiledScript.java:71) ~[groovy-jsr223-3.0.3.jar:3.0.3]
	at javax.script.CompiledScript.eval(CompiledScript.java:92) ~[?:1.8.0_181]
	at org.apache.jmeter.util.JSR223TestElement.processFileOrScript(JSR223TestElement.java:222) ~[ApacheJMeter_core.jar:5.3]
	at org.apache.jmeter.modifiers.JSR223PreProcessor.process(JSR223PreProcessor.java:45) [ApacheJMeter_components.jar:5.3]
	at org.apache.jmeter.threads.JMeterThread.runPreProcessors(JMeterThread.java:950) [ApacheJMeter_core.jar:5.3]
	at org.apache.jmeter.threads.JMeterThread.executeSamplePackage(JMeterThread.java:549) [ApacheJMeter_core.jar:5.3]
	at org.apache.jmeter.threads.JMeterThread.processSampler(JMeterThread.java:489) [ApacheJMeter_core.jar:5.3]
	at org.apache.jmeter.threads.JMeterThread.run(JMeterThread.java:256) [ApacheJMeter_core.jar:5.3]
	at java.lang.Thread.run(Thread.java:748) [?:1.8.0_181]
Caused by: groovy.lang.MissingMethodException: No signature of method: org.codehaus.groovy.jsr223.GroovyScriptEngineImpl.$() is applicable for argument types: (Script3$_run_closure1) values: [Script3$_run_closure1@2f437309]
Possible solutions: is(java.lang.Object), any(), get(java.lang.String), tap(groovy.lang.Closure), use([Ljava.lang.Object;), any(groovy.lang.Closure)
	at org.codehaus.groovy.jsr223.GroovyScriptEngineImpl.callGlobal(GroovyScriptEngineImpl.java:404) ~[groovy-jsr223-3.0.3.jar:3.0.3]
	at org.codehaus.groovy.jsr223.GroovyScriptEngineImpl.access$100(GroovyScriptEngineImpl.java:90) ~[groovy-jsr223-3.0.3.jar:3.0.3]
	at org.codehaus.groovy.jsr223.GroovyScriptEngineImpl$3.invokeMethod(GroovyScriptEngineImpl.java:303) ~[groovy-jsr223-3.0.3.jar:3.0.3]
	at org.codehaus.groovy.runtime.callsite.PogoMetaClassSite.callCurrent(PogoMetaClassSite.java:73) ~[groovy-3.0.3.jar:3.0.3]
	at org.codehaus.groovy.runtime.callsite.CallSiteArray.defaultCallCurrent(CallSiteArray.java:51) ~[groovy-3.0.3.jar:3.0.3]
	at org.codehaus.groovy.runtime.callsite.PogoMetaClassSite.callCurrent(PogoMetaClassSite.java:83) ~[groovy-3.0.3.jar:3.0.3]
	at org.codehaus.groovy.runtime.callsite.AbstractCallSite.callCurrent(AbstractCallSite.java:185) ~[groovy-3.0.3.jar:3.0.3]
	at Script3.run(Script3.groovy:1) ~[?:?]
	at org.codehaus.groovy.jsr223.GroovyScriptEngineImpl.eval(GroovyScriptEngineImpl.java:317) ~[groovy-jsr223-3.0.3.jar:3.0.3]
	... 9 more
2022-02-22 17:28:21,797 INFO o.a.j.s.FileServer: Stored: /home/panda/LoadTest/ClientFolder/rnd_load_test/student_solutions/1/user2.zip
2022-02-22 17:28:28,078 INFO o.a.j.s.FileServer: Stored: /home/panda/LoadTest/ClientFolder/rnd_load_test/student_solutions/2/user96.zip
2022-02-22 17:28:29,363 INFO o.a.j.s.FileServer: Stored: /home/panda/LoadTest/ClientFolder/rnd_load_test/student_solutions/2/user92.zip
2022-02-22 17:28:29,588 INFO o.a.j.s.FileServer: Stored: /home/panda/LoadTest/ClientFolder/rnd_load_test/student_solutions/2/user51.zip
2022-02-22 17:28:30,927 INFO o.a.j.r.Summariser: summary +     61 in 00:00:11 =    5.7/s Avg: 28807 Min:     0 Max: 50082 Err:    27 (44.26%) Active: 160 Started: 160 Finished: 0
2022-02-22 17:28:30,928 INFO o.a.j.r.Summariser: summary =   1022 in 00:01:53 =    9.1/s Avg: 10695 Min:     0 Max: 50082 Err:    66 (6.46%)
2022-02-22 17:28:31,174 INFO o.a.j.s.FileServer: Stored: /home/panda/LoadTest/ClientFolder/rnd_load_test/student_solutions/1/user43.zip
2022-02-22 17:28:31,630 INFO o.a.j.s.FileServer: Stored: /home/panda/LoadTest/ClientFolder/rnd_load_test/student_solutions/2/user79.zip
2022-02-22 17:28:33,731 ERROR o.a.j.m.JSR223PreProcessor: Problem in JSR223 script, JSR223 PreProcessor
javax.script.ScriptException: groovy.lang.MissingMethodException: No signature of method: org.codehaus.groovy.jsr223.GroovyScriptEngineImpl.$() is applicable for argument types: (Script3$_run_closure1) values: [Script3$_run_closure1@57ed043e]
Possible solutions: is(java.lang.Object), any(), get(java.lang.String), tap(groovy.lang.Closure), use([Ljava.lang.Object;), any(groovy.lang.Closure)
	at org.codehaus.groovy.jsr223.GroovyScriptEngineImpl.eval(GroovyScriptEngineImpl.java:320) ~[groovy-jsr223-3.0.3.jar:3.0.3]
	at org.codehaus.groovy.jsr223.GroovyCompiledScript.eval(GroovyCompiledScript.java:71) ~[groovy-jsr223-3.0.3.jar:3.0.3]
	at javax.script.CompiledScript.eval(CompiledScript.java:92) ~[?:1.8.0_181]
	at org.apache.jmeter.util.JSR223TestElement.processFileOrScript(JSR223TestElement.java:222) ~[ApacheJMeter_core.jar:5.3]
	at org.apache.jmeter.modifiers.JSR223PreProcessor.process(JSR223PreProcessor.java:45) [ApacheJMeter_components.jar:5.3]
	at org.apache.jmeter.threads.JMeterThread.runPreProcessors(JMeterThread.java:950) [ApacheJMeter_core.jar:5.3]
	at org.apache.jmeter.threads.JMeterThread.executeSamplePackage(JMeterThread.java:549) [ApacheJMeter_core.jar:5.3]
	at org.apache.jmeter.threads.JMeterThread.processSampler(JMeterThread.java:489) [ApacheJMeter_core.jar:5.3]
	at org.apache.jmeter.threads.JMeterThread.run(JMeterThread.java:256) [ApacheJMeter_core.jar:5.3]
	at java.lang.Thread.run(Thread.java:748) [?:1.8.0_181]
Caused by: groovy.lang.MissingMethodException: No signature of method: org.codehaus.groovy.jsr223.GroovyScriptEngineImpl.$() is applicable for argument types: (Script3$_run_closure1) values: [Script3$_run_closure1@57ed043e]
Possible solutions: is(java.lang.Object), any(), get(java.lang.String), tap(groovy.lang.Closure), use([Ljava.lang.Object;), any(groovy.lang.Closure)
	at org.codehaus.groovy.jsr223.GroovyScriptEngineImpl.callGlobal(GroovyScriptEngineImpl.java:404) ~[groovy-jsr223-3.0.3.jar:3.0.3]
	at org.codehaus.groovy.jsr223.GroovyScriptEngineImpl.access$100(GroovyScriptEngineImpl.java:90) ~[groovy-jsr223-3.0.3.jar:3.0.3]
	at org.codehaus.groovy.jsr223.GroovyScriptEngineImpl$3.invokeMethod(GroovyScriptEngineImpl.java:303) ~[groovy-jsr223-3.0.3.jar:3.0.3]
	at org.codehaus.groovy.runtime.callsite.PogoMetaClassSite.callCurrent(PogoMetaClassSite.java:73) ~[groovy-3.0.3.jar:3.0.3]
	at org.codehaus.groovy.runtime.callsite.CallSiteArray.defaultCallCurrent(CallSiteArray.java:51) ~[groovy-3.0.3.jar:3.0.3]
	at org.codehaus.groovy.runtime.callsite.PogoMetaClassSite.callCurrent(PogoMetaClassSite.java:83) ~[groovy-3.0.3.jar:3.0.3]
	at org.codehaus.groovy.runtime.callsite.AbstractCallSite.callCurrent(AbstractCallSite.java:185) ~[groovy-3.0.3.jar:3.0.3]
	at Script3.run(Script3.groovy:1) ~[?:?]
	at org.codehaus.groovy.jsr223.GroovyScriptEngineImpl.eval(GroovyScriptEngineImpl.java:317) ~[groovy-jsr223-3.0.3.jar:3.0.3]
	... 9 more
2022-02-22 17:28:33,868 ERROR o.a.j.m.JSR223PreProcessor: Problem in JSR223 script, JSR223 PreProcessor
javax.script.ScriptException: groovy.lang.MissingMethodException: No signature of method: org.codehaus.groovy.jsr223.GroovyScriptEngineImpl.$() is applicable for argument types: (Script3$_run_closure1) values: [Script3$_run_closure1@5debda27]
Possible solutions: is(java.lang.Object), any(), get(java.lang.String), tap(groovy.lang.Closure), use([Ljava.lang.Object;), any(groovy.lang.Closure)
	at org.codehaus.groovy.jsr223.GroovyScriptEngineImpl.eval(GroovyScriptEngineImpl.java:320) ~[groovy-jsr223-3.0.3.jar:3.0.3]
	at org.codehaus.groovy.jsr223.GroovyCompiledScript.eval(GroovyCompiledScript.java:71) ~[groovy-jsr223-3.0.3.jar:3.0.3]
	at javax.script.CompiledScript.eval(CompiledScript.java:92) ~[?:1.8.0_181]
	at org.apache.jmeter.util.JSR223TestElement.processFileOrScript(JSR223TestElement.java:222) ~[ApacheJMeter_core.jar:5.3]
	at org.apache.jmeter.modifiers.JSR223PreProcessor.process(JSR223PreProcessor.java:45) [ApacheJMeter_components.jar:5.3]
	at org.apache.jmeter.threads.JMeterThread.runPreProcessors(JMeterThread.java:950) [ApacheJMeter_core.jar:5.3]
	at org.apache.jmeter.threads.JMeterThread.executeSamplePackage(JMeterThread.java:549) [ApacheJMeter_core.jar:5.3]
	at org.apache.jmeter.threads.JMeterThread.processSampler(JMeterThread.java:489) [ApacheJMeter_core.jar:5.3]
	at org.apache.jmeter.threads.JMeterThread.run(JMeterThread.java:256) [ApacheJMeter_core.jar:5.3]
	at java.lang.Thread.run(Thread.java:748) [?:1.8.0_181]
Caused by: groovy.lang.MissingMethodException: No signature of method: org.codehaus.groovy.jsr223.GroovyScriptEngineImpl.$() is applicable for argument types: (Script3$_run_closure1) values: [Script3$_run_closure1@5debda27]
Possible solutions: is(java.lang.Object), any(), get(java.lang.String), tap(groovy.lang.Closure), use([Ljava.lang.Object;), any(groovy.lang.Closure)
	at org.codehaus.groovy.jsr223.GroovyScriptEngineImpl.callGlobal(GroovyScriptEngineImpl.java:404) ~[groovy-jsr223-3.0.3.jar:3.0.3]
	at org.codehaus.groovy.jsr223.GroovyScriptEngineImpl.access$100(GroovyScriptEngineImpl.java:90) ~[groovy-jsr223-3.0.3.jar:3.0.3]
	at org.codehaus.groovy.jsr223.GroovyScriptEngineImpl$3.invokeMethod(GroovyScriptEngineImpl.java:303) ~[groovy-jsr223-3.0.3.jar:3.0.3]
	at org.codehaus.groovy.runtime.callsite.PogoMetaClassSite.callCurrent(PogoMetaClassSite.java:73) ~[groovy-3.0.3.jar:3.0.3]
	at org.codehaus.groovy.runtime.callsite.CallSiteArray.defaultCallCurrent(CallSiteArray.java:51) ~[groovy-3.0.3.jar:3.0.3]
	at org.codehaus.groovy.runtime.callsite.PogoMetaClassSite.callCurrent(PogoMetaClassSite.java:83) ~[groovy-3.0.3.jar:3.0.3]
	at org.codehaus.groovy.runtime.callsite.AbstractCallSite.callCurrent(AbstractCallSite.java:185) ~[groovy-3.0.3.jar:3.0.3]
	at Script3.run(Script3.groovy:1) ~[?:?]
	at org.codehaus.groovy.jsr223.GroovyScriptEngineImpl.eval(GroovyScriptEngineImpl.java:317) ~[groovy-jsr223-3.0.3.jar:3.0.3]
	... 9 more
2022-02-22 17:28:33,974 INFO o.a.j.s.FileServer: Stored: /home/panda/LoadTest/ClientFolder/rnd_load_test/student_solutions/2/user99.zip
2022-02-22 17:28:39,662 INFO o.a.j.s.FileServer: Stored: /home/panda/LoadTest/ClientFolder/rnd_load_test/student_solutions/1/user37.zip
2022-02-22 17:28:43,574 INFO o.a.j.r.Summariser: summary +     10 in 00:00:13 =    0.8/s Avg: 14641 Min:     0 Max: 57696 Err:     2 (20.00%) Active: 160 Started: 160 Finished: 0
2022-02-22 17:28:43,575 INFO o.a.j.r.Summariser: summary =   1032 in 00:02:05 =    8.2/s Avg: 10733 Min:     0 Max: 57696 Err:    68 (6.59%)
2022-02-22 17:28:46,050 ERROR o.a.j.m.JSR223PreProcessor: Problem in JSR223 script, JSR223 PreProcessor
javax.script.ScriptException: groovy.lang.MissingMethodException: No signature of method: org.codehaus.groovy.jsr223.GroovyScriptEngineImpl.$() is applicable for argument types: (Script3$_run_closure1) values: [Script3$_run_closure1@64eb3b2b]
Possible solutions: is(java.lang.Object), any(), get(java.lang.String), tap(groovy.lang.Closure), use([Ljava.lang.Object;), any(groovy.lang.Closure)
	at org.codehaus.groovy.jsr223.GroovyScriptEngineImpl.eval(GroovyScriptEngineImpl.java:320) ~[groovy-jsr223-3.0.3.jar:3.0.3]
	at org.codehaus.groovy.jsr223.GroovyCompiledScript.eval(GroovyCompiledScript.java:71) ~[groovy-jsr223-3.0.3.jar:3.0.3]
	at javax.script.CompiledScript.eval(CompiledScript.java:92) ~[?:1.8.0_181]
	at org.apache.jmeter.util.JSR223TestElement.processFileOrScript(JSR223TestElement.java:222) ~[ApacheJMeter_core.jar:5.3]
	at org.apache.jmeter.modifiers.JSR223PreProcessor.process(JSR223PreProcessor.java:45) [ApacheJMeter_components.jar:5.3]
	at org.apache.jmeter.threads.JMeterThread.runPreProcessors(JMeterThread.java:950) [ApacheJMeter_core.jar:5.3]
	at org.apache.jmeter.threads.JMeterThread.executeSamplePackage(JMeterThread.java:549) [ApacheJMeter_core.jar:5.3]
	at org.apache.jmeter.threads.JMeterThread.processSampler(JMeterThread.java:489) [ApacheJMeter_core.jar:5.3]
	at org.apache.jmeter.threads.JMeterThread.run(JMeterThread.java:256) [ApacheJMeter_core.jar:5.3]
	at java.lang.Thread.run(Thread.java:748) [?:1.8.0_181]
Caused by: groovy.lang.MissingMethodException: No signature of method: org.codehaus.groovy.jsr223.GroovyScriptEngineImpl.$() is applicable for argument types: (Script3$_run_closure1) values: [Script3$_run_closure1@64eb3b2b]
Possible solutions: is(java.lang.Object), any(), get(java.lang.String), tap(groovy.lang.Closure), use([Ljava.lang.Object;), any(groovy.lang.Closure)
	at org.codehaus.groovy.jsr223.GroovyScriptEngineImpl.callGlobal(GroovyScriptEngineImpl.java:404) ~[groovy-jsr223-3.0.3.jar:3.0.3]
	at org.codehaus.groovy.jsr223.GroovyScriptEngineImpl.access$100(GroovyScriptEngineImpl.java:90) ~[groovy-jsr223-3.0.3.jar:3.0.3]
	at org.codehaus.groovy.jsr223.GroovyScriptEngineImpl$3.invokeMethod(GroovyScriptEngineImpl.java:303) ~[groovy-jsr223-3.0.3.jar:3.0.3]
	at org.codehaus.groovy.runtime.callsite.PogoMetaClassSite.callCurrent(PogoMetaClassSite.java:73) ~[groovy-3.0.3.jar:3.0.3]
	at org.codehaus.groovy.runtime.callsite.CallSiteArray.defaultCallCurrent(CallSiteArray.java:51) ~[groovy-3.0.3.jar:3.0.3]
	at org.codehaus.groovy.runtime.callsite.PogoMetaClassSite.callCurrent(PogoMetaClassSite.java:83) ~[groovy-3.0.3.jar:3.0.3]
	at org.codehaus.groovy.runtime.callsite.AbstractCallSite.callCurrent(AbstractCallSite.java:185) ~[groovy-3.0.3.jar:3.0.3]
	at Script3.run(Script3.groovy:1) ~[?:?]
	at org.codehaus.groovy.jsr223.GroovyScriptEngineImpl.eval(GroovyScriptEngineImpl.java:317) ~[groovy-jsr223-3.0.3.jar:3.0.3]
	... 9 more
2022-02-22 17:28:46,111 ERROR o.a.j.m.JSR223PreProcessor: Problem in JSR223 script, JSR223 PreProcessor
javax.script.ScriptException: groovy.lang.MissingMethodException: No signature of method: org.codehaus.groovy.jsr223.GroovyScriptEngineImpl.$() is applicable for argument types: (Script3$_run_closure1) values: [Script3$_run_closure1@65b5bd1]
Possible solutions: is(java.lang.Object), any(), get(java.lang.String), tap(groovy.lang.Closure), use([Ljava.lang.Object;), any(groovy.lang.Closure)
	at org.codehaus.groovy.jsr223.GroovyScriptEngineImpl.eval(GroovyScriptEngineImpl.java:320) ~[groovy-jsr223-3.0.3.jar:3.0.3]
	at org.codehaus.groovy.jsr223.GroovyCompiledScript.eval(GroovyCompiledScript.java:71) ~[groovy-jsr223-3.0.3.jar:3.0.3]
	at javax.script.CompiledScript.eval(CompiledScript.java:92) ~[?:1.8.0_181]
	at org.apache.jmeter.util.JSR223TestElement.processFileOrScript(JSR223TestElement.java:222) ~[ApacheJMeter_core.jar:5.3]
	at org.apache.jmeter.modifiers.JSR223PreProcessor.process(JSR223PreProcessor.java:45) [ApacheJMeter_components.jar:5.3]
	at org.apache.jmeter.threads.JMeterThread.runPreProcessors(JMeterThread.java:950) [ApacheJMeter_core.jar:5.3]
	at org.apache.jmeter.threads.JMeterThread.executeSamplePackage(JMeterThread.java:549) [ApacheJMeter_core.jar:5.3]
	at org.apache.jmeter.threads.JMeterThread.processSampler(JMeterThread.java:489) [ApacheJMeter_core.jar:5.3]
	at org.apache.jmeter.threads.JMeterThread.run(JMeterThread.java:256) [ApacheJMeter_core.jar:5.3]
	at java.lang.Thread.run(Thread.java:748) [?:1.8.0_181]
Caused by: groovy.lang.MissingMethodException: No signature of method: org.codehaus.groovy.jsr223.GroovyScriptEngineImpl.$() is applicable for argument types: (Script3$_run_closure1) values: [Script3$_run_closure1@65b5bd1]
Possible solutions: is(java.lang.Object), any(), get(java.lang.String), tap(groovy.lang.Closure), use([Ljava.lang.Object;), any(groovy.lang.Closure)
	at org.codehaus.groovy.jsr223.GroovyScriptEngineImpl.callGlobal(GroovyScriptEngineImpl.java:404) ~[groovy-jsr223-3.0.3.jar:3.0.3]
	at org.codehaus.groovy.jsr223.GroovyScriptEngineImpl.access$100(GroovyScriptEngineImpl.java:90) ~[groovy-jsr223-3.0.3.jar:3.0.3]
	at org.codehaus.groovy.jsr223.GroovyScriptEngineImpl$3.invokeMethod(GroovyScriptEngineImpl.java:303) ~[groovy-jsr223-3.0.3.jar:3.0.3]
	at org.codehaus.groovy.runtime.callsite.PogoMetaClassSite.callCurrent(PogoMetaClassSite.java:73) ~[groovy-3.0.3.jar:3.0.3]
	at org.codehaus.groovy.runtime.callsite.CallSiteArray.defaultCallCurrent(CallSiteArray.java:51) ~[groovy-3.0.3.jar:3.0.3]
	at org.codehaus.groovy.runtime.callsite.PogoMetaClassSite.callCurrent(PogoMetaClassSite.java:83) ~[groovy-3.0.3.jar:3.0.3]
	at org.codehaus.groovy.runtime.callsite.AbstractCallSite.callCurrent(AbstractCallSite.java:185) ~[groovy-3.0.3.jar:3.0.3]
	at Script3.run(Script3.groovy:1) ~[?:?]
	at org.codehaus.groovy.jsr223.GroovyScriptEngineImpl.eval(GroovyScriptEngineImpl.java:317) ~[groovy-jsr223-3.0.3.jar:3.0.3]
	... 9 more
2022-02-22 17:28:50,021 INFO o.a.j.r.Summariser: summary +     49 in 00:00:06 =    7.6/s Avg: 14285 Min:     0 Max: 37439 Err:     2 (4.08%) Active: 160 Started: 160 Finished: 0
2022-02-22 17:28:50,022 INFO o.a.j.r.Summariser: summary =   1081 in 00:02:12 =    8.2/s Avg: 10894 Min:     0 Max: 57696 Err:    70 (6.48%)
2022-02-22 17:28:58,209 ERROR o.a.j.m.JSR223PreProcessor: Problem in JSR223 script, JSR223 PreProcessor
javax.script.ScriptException: groovy.lang.MissingMethodException: No signature of method: org.codehaus.groovy.jsr223.GroovyScriptEngineImpl.$() is applicable for argument types: (Script3$_run_closure1) values: [Script3$_run_closure1@4fee9c19]
Possible solutions: is(java.lang.Object), any(), get(java.lang.String), tap(groovy.lang.Closure), use([Ljava.lang.Object;), any(groovy.lang.Closure)
	at org.codehaus.groovy.jsr223.GroovyScriptEngineImpl.eval(GroovyScriptEngineImpl.java:320) ~[groovy-jsr223-3.0.3.jar:3.0.3]
	at org.codehaus.groovy.jsr223.GroovyCompiledScript.eval(GroovyCompiledScript.java:71) ~[groovy-jsr223-3.0.3.jar:3.0.3]
	at javax.script.CompiledScript.eval(CompiledScript.java:92) ~[?:1.8.0_181]
	at org.apache.jmeter.util.JSR223TestElement.processFileOrScript(JSR223TestElement.java:222) ~[ApacheJMeter_core.jar:5.3]
	at org.apache.jmeter.modifiers.JSR223PreProcessor.process(JSR223PreProcessor.java:45) [ApacheJMeter_components.jar:5.3]
	at org.apache.jmeter.threads.JMeterThread.runPreProcessors(JMeterThread.java:950) [ApacheJMeter_core.jar:5.3]
	at org.apache.jmeter.threads.JMeterThread.executeSamplePackage(JMeterThread.java:549) [ApacheJMeter_core.jar:5.3]
	at org.apache.jmeter.threads.JMeterThread.processSampler(JMeterThread.java:489) [ApacheJMeter_core.jar:5.3]
	at org.apache.jmeter.threads.JMeterThread.run(JMeterThread.java:256) [ApacheJMeter_core.jar:5.3]
	at java.lang.Thread.run(Thread.java:748) [?:1.8.0_181]
Caused by: groovy.lang.MissingMethodException: No signature of method: org.codehaus.groovy.jsr223.GroovyScriptEngineImpl.$() is applicable for argument types: (Script3$_run_closure1) values: [Script3$_run_closure1@4fee9c19]
Possible solutions: is(java.lang.Object), any(), get(java.lang.String), tap(groovy.lang.Closure), use([Ljava.lang.Object;), any(groovy.lang.Closure)
	at org.codehaus.groovy.jsr223.GroovyScriptEngineImpl.callGlobal(GroovyScriptEngineImpl.java:404) ~[groovy-jsr223-3.0.3.jar:3.0.3]
	at org.codehaus.groovy.jsr223.GroovyScriptEngineImpl.access$100(GroovyScriptEngineImpl.java:90) ~[groovy-jsr223-3.0.3.jar:3.0.3]
	at org.codehaus.groovy.jsr223.GroovyScriptEngineImpl$3.invokeMethod(GroovyScriptEngineImpl.java:303) ~[groovy-jsr223-3.0.3.jar:3.0.3]
	at org.codehaus.groovy.runtime.callsite.PogoMetaClassSite.callCurrent(PogoMetaClassSite.java:73) ~[groovy-3.0.3.jar:3.0.3]
	at org.codehaus.groovy.runtime.callsite.CallSiteArray.defaultCallCurrent(CallSiteArray.java:51) ~[groovy-3.0.3.jar:3.0.3]
	at org.codehaus.groovy.runtime.callsite.PogoMetaClassSite.callCurrent(PogoMetaClassSite.java:83) ~[groovy-3.0.3.jar:3.0.3]
	at org.codehaus.groovy.runtime.callsite.AbstractCallSite.callCurrent(AbstractCallSite.java:185) ~[groovy-3.0.3.jar:3.0.3]
	at Script3.run(Script3.groovy:1) ~[?:?]
	at org.codehaus.groovy.jsr223.GroovyScriptEngineImpl.eval(GroovyScriptEngineImpl.java:317) ~[groovy-jsr223-3.0.3.jar:3.0.3]
	... 9 more
2022-02-22 17:28:58,516 ERROR o.a.j.m.JSR223PreProcessor: Problem in JSR223 script, JSR223 PreProcessor
javax.script.ScriptException: groovy.lang.MissingMethodException: No signature of method: org.codehaus.groovy.jsr223.GroovyScriptEngineImpl.$() is applicable for argument types: (Script3$_run_closure1) values: [Script3$_run_closure1@3ce4f189]
Possible solutions: is(java.lang.Object), any(), get(java.lang.String), tap(groovy.lang.Closure), use([Ljava.lang.Object;), any(groovy.lang.Closure)
	at org.codehaus.groovy.jsr223.GroovyScriptEngineImpl.eval(GroovyScriptEngineImpl.java:320) ~[groovy-jsr223-3.0.3.jar:3.0.3]
	at org.codehaus.groovy.jsr223.GroovyCompiledScript.eval(GroovyCompiledScript.java:71) ~[groovy-jsr223-3.0.3.jar:3.0.3]
	at javax.script.CompiledScript.eval(CompiledScript.java:92) ~[?:1.8.0_181]
	at org.apache.jmeter.util.JSR223TestElement.processFileOrScript(JSR223TestElement.java:222) ~[ApacheJMeter_core.jar:5.3]
	at org.apache.jmeter.modifiers.JSR223PreProcessor.process(JSR223PreProcessor.java:45) [ApacheJMeter_components.jar:5.3]
	at org.apache.jmeter.threads.JMeterThread.runPreProcessors(JMeterThread.java:950) [ApacheJMeter_core.jar:5.3]
	at org.apache.jmeter.threads.JMeterThread.executeSamplePackage(JMeterThread.java:549) [ApacheJMeter_core.jar:5.3]
	at org.apache.jmeter.threads.JMeterThread.processSampler(JMeterThread.java:489) [ApacheJMeter_core.jar:5.3]
	at org.apache.jmeter.threads.JMeterThread.run(JMeterThread.java:256) [ApacheJMeter_core.jar:5.3]
	at java.lang.Thread.run(Thread.java:748) [?:1.8.0_181]
Caused by: groovy.lang.MissingMethodException: No signature of method: org.codehaus.groovy.jsr223.GroovyScriptEngineImpl.$() is applicable for argument types: (Script3$_run_closure1) values: [Script3$_run_closure1@3ce4f189]
Possible solutions: is(java.lang.Object), any(), get(java.lang.String), tap(groovy.lang.Closure), use([Ljava.lang.Object;), any(groovy.lang.Closure)
	at org.codehaus.groovy.jsr223.GroovyScriptEngineImpl.callGlobal(GroovyScriptEngineImpl.java:404) ~[groovy-jsr223-3.0.3.jar:3.0.3]
	at org.codehaus.groovy.jsr223.GroovyScriptEngineImpl.access$100(GroovyScriptEngineImpl.java:90) ~[groovy-jsr223-3.0.3.jar:3.0.3]
	at org.codehaus.groovy.jsr223.GroovyScriptEngineImpl$3.invokeMethod(GroovyScriptEngineImpl.java:303) ~[groovy-jsr223-3.0.3.jar:3.0.3]
	at org.codehaus.groovy.runtime.callsite.PogoMetaClassSite.callCurrent(PogoMetaClassSite.java:73) ~[groovy-3.0.3.jar:3.0.3]
	at org.codehaus.groovy.runtime.callsite.CallSiteArray.defaultCallCurrent(CallSiteArray.java:51) ~[groovy-3.0.3.jar:3.0.3]
	at org.codehaus.groovy.runtime.callsite.PogoMetaClassSite.callCurrent(PogoMetaClassSite.java:83) ~[groovy-3.0.3.jar:3.0.3]
	at org.codehaus.groovy.runtime.callsite.AbstractCallSite.callCurrent(AbstractCallSite.java:185) ~[groovy-3.0.3.jar:3.0.3]
	at Script3.run(Script3.groovy:1) ~[?:?]
	at org.codehaus.groovy.jsr223.GroovyScriptEngineImpl.eval(GroovyScriptEngineImpl.java:317) ~[groovy-jsr223-3.0.3.jar:3.0.3]
	... 9 more
2022-02-22 17:29:00,428 INFO o.a.j.r.Summariser: summary +    113 in 00:00:10 =   10.9/s Avg: 22580 Min:     0 Max: 73774 Err:    11 (9.73%) Active: 160 Started: 160 Finished: 0
2022-02-22 17:29:00,429 INFO o.a.j.r.Summariser: summary =   1194 in 00:02:22 =    8.4/s Avg: 12000 Min:     0 Max: 73774 Err:    81 (6.78%)
2022-02-22 17:29:05,320 INFO o.a.j.s.FileServer: Stored: /home/panda/LoadTest/ClientFolder/rnd_load_test/student_solutions/2/user58.zip
2022-02-22 17:29:10,222 INFO o.a.j.r.Summariser: summary +     45 in 00:00:10 =    4.6/s Avg: 10865 Min:   938 Max: 87450 Err:     3 (6.67%) Active: 160 Started: 160 Finished: 0
2022-02-22 17:29:10,222 INFO o.a.j.r.Summariser: summary =   1239 in 00:02:32 =    8.1/s Avg: 11959 Min:     0 Max: 87450 Err:    84 (6.78%)
2022-02-22 17:29:10,845 ERROR o.a.j.m.JSR223PreProcessor: Problem in JSR223 script, JSR223 PreProcessor
javax.script.ScriptException: groovy.lang.MissingMethodException: No signature of method: org.codehaus.groovy.jsr223.GroovyScriptEngineImpl.$() is applicable for argument types: (Script3$_run_closure1) values: [Script3$_run_closure1@7a4398f0]
Possible solutions: is(java.lang.Object), any(), get(java.lang.String), tap(groovy.lang.Closure), use([Ljava.lang.Object;), any(groovy.lang.Closure)
	at org.codehaus.groovy.jsr223.GroovyScriptEngineImpl.eval(GroovyScriptEngineImpl.java:320) ~[groovy-jsr223-3.0.3.jar:3.0.3]
	at org.codehaus.groovy.jsr223.GroovyCompiledScript.eval(GroovyCompiledScript.java:71) ~[groovy-jsr223-3.0.3.jar:3.0.3]
	at javax.script.CompiledScript.eval(CompiledScript.java:92) ~[?:1.8.0_181]
	at org.apache.jmeter.util.JSR223TestElement.processFileOrScript(JSR223TestElement.java:222) ~[ApacheJMeter_core.jar:5.3]
	at org.apache.jmeter.modifiers.JSR223PreProcessor.process(JSR223PreProcessor.java:45) [ApacheJMeter_components.jar:5.3]
	at org.apache.jmeter.threads.JMeterThread.runPreProcessors(JMeterThread.java:950) [ApacheJMeter_core.jar:5.3]
	at org.apache.jmeter.threads.JMeterThread.executeSamplePackage(JMeterThread.java:549) [ApacheJMeter_core.jar:5.3]
	at org.apache.jmeter.threads.JMeterThread.processSampler(JMeterThread.java:489) [ApacheJMeter_core.jar:5.3]
	at org.apache.jmeter.threads.JMeterThread.run(JMeterThread.java:256) [ApacheJMeter_core.jar:5.3]
	at java.lang.Thread.run(Thread.java:748) [?:1.8.0_181]
Caused by: groovy.lang.MissingMethodException: No signature of method: org.codehaus.groovy.jsr223.GroovyScriptEngineImpl.$() is applicable for argument types: (Script3$_run_closure1) values: [Script3$_run_closure1@7a4398f0]
Possible solutions: is(java.lang.Object), any(), get(java.lang.String), tap(groovy.lang.Closure), use([Ljava.lang.Object;), any(groovy.lang.Closure)
	at org.codehaus.groovy.jsr223.GroovyScriptEngineImpl.callGlobal(GroovyScriptEngineImpl.java:404) ~[groovy-jsr223-3.0.3.jar:3.0.3]
	at org.codehaus.groovy.jsr223.GroovyScriptEngineImpl.access$100(GroovyScriptEngineImpl.java:90) ~[groovy-jsr223-3.0.3.jar:3.0.3]
	at org.codehaus.groovy.jsr223.GroovyScriptEngineImpl$3.invokeMethod(GroovyScriptEngineImpl.java:303) ~[groovy-jsr223-3.0.3.jar:3.0.3]
	at org.codehaus.groovy.runtime.callsite.PogoMetaClassSite.callCurrent(PogoMetaClassSite.java:73) ~[groovy-3.0.3.jar:3.0.3]
	at org.codehaus.groovy.runtime.callsite.CallSiteArray.defaultCallCurrent(CallSiteArray.java:51) ~[groovy-3.0.3.jar:3.0.3]
	at org.codehaus.groovy.runtime.callsite.PogoMetaClassSite.callCurrent(PogoMetaClassSite.java:83) ~[groovy-3.0.3.jar:3.0.3]
	at org.codehaus.groovy.runtime.callsite.AbstractCallSite.callCurrent(AbstractCallSite.java:185) ~[groovy-3.0.3.jar:3.0.3]
	at Script3.run(Script3.groovy:1) ~[?:?]
	at org.codehaus.groovy.jsr223.GroovyScriptEngineImpl.eval(GroovyScriptEngineImpl.java:317) ~[groovy-jsr223-3.0.3.jar:3.0.3]
	... 9 more
2022-02-22 17:29:11,150 ERROR o.a.j.m.JSR223PreProcessor: Problem in JSR223 script, JSR223 PreProcessor
javax.script.ScriptException: groovy.lang.MissingMethodException: No signature of method: org.codehaus.groovy.jsr223.GroovyScriptEngineImpl.$() is applicable for argument types: (Script3$_run_closure1) values: [Script3$_run_closure1@411900f]
Possible solutions: is(java.lang.Object), any(), get(java.lang.String), tap(groovy.lang.Closure), use([Ljava.lang.Object;), any(groovy.lang.Closure)
	at org.codehaus.groovy.jsr223.GroovyScriptEngineImpl.eval(GroovyScriptEngineImpl.java:320) ~[groovy-jsr223-3.0.3.jar:3.0.3]
	at org.codehaus.groovy.jsr223.GroovyCompiledScript.eval(GroovyCompiledScript.java:71) ~[groovy-jsr223-3.0.3.jar:3.0.3]
	at javax.script.CompiledScript.eval(CompiledScript.java:92) ~[?:1.8.0_181]
	at org.apache.jmeter.util.JSR223TestElement.processFileOrScript(JSR223TestElement.java:222) ~[ApacheJMeter_core.jar:5.3]
	at org.apache.jmeter.modifiers.JSR223PreProcessor.process(JSR223PreProcessor.java:45) [ApacheJMeter_components.jar:5.3]
	at org.apache.jmeter.threads.JMeterThread.runPreProcessors(JMeterThread.java:950) [ApacheJMeter_core.jar:5.3]
	at org.apache.jmeter.threads.JMeterThread.executeSamplePackage(JMeterThread.java:549) [ApacheJMeter_core.jar:5.3]
	at org.apache.jmeter.threads.JMeterThread.processSampler(JMeterThread.java:489) [ApacheJMeter_core.jar:5.3]
	at org.apache.jmeter.threads.JMeterThread.run(JMeterThread.java:256) [ApacheJMeter_core.jar:5.3]
	at java.lang.Thread.run(Thread.java:748) [?:1.8.0_181]
Caused by: groovy.lang.MissingMethodException: No signature of method: org.codehaus.groovy.jsr223.GroovyScriptEngineImpl.$() is applicable for argument types: (Script3$_run_closure1) values: [Script3$_run_closure1@411900f]
Possible solutions: is(java.lang.Object), any(), get(java.lang.String), tap(groovy.lang.Closure), use([Ljava.lang.Object;), any(groovy.lang.Closure)
	at org.codehaus.groovy.jsr223.GroovyScriptEngineImpl.callGlobal(GroovyScriptEngineImpl.java:404) ~[groovy-jsr223-3.0.3.jar:3.0.3]
	at org.codehaus.groovy.jsr223.GroovyScriptEngineImpl.access$100(GroovyScriptEngineImpl.java:90) ~[groovy-jsr223-3.0.3.jar:3.0.3]
	at org.codehaus.groovy.jsr223.GroovyScriptEngineImpl$3.invokeMethod(GroovyScriptEngineImpl.java:303) ~[groovy-jsr223-3.0.3.jar:3.0.3]
	at org.codehaus.groovy.runtime.callsite.PogoMetaClassSite.callCurrent(PogoMetaClassSite.java:73) ~[groovy-3.0.3.jar:3.0.3]
	at org.codehaus.groovy.runtime.callsite.CallSiteArray.defaultCallCurrent(CallSiteArray.java:51) ~[groovy-3.0.3.jar:3.0.3]
	at org.codehaus.groovy.runtime.callsite.PogoMetaClassSite.callCurrent(PogoMetaClassSite.java:83) ~[groovy-3.0.3.jar:3.0.3]
	at org.codehaus.groovy.runtime.callsite.AbstractCallSite.callCurrent(AbstractCallSite.java:185) ~[groovy-3.0.3.jar:3.0.3]
	at Script3.run(Script3.groovy:1) ~[?:?]
	at org.codehaus.groovy.jsr223.GroovyScriptEngineImpl.eval(GroovyScriptEngineImpl.java:317) ~[groovy-jsr223-3.0.3.jar:3.0.3]
	... 9 more
2022-02-22 17:29:20,031 INFO o.a.j.r.Summariser: summary +     97 in 00:00:10 =    9.9/s Avg: 10357 Min:     0 Max: 58378 Err:     5 (5.15%) Active: 160 Started: 160 Finished: 0
2022-02-22 17:29:20,032 INFO o.a.j.r.Summariser: summary =   1336 in 00:02:42 =    8.3/s Avg: 11843 Min:     0 Max: 87450 Err:    89 (6.66%)
2022-02-22 17:29:23,359 ERROR o.a.j.m.JSR223PreProcessor: Problem in JSR223 script, JSR223 PreProcessor
javax.script.ScriptException: groovy.lang.MissingMethodException: No signature of method: org.codehaus.groovy.jsr223.GroovyScriptEngineImpl.$() is applicable for argument types: (Script3$_run_closure1) values: [Script3$_run_closure1@1a43c6c7]
Possible solutions: is(java.lang.Object), any(), get(java.lang.String), tap(groovy.lang.Closure), use([Ljava.lang.Object;), any(groovy.lang.Closure)
	at org.codehaus.groovy.jsr223.GroovyScriptEngineImpl.eval(GroovyScriptEngineImpl.java:320) ~[groovy-jsr223-3.0.3.jar:3.0.3]
	at org.codehaus.groovy.jsr223.GroovyCompiledScript.eval(GroovyCompiledScript.java:71) ~[groovy-jsr223-3.0.3.jar:3.0.3]
	at javax.script.CompiledScript.eval(CompiledScript.java:92) ~[?:1.8.0_181]
	at org.apache.jmeter.util.JSR223TestElement.processFileOrScript(JSR223TestElement.java:222) ~[ApacheJMeter_core.jar:5.3]
	at org.apache.jmeter.modifiers.JSR223PreProcessor.process(JSR223PreProcessor.java:45) [ApacheJMeter_components.jar:5.3]
	at org.apache.jmeter.threads.JMeterThread.runPreProcessors(JMeterThread.java:950) [ApacheJMeter_core.jar:5.3]
	at org.apache.jmeter.threads.JMeterThread.executeSamplePackage(JMeterThread.java:549) [ApacheJMeter_core.jar:5.3]
	at org.apache.jmeter.threads.JMeterThread.processSampler(JMeterThread.java:489) [ApacheJMeter_core.jar:5.3]
	at org.apache.jmeter.threads.JMeterThread.run(JMeterThread.java:256) [ApacheJMeter_core.jar:5.3]
	at java.lang.Thread.run(Thread.java:748) [?:1.8.0_181]
Caused by: groovy.lang.MissingMethodException: No signature of method: org.codehaus.groovy.jsr223.GroovyScriptEngineImpl.$() is applicable for argument types: (Script3$_run_closure1) values: [Script3$_run_closure1@1a43c6c7]
Possible solutions: is(java.lang.Object), any(), get(java.lang.String), tap(groovy.lang.Closure), use([Ljava.lang.Object;), any(groovy.lang.Closure)
	at org.codehaus.groovy.jsr223.GroovyScriptEngineImpl.callGlobal(GroovyScriptEngineImpl.java:404) ~[groovy-jsr223-3.0.3.jar:3.0.3]
	at org.codehaus.groovy.jsr223.GroovyScriptEngineImpl.access$100(GroovyScriptEngineImpl.java:90) ~[groovy-jsr223-3.0.3.jar:3.0.3]
	at org.codehaus.groovy.jsr223.GroovyScriptEngineImpl$3.invokeMethod(GroovyScriptEngineImpl.java:303) ~[groovy-jsr223-3.0.3.jar:3.0.3]
	at org.codehaus.groovy.runtime.callsite.PogoMetaClassSite.callCurrent(PogoMetaClassSite.java:73) ~[groovy-3.0.3.jar:3.0.3]
	at org.codehaus.groovy.runtime.callsite.CallSiteArray.defaultCallCurrent(CallSiteArray.java:51) ~[groovy-3.0.3.jar:3.0.3]
	at org.codehaus.groovy.runtime.callsite.PogoMetaClassSite.callCurrent(PogoMetaClassSite.java:83) ~[groovy-3.0.3.jar:3.0.3]
	at org.codehaus.groovy.runtime.callsite.AbstractCallSite.callCurrent(AbstractCallSite.java:185) ~[groovy-3.0.3.jar:3.0.3]
	at Script3.run(Script3.groovy:1) ~[?:?]
	at org.codehaus.groovy.jsr223.GroovyScriptEngineImpl.eval(GroovyScriptEngineImpl.java:317) ~[groovy-jsr223-3.0.3.jar:3.0.3]
	... 9 more
2022-02-22 17:29:23,462 ERROR o.a.j.m.JSR223PreProcessor: Problem in JSR223 script, JSR223 PreProcessor
javax.script.ScriptException: groovy.lang.MissingMethodException: No signature of method: org.codehaus.groovy.jsr223.GroovyScriptEngineImpl.$() is applicable for argument types: (Script3$_run_closure1) values: [Script3$_run_closure1@79801faf]
Possible solutions: is(java.lang.Object), any(), get(java.lang.String), tap(groovy.lang.Closure), use([Ljava.lang.Object;), any(groovy.lang.Closure)
	at org.codehaus.groovy.jsr223.GroovyScriptEngineImpl.eval(GroovyScriptEngineImpl.java:320) ~[groovy-jsr223-3.0.3.jar:3.0.3]
	at org.codehaus.groovy.jsr223.GroovyCompiledScript.eval(GroovyCompiledScript.java:71) ~[groovy-jsr223-3.0.3.jar:3.0.3]
	at javax.script.CompiledScript.eval(CompiledScript.java:92) ~[?:1.8.0_181]
	at org.apache.jmeter.util.JSR223TestElement.processFileOrScript(JSR223TestElement.java:222) ~[ApacheJMeter_core.jar:5.3]
	at org.apache.jmeter.modifiers.JSR223PreProcessor.process(JSR223PreProcessor.java:45) [ApacheJMeter_components.jar:5.3]
	at org.apache.jmeter.threads.JMeterThread.runPreProcessors(JMeterThread.java:950) [ApacheJMeter_core.jar:5.3]
	at org.apache.jmeter.threads.JMeterThread.executeSamplePackage(JMeterThread.java:549) [ApacheJMeter_core.jar:5.3]
	at org.apache.jmeter.threads.JMeterThread.processSampler(JMeterThread.java:489) [ApacheJMeter_core.jar:5.3]
	at org.apache.jmeter.threads.JMeterThread.run(JMeterThread.java:256) [ApacheJMeter_core.jar:5.3]
	at java.lang.Thread.run(Thread.java:748) [?:1.8.0_181]
Caused by: groovy.lang.MissingMethodException: No signature of method: org.codehaus.groovy.jsr223.GroovyScriptEngineImpl.$() is applicable for argument types: (Script3$_run_closure1) values: [Script3$_run_closure1@79801faf]
Possible solutions: is(java.lang.Object), any(), get(java.lang.String), tap(groovy.lang.Closure), use([Ljava.lang.Object;), any(groovy.lang.Closure)
	at org.codehaus.groovy.jsr223.GroovyScriptEngineImpl.callGlobal(GroovyScriptEngineImpl.java:404) ~[groovy-jsr223-3.0.3.jar:3.0.3]
	at org.codehaus.groovy.jsr223.GroovyScriptEngineImpl.access$100(GroovyScriptEngineImpl.java:90) ~[groovy-jsr223-3.0.3.jar:3.0.3]
	at org.codehaus.groovy.jsr223.GroovyScriptEngineImpl$3.invokeMethod(GroovyScriptEngineImpl.java:303) ~[groovy-jsr223-3.0.3.jar:3.0.3]
	at org.codehaus.groovy.runtime.callsite.PogoMetaClassSite.callCurrent(PogoMetaClassSite.java:73) ~[groovy-3.0.3.jar:3.0.3]
	at org.codehaus.groovy.runtime.callsite.CallSiteArray.defaultCallCurrent(CallSiteArray.java:51) ~[groovy-3.0.3.jar:3.0.3]
	at org.codehaus.groovy.runtime.callsite.PogoMetaClassSite.callCurrent(PogoMetaClassSite.java:83) ~[groovy-3.0.3.jar:3.0.3]
	at org.codehaus.groovy.runtime.callsite.AbstractCallSite.callCurrent(AbstractCallSite.java:185) ~[groovy-3.0.3.jar:3.0.3]
	at Script3.run(Script3.groovy:1) ~[?:?]
	at org.codehaus.groovy.jsr223.GroovyScriptEngineImpl.eval(GroovyScriptEngineImpl.java:317) ~[groovy-jsr223-3.0.3.jar:3.0.3]
	... 9 more
2022-02-22 17:29:30,021 INFO o.a.j.r.Summariser: summary +     94 in 00:00:10 =    9.4/s Avg:  6692 Min:     0 Max: 20070 Err:     5 (5.32%) Active: 160 Started: 160 Finished: 0
2022-02-22 17:29:30,022 INFO o.a.j.r.Summariser: summary =   1430 in 00:02:52 =    8.3/s Avg: 11504 Min:     0 Max: 87450 Err:    94 (6.57%)
2022-02-22 17:29:35,443 ERROR o.a.j.m.JSR223PreProcessor: Problem in JSR223 script, JSR223 PreProcessor
javax.script.ScriptException: groovy.lang.MissingMethodException: No signature of method: org.codehaus.groovy.jsr223.GroovyScriptEngineImpl.$() is applicable for argument types: (Script3$_run_closure1) values: [Script3$_run_closure1@43e7f6e4]
Possible solutions: is(java.lang.Object), any(), get(java.lang.String), tap(groovy.lang.Closure), use([Ljava.lang.Object;), any(groovy.lang.Closure)
	at org.codehaus.groovy.jsr223.GroovyScriptEngineImpl.eval(GroovyScriptEngineImpl.java:320) ~[groovy-jsr223-3.0.3.jar:3.0.3]
	at org.codehaus.groovy.jsr223.GroovyCompiledScript.eval(GroovyCompiledScript.java:71) ~[groovy-jsr223-3.0.3.jar:3.0.3]
	at javax.script.CompiledScript.eval(CompiledScript.java:92) ~[?:1.8.0_181]
	at org.apache.jmeter.util.JSR223TestElement.processFileOrScript(JSR223TestElement.java:222) ~[ApacheJMeter_core.jar:5.3]
	at org.apache.jmeter.modifiers.JSR223PreProcessor.process(JSR223PreProcessor.java:45) [ApacheJMeter_components.jar:5.3]
	at org.apache.jmeter.threads.JMeterThread.runPreProcessors(JMeterThread.java:950) [ApacheJMeter_core.jar:5.3]
	at org.apache.jmeter.threads.JMeterThread.executeSamplePackage(JMeterThread.java:549) [ApacheJMeter_core.jar:5.3]
	at org.apache.jmeter.threads.JMeterThread.processSampler(JMeterThread.java:489) [ApacheJMeter_core.jar:5.3]
	at org.apache.jmeter.threads.JMeterThread.run(JMeterThread.java:256) [ApacheJMeter_core.jar:5.3]
	at java.lang.Thread.run(Thread.java:748) [?:1.8.0_181]
Caused by: groovy.lang.MissingMethodException: No signature of method: org.codehaus.groovy.jsr223.GroovyScriptEngineImpl.$() is applicable for argument types: (Script3$_run_closure1) values: [Script3$_run_closure1@43e7f6e4]
Possible solutions: is(java.lang.Object), any(), get(java.lang.String), tap(groovy.lang.Closure), use([Ljava.lang.Object;), any(groovy.lang.Closure)
	at org.codehaus.groovy.jsr223.GroovyScriptEngineImpl.callGlobal(GroovyScriptEngineImpl.java:404) ~[groovy-jsr223-3.0.3.jar:3.0.3]
	at org.codehaus.groovy.jsr223.GroovyScriptEngineImpl.access$100(GroovyScriptEngineImpl.java:90) ~[groovy-jsr223-3.0.3.jar:3.0.3]
	at org.codehaus.groovy.jsr223.GroovyScriptEngineImpl$3.invokeMethod(GroovyScriptEngineImpl.java:303) ~[groovy-jsr223-3.0.3.jar:3.0.3]
	at org.codehaus.groovy.runtime.callsite.PogoMetaClassSite.callCurrent(PogoMetaClassSite.java:73) ~[groovy-3.0.3.jar:3.0.3]
	at org.codehaus.groovy.runtime.callsite.CallSiteArray.defaultCallCurrent(CallSiteArray.java:51) ~[groovy-3.0.3.jar:3.0.3]
	at org.codehaus.groovy.runtime.callsite.PogoMetaClassSite.callCurrent(PogoMetaClassSite.java:83) ~[groovy-3.0.3.jar:3.0.3]
	at org.codehaus.groovy.runtime.callsite.AbstractCallSite.callCurrent(AbstractCallSite.java:185) ~[groovy-3.0.3.jar:3.0.3]
	at Script3.run(Script3.groovy:1) ~[?:?]
	at org.codehaus.groovy.jsr223.GroovyScriptEngineImpl.eval(GroovyScriptEngineImpl.java:317) ~[groovy-jsr223-3.0.3.jar:3.0.3]
	... 9 more
2022-02-22 17:29:35,678 ERROR o.a.j.m.JSR223PreProcessor: Problem in JSR223 script, JSR223 PreProcessor
javax.script.ScriptException: groovy.lang.MissingMethodException: No signature of method: org.codehaus.groovy.jsr223.GroovyScriptEngineImpl.$() is applicable for argument types: (Script3$_run_closure1) values: [Script3$_run_closure1@7996d199]
Possible solutions: is(java.lang.Object), any(), get(java.lang.String), tap(groovy.lang.Closure), use([Ljava.lang.Object;), any(groovy.lang.Closure)
	at org.codehaus.groovy.jsr223.GroovyScriptEngineImpl.eval(GroovyScriptEngineImpl.java:320) ~[groovy-jsr223-3.0.3.jar:3.0.3]
	at org.codehaus.groovy.jsr223.GroovyCompiledScript.eval(GroovyCompiledScript.java:71) ~[groovy-jsr223-3.0.3.jar:3.0.3]
	at javax.script.CompiledScript.eval(CompiledScript.java:92) ~[?:1.8.0_181]
	at org.apache.jmeter.util.JSR223TestElement.processFileOrScript(JSR223TestElement.java:222) ~[ApacheJMeter_core.jar:5.3]
	at org.apache.jmeter.modifiers.JSR223PreProcessor.process(JSR223PreProcessor.java:45) [ApacheJMeter_components.jar:5.3]
	at org.apache.jmeter.threads.JMeterThread.runPreProcessors(JMeterThread.java:950) [ApacheJMeter_core.jar:5.3]
	at org.apache.jmeter.threads.JMeterThread.executeSamplePackage(JMeterThread.java:549) [ApacheJMeter_core.jar:5.3]
	at org.apache.jmeter.threads.JMeterThread.processSampler(JMeterThread.java:489) [ApacheJMeter_core.jar:5.3]
	at org.apache.jmeter.threads.JMeterThread.run(JMeterThread.java:256) [ApacheJMeter_core.jar:5.3]
	at java.lang.Thread.run(Thread.java:748) [?:1.8.0_181]
Caused by: groovy.lang.MissingMethodException: No signature of method: org.codehaus.groovy.jsr223.GroovyScriptEngineImpl.$() is applicable for argument types: (Script3$_run_closure1) values: [Script3$_run_closure1@7996d199]
Possible solutions: is(java.lang.Object), any(), get(java.lang.String), tap(groovy.lang.Closure), use([Ljava.lang.Object;), any(groovy.lang.Closure)
	at org.codehaus.groovy.jsr223.GroovyScriptEngineImpl.callGlobal(GroovyScriptEngineImpl.java:404) ~[groovy-jsr223-3.0.3.jar:3.0.3]
	at org.codehaus.groovy.jsr223.GroovyScriptEngineImpl.access$100(GroovyScriptEngineImpl.java:90) ~[groovy-jsr223-3.0.3.jar:3.0.3]
	at org.codehaus.groovy.jsr223.GroovyScriptEngineImpl$3.invokeMethod(GroovyScriptEngineImpl.java:303) ~[groovy-jsr223-3.0.3.jar:3.0.3]
	at org.codehaus.groovy.runtime.callsite.PogoMetaClassSite.callCurrent(PogoMetaClassSite.java:73) ~[groovy-3.0.3.jar:3.0.3]
	at org.codehaus.groovy.runtime.callsite.CallSiteArray.defaultCallCurrent(CallSiteArray.java:51) ~[groovy-3.0.3.jar:3.0.3]
	at org.codehaus.groovy.runtime.callsite.PogoMetaClassSite.callCurrent(PogoMetaClassSite.java:83) ~[groovy-3.0.3.jar:3.0.3]
	at org.codehaus.groovy.runtime.callsite.AbstractCallSite.callCurrent(AbstractCallSite.java:185) ~[groovy-3.0.3.jar:3.0.3]
	at Script3.run(Script3.groovy:1) ~[?:?]
	at org.codehaus.groovy.jsr223.GroovyScriptEngineImpl.eval(GroovyScriptEngineImpl.java:317) ~[groovy-jsr223-3.0.3.jar:3.0.3]
	... 9 more
2022-02-22 17:29:40,009 INFO o.a.j.r.Summariser: summary +     62 in 00:00:10 =    6.2/s Avg:  5882 Min:     0 Max: 11093 Err:     3 (4.84%) Active: 160 Started: 160 Finished: 0
2022-02-22 17:29:40,010 INFO o.a.j.r.Summariser: summary =   1492 in 00:03:02 =    8.2/s Avg: 11270 Min:     0 Max: 87450 Err:    97 (6.50%)
2022-02-22 17:29:48,110 ERROR o.a.j.m.JSR223PreProcessor: Problem in JSR223 script, JSR223 PreProcessor
javax.script.ScriptException: groovy.lang.MissingMethodException: No signature of method: org.codehaus.groovy.jsr223.GroovyScriptEngineImpl.$() is applicable for argument types: (Script3$_run_closure1) values: [Script3$_run_closure1@1b2a10e9]
Possible solutions: is(java.lang.Object), any(), get(java.lang.String), tap(groovy.lang.Closure), use([Ljava.lang.Object;), any(groovy.lang.Closure)
	at org.codehaus.groovy.jsr223.GroovyScriptEngineImpl.eval(GroovyScriptEngineImpl.java:320) ~[groovy-jsr223-3.0.3.jar:3.0.3]
	at org.codehaus.groovy.jsr223.GroovyCompiledScript.eval(GroovyCompiledScript.java:71) ~[groovy-jsr223-3.0.3.jar:3.0.3]
	at javax.script.CompiledScript.eval(CompiledScript.java:92) ~[?:1.8.0_181]
	at org.apache.jmeter.util.JSR223TestElement.processFileOrScript(JSR223TestElement.java:222) ~[ApacheJMeter_core.jar:5.3]
	at org.apache.jmeter.modifiers.JSR223PreProcessor.process(JSR223PreProcessor.java:45) [ApacheJMeter_components.jar:5.3]
	at org.apache.jmeter.threads.JMeterThread.runPreProcessors(JMeterThread.java:950) [ApacheJMeter_core.jar:5.3]
	at org.apache.jmeter.threads.JMeterThread.executeSamplePackage(JMeterThread.java:549) [ApacheJMeter_core.jar:5.3]
	at org.apache.jmeter.threads.JMeterThread.processSampler(JMeterThread.java:489) [ApacheJMeter_core.jar:5.3]
	at org.apache.jmeter.threads.JMeterThread.run(JMeterThread.java:256) [ApacheJMeter_core.jar:5.3]
	at java.lang.Thread.run(Thread.java:748) [?:1.8.0_181]
Caused by: groovy.lang.MissingMethodException: No signature of method: org.codehaus.groovy.jsr223.GroovyScriptEngineImpl.$() is applicable for argument types: (Script3$_run_closure1) values: [Script3$_run_closure1@1b2a10e9]
Possible solutions: is(java.lang.Object), any(), get(java.lang.String), tap(groovy.lang.Closure), use([Ljava.lang.Object;), any(groovy.lang.Closure)
	at org.codehaus.groovy.jsr223.GroovyScriptEngineImpl.callGlobal(GroovyScriptEngineImpl.java:404) ~[groovy-jsr223-3.0.3.jar:3.0.3]
	at org.codehaus.groovy.jsr223.GroovyScriptEngineImpl.access$100(GroovyScriptEngineImpl.java:90) ~[groovy-jsr223-3.0.3.jar:3.0.3]
	at org.codehaus.groovy.jsr223.GroovyScriptEngineImpl$3.invokeMethod(GroovyScriptEngineImpl.java:303) ~[groovy-jsr223-3.0.3.jar:3.0.3]
	at org.codehaus.groovy.runtime.callsite.PogoMetaClassSite.callCurrent(PogoMetaClassSite.java:73) ~[groovy-3.0.3.jar:3.0.3]
	at org.codehaus.groovy.runtime.callsite.CallSiteArray.defaultCallCurrent(CallSiteArray.java:51) ~[groovy-3.0.3.jar:3.0.3]
	at org.codehaus.groovy.runtime.callsite.PogoMetaClassSite.callCurrent(PogoMetaClassSite.java:83) ~[groovy-3.0.3.jar:3.0.3]
	at org.codehaus.groovy.runtime.callsite.AbstractCallSite.callCurrent(AbstractCallSite.java:185) ~[groovy-3.0.3.jar:3.0.3]
	at Script3.run(Script3.groovy:1) ~[?:?]
	at org.codehaus.groovy.jsr223.GroovyScriptEngineImpl.eval(GroovyScriptEngineImpl.java:317) ~[groovy-jsr223-3.0.3.jar:3.0.3]
	... 9 more
2022-02-22 17:29:48,227 ERROR o.a.j.m.JSR223PreProcessor: Problem in JSR223 script, JSR223 PreProcessor
javax.script.ScriptException: groovy.lang.MissingMethodException: No signature of method: org.codehaus.groovy.jsr223.GroovyScriptEngineImpl.$() is applicable for argument types: (Script3$_run_closure1) values: [Script3$_run_closure1@47e0ceb5]
Possible solutions: is(java.lang.Object), any(), get(java.lang.String), tap(groovy.lang.Closure), use([Ljava.lang.Object;), any(groovy.lang.Closure)
	at org.codehaus.groovy.jsr223.GroovyScriptEngineImpl.eval(GroovyScriptEngineImpl.java:320) ~[groovy-jsr223-3.0.3.jar:3.0.3]
	at org.codehaus.groovy.jsr223.GroovyCompiledScript.eval(GroovyCompiledScript.java:71) ~[groovy-jsr223-3.0.3.jar:3.0.3]
	at javax.script.CompiledScript.eval(CompiledScript.java:92) ~[?:1.8.0_181]
	at org.apache.jmeter.util.JSR223TestElement.processFileOrScript(JSR223TestElement.java:222) ~[ApacheJMeter_core.jar:5.3]
	at org.apache.jmeter.modifiers.JSR223PreProcessor.process(JSR223PreProcessor.java:45) [ApacheJMeter_components.jar:5.3]
	at org.apache.jmeter.threads.JMeterThread.runPreProcessors(JMeterThread.java:950) [ApacheJMeter_core.jar:5.3]
	at org.apache.jmeter.threads.JMeterThread.executeSamplePackage(JMeterThread.java:549) [ApacheJMeter_core.jar:5.3]
	at org.apache.jmeter.threads.JMeterThread.processSampler(JMeterThread.java:489) [ApacheJMeter_core.jar:5.3]
	at org.apache.jmeter.threads.JMeterThread.run(JMeterThread.java:256) [ApacheJMeter_core.jar:5.3]
	at java.lang.Thread.run(Thread.java:748) [?:1.8.0_181]
Caused by: groovy.lang.MissingMethodException: No signature of method: org.codehaus.groovy.jsr223.GroovyScriptEngineImpl.$() is applicable for argument types: (Script3$_run_closure1) values: [Script3$_run_closure1@47e0ceb5]
Possible solutions: is(java.lang.Object), any(), get(java.lang.String), tap(groovy.lang.Closure), use([Ljava.lang.Object;), any(groovy.lang.Closure)
	at org.codehaus.groovy.jsr223.GroovyScriptEngineImpl.callGlobal(GroovyScriptEngineImpl.java:404) ~[groovy-jsr223-3.0.3.jar:3.0.3]
	at org.codehaus.groovy.jsr223.GroovyScriptEngineImpl.access$100(GroovyScriptEngineImpl.java:90) ~[groovy-jsr223-3.0.3.jar:3.0.3]
	at org.codehaus.groovy.jsr223.GroovyScriptEngineImpl$3.invokeMethod(GroovyScriptEngineImpl.java:303) ~[groovy-jsr223-3.0.3.jar:3.0.3]
	at org.codehaus.groovy.runtime.callsite.PogoMetaClassSite.callCurrent(PogoMetaClassSite.java:73) ~[groovy-3.0.3.jar:3.0.3]
	at org.codehaus.groovy.runtime.callsite.CallSiteArray.defaultCallCurrent(CallSiteArray.java:51) ~[groovy-3.0.3.jar:3.0.3]
	at org.codehaus.groovy.runtime.callsite.PogoMetaClassSite.callCurrent(PogoMetaClassSite.java:83) ~[groovy-3.0.3.jar:3.0.3]
	at org.codehaus.groovy.runtime.callsite.AbstractCallSite.callCurrent(AbstractCallSite.java:185) ~[groovy-3.0.3.jar:3.0.3]
	at Script3.run(Script3.groovy:1) ~[?:?]
	at org.codehaus.groovy.jsr223.GroovyScriptEngineImpl.eval(GroovyScriptEngineImpl.java:317) ~[groovy-jsr223-3.0.3.jar:3.0.3]
	... 9 more
2022-02-22 17:29:48,724 INFO o.a.j.s.FileServer: Stored: /home/panda/LoadTest/ClientFolder/rnd_load_test/student_solutions/2/user80.zip
2022-02-22 17:29:50,010 INFO o.a.j.r.Summariser: summary +    120 in 00:00:10 =   12.0/s Avg:  6649 Min:     0 Max: 14778 Err:     6 (5.00%) Active: 160 Started: 160 Finished: 0
2022-02-22 17:29:50,010 INFO o.a.j.r.Summariser: summary =   1612 in 00:03:12 =    8.4/s Avg: 10926 Min:     0 Max: 87450 Err:   103 (6.39%)
2022-02-22 17:30:00,166 INFO o.a.j.r.Summariser: summary +     37 in 00:00:10 =    3.6/s Avg:  4728 Min:  1021 Max:  8630 Err:     0 (0.00%) Active: 160 Started: 160 Finished: 0
2022-02-22 17:30:00,167 INFO o.a.j.r.Summariser: summary =   1649 in 00:03:22 =    8.2/s Avg: 10787 Min:     0 Max: 87450 Err:   103 (6.25%)
2022-02-22 17:30:00,301 ERROR o.a.j.m.JSR223PreProcessor: Problem in JSR223 script, JSR223 PreProcessor
javax.script.ScriptException: groovy.lang.MissingMethodException: No signature of method: org.codehaus.groovy.jsr223.GroovyScriptEngineImpl.$() is applicable for argument types: (Script3$_run_closure1) values: [Script3$_run_closure1@2db05768]
Possible solutions: is(java.lang.Object), any(), get(java.lang.String), tap(groovy.lang.Closure), use([Ljava.lang.Object;), any(groovy.lang.Closure)
	at org.codehaus.groovy.jsr223.GroovyScriptEngineImpl.eval(GroovyScriptEngineImpl.java:320) ~[groovy-jsr223-3.0.3.jar:3.0.3]
	at org.codehaus.groovy.jsr223.GroovyCompiledScript.eval(GroovyCompiledScript.java:71) ~[groovy-jsr223-3.0.3.jar:3.0.3]
	at javax.script.CompiledScript.eval(CompiledScript.java:92) ~[?:1.8.0_181]
	at org.apache.jmeter.util.JSR223TestElement.processFileOrScript(JSR223TestElement.java:222) ~[ApacheJMeter_core.jar:5.3]
	at org.apache.jmeter.modifiers.JSR223PreProcessor.process(JSR223PreProcessor.java:45) [ApacheJMeter_components.jar:5.3]
	at org.apache.jmeter.threads.JMeterThread.runPreProcessors(JMeterThread.java:950) [ApacheJMeter_core.jar:5.3]
	at org.apache.jmeter.threads.JMeterThread.executeSamplePackage(JMeterThread.java:549) [ApacheJMeter_core.jar:5.3]
	at org.apache.jmeter.threads.JMeterThread.processSampler(JMeterThread.java:489) [ApacheJMeter_core.jar:5.3]
	at org.apache.jmeter.threads.JMeterThread.run(JMeterThread.java:256) [ApacheJMeter_core.jar:5.3]
	at java.lang.Thread.run(Thread.java:748) [?:1.8.0_181]
Caused by: groovy.lang.MissingMethodException: No signature of method: org.codehaus.groovy.jsr223.GroovyScriptEngineImpl.$() is applicable for argument types: (Script3$_run_closure1) values: [Script3$_run_closure1@2db05768]
Possible solutions: is(java.lang.Object), any(), get(java.lang.String), tap(groovy.lang.Closure), use([Ljava.lang.Object;), any(groovy.lang.Closure)
	at org.codehaus.groovy.jsr223.GroovyScriptEngineImpl.callGlobal(GroovyScriptEngineImpl.java:404) ~[groovy-jsr223-3.0.3.jar:3.0.3]
	at org.codehaus.groovy.jsr223.GroovyScriptEngineImpl.access$100(GroovyScriptEngineImpl.java:90) ~[groovy-jsr223-3.0.3.jar:3.0.3]
	at org.codehaus.groovy.jsr223.GroovyScriptEngineImpl$3.invokeMethod(GroovyScriptEngineImpl.java:303) ~[groovy-jsr223-3.0.3.jar:3.0.3]
	at org.codehaus.groovy.runtime.callsite.PogoMetaClassSite.callCurrent(PogoMetaClassSite.java:73) ~[groovy-3.0.3.jar:3.0.3]
	at org.codehaus.groovy.runtime.callsite.CallSiteArray.defaultCallCurrent(CallSiteArray.java:51) ~[groovy-3.0.3.jar:3.0.3]
	at org.codehaus.groovy.runtime.callsite.PogoMetaClassSite.callCurrent(PogoMetaClassSite.java:83) ~[groovy-3.0.3.jar:3.0.3]
	at org.codehaus.groovy.runtime.callsite.AbstractCallSite.callCurrent(AbstractCallSite.java:185) ~[groovy-3.0.3.jar:3.0.3]
	at Script3.run(Script3.groovy:1) ~[?:?]
	at org.codehaus.groovy.jsr223.GroovyScriptEngineImpl.eval(GroovyScriptEngineImpl.java:317) ~[groovy-jsr223-3.0.3.jar:3.0.3]
	... 9 more
2022-02-22 17:30:00,543 ERROR o.a.j.m.JSR223PreProcessor: Problem in JSR223 script, JSR223 PreProcessor
javax.script.ScriptException: groovy.lang.MissingMethodException: No signature of method: org.codehaus.groovy.jsr223.GroovyScriptEngineImpl.$() is applicable for argument types: (Script3$_run_closure1) values: [Script3$_run_closure1@2d596ea5]
Possible solutions: is(java.lang.Object), any(), get(java.lang.String), tap(groovy.lang.Closure), use([Ljava.lang.Object;), any(groovy.lang.Closure)
	at org.codehaus.groovy.jsr223.GroovyScriptEngineImpl.eval(GroovyScriptEngineImpl.java:320) ~[groovy-jsr223-3.0.3.jar:3.0.3]
	at org.codehaus.groovy.jsr223.GroovyCompiledScript.eval(GroovyCompiledScript.java:71) ~[groovy-jsr223-3.0.3.jar:3.0.3]
	at javax.script.CompiledScript.eval(CompiledScript.java:92) ~[?:1.8.0_181]
	at org.apache.jmeter.util.JSR223TestElement.processFileOrScript(JSR223TestElement.java:222) ~[ApacheJMeter_core.jar:5.3]
	at org.apache.jmeter.modifiers.JSR223PreProcessor.process(JSR223PreProcessor.java:45) [ApacheJMeter_components.jar:5.3]
	at org.apache.jmeter.threads.JMeterThread.runPreProcessors(JMeterThread.java:950) [ApacheJMeter_core.jar:5.3]
	at org.apache.jmeter.threads.JMeterThread.executeSamplePackage(JMeterThread.java:549) [ApacheJMeter_core.jar:5.3]
	at org.apache.jmeter.threads.JMeterThread.processSampler(JMeterThread.java:489) [ApacheJMeter_core.jar:5.3]
	at org.apache.jmeter.threads.JMeterThread.run(JMeterThread.java:256) [ApacheJMeter_core.jar:5.3]
	at java.lang.Thread.run(Thread.java:748) [?:1.8.0_181]
Caused by: groovy.lang.MissingMethodException: No signature of method: org.codehaus.groovy.jsr223.GroovyScriptEngineImpl.$() is applicable for argument types: (Script3$_run_closure1) values: [Script3$_run_closure1@2d596ea5]
Possible solutions: is(java.lang.Object), any(), get(java.lang.String), tap(groovy.lang.Closure), use([Ljava.lang.Object;), any(groovy.lang.Closure)
	at org.codehaus.groovy.jsr223.GroovyScriptEngineImpl.callGlobal(GroovyScriptEngineImpl.java:404) ~[groovy-jsr223-3.0.3.jar:3.0.3]
	at org.codehaus.groovy.jsr223.GroovyScriptEngineImpl.access$100(GroovyScriptEngineImpl.java:90) ~[groovy-jsr223-3.0.3.jar:3.0.3]
	at org.codehaus.groovy.jsr223.GroovyScriptEngineImpl$3.invokeMethod(GroovyScriptEngineImpl.java:303) ~[groovy-jsr223-3.0.3.jar:3.0.3]
	at org.codehaus.groovy.runtime.callsite.PogoMetaClassSite.callCurrent(PogoMetaClassSite.java:73) ~[groovy-3.0.3.jar:3.0.3]
	at org.codehaus.groovy.runtime.callsite.CallSiteArray.defaultCallCurrent(CallSiteArray.java:51) ~[groovy-3.0.3.jar:3.0.3]
	at org.codehaus.groovy.runtime.callsite.PogoMetaClassSite.callCurrent(PogoMetaClassSite.java:83) ~[groovy-3.0.3.jar:3.0.3]
	at org.codehaus.groovy.runtime.callsite.AbstractCallSite.callCurrent(AbstractCallSite.java:185) ~[groovy-3.0.3.jar:3.0.3]
	at Script3.run(Script3.groovy:1) ~[?:?]
	at org.codehaus.groovy.jsr223.GroovyScriptEngineImpl.eval(GroovyScriptEngineImpl.java:317) ~[groovy-jsr223-3.0.3.jar:3.0.3]
	... 9 more
2022-02-22 17:30:11,631 INFO o.a.j.r.Summariser: summary +    141 in 00:00:11 =   12.3/s Avg:  7814 Min:     0 Max: 17040 Err:     3 (2.13%) Active: 160 Started: 160 Finished: 0
2022-02-22 17:30:11,631 INFO o.a.j.r.Summariser: summary =   1790 in 00:03:33 =    8.4/s Avg: 10553 Min:     0 Max: 87450 Err:   106 (5.92%)
2022-02-22 17:30:12,608 ERROR o.a.j.m.JSR223PreProcessor: Problem in JSR223 script, JSR223 PreProcessor
javax.script.ScriptException: groovy.lang.MissingMethodException: No signature of method: org.codehaus.groovy.jsr223.GroovyScriptEngineImpl.$() is applicable for argument types: (Script3$_run_closure1) values: [Script3$_run_closure1@4fe14b22]
Possible solutions: is(java.lang.Object), any(), get(java.lang.String), tap(groovy.lang.Closure), use([Ljava.lang.Object;), any(groovy.lang.Closure)
	at org.codehaus.groovy.jsr223.GroovyScriptEngineImpl.eval(GroovyScriptEngineImpl.java:320) ~[groovy-jsr223-3.0.3.jar:3.0.3]
	at org.codehaus.groovy.jsr223.GroovyCompiledScript.eval(GroovyCompiledScript.java:71) ~[groovy-jsr223-3.0.3.jar:3.0.3]
	at javax.script.CompiledScript.eval(CompiledScript.java:92) ~[?:1.8.0_181]
	at org.apache.jmeter.util.JSR223TestElement.processFileOrScript(JSR223TestElement.java:222) ~[ApacheJMeter_core.jar:5.3]
	at org.apache.jmeter.modifiers.JSR223PreProcessor.process(JSR223PreProcessor.java:45) [ApacheJMeter_components.jar:5.3]
	at org.apache.jmeter.threads.JMeterThread.runPreProcessors(JMeterThread.java:950) [ApacheJMeter_core.jar:5.3]
	at org.apache.jmeter.threads.JMeterThread.executeSamplePackage(JMeterThread.java:549) [ApacheJMeter_core.jar:5.3]
	at org.apache.jmeter.threads.JMeterThread.processSampler(JMeterThread.java:489) [ApacheJMeter_core.jar:5.3]
	at org.apache.jmeter.threads.JMeterThread.run(JMeterThread.java:256) [ApacheJMeter_core.jar:5.3]
	at java.lang.Thread.run(Thread.java:748) [?:1.8.0_181]
Caused by: groovy.lang.MissingMethodException: No signature of method: org.codehaus.groovy.jsr223.GroovyScriptEngineImpl.$() is applicable for argument types: (Script3$_run_closure1) values: [Script3$_run_closure1@4fe14b22]
Possible solutions: is(java.lang.Object), any(), get(java.lang.String), tap(groovy.lang.Closure), use([Ljava.lang.Object;), any(groovy.lang.Closure)
	at org.codehaus.groovy.jsr223.GroovyScriptEngineImpl.callGlobal(GroovyScriptEngineImpl.java:404) ~[groovy-jsr223-3.0.3.jar:3.0.3]
	at org.codehaus.groovy.jsr223.GroovyScriptEngineImpl.access$100(GroovyScriptEngineImpl.java:90) ~[groovy-jsr223-3.0.3.jar:3.0.3]
	at org.codehaus.groovy.jsr223.GroovyScriptEngineImpl$3.invokeMethod(GroovyScriptEngineImpl.java:303) ~[groovy-jsr223-3.0.3.jar:3.0.3]
	at org.codehaus.groovy.runtime.callsite.PogoMetaClassSite.callCurrent(PogoMetaClassSite.java:73) ~[groovy-3.0.3.jar:3.0.3]
	at org.codehaus.groovy.runtime.callsite.CallSiteArray.defaultCallCurrent(CallSiteArray.java:51) ~[groovy-3.0.3.jar:3.0.3]
	at org.codehaus.groovy.runtime.callsite.PogoMetaClassSite.callCurrent(PogoMetaClassSite.java:83) ~[groovy-3.0.3.jar:3.0.3]
	at org.codehaus.groovy.runtime.callsite.AbstractCallSite.callCurrent(AbstractCallSite.java:185) ~[groovy-3.0.3.jar:3.0.3]
	at Script3.run(Script3.groovy:1) ~[?:?]
	at org.codehaus.groovy.jsr223.GroovyScriptEngineImpl.eval(GroovyScriptEngineImpl.java:317) ~[groovy-jsr223-3.0.3.jar:3.0.3]
	... 9 more
2022-02-22 17:30:12,751 ERROR o.a.j.m.JSR223PreProcessor: Problem in JSR223 script, JSR223 PreProcessor
javax.script.ScriptException: groovy.lang.MissingMethodException: No signature of method: org.codehaus.groovy.jsr223.GroovyScriptEngineImpl.$() is applicable for argument types: (Script3$_run_closure1) values: [Script3$_run_closure1@664538b3]
Possible solutions: is(java.lang.Object), any(), get(java.lang.String), tap(groovy.lang.Closure), use([Ljava.lang.Object;), any(groovy.lang.Closure)
	at org.codehaus.groovy.jsr223.GroovyScriptEngineImpl.eval(GroovyScriptEngineImpl.java:320) ~[groovy-jsr223-3.0.3.jar:3.0.3]
	at org.codehaus.groovy.jsr223.GroovyCompiledScript.eval(GroovyCompiledScript.java:71) ~[groovy-jsr223-3.0.3.jar:3.0.3]
	at javax.script.CompiledScript.eval(CompiledScript.java:92) ~[?:1.8.0_181]
	at org.apache.jmeter.util.JSR223TestElement.processFileOrScript(JSR223TestElement.java:222) ~[ApacheJMeter_core.jar:5.3]
	at org.apache.jmeter.modifiers.JSR223PreProcessor.process(JSR223PreProcessor.java:45) [ApacheJMeter_components.jar:5.3]
	at org.apache.jmeter.threads.JMeterThread.runPreProcessors(JMeterThread.java:950) [ApacheJMeter_core.jar:5.3]
	at org.apache.jmeter.threads.JMeterThread.executeSamplePackage(JMeterThread.java:549) [ApacheJMeter_core.jar:5.3]
	at org.apache.jmeter.threads.JMeterThread.processSampler(JMeterThread.java:489) [ApacheJMeter_core.jar:5.3]
	at org.apache.jmeter.threads.JMeterThread.run(JMeterThread.java:256) [ApacheJMeter_core.jar:5.3]
	at java.lang.Thread.run(Thread.java:748) [?:1.8.0_181]
Caused by: groovy.lang.MissingMethodException: No signature of method: org.codehaus.groovy.jsr223.GroovyScriptEngineImpl.$() is applicable for argument types: (Script3$_run_closure1) values: [Script3$_run_closure1@664538b3]
Possible solutions: is(java.lang.Object), any(), get(java.lang.String), tap(groovy.lang.Closure), use([Ljava.lang.Object;), any(groovy.lang.Closure)
	at org.codehaus.groovy.jsr223.GroovyScriptEngineImpl.callGlobal(GroovyScriptEngineImpl.java:404) ~[groovy-jsr223-3.0.3.jar:3.0.3]
	at org.codehaus.groovy.jsr223.GroovyScriptEngineImpl.access$100(GroovyScriptEngineImpl.java:90) ~[groovy-jsr223-3.0.3.jar:3.0.3]
	at org.codehaus.groovy.jsr223.GroovyScriptEngineImpl$3.invokeMethod(GroovyScriptEngineImpl.java:303) ~[groovy-jsr223-3.0.3.jar:3.0.3]
	at org.codehaus.groovy.runtime.callsite.PogoMetaClassSite.callCurrent(PogoMetaClassSite.java:73) ~[groovy-3.0.3.jar:3.0.3]
	at org.codehaus.groovy.runtime.callsite.CallSiteArray.defaultCallCurrent(CallSiteArray.java:51) ~[groovy-3.0.3.jar:3.0.3]
	at org.codehaus.groovy.runtime.callsite.PogoMetaClassSite.callCurrent(PogoMetaClassSite.java:83) ~[groovy-3.0.3.jar:3.0.3]
	at org.codehaus.groovy.runtime.callsite.AbstractCallSite.callCurrent(AbstractCallSite.java:185) ~[groovy-3.0.3.jar:3.0.3]
	at Script3.run(Script3.groovy:1) ~[?:?]
	at org.codehaus.groovy.jsr223.GroovyScriptEngineImpl.eval(GroovyScriptEngineImpl.java:317) ~[groovy-jsr223-3.0.3.jar:3.0.3]
	... 9 more
2022-02-22 17:30:20,404 INFO o.a.j.r.Summariser: summary +     41 in 00:00:09 =    4.7/s Avg:  2491 Min:     0 Max:  5863 Err:     2 (4.88%) Active: 160 Started: 160 Finished: 0
2022-02-22 17:30:20,405 INFO o.a.j.r.Summariser: summary =   1831 in 00:03:42 =    8.2/s Avg: 10373 Min:     0 Max: 87450 Err:   108 (5.90%)
2022-02-22 17:30:24,894 ERROR o.a.j.m.JSR223PreProcessor: Problem in JSR223 script, JSR223 PreProcessor
javax.script.ScriptException: groovy.lang.MissingMethodException: No signature of method: org.codehaus.groovy.jsr223.GroovyScriptEngineImpl.$() is applicable for argument types: (Script3$_run_closure1) values: [Script3$_run_closure1@503b3953]
Possible solutions: is(java.lang.Object), any(), get(java.lang.String), tap(groovy.lang.Closure), use([Ljava.lang.Object;), any(groovy.lang.Closure)
	at org.codehaus.groovy.jsr223.GroovyScriptEngineImpl.eval(GroovyScriptEngineImpl.java:320) ~[groovy-jsr223-3.0.3.jar:3.0.3]
	at org.codehaus.groovy.jsr223.GroovyCompiledScript.eval(GroovyCompiledScript.java:71) ~[groovy-jsr223-3.0.3.jar:3.0.3]
	at javax.script.CompiledScript.eval(CompiledScript.java:92) ~[?:1.8.0_181]
	at org.apache.jmeter.util.JSR223TestElement.processFileOrScript(JSR223TestElement.java:222) ~[ApacheJMeter_core.jar:5.3]
	at org.apache.jmeter.modifiers.JSR223PreProcessor.process(JSR223PreProcessor.java:45) [ApacheJMeter_components.jar:5.3]
	at org.apache.jmeter.threads.JMeterThread.runPreProcessors(JMeterThread.java:950) [ApacheJMeter_core.jar:5.3]
	at org.apache.jmeter.threads.JMeterThread.executeSamplePackage(JMeterThread.java:549) [ApacheJMeter_core.jar:5.3]
	at org.apache.jmeter.threads.JMeterThread.processSampler(JMeterThread.java:489) [ApacheJMeter_core.jar:5.3]
	at org.apache.jmeter.threads.JMeterThread.run(JMeterThread.java:256) [ApacheJMeter_core.jar:5.3]
	at java.lang.Thread.run(Thread.java:748) [?:1.8.0_181]
Caused by: groovy.lang.MissingMethodException: No signature of method: org.codehaus.groovy.jsr223.GroovyScriptEngineImpl.$() is applicable for argument types: (Script3$_run_closure1) values: [Script3$_run_closure1@503b3953]
Possible solutions: is(java.lang.Object), any(), get(java.lang.String), tap(groovy.lang.Closure), use([Ljava.lang.Object;), any(groovy.lang.Closure)
	at org.codehaus.groovy.jsr223.GroovyScriptEngineImpl.callGlobal(GroovyScriptEngineImpl.java:404) ~[groovy-jsr223-3.0.3.jar:3.0.3]
	at org.codehaus.groovy.jsr223.GroovyScriptEngineImpl.access$100(GroovyScriptEngineImpl.java:90) ~[groovy-jsr223-3.0.3.jar:3.0.3]
	at org.codehaus.groovy.jsr223.GroovyScriptEngineImpl$3.invokeMethod(GroovyScriptEngineImpl.java:303) ~[groovy-jsr223-3.0.3.jar:3.0.3]
	at org.codehaus.groovy.runtime.callsite.PogoMetaClassSite.callCurrent(PogoMetaClassSite.java:73) ~[groovy-3.0.3.jar:3.0.3]
	at org.codehaus.groovy.runtime.callsite.CallSiteArray.defaultCallCurrent(CallSiteArray.java:51) ~[groovy-3.0.3.jar:3.0.3]
	at org.codehaus.groovy.runtime.callsite.PogoMetaClassSite.callCurrent(PogoMetaClassSite.java:83) ~[groovy-3.0.3.jar:3.0.3]
	at org.codehaus.groovy.runtime.callsite.AbstractCallSite.callCurrent(AbstractCallSite.java:185) ~[groovy-3.0.3.jar:3.0.3]
	at Script3.run(Script3.groovy:1) ~[?:?]
	at org.codehaus.groovy.jsr223.GroovyScriptEngineImpl.eval(GroovyScriptEngineImpl.java:317) ~[groovy-jsr223-3.0.3.jar:3.0.3]
	... 9 more
2022-02-22 17:30:25,012 ERROR o.a.j.m.JSR223PreProcessor: Problem in JSR223 script, JSR223 PreProcessor
javax.script.ScriptException: groovy.lang.MissingMethodException: No signature of method: org.codehaus.groovy.jsr223.GroovyScriptEngineImpl.$() is applicable for argument types: (Script3$_run_closure1) values: [Script3$_run_closure1@6b214139]
Possible solutions: is(java.lang.Object), any(), get(java.lang.String), tap(groovy.lang.Closure), use([Ljava.lang.Object;), any(groovy.lang.Closure)
	at org.codehaus.groovy.jsr223.GroovyScriptEngineImpl.eval(GroovyScriptEngineImpl.java:320) ~[groovy-jsr223-3.0.3.jar:3.0.3]
	at org.codehaus.groovy.jsr223.GroovyCompiledScript.eval(GroovyCompiledScript.java:71) ~[groovy-jsr223-3.0.3.jar:3.0.3]
	at javax.script.CompiledScript.eval(CompiledScript.java:92) ~[?:1.8.0_181]
	at org.apache.jmeter.util.JSR223TestElement.processFileOrScript(JSR223TestElement.java:222) ~[ApacheJMeter_core.jar:5.3]
	at org.apache.jmeter.modifiers.JSR223PreProcessor.process(JSR223PreProcessor.java:45) [ApacheJMeter_components.jar:5.3]
	at org.apache.jmeter.threads.JMeterThread.runPreProcessors(JMeterThread.java:950) [ApacheJMeter_core.jar:5.3]
	at org.apache.jmeter.threads.JMeterThread.executeSamplePackage(JMeterThread.java:549) [ApacheJMeter_core.jar:5.3]
	at org.apache.jmeter.threads.JMeterThread.processSampler(JMeterThread.java:489) [ApacheJMeter_core.jar:5.3]
	at org.apache.jmeter.threads.JMeterThread.run(JMeterThread.java:256) [ApacheJMeter_core.jar:5.3]
	at java.lang.Thread.run(Thread.java:748) [?:1.8.0_181]
Caused by: groovy.lang.MissingMethodException: No signature of method: org.codehaus.groovy.jsr223.GroovyScriptEngineImpl.$() is applicable for argument types: (Script3$_run_closure1) values: [Script3$_run_closure1@6b214139]
Possible solutions: is(java.lang.Object), any(), get(java.lang.String), tap(groovy.lang.Closure), use([Ljava.lang.Object;), any(groovy.lang.Closure)
	at org.codehaus.groovy.jsr223.GroovyScriptEngineImpl.callGlobal(GroovyScriptEngineImpl.java:404) ~[groovy-jsr223-3.0.3.jar:3.0.3]
	at org.codehaus.groovy.jsr223.GroovyScriptEngineImpl.access$100(GroovyScriptEngineImpl.java:90) ~[groovy-jsr223-3.0.3.jar:3.0.3]
	at org.codehaus.groovy.jsr223.GroovyScriptEngineImpl$3.invokeMethod(GroovyScriptEngineImpl.java:303) ~[groovy-jsr223-3.0.3.jar:3.0.3]
	at org.codehaus.groovy.runtime.callsite.PogoMetaClassSite.callCurrent(PogoMetaClassSite.java:73) ~[groovy-3.0.3.jar:3.0.3]
	at org.codehaus.groovy.runtime.callsite.CallSiteArray.defaultCallCurrent(CallSiteArray.java:51) ~[groovy-3.0.3.jar:3.0.3]
	at org.codehaus.groovy.runtime.callsite.PogoMetaClassSite.callCurrent(PogoMetaClassSite.java:83) ~[groovy-3.0.3.jar:3.0.3]
	at org.codehaus.groovy.runtime.callsite.AbstractCallSite.callCurrent(AbstractCallSite.java:185) ~[groovy-3.0.3.jar:3.0.3]
	at Script3.run(Script3.groovy:1) ~[?:?]
	at org.codehaus.groovy.jsr223.GroovyScriptEngineImpl.eval(GroovyScriptEngineImpl.java:317) ~[groovy-jsr223-3.0.3.jar:3.0.3]
	... 9 more
2022-02-22 17:30:30,092 INFO o.a.j.r.Summariser: summary +    142 in 00:00:10 =   14.7/s Avg:  6816 Min:     0 Max: 12717 Err:     8 (5.63%) Active: 160 Started: 160 Finished: 0
2022-02-22 17:30:30,093 INFO o.a.j.r.Summariser: summary =   1973 in 00:03:52 =    8.5/s Avg: 10117 Min:     0 Max: 87450 Err:   116 (5.88%)
2022-02-22 17:30:37,514 ERROR o.a.j.m.JSR223PreProcessor: Problem in JSR223 script, JSR223 PreProcessor
javax.script.ScriptException: groovy.lang.MissingMethodException: No signature of method: org.codehaus.groovy.jsr223.GroovyScriptEngineImpl.$() is applicable for argument types: (Script3$_run_closure1) values: [Script3$_run_closure1@37af6c24]
Possible solutions: is(java.lang.Object), any(), get(java.lang.String), tap(groovy.lang.Closure), use([Ljava.lang.Object;), any(groovy.lang.Closure)
	at org.codehaus.groovy.jsr223.GroovyScriptEngineImpl.eval(GroovyScriptEngineImpl.java:320) ~[groovy-jsr223-3.0.3.jar:3.0.3]
	at org.codehaus.groovy.jsr223.GroovyCompiledScript.eval(GroovyCompiledScript.java:71) ~[groovy-jsr223-3.0.3.jar:3.0.3]
	at javax.script.CompiledScript.eval(CompiledScript.java:92) ~[?:1.8.0_181]
	at org.apache.jmeter.util.JSR223TestElement.processFileOrScript(JSR223TestElement.java:222) ~[ApacheJMeter_core.jar:5.3]
	at org.apache.jmeter.modifiers.JSR223PreProcessor.process(JSR223PreProcessor.java:45) [ApacheJMeter_components.jar:5.3]
	at org.apache.jmeter.threads.JMeterThread.runPreProcessors(JMeterThread.java:950) [ApacheJMeter_core.jar:5.3]
	at org.apache.jmeter.threads.JMeterThread.executeSamplePackage(JMeterThread.java:549) [ApacheJMeter_core.jar:5.3]
	at org.apache.jmeter.threads.JMeterThread.processSampler(JMeterThread.java:489) [ApacheJMeter_core.jar:5.3]
	at org.apache.jmeter.threads.JMeterThread.run(JMeterThread.java:256) [ApacheJMeter_core.jar:5.3]
	at java.lang.Thread.run(Thread.java:748) [?:1.8.0_181]
Caused by: groovy.lang.MissingMethodException: No signature of method: org.codehaus.groovy.jsr223.GroovyScriptEngineImpl.$() is applicable for argument types: (Script3$_run_closure1) values: [Script3$_run_closure1@37af6c24]
Possible solutions: is(java.lang.Object), any(), get(java.lang.String), tap(groovy.lang.Closure), use([Ljava.lang.Object;), any(groovy.lang.Closure)
	at org.codehaus.groovy.jsr223.GroovyScriptEngineImpl.callGlobal(GroovyScriptEngineImpl.java:404) ~[groovy-jsr223-3.0.3.jar:3.0.3]
	at org.codehaus.groovy.jsr223.GroovyScriptEngineImpl.access$100(GroovyScriptEngineImpl.java:90) ~[groovy-jsr223-3.0.3.jar:3.0.3]
	at org.codehaus.groovy.jsr223.GroovyScriptEngineImpl$3.invokeMethod(GroovyScriptEngineImpl.java:303) ~[groovy-jsr223-3.0.3.jar:3.0.3]
	at org.codehaus.groovy.runtime.callsite.PogoMetaClassSite.callCurrent(PogoMetaClassSite.java:73) ~[groovy-3.0.3.jar:3.0.3]
	at org.codehaus.groovy.runtime.callsite.CallSiteArray.defaultCallCurrent(CallSiteArray.java:51) ~[groovy-3.0.3.jar:3.0.3]
	at org.codehaus.groovy.runtime.callsite.PogoMetaClassSite.callCurrent(PogoMetaClassSite.java:83) ~[groovy-3.0.3.jar:3.0.3]
	at org.codehaus.groovy.runtime.callsite.AbstractCallSite.callCurrent(AbstractCallSite.java:185) ~[groovy-3.0.3.jar:3.0.3]
	at Script3.run(Script3.groovy:1) ~[?:?]
	at org.codehaus.groovy.jsr223.GroovyScriptEngineImpl.eval(GroovyScriptEngineImpl.java:317) ~[groovy-jsr223-3.0.3.jar:3.0.3]
	... 9 more
2022-02-22 17:30:37,749 ERROR o.a.j.m.JSR223PreProcessor: Problem in JSR223 script, JSR223 PreProcessor
javax.script.ScriptException: groovy.lang.MissingMethodException: No signature of method: org.codehaus.groovy.jsr223.GroovyScriptEngineImpl.$() is applicable for argument types: (Script3$_run_closure1) values: [Script3$_run_closure1@7da1ae69]
Possible solutions: is(java.lang.Object), any(), get(java.lang.String), tap(groovy.lang.Closure), use([Ljava.lang.Object;), any(groovy.lang.Closure)
	at org.codehaus.groovy.jsr223.GroovyScriptEngineImpl.eval(GroovyScriptEngineImpl.java:320) ~[groovy-jsr223-3.0.3.jar:3.0.3]
	at org.codehaus.groovy.jsr223.GroovyCompiledScript.eval(GroovyCompiledScript.java:71) ~[groovy-jsr223-3.0.3.jar:3.0.3]
	at javax.script.CompiledScript.eval(CompiledScript.java:92) ~[?:1.8.0_181]
	at org.apache.jmeter.util.JSR223TestElement.processFileOrScript(JSR223TestElement.java:222) ~[ApacheJMeter_core.jar:5.3]
	at org.apache.jmeter.modifiers.JSR223PreProcessor.process(JSR223PreProcessor.java:45) [ApacheJMeter_components.jar:5.3]
	at org.apache.jmeter.threads.JMeterThread.runPreProcessors(JMeterThread.java:950) [ApacheJMeter_core.jar:5.3]
	at org.apache.jmeter.threads.JMeterThread.executeSamplePackage(JMeterThread.java:549) [ApacheJMeter_core.jar:5.3]
	at org.apache.jmeter.threads.JMeterThread.processSampler(JMeterThread.java:489) [ApacheJMeter_core.jar:5.3]
	at org.apache.jmeter.threads.JMeterThread.run(JMeterThread.java:256) [ApacheJMeter_core.jar:5.3]
	at java.lang.Thread.run(Thread.java:748) [?:1.8.0_181]
Caused by: groovy.lang.MissingMethodException: No signature of method: org.codehaus.groovy.jsr223.GroovyScriptEngineImpl.$() is applicable for argument types: (Script3$_run_closure1) values: [Script3$_run_closure1@7da1ae69]
Possible solutions: is(java.lang.Object), any(), get(java.lang.String), tap(groovy.lang.Closure), use([Ljava.lang.Object;), any(groovy.lang.Closure)
	at org.codehaus.groovy.jsr223.GroovyScriptEngineImpl.callGlobal(GroovyScriptEngineImpl.java:404) ~[groovy-jsr223-3.0.3.jar:3.0.3]
	at org.codehaus.groovy.jsr223.GroovyScriptEngineImpl.access$100(GroovyScriptEngineImpl.java:90) ~[groovy-jsr223-3.0.3.jar:3.0.3]
	at org.codehaus.groovy.jsr223.GroovyScriptEngineImpl$3.invokeMethod(GroovyScriptEngineImpl.java:303) ~[groovy-jsr223-3.0.3.jar:3.0.3]
	at org.codehaus.groovy.runtime.callsite.PogoMetaClassSite.callCurrent(PogoMetaClassSite.java:73) ~[groovy-3.0.3.jar:3.0.3]
	at org.codehaus.groovy.runtime.callsite.CallSiteArray.defaultCallCurrent(CallSiteArray.java:51) ~[groovy-3.0.3.jar:3.0.3]
	at org.codehaus.groovy.runtime.callsite.PogoMetaClassSite.callCurrent(PogoMetaClassSite.java:83) ~[groovy-3.0.3.jar:3.0.3]
	at org.codehaus.groovy.runtime.callsite.AbstractCallSite.callCurrent(AbstractCallSite.java:185) ~[groovy-3.0.3.jar:3.0.3]
	at Script3.run(Script3.groovy:1) ~[?:?]
	at org.codehaus.groovy.jsr223.GroovyScriptEngineImpl.eval(GroovyScriptEngineImpl.java:317) ~[groovy-jsr223-3.0.3.jar:3.0.3]
	... 9 more
2022-02-22 17:30:40,066 INFO o.a.j.r.Summariser: summary +     39 in 00:00:10 =    3.9/s Avg:  1854 Min:     0 Max:  5397 Err:     2 (5.13%) Active: 160 Started: 160 Finished: 0
2022-02-22 17:30:40,066 INFO o.a.j.r.Summariser: summary =   2012 in 00:04:02 =    8.3/s Avg:  9956 Min:     0 Max: 87450 Err:   118 (5.86%)
2022-02-22 17:30:49,954 ERROR o.a.j.m.JSR223PreProcessor: Problem in JSR223 script, JSR223 PreProcessor
javax.script.ScriptException: groovy.lang.MissingMethodException: No signature of method: org.codehaus.groovy.jsr223.GroovyScriptEngineImpl.$() is applicable for argument types: (Script3$_run_closure1) values: [Script3$_run_closure1@27166a1c]
Possible solutions: is(java.lang.Object), any(), get(java.lang.String), tap(groovy.lang.Closure), use([Ljava.lang.Object;), any(groovy.lang.Closure)
	at org.codehaus.groovy.jsr223.GroovyScriptEngineImpl.eval(GroovyScriptEngineImpl.java:320) ~[groovy-jsr223-3.0.3.jar:3.0.3]
	at org.codehaus.groovy.jsr223.GroovyCompiledScript.eval(GroovyCompiledScript.java:71) ~[groovy-jsr223-3.0.3.jar:3.0.3]
	at javax.script.CompiledScript.eval(CompiledScript.java:92) ~[?:1.8.0_181]
	at org.apache.jmeter.util.JSR223TestElement.processFileOrScript(JSR223TestElement.java:222) ~[ApacheJMeter_core.jar:5.3]
	at org.apache.jmeter.modifiers.JSR223PreProcessor.process(JSR223PreProcessor.java:45) [ApacheJMeter_components.jar:5.3]
	at org.apache.jmeter.threads.JMeterThread.runPreProcessors(JMeterThread.java:950) [ApacheJMeter_core.jar:5.3]
	at org.apache.jmeter.threads.JMeterThread.executeSamplePackage(JMeterThread.java:549) [ApacheJMeter_core.jar:5.3]
	at org.apache.jmeter.threads.JMeterThread.processSampler(JMeterThread.java:489) [ApacheJMeter_core.jar:5.3]
	at org.apache.jmeter.threads.JMeterThread.run(JMeterThread.java:256) [ApacheJMeter_core.jar:5.3]
	at java.lang.Thread.run(Thread.java:748) [?:1.8.0_181]
Caused by: groovy.lang.MissingMethodException: No signature of method: org.codehaus.groovy.jsr223.GroovyScriptEngineImpl.$() is applicable for argument types: (Script3$_run_closure1) values: [Script3$_run_closure1@27166a1c]
Possible solutions: is(java.lang.Object), any(), get(java.lang.String), tap(groovy.lang.Closure), use([Ljava.lang.Object;), any(groovy.lang.Closure)
	at org.codehaus.groovy.jsr223.GroovyScriptEngineImpl.callGlobal(GroovyScriptEngineImpl.java:404) ~[groovy-jsr223-3.0.3.jar:3.0.3]
	at org.codehaus.groovy.jsr223.GroovyScriptEngineImpl.access$100(GroovyScriptEngineImpl.java:90) ~[groovy-jsr223-3.0.3.jar:3.0.3]
	at org.codehaus.groovy.jsr223.GroovyScriptEngineImpl$3.invokeMethod(GroovyScriptEngineImpl.java:303) ~[groovy-jsr223-3.0.3.jar:3.0.3]
	at org.codehaus.groovy.runtime.callsite.PogoMetaClassSite.callCurrent(PogoMetaClassSite.java:73) ~[groovy-3.0.3.jar:3.0.3]
	at org.codehaus.groovy.runtime.callsite.CallSiteArray.defaultCallCurrent(CallSiteArray.java:51) ~[groovy-3.0.3.jar:3.0.3]
	at org.codehaus.groovy.runtime.callsite.PogoMetaClassSite.callCurrent(PogoMetaClassSite.java:83) ~[groovy-3.0.3.jar:3.0.3]
	at org.codehaus.groovy.runtime.callsite.AbstractCallSite.callCurrent(AbstractCallSite.java:185) ~[groovy-3.0.3.jar:3.0.3]
	at Script3.run(Script3.groovy:1) ~[?:?]
	at org.codehaus.groovy.jsr223.GroovyScriptEngineImpl.eval(GroovyScriptEngineImpl.java:317) ~[groovy-jsr223-3.0.3.jar:3.0.3]
	... 9 more
2022-02-22 17:30:50,054 INFO o.a.j.r.Summariser: summary +    123 in 00:00:10 =   12.3/s Avg:  6473 Min:     0 Max: 11503 Err:     3 (2.44%) Active: 160 Started: 160 Finished: 0
2022-02-22 17:30:50,055 INFO o.a.j.r.Summariser: summary =   2135 in 00:04:12 =    8.5/s Avg:  9756 Min:     0 Max: 87450 Err:   121 (5.67%)
2022-02-22 17:30:50,176 ERROR o.a.j.m.JSR223PreProcessor: Problem in JSR223 script, JSR223 PreProcessor
javax.script.ScriptException: groovy.lang.MissingMethodException: No signature of method: org.codehaus.groovy.jsr223.GroovyScriptEngineImpl.$() is applicable for argument types: (Script3$_run_closure1) values: [Script3$_run_closure1@6d14aea4]
Possible solutions: is(java.lang.Object), any(), get(java.lang.String), tap(groovy.lang.Closure), use([Ljava.lang.Object;), any(groovy.lang.Closure)
	at org.codehaus.groovy.jsr223.GroovyScriptEngineImpl.eval(GroovyScriptEngineImpl.java:320) ~[groovy-jsr223-3.0.3.jar:3.0.3]
	at org.codehaus.groovy.jsr223.GroovyCompiledScript.eval(GroovyCompiledScript.java:71) ~[groovy-jsr223-3.0.3.jar:3.0.3]
	at javax.script.CompiledScript.eval(CompiledScript.java:92) ~[?:1.8.0_181]
	at org.apache.jmeter.util.JSR223TestElement.processFileOrScript(JSR223TestElement.java:222) ~[ApacheJMeter_core.jar:5.3]
	at org.apache.jmeter.modifiers.JSR223PreProcessor.process(JSR223PreProcessor.java:45) [ApacheJMeter_components.jar:5.3]
	at org.apache.jmeter.threads.JMeterThread.runPreProcessors(JMeterThread.java:950) [ApacheJMeter_core.jar:5.3]
	at org.apache.jmeter.threads.JMeterThread.executeSamplePackage(JMeterThread.java:549) [ApacheJMeter_core.jar:5.3]
	at org.apache.jmeter.threads.JMeterThread.processSampler(JMeterThread.java:489) [ApacheJMeter_core.jar:5.3]
	at org.apache.jmeter.threads.JMeterThread.run(JMeterThread.java:256) [ApacheJMeter_core.jar:5.3]
	at java.lang.Thread.run(Thread.java:748) [?:1.8.0_181]
Caused by: groovy.lang.MissingMethodException: No signature of method: org.codehaus.groovy.jsr223.GroovyScriptEngineImpl.$() is applicable for argument types: (Script3$_run_closure1) values: [Script3$_run_closure1@6d14aea4]
Possible solutions: is(java.lang.Object), any(), get(java.lang.String), tap(groovy.lang.Closure), use([Ljava.lang.Object;), any(groovy.lang.Closure)
	at org.codehaus.groovy.jsr223.GroovyScriptEngineImpl.callGlobal(GroovyScriptEngineImpl.java:404) ~[groovy-jsr223-3.0.3.jar:3.0.3]
	at org.codehaus.groovy.jsr223.GroovyScriptEngineImpl.access$100(GroovyScriptEngineImpl.java:90) ~[groovy-jsr223-3.0.3.jar:3.0.3]
	at org.codehaus.groovy.jsr223.GroovyScriptEngineImpl$3.invokeMethod(GroovyScriptEngineImpl.java:303) ~[groovy-jsr223-3.0.3.jar:3.0.3]
	at org.codehaus.groovy.runtime.callsite.PogoMetaClassSite.callCurrent(PogoMetaClassSite.java:73) ~[groovy-3.0.3.jar:3.0.3]
	at org.codehaus.groovy.runtime.callsite.CallSiteArray.defaultCallCurrent(CallSiteArray.java:51) ~[groovy-3.0.3.jar:3.0.3]
	at org.codehaus.groovy.runtime.callsite.PogoMetaClassSite.callCurrent(PogoMetaClassSite.java:83) ~[groovy-3.0.3.jar:3.0.3]
	at org.codehaus.groovy.runtime.callsite.AbstractCallSite.callCurrent(AbstractCallSite.java:185) ~[groovy-3.0.3.jar:3.0.3]
	at Script3.run(Script3.groovy:1) ~[?:?]
	at org.codehaus.groovy.jsr223.GroovyScriptEngineImpl.eval(GroovyScriptEngineImpl.java:317) ~[groovy-jsr223-3.0.3.jar:3.0.3]
	... 9 more
2022-02-22 17:31:00,362 INFO o.a.j.r.Summariser: summary +     52 in 00:00:10 =    5.0/s Avg:  4500 Min:     0 Max: 13778 Err:     4 (7.69%) Active: 160 Started: 160 Finished: 0
2022-02-22 17:31:00,363 INFO o.a.j.r.Summariser: summary =   2187 in 00:04:22 =    8.3/s Avg:  9631 Min:     0 Max: 87450 Err:   125 (5.72%)
2022-02-22 17:31:02,601 ERROR o.a.j.m.JSR223PreProcessor: Problem in JSR223 script, JSR223 PreProcessor
javax.script.ScriptException: groovy.lang.MissingMethodException: No signature of method: org.codehaus.groovy.jsr223.GroovyScriptEngineImpl.$() is applicable for argument types: (Script3$_run_closure1) values: [Script3$_run_closure1@12fc22ab]
Possible solutions: is(java.lang.Object), any(), get(java.lang.String), tap(groovy.lang.Closure), use([Ljava.lang.Object;), any(groovy.lang.Closure)
	at org.codehaus.groovy.jsr223.GroovyScriptEngineImpl.eval(GroovyScriptEngineImpl.java:320) ~[groovy-jsr223-3.0.3.jar:3.0.3]
	at org.codehaus.groovy.jsr223.GroovyCompiledScript.eval(GroovyCompiledScript.java:71) ~[groovy-jsr223-3.0.3.jar:3.0.3]
	at javax.script.CompiledScript.eval(CompiledScript.java:92) ~[?:1.8.0_181]
	at org.apache.jmeter.util.JSR223TestElement.processFileOrScript(JSR223TestElement.java:222) ~[ApacheJMeter_core.jar:5.3]
	at org.apache.jmeter.modifiers.JSR223PreProcessor.process(JSR223PreProcessor.java:45) [ApacheJMeter_components.jar:5.3]
	at org.apache.jmeter.threads.JMeterThread.runPreProcessors(JMeterThread.java:950) [ApacheJMeter_core.jar:5.3]
	at org.apache.jmeter.threads.JMeterThread.executeSamplePackage(JMeterThread.java:549) [ApacheJMeter_core.jar:5.3]
	at org.apache.jmeter.threads.JMeterThread.processSampler(JMeterThread.java:489) [ApacheJMeter_core.jar:5.3]
	at org.apache.jmeter.threads.JMeterThread.run(JMeterThread.java:256) [ApacheJMeter_core.jar:5.3]
	at java.lang.Thread.run(Thread.java:748) [?:1.8.0_181]
Caused by: groovy.lang.MissingMethodException: No signature of method: org.codehaus.groovy.jsr223.GroovyScriptEngineImpl.$() is applicable for argument types: (Script3$_run_closure1) values: [Script3$_run_closure1@12fc22ab]
Possible solutions: is(java.lang.Object), any(), get(java.lang.String), tap(groovy.lang.Closure), use([Ljava.lang.Object;), any(groovy.lang.Closure)
	at org.codehaus.groovy.jsr223.GroovyScriptEngineImpl.callGlobal(GroovyScriptEngineImpl.java:404) ~[groovy-jsr223-3.0.3.jar:3.0.3]
	at org.codehaus.groovy.jsr223.GroovyScriptEngineImpl.access$100(GroovyScriptEngineImpl.java:90) ~[groovy-jsr223-3.0.3.jar:3.0.3]
	at org.codehaus.groovy.jsr223.GroovyScriptEngineImpl$3.invokeMethod(GroovyScriptEngineImpl.java:303) ~[groovy-jsr223-3.0.3.jar:3.0.3]
	at org.codehaus.groovy.runtime.callsite.PogoMetaClassSite.callCurrent(PogoMetaClassSite.java:73) ~[groovy-3.0.3.jar:3.0.3]
	at org.codehaus.groovy.runtime.callsite.CallSiteArray.defaultCallCurrent(CallSiteArray.java:51) ~[groovy-3.0.3.jar:3.0.3]
	at org.codehaus.groovy.runtime.callsite.PogoMetaClassSite.callCurrent(PogoMetaClassSite.java:83) ~[groovy-3.0.3.jar:3.0.3]
	at org.codehaus.groovy.runtime.callsite.AbstractCallSite.callCurrent(AbstractCallSite.java:185) ~[groovy-3.0.3.jar:3.0.3]
	at Script3.run(Script3.groovy:1) ~[?:?]
	at org.codehaus.groovy.jsr223.GroovyScriptEngineImpl.eval(GroovyScriptEngineImpl.java:317) ~[groovy-jsr223-3.0.3.jar:3.0.3]
	... 9 more
2022-02-22 17:31:02,712 ERROR o.a.j.m.JSR223PreProcessor: Problem in JSR223 script, JSR223 PreProcessor
javax.script.ScriptException: groovy.lang.MissingMethodException: No signature of method: org.codehaus.groovy.jsr223.GroovyScriptEngineImpl.$() is applicable for argument types: (Script3$_run_closure1) values: [Script3$_run_closure1@6b32da29]
Possible solutions: is(java.lang.Object), any(), get(java.lang.String), tap(groovy.lang.Closure), use([Ljava.lang.Object;), any(groovy.lang.Closure)
	at org.codehaus.groovy.jsr223.GroovyScriptEngineImpl.eval(GroovyScriptEngineImpl.java:320) ~[groovy-jsr223-3.0.3.jar:3.0.3]
	at org.codehaus.groovy.jsr223.GroovyCompiledScript.eval(GroovyCompiledScript.java:71) ~[groovy-jsr223-3.0.3.jar:3.0.3]
	at javax.script.CompiledScript.eval(CompiledScript.java:92) ~[?:1.8.0_181]
	at org.apache.jmeter.util.JSR223TestElement.processFileOrScript(JSR223TestElement.java:222) ~[ApacheJMeter_core.jar:5.3]
	at org.apache.jmeter.modifiers.JSR223PreProcessor.process(JSR223PreProcessor.java:45) [ApacheJMeter_components.jar:5.3]
	at org.apache.jmeter.threads.JMeterThread.runPreProcessors(JMeterThread.java:950) [ApacheJMeter_core.jar:5.3]
	at org.apache.jmeter.threads.JMeterThread.executeSamplePackage(JMeterThread.java:549) [ApacheJMeter_core.jar:5.3]
	at org.apache.jmeter.threads.JMeterThread.processSampler(JMeterThread.java:489) [ApacheJMeter_core.jar:5.3]
	at org.apache.jmeter.threads.JMeterThread.run(JMeterThread.java:256) [ApacheJMeter_core.jar:5.3]
	at java.lang.Thread.run(Thread.java:748) [?:1.8.0_181]
Caused by: groovy.lang.MissingMethodException: No signature of method: org.codehaus.groovy.jsr223.GroovyScriptEngineImpl.$() is applicable for argument types: (Script3$_run_closure1) values: [Script3$_run_closure1@6b32da29]
Possible solutions: is(java.lang.Object), any(), get(java.lang.String), tap(groovy.lang.Closure), use([Ljava.lang.Object;), any(groovy.lang.Closure)
	at org.codehaus.groovy.jsr223.GroovyScriptEngineImpl.callGlobal(GroovyScriptEngineImpl.java:404) ~[groovy-jsr223-3.0.3.jar:3.0.3]
	at org.codehaus.groovy.jsr223.GroovyScriptEngineImpl.access$100(GroovyScriptEngineImpl.java:90) ~[groovy-jsr223-3.0.3.jar:3.0.3]
	at org.codehaus.groovy.jsr223.GroovyScriptEngineImpl$3.invokeMethod(GroovyScriptEngineImpl.java:303) ~[groovy-jsr223-3.0.3.jar:3.0.3]
	at org.codehaus.groovy.runtime.callsite.PogoMetaClassSite.callCurrent(PogoMetaClassSite.java:73) ~[groovy-3.0.3.jar:3.0.3]
	at org.codehaus.groovy.runtime.callsite.CallSiteArray.defaultCallCurrent(CallSiteArray.java:51) ~[groovy-3.0.3.jar:3.0.3]
	at org.codehaus.groovy.runtime.callsite.PogoMetaClassSite.callCurrent(PogoMetaClassSite.java:83) ~[groovy-3.0.3.jar:3.0.3]
	at org.codehaus.groovy.runtime.callsite.AbstractCallSite.callCurrent(AbstractCallSite.java:185) ~[groovy-3.0.3.jar:3.0.3]
	at Script3.run(Script3.groovy:1) ~[?:?]
	at org.codehaus.groovy.jsr223.GroovyScriptEngineImpl.eval(GroovyScriptEngineImpl.java:317) ~[groovy-jsr223-3.0.3.jar:3.0.3]
	... 9 more
2022-02-22 17:31:10,011 INFO o.a.j.r.Summariser: summary +    111 in 00:00:10 =   11.5/s Avg:  6373 Min:     0 Max: 12674 Err:     2 (1.80%) Active: 160 Started: 160 Finished: 0
2022-02-22 17:31:10,012 INFO o.a.j.r.Summariser: summary =   2298 in 00:04:32 =    8.5/s Avg:  9473 Min:     0 Max: 87450 Err:   127 (5.53%)
2022-02-22 17:31:14,806 ERROR o.a.j.m.JSR223PreProcessor: Problem in JSR223 script, JSR223 PreProcessor
javax.script.ScriptException: groovy.lang.MissingMethodException: No signature of method: org.codehaus.groovy.jsr223.GroovyScriptEngineImpl.$() is applicable for argument types: (Script3$_run_closure1) values: [Script3$_run_closure1@3a077041]
Possible solutions: is(java.lang.Object), any(), get(java.lang.String), tap(groovy.lang.Closure), use([Ljava.lang.Object;), any(groovy.lang.Closure)
	at org.codehaus.groovy.jsr223.GroovyScriptEngineImpl.eval(GroovyScriptEngineImpl.java:320) ~[groovy-jsr223-3.0.3.jar:3.0.3]
	at org.codehaus.groovy.jsr223.GroovyCompiledScript.eval(GroovyCompiledScript.java:71) ~[groovy-jsr223-3.0.3.jar:3.0.3]
	at javax.script.CompiledScript.eval(CompiledScript.java:92) ~[?:1.8.0_181]
	at org.apache.jmeter.util.JSR223TestElement.processFileOrScript(JSR223TestElement.java:222) ~[ApacheJMeter_core.jar:5.3]
	at org.apache.jmeter.modifiers.JSR223PreProcessor.process(JSR223PreProcessor.java:45) [ApacheJMeter_components.jar:5.3]
	at org.apache.jmeter.threads.JMeterThread.runPreProcessors(JMeterThread.java:950) [ApacheJMeter_core.jar:5.3]
	at org.apache.jmeter.threads.JMeterThread.executeSamplePackage(JMeterThread.java:549) [ApacheJMeter_core.jar:5.3]
	at org.apache.jmeter.threads.JMeterThread.processSampler(JMeterThread.java:489) [ApacheJMeter_core.jar:5.3]
	at org.apache.jmeter.threads.JMeterThread.run(JMeterThread.java:256) [ApacheJMeter_core.jar:5.3]
	at java.lang.Thread.run(Thread.java:748) [?:1.8.0_181]
Caused by: groovy.lang.MissingMethodException: No signature of method: org.codehaus.groovy.jsr223.GroovyScriptEngineImpl.$() is applicable for argument types: (Script3$_run_closure1) values: [Script3$_run_closure1@3a077041]
Possible solutions: is(java.lang.Object), any(), get(java.lang.String), tap(groovy.lang.Closure), use([Ljava.lang.Object;), any(groovy.lang.Closure)
	at org.codehaus.groovy.jsr223.GroovyScriptEngineImpl.callGlobal(GroovyScriptEngineImpl.java:404) ~[groovy-jsr223-3.0.3.jar:3.0.3]
	at org.codehaus.groovy.jsr223.GroovyScriptEngineImpl.access$100(GroovyScriptEngineImpl.java:90) ~[groovy-jsr223-3.0.3.jar:3.0.3]
	at org.codehaus.groovy.jsr223.GroovyScriptEngineImpl$3.invokeMethod(GroovyScriptEngineImpl.java:303) ~[groovy-jsr223-3.0.3.jar:3.0.3]
	at org.codehaus.groovy.runtime.callsite.PogoMetaClassSite.callCurrent(PogoMetaClassSite.java:73) ~[groovy-3.0.3.jar:3.0.3]
	at org.codehaus.groovy.runtime.callsite.CallSiteArray.defaultCallCurrent(CallSiteArray.java:51) ~[groovy-3.0.3.jar:3.0.3]
	at org.codehaus.groovy.runtime.callsite.PogoMetaClassSite.callCurrent(PogoMetaClassSite.java:83) ~[groovy-3.0.3.jar:3.0.3]
	at org.codehaus.groovy.runtime.callsite.AbstractCallSite.callCurrent(AbstractCallSite.java:185) ~[groovy-3.0.3.jar:3.0.3]
	at Script3.run(Script3.groovy:1) ~[?:?]
	at org.codehaus.groovy.jsr223.GroovyScriptEngineImpl.eval(GroovyScriptEngineImpl.java:317) ~[groovy-jsr223-3.0.3.jar:3.0.3]
	... 9 more
2022-02-22 17:31:15,406 ERROR o.a.j.m.JSR223PreProcessor: Problem in JSR223 script, JSR223 PreProcessor
javax.script.ScriptException: groovy.lang.MissingMethodException: No signature of method: org.codehaus.groovy.jsr223.GroovyScriptEngineImpl.$() is applicable for argument types: (Script3$_run_closure1) values: [Script3$_run_closure1@71a4e99c]
Possible solutions: is(java.lang.Object), any(), get(java.lang.String), tap(groovy.lang.Closure), use([Ljava.lang.Object;), any(groovy.lang.Closure)
	at org.codehaus.groovy.jsr223.GroovyScriptEngineImpl.eval(GroovyScriptEngineImpl.java:320) ~[groovy-jsr223-3.0.3.jar:3.0.3]
	at org.codehaus.groovy.jsr223.GroovyCompiledScript.eval(GroovyCompiledScript.java:71) ~[groovy-jsr223-3.0.3.jar:3.0.3]
	at javax.script.CompiledScript.eval(CompiledScript.java:92) ~[?:1.8.0_181]
	at org.apache.jmeter.util.JSR223TestElement.processFileOrScript(JSR223TestElement.java:222) ~[ApacheJMeter_core.jar:5.3]
	at org.apache.jmeter.modifiers.JSR223PreProcessor.process(JSR223PreProcessor.java:45) [ApacheJMeter_components.jar:5.3]
	at org.apache.jmeter.threads.JMeterThread.runPreProcessors(JMeterThread.java:950) [ApacheJMeter_core.jar:5.3]
	at org.apache.jmeter.threads.JMeterThread.executeSamplePackage(JMeterThread.java:549) [ApacheJMeter_core.jar:5.3]
	at org.apache.jmeter.threads.JMeterThread.processSampler(JMeterThread.java:489) [ApacheJMeter_core.jar:5.3]
	at org.apache.jmeter.threads.JMeterThread.run(JMeterThread.java:256) [ApacheJMeter_core.jar:5.3]
	at java.lang.Thread.run(Thread.java:748) [?:1.8.0_181]
Caused by: groovy.lang.MissingMethodException: No signature of method: org.codehaus.groovy.jsr223.GroovyScriptEngineImpl.$() is applicable for argument types: (Script3$_run_closure1) values: [Script3$_run_closure1@71a4e99c]
Possible solutions: is(java.lang.Object), any(), get(java.lang.String), tap(groovy.lang.Closure), use([Ljava.lang.Object;), any(groovy.lang.Closure)
	at org.codehaus.groovy.jsr223.GroovyScriptEngineImpl.callGlobal(GroovyScriptEngineImpl.java:404) ~[groovy-jsr223-3.0.3.jar:3.0.3]
	at org.codehaus.groovy.jsr223.GroovyScriptEngineImpl.access$100(GroovyScriptEngineImpl.java:90) ~[groovy-jsr223-3.0.3.jar:3.0.3]
	at org.codehaus.groovy.jsr223.GroovyScriptEngineImpl$3.invokeMethod(GroovyScriptEngineImpl.java:303) ~[groovy-jsr223-3.0.3.jar:3.0.3]
	at org.codehaus.groovy.runtime.callsite.PogoMetaClassSite.callCurrent(PogoMetaClassSite.java:73) ~[groovy-3.0.3.jar:3.0.3]
	at org.codehaus.groovy.runtime.callsite.CallSiteArray.defaultCallCurrent(CallSiteArray.java:51) ~[groovy-3.0.3.jar:3.0.3]
	at org.codehaus.groovy.runtime.callsite.PogoMetaClassSite.callCurrent(PogoMetaClassSite.java:83) ~[groovy-3.0.3.jar:3.0.3]
	at org.codehaus.groovy.runtime.callsite.AbstractCallSite.callCurrent(AbstractCallSite.java:185) ~[groovy-3.0.3.jar:3.0.3]
	at Script3.run(Script3.groovy:1) ~[?:?]
	at org.codehaus.groovy.jsr223.GroovyScriptEngineImpl.eval(GroovyScriptEngineImpl.java:317) ~[groovy-jsr223-3.0.3.jar:3.0.3]
	... 9 more
2022-02-22 17:31:20,209 INFO o.a.j.r.Summariser: summary +     68 in 00:00:10 =    6.7/s Avg:  6327 Min:     0 Max: 16777 Err:     2 (2.94%) Active: 160 Started: 160 Finished: 0
2022-02-22 17:31:20,209 INFO o.a.j.r.Summariser: summary =   2366 in 00:04:42 =    8.4/s Avg:  9383 Min:     0 Max: 87450 Err:   129 (5.45%)
2022-02-22 17:31:26,345 INFO o.a.j.t.JMeterThread: Thread finished: Users 1-2
2022-02-22 17:31:26,555 INFO o.a.j.t.JMeterThread: Thread finished: Users 1-27
2022-02-22 17:31:26,731 INFO o.a.j.t.JMeterThread: Thread finished: Users 1-12
2022-02-22 17:31:26,823 INFO o.a.j.t.JMeterThread: Thread finished: Users 1-5
2022-02-22 17:31:26,840 INFO o.a.j.t.JMeterThread: Thread finished: Users 1-36
2022-02-22 17:31:26,968 INFO o.a.j.t.JMeterThread: Thread finished: Users 1-29
2022-02-22 17:31:26,979 INFO o.a.j.t.JMeterThread: Thread finished: Users 1-75
2022-02-22 17:31:27,072 INFO o.a.j.t.JMeterThread: Thread finished: Users 1-40
2022-02-22 17:31:27,080 ERROR o.a.j.m.JSR223PreProcessor: Problem in JSR223 script, JSR223 PreProcessor
javax.script.ScriptException: groovy.lang.MissingMethodException: No signature of method: org.codehaus.groovy.jsr223.GroovyScriptEngineImpl.$() is applicable for argument types: (Script3$_run_closure1) values: [Script3$_run_closure1@7afd07f9]
Possible solutions: is(java.lang.Object), any(), get(java.lang.String), tap(groovy.lang.Closure), use([Ljava.lang.Object;), any(groovy.lang.Closure)
	at org.codehaus.groovy.jsr223.GroovyScriptEngineImpl.eval(GroovyScriptEngineImpl.java:320) ~[groovy-jsr223-3.0.3.jar:3.0.3]
	at org.codehaus.groovy.jsr223.GroovyCompiledScript.eval(GroovyCompiledScript.java:71) ~[groovy-jsr223-3.0.3.jar:3.0.3]
	at javax.script.CompiledScript.eval(CompiledScript.java:92) ~[?:1.8.0_181]
	at org.apache.jmeter.util.JSR223TestElement.processFileOrScript(JSR223TestElement.java:222) ~[ApacheJMeter_core.jar:5.3]
	at org.apache.jmeter.modifiers.JSR223PreProcessor.process(JSR223PreProcessor.java:45) [ApacheJMeter_components.jar:5.3]
	at org.apache.jmeter.threads.JMeterThread.runPreProcessors(JMeterThread.java:950) [ApacheJMeter_core.jar:5.3]
	at org.apache.jmeter.threads.JMeterThread.executeSamplePackage(JMeterThread.java:549) [ApacheJMeter_core.jar:5.3]
	at org.apache.jmeter.threads.JMeterThread.processSampler(JMeterThread.java:489) [ApacheJMeter_core.jar:5.3]
	at org.apache.jmeter.threads.JMeterThread.run(JMeterThread.java:256) [ApacheJMeter_core.jar:5.3]
	at java.lang.Thread.run(Thread.java:748) [?:1.8.0_181]
Caused by: groovy.lang.MissingMethodException: No signature of method: org.codehaus.groovy.jsr223.GroovyScriptEngineImpl.$() is applicable for argument types: (Script3$_run_closure1) values: [Script3$_run_closure1@7afd07f9]
Possible solutions: is(java.lang.Object), any(), get(java.lang.String), tap(groovy.lang.Closure), use([Ljava.lang.Object;), any(groovy.lang.Closure)
	at org.codehaus.groovy.jsr223.GroovyScriptEngineImpl.callGlobal(GroovyScriptEngineImpl.java:404) ~[groovy-jsr223-3.0.3.jar:3.0.3]
	at org.codehaus.groovy.jsr223.GroovyScriptEngineImpl.access$100(GroovyScriptEngineImpl.java:90) ~[groovy-jsr223-3.0.3.jar:3.0.3]
	at org.codehaus.groovy.jsr223.GroovyScriptEngineImpl$3.invokeMethod(GroovyScriptEngineImpl.java:303) ~[groovy-jsr223-3.0.3.jar:3.0.3]
	at org.codehaus.groovy.runtime.callsite.PogoMetaClassSite.callCurrent(PogoMetaClassSite.java:73) ~[groovy-3.0.3.jar:3.0.3]
	at org.codehaus.groovy.runtime.callsite.CallSiteArray.defaultCallCurrent(CallSiteArray.java:51) ~[groovy-3.0.3.jar:3.0.3]
	at org.codehaus.groovy.runtime.callsite.PogoMetaClassSite.callCurrent(PogoMetaClassSite.java:83) ~[groovy-3.0.3.jar:3.0.3]
	at org.codehaus.groovy.runtime.callsite.AbstractCallSite.callCurrent(AbstractCallSite.java:185) ~[groovy-3.0.3.jar:3.0.3]
	at Script3.run(Script3.groovy:1) ~[?:?]
	at org.codehaus.groovy.jsr223.GroovyScriptEngineImpl.eval(GroovyScriptEngineImpl.java:317) ~[groovy-jsr223-3.0.3.jar:3.0.3]
	... 9 more
2022-02-22 17:31:27,082 INFO o.a.j.t.JMeterThread: Thread finished: Users 1-21
2022-02-22 17:31:27,391 INFO o.a.j.t.JMeterThread: Thread finished: Users 1-28
2022-02-22 17:31:27,413 INFO o.a.j.t.JMeterThread: Thread finished: Users 1-31
2022-02-22 17:31:27,510 INFO o.a.j.t.JMeterThread: Thread finished: Users 1-9
2022-02-22 17:31:27,527 INFO o.a.j.t.JMeterThread: Thread finished: Users 1-101
2022-02-22 17:31:27,535 INFO o.a.j.t.JMeterThread: Thread finished: Users 1-6
2022-02-22 17:31:27,601 INFO o.a.j.t.JMeterThread: Thread finished: Users 1-153
2022-02-22 17:31:27,649 INFO o.a.j.t.JMeterThread: Thread finished: Users 1-126
2022-02-22 17:31:27,663 INFO o.a.j.t.JMeterThread: Thread finished: Users 1-103
2022-02-22 17:31:27,676 INFO o.a.j.t.JMeterThread: Thread finished: Users 1-136
2022-02-22 17:31:27,816 INFO o.a.j.t.JMeterThread: Thread finished: Users 1-58
2022-02-22 17:31:27,932 ERROR o.a.j.m.JSR223PreProcessor: Problem in JSR223 script, JSR223 PreProcessor
javax.script.ScriptException: groovy.lang.MissingMethodException: No signature of method: org.codehaus.groovy.jsr223.GroovyScriptEngineImpl.$() is applicable for argument types: (Script3$_run_closure1) values: [Script3$_run_closure1@2536afce]
Possible solutions: is(java.lang.Object), any(), get(java.lang.String), tap(groovy.lang.Closure), use([Ljava.lang.Object;), any(groovy.lang.Closure)
	at org.codehaus.groovy.jsr223.GroovyScriptEngineImpl.eval(GroovyScriptEngineImpl.java:320) ~[groovy-jsr223-3.0.3.jar:3.0.3]
	at org.codehaus.groovy.jsr223.GroovyCompiledScript.eval(GroovyCompiledScript.java:71) ~[groovy-jsr223-3.0.3.jar:3.0.3]
	at javax.script.CompiledScript.eval(CompiledScript.java:92) ~[?:1.8.0_181]
	at org.apache.jmeter.util.JSR223TestElement.processFileOrScript(JSR223TestElement.java:222) ~[ApacheJMeter_core.jar:5.3]
	at org.apache.jmeter.modifiers.JSR223PreProcessor.process(JSR223PreProcessor.java:45) [ApacheJMeter_components.jar:5.3]
	at org.apache.jmeter.threads.JMeterThread.runPreProcessors(JMeterThread.java:950) [ApacheJMeter_core.jar:5.3]
	at org.apache.jmeter.threads.JMeterThread.executeSamplePackage(JMeterThread.java:549) [ApacheJMeter_core.jar:5.3]
	at org.apache.jmeter.threads.JMeterThread.processSampler(JMeterThread.java:489) [ApacheJMeter_core.jar:5.3]
	at org.apache.jmeter.threads.JMeterThread.run(JMeterThread.java:256) [ApacheJMeter_core.jar:5.3]
	at java.lang.Thread.run(Thread.java:748) [?:1.8.0_181]
Caused by: groovy.lang.MissingMethodException: No signature of method: org.codehaus.groovy.jsr223.GroovyScriptEngineImpl.$() is applicable for argument types: (Script3$_run_closure1) values: [Script3$_run_closure1@2536afce]
Possible solutions: is(java.lang.Object), any(), get(java.lang.String), tap(groovy.lang.Closure), use([Ljava.lang.Object;), any(groovy.lang.Closure)
	at org.codehaus.groovy.jsr223.GroovyScriptEngineImpl.callGlobal(GroovyScriptEngineImpl.java:404) ~[groovy-jsr223-3.0.3.jar:3.0.3]
	at org.codehaus.groovy.jsr223.GroovyScriptEngineImpl.access$100(GroovyScriptEngineImpl.java:90) ~[groovy-jsr223-3.0.3.jar:3.0.3]
	at org.codehaus.groovy.jsr223.GroovyScriptEngineImpl$3.invokeMethod(GroovyScriptEngineImpl.java:303) ~[groovy-jsr223-3.0.3.jar:3.0.3]
	at org.codehaus.groovy.runtime.callsite.PogoMetaClassSite.callCurrent(PogoMetaClassSite.java:73) ~[groovy-3.0.3.jar:3.0.3]
	at org.codehaus.groovy.runtime.callsite.CallSiteArray.defaultCallCurrent(CallSiteArray.java:51) ~[groovy-3.0.3.jar:3.0.3]
	at org.codehaus.groovy.runtime.callsite.PogoMetaClassSite.callCurrent(PogoMetaClassSite.java:83) ~[groovy-3.0.3.jar:3.0.3]
	at org.codehaus.groovy.runtime.callsite.AbstractCallSite.callCurrent(AbstractCallSite.java:185) ~[groovy-3.0.3.jar:3.0.3]
	at Script3.run(Script3.groovy:1) ~[?:?]
	at org.codehaus.groovy.jsr223.GroovyScriptEngineImpl.eval(GroovyScriptEngineImpl.java:317) ~[groovy-jsr223-3.0.3.jar:3.0.3]
	... 9 more
2022-02-22 17:31:27,935 INFO o.a.j.t.JMeterThread: Thread finished: Users 1-42
2022-02-22 17:31:28,242 INFO o.a.j.t.JMeterThread: Thread finished: Users 1-141
2022-02-22 17:31:28,567 INFO o.a.j.t.JMeterThread: Thread finished: Users 1-11
2022-02-22 17:31:28,805 INFO o.a.j.t.JMeterThread: Thread finished: Users 1-160
2022-02-22 17:31:29,048 INFO o.a.j.t.JMeterThread: Thread finished: Users 1-100
2022-02-22 17:31:29,176 INFO o.a.j.t.JMeterThread: Thread finished: Users 1-82
2022-02-22 17:31:29,213 INFO o.a.j.t.JMeterThread: Thread finished: Users 1-63
2022-02-22 17:31:29,259 INFO o.a.j.t.JMeterThread: Thread finished: Users 1-44
2022-02-22 17:31:29,334 INFO o.a.j.t.JMeterThread: Thread finished: Users 1-34
2022-02-22 17:31:29,374 INFO o.a.j.t.JMeterThread: Thread finished: Users 1-17
2022-02-22 17:31:29,658 INFO o.a.j.t.JMeterThread: Thread finished: Users 1-112
2022-02-22 17:31:29,709 INFO o.a.j.t.JMeterThread: Thread finished: Users 1-54
2022-02-22 17:31:29,888 INFO o.a.j.t.JMeterThread: Thread finished: Users 1-23
2022-02-22 17:31:29,925 INFO o.a.j.t.JMeterThread: Thread finished: Users 1-57
2022-02-22 17:31:30,038 INFO o.a.j.r.Summariser: summary +     63 in 00:00:10 =    6.4/s Avg:  6476 Min:     0 Max: 12394 Err:     3 (4.76%) Active: 127 Started: 160 Finished: 33
2022-02-22 17:31:30,038 INFO o.a.j.r.Summariser: summary =   2429 in 00:04:52 =    8.3/s Avg:  9308 Min:     0 Max: 87450 Err:   132 (5.43%)
2022-02-22 17:31:30,039 INFO o.a.j.t.JMeterThread: Thread finished: Users 1-88
2022-02-22 17:31:30,396 INFO o.a.j.t.JMeterThread: Thread finished: Users 1-71
2022-02-22 17:31:30,408 INFO o.a.j.t.JMeterThread: Thread finished: Users 1-83
2022-02-22 17:31:30,434 INFO o.a.j.t.JMeterThread: Thread finished: Users 1-15
2022-02-22 17:31:30,582 INFO o.a.j.t.JMeterThread: Thread finished: Users 1-132
2022-02-22 17:31:30,674 INFO o.a.j.t.JMeterThread: Thread finished: Users 1-67
2022-02-22 17:31:30,706 INFO o.a.j.t.JMeterThread: Thread finished: Users 1-106
2022-02-22 17:31:30,959 INFO o.a.j.t.JMeterThread: Thread finished: Users 1-65
2022-02-22 17:31:31,014 INFO o.a.j.t.JMeterThread: Thread finished: Users 1-98
2022-02-22 17:31:31,131 INFO o.a.j.t.JMeterThread: Thread finished: Users 1-92
2022-02-22 17:31:31,143 INFO o.a.j.t.JMeterThread: Thread finished: Users 1-66
2022-02-22 17:31:31,177 INFO o.a.j.t.JMeterThread: Thread finished: Users 1-68
2022-02-22 17:31:31,374 INFO o.a.j.t.JMeterThread: Thread finished: Users 1-51
2022-02-22 17:31:31,393 INFO o.a.j.t.JMeterThread: Thread finished: Users 1-77
2022-02-22 17:31:31,417 INFO o.a.j.t.JMeterThread: Thread finished: Users 1-95
2022-02-22 17:31:31,525 INFO o.a.j.t.JMeterThread: Thread finished: Users 1-116
2022-02-22 17:31:31,569 INFO o.a.j.t.JMeterThread: Thread finished: Users 1-152
2022-02-22 17:31:31,600 INFO o.a.j.t.JMeterThread: Thread finished: Users 1-18
2022-02-22 17:31:31,616 INFO o.a.j.t.JMeterThread: Thread finished: Users 1-87
2022-02-22 17:31:31,696 INFO o.a.j.t.JMeterThread: Thread finished: Users 1-46
2022-02-22 17:31:31,696 INFO o.a.j.t.JMeterThread: Thread finished: Users 1-43
2022-02-22 17:31:31,837 INFO o.a.j.t.JMeterThread: Thread finished: Users 1-146
2022-02-22 17:31:31,849 INFO o.a.j.t.JMeterThread: Thread finished: Users 1-105
2022-02-22 17:31:31,939 INFO o.a.j.t.JMeterThread: Thread finished: Users 1-47
2022-02-22 17:31:32,016 INFO o.a.j.t.JMeterThread: Thread finished: Users 1-99
2022-02-22 17:31:32,021 INFO o.a.j.t.JMeterThread: Thread finished: Users 1-113
2022-02-22 17:31:32,066 INFO o.a.j.t.JMeterThread: Thread finished: Users 1-76
2022-02-22 17:31:32,087 INFO o.a.j.t.JMeterThread: Thread finished: Users 1-102
2022-02-22 17:31:32,118 INFO o.a.j.t.JMeterThread: Thread finished: Users 1-134
2022-02-22 17:31:32,255 INFO o.a.j.t.JMeterThread: Thread finished: Users 1-64
2022-02-22 17:31:32,276 INFO o.a.j.t.JMeterThread: Thread finished: Users 1-93
2022-02-22 17:31:32,334 INFO o.a.j.t.JMeterThread: Thread finished: Users 1-4
2022-02-22 17:31:32,363 INFO o.a.j.t.JMeterThread: Thread finished: Users 1-69
2022-02-22 17:31:32,520 INFO o.a.j.t.JMeterThread: Thread finished: Users 1-84
2022-02-22 17:31:32,572 INFO o.a.j.t.JMeterThread: Thread finished: Users 1-135
2022-02-22 17:31:32,760 INFO o.a.j.t.JMeterThread: Thread finished: Users 1-150
2022-02-22 17:31:32,841 INFO o.a.j.t.JMeterThread: Thread finished: Users 1-55
2022-02-22 17:31:32,893 INFO o.a.j.t.JMeterThread: Thread finished: Users 1-139
2022-02-22 17:31:32,955 INFO o.a.j.t.JMeterThread: Thread finished: Users 1-81
2022-02-22 17:31:32,986 INFO o.a.j.t.JMeterThread: Thread finished: Users 1-117
2022-02-22 17:31:32,987 INFO o.a.j.t.JMeterThread: Thread finished: Users 1-144
2022-02-22 17:31:33,036 INFO o.a.j.t.JMeterThread: Thread finished: Users 1-97
2022-02-22 17:31:33,222 INFO o.a.j.t.JMeterThread: Thread finished: Users 1-79
2022-02-22 17:31:33,229 INFO o.a.j.t.JMeterThread: Thread finished: Users 1-53
2022-02-22 17:31:33,423 INFO o.a.j.t.JMeterThread: Thread finished: Users 1-151
2022-02-22 17:31:33,461 INFO o.a.j.t.JMeterThread: Thread finished: Users 1-94
2022-02-22 17:31:33,539 INFO o.a.j.t.JMeterThread: Thread finished: Users 1-155
2022-02-22 17:31:33,572 INFO o.a.j.t.JMeterThread: Thread finished: Users 1-111
2022-02-22 17:31:33,596 INFO o.a.j.t.JMeterThread: Thread finished: Users 1-114
2022-02-22 17:31:33,622 INFO o.a.j.t.JMeterThread: Thread finished: Users 1-96
2022-02-22 17:31:33,687 INFO o.a.j.t.JMeterThread: Thread finished: Users 1-74
2022-02-22 17:31:33,917 INFO o.a.j.t.JMeterThread: Thread finished: Users 1-39
2022-02-22 17:31:34,347 INFO o.a.j.t.JMeterThread: Thread finished: Users 1-1
2022-02-22 17:31:34,380 INFO o.a.j.t.JMeterThread: Thread finished: Users 1-90
2022-02-22 17:31:34,537 INFO o.a.j.t.JMeterThread: Thread finished: Users 1-48
2022-02-22 17:31:34,542 INFO o.a.j.t.JMeterThread: Thread finished: Users 1-85
2022-02-22 17:31:34,782 INFO o.a.j.t.JMeterThread: Thread finished: Users 1-118
2022-02-22 17:31:34,863 INFO o.a.j.t.JMeterThread: Thread finished: Users 1-107
2022-02-22 17:31:34,986 INFO o.a.j.t.JMeterThread: Thread finished: Users 1-38
2022-02-22 17:31:35,077 INFO o.a.j.t.JMeterThread: Thread finished: Users 1-138
2022-02-22 17:31:35,100 INFO o.a.j.t.JMeterThread: Thread finished: Users 1-120
2022-02-22 17:31:35,202 INFO o.a.j.t.JMeterThread: Thread finished: Users 1-109
2022-02-22 17:31:35,245 INFO o.a.j.t.JMeterThread: Thread finished: Users 1-115
2022-02-22 17:31:35,286 INFO o.a.j.t.JMeterThread: Thread finished: Users 1-145
2022-02-22 17:31:35,366 INFO o.a.j.t.JMeterThread: Thread finished: Users 1-72
2022-02-22 17:31:35,385 INFO o.a.j.t.JMeterThread: Thread finished: Users 1-16
2022-02-22 17:31:35,433 INFO o.a.j.t.JMeterThread: Thread finished: Users 1-25
2022-02-22 17:31:35,460 INFO o.a.j.t.JMeterThread: Thread finished: Users 1-129
2022-02-22 17:31:35,540 INFO o.a.j.t.JMeterThread: Thread finished: Users 1-45
2022-02-22 17:31:35,560 INFO o.a.j.t.JMeterThread: Thread finished: Users 1-32
2022-02-22 17:31:35,560 INFO o.a.j.t.JMeterThread: Thread finished: Users 1-133
2022-02-22 17:31:35,573 INFO o.a.j.t.JMeterThread: Thread finished: Users 1-50
2022-02-22 17:31:35,662 INFO o.a.j.t.JMeterThread: Thread finished: Users 1-73
2022-02-22 17:31:35,737 INFO o.a.j.t.JMeterThread: Thread finished: Users 1-13
2022-02-22 17:31:35,808 INFO o.a.j.t.JMeterThread: Thread finished: Users 1-137
2022-02-22 17:31:36,020 INFO o.a.j.t.JMeterThread: Thread finished: Users 1-104
2022-02-22 17:31:36,248 INFO o.a.j.t.JMeterThread: Thread finished: Users 1-8
2022-02-22 17:31:36,270 INFO o.a.j.t.JMeterThread: Thread finished: Users 1-123
2022-02-22 17:31:36,290 INFO o.a.j.t.JMeterThread: Thread finished: Users 1-86
2022-02-22 17:31:36,524 INFO o.a.j.t.JMeterThread: Thread finished: Users 1-14
2022-02-22 17:31:36,544 INFO o.a.j.t.JMeterThread: Thread finished: Users 1-108
2022-02-22 17:31:36,577 INFO o.a.j.t.JMeterThread: Thread finished: Users 1-56
2022-02-22 17:31:36,657 INFO o.a.j.t.JMeterThread: Thread finished: Users 1-158
2022-02-22 17:31:37,130 INFO o.a.j.t.JMeterThread: Thread finished: Users 1-70
2022-02-22 17:31:37,155 INFO o.a.j.t.JMeterThread: Thread finished: Users 1-143
2022-02-22 17:31:37,157 INFO o.a.j.t.JMeterThread: Thread finished: Users 1-121
2022-02-22 17:31:37,241 INFO o.a.j.t.JMeterThread: Thread finished: Users 1-3
2022-02-22 17:31:37,249 INFO o.a.j.t.JMeterThread: Thread finished: Users 1-41
2022-02-22 17:31:37,262 INFO o.a.j.t.JMeterThread: Thread finished: Users 1-20
2022-02-22 17:31:37,439 INFO o.a.j.t.JMeterThread: Thread finished: Users 1-80
2022-02-22 17:31:37,611 INFO o.a.j.t.JMeterThread: Thread finished: Users 1-19
2022-02-22 17:31:37,616 INFO o.a.j.t.JMeterThread: Thread finished: Users 1-60
2022-02-22 17:31:37,928 INFO o.a.j.t.JMeterThread: Thread finished: Users 1-22
2022-02-22 17:31:38,813 INFO o.a.j.t.JMeterThread: Thread finished: Users 1-159
2022-02-22 17:31:38,922 INFO o.a.j.t.JMeterThread: Stopping because end time detected by thread: Users 1-7
2022-02-22 17:31:38,922 INFO o.a.j.t.JMeterThread: Thread finished: Users 1-7
2022-02-22 17:31:40,215 INFO o.a.j.r.Summariser: summary +     95 in 00:00:10 =    9.3/s Avg:  9704 Min:    22 Max: 18006 Err:     2 (2.11%) Active: 32 Started: 160 Finished: 128
2022-02-22 17:31:40,215 INFO o.a.j.r.Summariser: summary =   2524 in 00:05:02 =    8.4/s Avg:  9323 Min:     0 Max: 87450 Err:   134 (5.31%)
2022-02-22 17:31:40,216 INFO o.a.j.t.JMeterThread: Stopping because end time detected by thread: Users 1-140
2022-02-22 17:31:40,216 INFO o.a.j.t.JMeterThread: Thread finished: Users 1-140
2022-02-22 17:31:40,335 INFO o.a.j.t.JMeterThread: Stopping because end time detected by thread: Users 1-148
2022-02-22 17:31:40,335 INFO o.a.j.t.JMeterThread: Thread finished: Users 1-148
2022-02-22 17:31:40,492 INFO o.a.j.t.JMeterThread: Stopping because end time detected by thread: Users 1-124
2022-02-22 17:31:40,492 INFO o.a.j.t.JMeterThread: Thread finished: Users 1-124
2022-02-22 17:31:40,505 INFO o.a.j.t.JMeterThread: Stopping because end time detected by thread: Users 1-78
2022-02-22 17:31:40,505 INFO o.a.j.t.JMeterThread: Thread finished: Users 1-78
2022-02-22 17:31:40,584 INFO o.a.j.t.JMeterThread: Stopping because end time detected by thread: Users 1-62
2022-02-22 17:31:40,584 INFO o.a.j.t.JMeterThread: Thread finished: Users 1-62
2022-02-22 17:31:40,801 INFO o.a.j.t.JMeterThread: Stopping because end time detected by thread: Users 1-127
2022-02-22 17:31:40,801 INFO o.a.j.t.JMeterThread: Thread finished: Users 1-127
2022-02-22 17:31:40,890 INFO o.a.j.t.JMeterThread: Stopping because end time detected by thread: Users 1-154
2022-02-22 17:31:40,890 INFO o.a.j.t.JMeterThread: Thread finished: Users 1-154
2022-02-22 17:31:40,905 INFO o.a.j.t.JMeterThread: Stopping because end time detected by thread: Users 1-119
2022-02-22 17:31:40,905 INFO o.a.j.t.JMeterThread: Thread finished: Users 1-119
2022-02-22 17:31:41,013 INFO o.a.j.t.JMeterThread: Stopping because end time detected by thread: Users 1-147
2022-02-22 17:31:41,013 INFO o.a.j.t.JMeterThread: Thread finished: Users 1-147
2022-02-22 17:31:41,166 INFO o.a.j.t.JMeterThread: Stopping because end time detected by thread: Users 1-10
2022-02-22 17:31:41,166 INFO o.a.j.t.JMeterThread: Thread finished: Users 1-10
2022-02-22 17:31:41,260 INFO o.a.j.t.JMeterThread: Stopping because end time detected by thread: Users 1-91
2022-02-22 17:31:41,260 INFO o.a.j.t.JMeterThread: Thread finished: Users 1-91
2022-02-22 17:31:41,356 INFO o.a.j.t.JMeterThread: Stopping because end time detected by thread: Users 1-131
2022-02-22 17:31:41,357 INFO o.a.j.t.JMeterThread: Thread finished: Users 1-131
2022-02-22 17:31:41,362 INFO o.a.j.t.JMeterThread: Stopping because end time detected by thread: Users 1-37
2022-02-22 17:31:41,362 INFO o.a.j.t.JMeterThread: Thread finished: Users 1-37
2022-02-22 17:31:41,479 INFO o.a.j.t.JMeterThread: Stopping because end time detected by thread: Users 1-142
2022-02-22 17:31:41,479 INFO o.a.j.t.JMeterThread: Thread finished: Users 1-142
2022-02-22 17:31:41,513 INFO o.a.j.t.JMeterThread: Stopping because end time detected by thread: Users 1-157
2022-02-22 17:31:41,513 INFO o.a.j.t.JMeterThread: Thread finished: Users 1-157
2022-02-22 17:31:41,551 INFO o.a.j.t.JMeterThread: Stopping because end time detected by thread: Users 1-24
2022-02-22 17:31:41,551 INFO o.a.j.t.JMeterThread: Thread finished: Users 1-24
2022-02-22 17:31:41,633 INFO o.a.j.t.JMeterThread: Stopping because end time detected by thread: Users 1-149
2022-02-22 17:31:41,633 INFO o.a.j.t.JMeterThread: Thread finished: Users 1-149
2022-02-22 17:31:41,895 INFO o.a.j.t.JMeterThread: Stopping because end time detected by thread: Users 1-49
2022-02-22 17:31:41,895 INFO o.a.j.t.JMeterThread: Thread finished: Users 1-49
2022-02-22 17:31:41,921 INFO o.a.j.t.JMeterThread: Stopping because end time detected by thread: Users 1-52
2022-02-22 17:31:41,921 INFO o.a.j.t.JMeterThread: Thread finished: Users 1-52
2022-02-22 17:31:42,193 INFO o.a.j.t.JMeterThread: Stopping because end time detected by thread: Users 1-156
2022-02-22 17:31:42,193 INFO o.a.j.t.JMeterThread: Thread finished: Users 1-156
2022-02-22 17:31:42,216 INFO o.a.j.t.JMeterThread: Stopping because end time detected by thread: Users 1-61
2022-02-22 17:31:42,216 INFO o.a.j.t.JMeterThread: Thread finished: Users 1-61
2022-02-22 17:31:42,288 INFO o.a.j.t.JMeterThread: Stopping because end time detected by thread: Users 1-35
2022-02-22 17:31:42,288 INFO o.a.j.t.JMeterThread: Thread finished: Users 1-35
2022-02-22 17:31:42,361 INFO o.a.j.t.JMeterThread: Stopping because end time detected by thread: Users 1-128
2022-02-22 17:31:42,361 INFO o.a.j.t.JMeterThread: Thread finished: Users 1-128
2022-02-22 17:31:42,545 INFO o.a.j.t.JMeterThread: Stopping because end time detected by thread: Users 1-26
2022-02-22 17:31:42,546 INFO o.a.j.t.JMeterThread: Thread finished: Users 1-26
2022-02-22 17:31:42,548 INFO o.a.j.t.JMeterThread: Stopping because end time detected by thread: Users 1-110
2022-02-22 17:31:42,548 INFO o.a.j.t.JMeterThread: Thread finished: Users 1-110
2022-02-22 17:31:42,591 INFO o.a.j.t.JMeterThread: Stopping because end time detected by thread: Users 1-130
2022-02-22 17:31:42,591 INFO o.a.j.t.JMeterThread: Thread finished: Users 1-130
2022-02-22 17:31:42,647 INFO o.a.j.t.JMeterThread: Stopping because end time detected by thread: Users 1-122
2022-02-22 17:31:42,647 INFO o.a.j.t.JMeterThread: Thread finished: Users 1-122
2022-02-22 17:31:42,709 INFO o.a.j.t.JMeterThread: Stopping because end time detected by thread: Users 1-125
2022-02-22 17:31:42,709 INFO o.a.j.t.JMeterThread: Thread finished: Users 1-125
2022-02-22 17:31:42,718 INFO o.a.j.t.JMeterThread: Stopping because end time detected by thread: Users 1-89
2022-02-22 17:31:42,718 INFO o.a.j.t.JMeterThread: Thread finished: Users 1-89
2022-02-22 17:31:42,770 INFO o.a.j.t.JMeterThread: Stopping because end time detected by thread: Users 1-30
2022-02-22 17:31:42,771 INFO o.a.j.t.JMeterThread: Thread finished: Users 1-30
2022-02-22 17:31:42,884 INFO o.a.j.t.JMeterThread: Stopping because end time detected by thread: Users 1-59
2022-02-22 17:31:42,884 INFO o.a.j.t.JMeterThread: Thread finished: Users 1-59
2022-02-22 17:31:42,936 INFO o.a.j.t.JMeterThread: Stopping because end time detected by thread: Users 1-33
2022-02-22 17:31:42,936 INFO o.a.j.t.JMeterThread: Thread finished: Users 1-33
2022-02-22 17:31:42,937 INFO o.a.j.e.StandardJMeterEngine: Notifying test listeners of end of test
2022-02-22 17:31:42,937 INFO o.a.j.s.FileServer: Close: /home/panda/LoadTest/ClientFolder/rnd_load_test/users_1000.csv
2022-02-22 17:31:42,939 INFO o.a.j.r.Summariser: summary +     31 in 00:00:03 =   11.4/s Avg:  8989 Min:  1297 Max: 21000 Err:     0 (0.00%) Active: 0 Started: 160 Finished: 160
2022-02-22 17:31:42,939 INFO o.a.j.r.Summariser: summary =   2555 in 00:05:05 =    8.4/s Avg:  9318 Min:     0 Max: 87450 Err:   134 (5.24%)
2022-02-22 17:31:42,940 INFO o.a.j.JMeter: Generating Dashboard
2022-02-22 17:31:42,940 INFO o.a.j.r.d.ReportGenerator: Flushing result collector before report Generation
2022-02-22 17:31:42,961 INFO o.a.j.r.p.NormalizerSampleConsumer: Using format, 'ms', to parse timeStamp field
2022-02-22 17:31:43,359 INFO o.a.j.r.p.AbstractSampleConsumer: class org.apache.jmeter.report.processor.AggregateConsumer#stopProducing(): beginDate produced 0 samples
2022-02-22 17:31:43,359 INFO o.a.j.r.p.AbstractSampleConsumer: class org.apache.jmeter.report.processor.AggregateConsumer#stopProducing(): endDate produced 0 samples
2022-02-22 17:31:43,363 INFO o.a.j.r.p.AbstractSampleConsumer: class org.apache.jmeter.report.processor.ApdexSummaryConsumer#stopProducing(): apdexSummary produced 0 samples
2022-02-22 17:31:43,363 INFO o.a.j.r.p.AbstractSampleConsumer: class org.apache.jmeter.report.processor.RequestsSummaryConsumer#stopProducing(): requestsSummary produced 0 samples
2022-02-22 17:31:43,376 INFO o.a.j.r.p.AbstractSampleConsumer: class org.apache.jmeter.report.processor.StatisticsSummaryConsumer#stopProducing(): statisticsSummary produced 0 samples
2022-02-22 17:31:43,383 INFO o.a.j.r.p.AbstractSampleConsumer: class org.apache.jmeter.report.processor.Top5ErrorsBySamplerConsumer#stopProducing(): top5ErrorsBySampler produced 0 samples
2022-02-22 17:31:43,383 INFO o.a.j.r.p.AbstractSampleConsumer: class org.apache.jmeter.report.processor.ErrorsSummaryConsumer#stopProducing(): errorsSummary produced 0 samples
2022-02-22 17:31:43,383 INFO o.a.j.r.p.AbstractSampleConsumer: class org.apache.jmeter.report.processor.graph.impl.HitsPerSecondGraphConsumer#stopProducing(): hitsPerSecond produced 0 samples
2022-02-22 17:31:43,448 INFO o.a.j.r.p.AbstractSampleConsumer: class org.apache.jmeter.report.processor.graph.impl.LatencyVSRequestGraphConsumer#stopProducing(): latencyVsRequest produced 0 samples
2022-02-22 17:31:43,452 INFO o.a.j.r.p.AbstractSampleConsumer: class org.apache.jmeter.report.processor.graph.impl.SyntheticResponseTimeDistributionGraphConsumer#stopProducing(): syntheticResponseTimeDistribution produced 0 samples
2022-02-22 17:31:43,453 INFO o.a.j.r.p.AbstractSampleConsumer: class org.apache.jmeter.report.processor.graph.impl.BytesThroughputGraphConsumer#stopProducing(): bytesThroughputOverTime produced 0 samples
2022-02-22 17:31:43,453 INFO o.a.j.r.p.AbstractSampleConsumer: class org.apache.jmeter.report.processor.graph.impl.CodesPerSecondGraphConsumer#stopProducing(): codesPerSecond produced 0 samples
2022-02-22 17:31:43,491 INFO o.a.j.r.p.AbstractSampleConsumer: class org.apache.jmeter.report.processor.graph.impl.ResponseTimeVSRequestGraphConsumer#stopProducing(): responseTimeVsRequest produced 0 samples
2022-02-22 17:31:43,493 INFO o.a.j.r.p.AbstractSampleConsumer: class org.apache.jmeter.report.processor.FilterConsumer#stopProducing(): startIntervalControlerFilter produced 17885 samples
2022-02-22 17:31:43,493 INFO o.a.j.r.p.AbstractSampleConsumer: class org.apache.jmeter.report.processor.graph.impl.TotalTPSGraphConsumer#stopProducing(): totalTPS produced 0 samples
2022-02-22 17:31:43,494 INFO o.a.j.r.p.AbstractSampleConsumer: class org.apache.jmeter.report.processor.graph.impl.ActiveThreadsGraphConsumer#stopProducing(): activeThreadsOverTime produced 0 samples
2022-02-22 17:31:43,494 INFO o.a.j.r.p.AbstractSampleConsumer: class org.apache.jmeter.report.processor.graph.impl.TimeVSThreadGraphConsumer#stopProducing(): timeVsThreads produced 0 samples
2022-02-22 17:31:43,496 INFO o.a.j.r.p.AbstractSampleConsumer: class org.apache.jmeter.report.processor.graph.impl.ResponseTimeDistributionGraphConsumer#stopProducing(): responseTimeDistribution produced 0 samples
2022-02-22 17:31:43,498 INFO o.a.j.r.p.AbstractSampleConsumer: class org.apache.jmeter.report.processor.graph.impl.TransactionsPerSecondGraphConsumer#stopProducing(): transactionsPerSecond produced 0 samples
2022-02-22 17:31:43,498 INFO o.a.j.r.p.AbstractSampleConsumer: class org.apache.jmeter.report.processor.graph.impl.ResponseTimePercentilesGraphConsumer#stopProducing(): responseTimePercentiles produced 0 samples
2022-02-22 17:31:43,511 INFO o.a.j.r.p.AbstractSampleConsumer: class org.apache.jmeter.report.processor.graph.impl.ResponseTimePercentilesOverTimeGraphConsumer#stopProducing(): responseTimePercentilesOverTime produced 0 samples
2022-02-22 17:31:43,512 INFO o.a.j.r.p.AbstractSampleConsumer: class org.apache.jmeter.report.processor.graph.impl.ResponseTimeOverTimeGraphConsumer#stopProducing(): responseTimesOverTime produced 0 samples
2022-02-22 17:31:43,513 INFO o.a.j.r.p.AbstractSampleConsumer: class org.apache.jmeter.report.processor.graph.impl.ConnectTimeOverTimeGraphConsumer#stopProducing(): connectTimeOverTime produced 0 samples
2022-02-22 17:31:43,513 INFO o.a.j.r.p.AbstractSampleConsumer: class org.apache.jmeter.report.processor.graph.impl.LatencyOverTimeGraphConsumer#stopProducing(): latenciesOverTime produced 0 samples
2022-02-22 17:31:43,513 INFO o.a.j.r.p.AbstractSampleConsumer: class org.apache.jmeter.report.processor.FilterConsumer#stopProducing(): nameFilter produced 38325 samples
2022-02-22 17:31:43,513 INFO o.a.j.r.p.AbstractSampleConsumer: class org.apache.jmeter.report.processor.FilterConsumer#stopProducing(): dateRangeFilter produced 7665 samples
2022-02-22 17:31:43,513 INFO o.a.j.r.p.AbstractSampleConsumer: class org.apache.jmeter.report.processor.NormalizerSampleConsumer#stopProducing(): normalizer produced 2555 samples
2022-02-22 17:31:43,514 INFO o.a.j.r.p.CsvFileSampleSource: produce(): 2555 samples produced in 517ms on channel 0
2022-02-22 17:31:43,514 INFO o.a.j.r.d.ReportGenerator: Exporting data using exporter:'json' of className:'org.apache.jmeter.report.dashboard.JsonExporter'
2022-02-22 17:31:43,517 INFO o.a.j.r.d.JsonExporter: Found data for consumer statisticsSummaryin context
2022-02-22 17:31:43,517 INFO o.a.j.r.d.JsonExporter: Creating statistics for overall
2022-02-22 17:31:43,518 INFO o.a.j.r.d.JsonExporter: Creating statistics for other transactions
2022-02-22 17:31:43,518 INFO o.a.j.r.d.JsonExporter: Checking output folder
2022-02-22 17:31:43,519 INFO o.a.j.r.d.JsonExporter: Writing statistics JSON to /home/panda/LoadTest/ClientFolder/rnd_load_test/test_results/users_160_22022022_172635/output/statistics.json
2022-02-22 17:31:43,762 INFO o.a.j.r.d.ReportGenerator: Exporting data using exporter:'html' of className:'org.apache.jmeter.report.dashboard.HtmlTemplateExporter'
2022-02-22 17:31:43,766 INFO o.a.j.r.d.HtmlTemplateExporter: Will generate dashboard in folder: /home/panda/LoadTest/ClientFolder/rnd_load_test/test_results/users_160_22022022_172635/output
2022-02-22 17:31:43,998 ERROR f.configuration: DefaultObjectWrapper.incompatibleImprovements was set to the object returned by Configuration.getVersion(). That defeats the purpose of incompatibleImprovements, and makes upgrading FreeMarker a potentially breaking change. Also, this probably won't be allowed starting from 2.4.0. Instead, set incompatibleImprovements to the highest concrete version that's known to be compatible with your application.
2022-02-22 17:31:44,001 ERROR f.configuration: Configuration.incompatibleImprovements was set to the object returned by Configuration.getVersion(). That defeats the purpose of incompatibleImprovements, and makes upgrading FreeMarker a potentially breaking change. Also, this probably won't be allowed starting from 2.4.0. Instead, set incompatibleImprovements to the highest concrete version that's known to be compatible with your application.
2022-02-22 17:31:44,014 INFO o.a.j.r.d.HtmlTemplateExporter: Report will be generated in: /home/panda/LoadTest/ClientFolder/rnd_load_test/test_results/users_160_22022022_172635/output, creating folder structure
2022-02-22 17:31:44,019 INFO o.a.j.r.d.TemplateVisitor: Copying folder from '/home/panda/LoadTest/ClientFolder/rnd_load_test/apache-jmeter-5.3/bin/report-template' to '/home/panda/LoadTest/ClientFolder/rnd_load_test/test_results/users_160_22022022_172635/output', got message: /home/panda/LoadTest/ClientFolder/rnd_load_test/test_results/users_160_22022022_172635/output, found non empty folder with following content [/home/panda/LoadTest/ClientFolder/rnd_load_test/test_results/users_160_22022022_172635/output/statistics.json], will be ignored
2022-02-22 17:31:44,404 INFO o.a.j.JMeter: Dashboard generated
